================================================================================
MY KINGDOM - DEVELOPMENT SESSION LOG
Session Started: 2026-01-02T16:48:49.810914
================================================================================


[2026-01-02T16:48:49.811914] ✓ COMPLETED:
  Fixed all errors in job_manager.py

[2026-01-02T16:48:49.812914] ACTION - FILE_EDIT:
  Description: Fixed src/systems/job_manager.py
  Details: {
  "fixes": [
    "Added tiles parameter to _update_hauling",
    "Added tiles parameter to _update_construction",
    "Fixed _update_gathering to use Resource nodes instead of GatherTask",
    "Updated gathering to use resource_node.gather() method",
    "All methods now have correct parameter signatures"
  ]
}

================================================================================
SESSION ENDED: 2026-01-02T16:48:49.812914
Total Entries: 2
================================================================================
