================================================================================
MY KINGDOM - DEVELOPMENT SESSION LOG
Session Started: 2026-01-02T16:39:52.966119
================================================================================


[2026-01-02T16:39:52.968117] ACTION - FILE_CREATE:
  Description: Created src/core/session_logger.py - Session logging system
  Details: {
  "file": "src/core/session_logger.py",
  "purpose": "Track all prompts and development actions for crash recovery"
}

[2026-01-02T16:39:52.968117] ACTION - FILE_CREATE:
  Description: Created src/systems/pathfinding.py - A* pathfinding system
  Details: {
  "file": "src/systems/pathfinding.py",
  "algorithm": "A*",
  "features": [
    "Obstacle avoidance",
    "Building detection",
    "Terrain walkability"
  ]
}

[2026-01-02T16:39:52.968117] ACTION - FILE_EDIT:
  Description: Updated src/systems/job_manager.py
  Details: {
  "changes": [
    "Integrated wagon stockpile location",
    "Added pathfinding for citizen movement",
    "Replaced hardcoded stockpile (5,5) with dynamic wagon location"
  ]
}

[2026-01-02T16:39:52.969119] ACTION - FILE_EDIT:
  Description: Updated src/entities/citizen.py
  Details: {
  "changes": [
    "Added path following system",
    "Citizens now follow waypoints",
    "Smooth pathfinding integration"
  ]
}

================================================================================
SESSION ENDED: 2026-01-02T16:39:52.969119
Total Entries: 4
================================================================================
