================================================================================
MY KINGDOM - DEVELOPMENT SESSION LOG
Session Started: 2026-01-02T17:44:19.785965
================================================================================


================================================================================
[2026-01-02T17:44:19.786965] USER PROMPT:
--------------------------------------------------------------------------------
User wants: 1) Citizens to visibly move to trees 2) Each tree gives 4 wood 3) Wood deposited only when reaching wagon 4) Continuous gathering

[2026-01-02T17:44:19.787997] ACTION - FILE_EDIT:
  Description: Updated resource.py - Trees give exactly 4 wood
  Details: {
  "file": "src/entities/resource.py",
  "changes": [
    "Trees now give exactly 4 wood",
    "Trees have max_amount=4 (one harvest)",
    "Faster gather time (3 seconds)"
  ]
}

[2026-01-02T17:44:19.787997] ACTION - FILE_EDIT:
  Description: Updated job_manager.py - No skill multiplier
  Details: {
  "file": "src/systems/job_manager.py",
  "changes": [
    "Removed skill multiplier from gathering",
    "Citizens use exact amount from resource",
    "Only gather from TREE nodes now"
  ]
}

[2026-01-02T17:44:19.788966] ACTION - FILE_EDIT:
  Description: Updated citizen.py - Faster movement
  Details: {
  "file": "src/entities/citizen.py",
  "changes": [
    "Increased move_speed from 2.0 to 5.0",
    "Citizens will move visibly faster"
  ]
}
