2025-12-31 13:34:01 - MyKingdom - INFO - ============================================================
2025-12-31 13:34:01 - MyKingdom - INFO - Game Logger Initialized
2025-12-31 13:34:01 - MyKingdom - INFO - Log file: C:\Users\Chris Mork\Desktop\My-KingdomVersion 3\Logs\game_20251231_133401.log
2025-12-31 13:34:01 - MyKingdom - INFO - ============================================================
2025-12-31 13:34:01 - MyKingdom - INFO - ============================================================
2025-12-31 13:34:01 - MyKingdom - INFO - MY KINGDOM - Starting Application
2025-12-31 13:34:01 - MyKingdom - INFO - ============================================================
2025-12-31 13:34:01 - MyKingdom - INFO - Pygame initialized
2025-12-31 13:34:01 - MyKingdom - INFO - Window created: 1280x720
2025-12-31 13:34:01 - MyKingdom - INFO - Application initialization complete
2025-12-31 13:34:01 - MyKingdom - INFO - Starting main application loop
2025-12-31 13:34:01 - MyKingdom - INFO - Entering MENU state
2025-12-31 13:34:01 - MyKingdom - INFO - Main menu initialized
2025-12-31 13:34:03 - MyKingdom - INFO - Settings button clicked
2025-12-31 13:34:04 - MyKingdom - INFO - Play button clicked - starting game
2025-12-31 13:34:04 - MyKingdom - INFO - Entering PLAYING state
2025-12-31 13:34:04 - MyKingdom - INFO - Camera initialized with zoom level: 1.0
2025-12-31 13:34:04 - MyKingdom - INFO - Initializing game world...
2025-12-31 13:34:04 - MyKingdom - INFO - World generator initialized with seed: 299369
2025-12-31 13:34:04 - MyKingdom - INFO - World size: 500x500
2025-12-31 13:34:04 - MyKingdom - INFO - Starting world generation...
2025-12-31 13:34:06 - MyKingdom - INFO - World generation completed
2025-12-31 13:34:06 - MyKingdom - INFO - Terrain distribution:
2025-12-31 13:34:06 - MyKingdom - INFO -   dirt: 1454 tiles (0.6%)
2025-12-31 13:34:06 - MyKingdom - INFO -   forest: 36152 tiles (14.5%)
2025-12-31 13:34:06 - MyKingdom - INFO -   grass: 185431 tiles (74.2%)
2025-12-31 13:34:06 - MyKingdom - INFO -   sand: 19028 tiles (7.6%)
2025-12-31 13:34:06 - MyKingdom - INFO -   water: 7935 tiles (3.2%)
2025-12-31 13:34:06 - MyKingdom - INFO - Advanced tile renderer initialized
2025-12-31 13:34:06 - MyKingdom - INFO - Game state initialized and ready to play
2025-12-31 13:34:08 - MyKingdom - DEBUG - Zoom changed: 1.00 -> 1.10
2025-12-31 13:34:08 - MyKingdom - DEBUG - Zoom changed: 1.10 -> 1.20
2025-12-31 13:34:08 - MyKingdom - DEBUG - Zoom changed: 1.20 -> 1.30
2025-12-31 13:34:09 - MyKingdom - DEBUG - Zoom changed: 1.30 -> 1.40
2025-12-31 13:34:09 - MyKingdom - DEBUG - Zoom changed: 1.40 -> 1.50
2025-12-31 13:34:09 - MyKingdom - DEBUG - Zoom changed: 1.50 -> 1.60
2025-12-31 13:34:09 - MyKingdom - DEBUG - Zoom changed: 1.60 -> 1.70
2025-12-31 13:34:09 - MyKingdom - DEBUG - Zoom changed: 1.70 -> 1.80
2025-12-31 13:34:11 - MyKingdom - DEBUG - Zoom changed: 1.80 -> 1.90
2025-12-31 13:34:11 - MyKingdom - DEBUG - Zoom changed: 1.90 -> 2.00
2025-12-31 13:34:12 - MyKingdom - DEBUG - Zoom changed: 2.00 -> 1.90
2025-12-31 13:34:12 - MyKingdom - DEBUG - Zoom changed: 1.90 -> 1.80
2025-12-31 13:34:12 - MyKingdom - DEBUG - Zoom changed: 1.80 -> 1.70
2025-12-31 13:34:12 - MyKingdom - DEBUG - Zoom changed: 1.70 -> 1.60
2025-12-31 13:34:12 - MyKingdom - DEBUG - Zoom changed: 1.60 -> 1.50
2025-12-31 13:34:12 - MyKingdom - DEBUG - Zoom changed: 1.50 -> 1.40
2025-12-31 13:34:13 - MyKingdom - DEBUG - Zoom changed: 1.40 -> 1.30
2025-12-31 13:34:13 - MyKingdom - DEBUG - Zoom changed: 1.30 -> 1.20
2025-12-31 13:34:13 - MyKingdom - DEBUG - Zoom changed: 1.20 -> 1.10
2025-12-31 13:34:13 - MyKingdom - DEBUG - Zoom changed: 1.10 -> 1.00
2025-12-31 13:34:13 - MyKingdom - DEBUG - Zoom changed: 1.00 -> 0.90
2025-12-31 13:34:14 - MyKingdom - DEBUG - Zoom changed: 0.90 -> 0.80
2025-12-31 13:34:14 - MyKingdom - DEBUG - Zoom changed: 0.80 -> 0.70
2025-12-31 13:34:14 - MyKingdom - DEBUG - Zoom changed: 0.70 -> 0.60
2025-12-31 13:34:14 - MyKingdom - DEBUG - Zoom changed: 0.60 -> 0.50
2025-12-31 13:34:14 - MyKingdom - DEBUG - Zoom changed: 0.50 -> 0.40
2025-12-31 13:34:14 - MyKingdom - DEBUG - Zoom changed: 0.40 -> 0.30
2025-12-31 13:34:14 - MyKingdom - DEBUG - Zoom changed: 0.30 -> 0.25
2025-12-31 13:34:16 - MyKingdom - DEBUG - Zoom changed: 0.25 -> 0.35
2025-12-31 13:34:16 - MyKingdom - DEBUG - Zoom changed: 0.35 -> 0.45
