2026-01-02 15:07:50 - MyKingdom - INFO - ============================================================
2026-01-02 15:07:50 - MyKingdom - INFO - Game Logger Initialized
2026-01-02 15:07:50 - MyKingdom - INFO - Log file: C:\Users\Chris Mork\Desktop\My-KingdomVersion 3\Logs\game_20260102_150750.log
2026-01-02 15:07:50 - MyKingdom - INFO - ============================================================
2026-01-02 15:07:50 - MyKingdom - INFO - ============================================================
2026-01-02 15:07:50 - MyKingdom - INFO - MY KINGDOM - Starting Application
2026-01-02 15:07:50 - MyKingdom - INFO - ============================================================
2026-01-02 15:07:51 - MyKingdom - INFO - Pygame initialized
2026-01-02 15:07:51 - MyKingdom - INFO - Window created: 1280x720
2026-01-02 15:07:51 - MyKingdom - INFO - Application initialization complete
2026-01-02 15:07:51 - MyKingdom - INFO - Starting main application loop
2026-01-02 15:07:51 - MyKingdom - INFO - Entering MENU state
2026-01-02 15:07:51 - MyKingdom - INFO - AI-generated menu background loaded successfully
2026-01-02 15:07:51 - MyKingdom - INFO - Main menu initialized
2026-01-02 15:07:55 - MyKingdom - INFO - New Game button clicked
2026-01-02 15:07:58 - MyKingdom - INFO - Starting new game: 147
2026-01-02 15:07:58 - MyKingdom - INFO - Starting new game: 147
2026-01-02 15:07:58 - MyKingdom - INFO - Entering PLAYING state
2026-01-02 15:07:58 - MyKingdom - INFO - Initializing new GameState system...
2026-01-02 15:07:58 - MyKingdom - INFO - Cozy renderer initialized with tile size: 32
2026-01-02 15:07:58 - MyKingdom - INFO - Save system initialized. Save directory: C:\Users\Chris Mork\Desktop\My-KingdomVersion 3\saves
2026-01-02 15:07:58 - MyKingdom - INFO - Game state initialized
2026-01-02 15:07:58 - MyKingdom - INFO - Tiered World Generator initialized with seed: 425335
2026-01-02 15:07:58 - MyKingdom - INFO - Generating world map: 150x150...
2026-01-02 15:07:59 - MyKingdom - INFO - World generation complete!
2026-01-02 15:07:59 - MyKingdom - INFO - Biome distribution:
2026-01-02 15:07:59 - MyKingdom - INFO -   tundra: 10003 tiles (44.5%)
2026-01-02 15:07:59 - MyKingdom - INFO -   boreal_forest: 6197 tiles (27.5%)
2026-01-02 15:07:59 - MyKingdom - INFO -   temperate_forest: 5433 tiles (24.1%)
2026-01-02 15:07:59 - MyKingdom - INFO -   grassland: 867 tiles (3.9%)
2026-01-02 15:07:59 - MyKingdom - INFO - Multi-stage world selection screen initialized
2026-01-02 15:08:03 - MyKingdom - INFO - Generating region preview for world tile tundra...
2026-01-02 15:08:03 - MyKingdom - INFO - Generating region from world tile (67, 69)...
2026-01-02 15:08:03 - MyKingdom - INFO -   Biome: tundra, Elevation: 0.61
2026-01-02 15:08:03 - MyKingdom - INFO - Advanced to REGION view for world tile (67, 69)
2026-01-02 15:08:08 - MyKingdom - INFO - Generating local preview from region tile (40, 37)...
2026-01-02 15:08:08 - MyKingdom - INFO - Generating local map from region chunk (40, 37)...
2026-01-02 15:08:08 - MyKingdom - INFO -   Chunk analysis: Biome=tundra, Avg Elev=0.50
2026-01-02 15:08:08 - MyKingdom - INFO - Local map generated successfully
2026-01-02 15:08:08 - MyKingdom - INFO - Advanced to LOCAL view
2026-01-02 15:08:08 - MyKingdom - INFO - Cozy renderer initialized with tile size: 32
2026-01-02 15:08:08 - MyKingdom - INFO - Renderer biome set to: tundra
2026-01-02 15:08:08 - MyKingdom - INFO - Cozy renderer initialized with tile size: 32
2026-01-02 15:08:08 - MyKingdom - INFO - Renderer biome set to: tundra
2026-01-02 15:08:08 - MyKingdom - INFO - Cozy renderer initialized with tile size: 32
2026-01-02 15:08:08 - MyKingdom - INFO - Renderer biome set to: tundra
2026-01-02 15:08:08 - MyKingdom - INFO - Cozy renderer initialized with tile size: 32
2026-01-02 15:08:08 - MyKingdom - INFO - Renderer biome set to: tundra
2026-01-02 15:08:08 - MyKingdom - INFO - Cozy renderer initialized with tile size: 32
2026-01-02 15:08:08 - MyKingdom - INFO - Renderer biome set to: tundra
2026-01-02 15:08:08 - MyKingdom - INFO - Cozy renderer initialized with tile size: 32
2026-01-02 15:08:08 - MyKingdom - INFO - Renderer biome set to: tundra
2026-01-02 15:08:08 - MyKingdom - INFO - Cozy renderer initialized with tile size: 32
2026-01-02 15:08:08 - MyKingdom - INFO - Renderer biome set to: tundra
2026-01-02 15:08:08 - MyKingdom - INFO - Cozy renderer initialized with tile size: 32
2026-01-02 15:08:08 - MyKingdom - INFO - Renderer biome set to: tundra
2026-01-02 15:08:08 - MyKingdom - INFO - Cozy renderer initialized with tile size: 32
2026-01-02 15:08:08 - MyKingdom - INFO - Renderer biome set to: tundra
2026-01-02 15:08:08 - MyKingdom - INFO - Cozy renderer initialized with tile size: 32
2026-01-02 15:08:08 - MyKingdom - INFO - Renderer biome set to: tundra
2026-01-02 15:08:08 - MyKingdom - INFO - Cozy renderer initialized with tile size: 32
2026-01-02 15:08:08 - MyKingdom - INFO - Renderer biome set to: tundra
2026-01-02 15:08:08 - MyKingdom - INFO - Cozy renderer initialized with tile size: 32
2026-01-02 15:08:08 - MyKingdom - INFO - Renderer biome set to: tundra
2026-01-02 15:08:08 - MyKingdom - INFO - Cozy renderer initialized with tile size: 32
2026-01-02 15:08:08 - MyKingdom - INFO - Renderer biome set to: tundra
2026-01-02 15:08:08 - MyKingdom - INFO - Cozy renderer initialized with tile size: 32
2026-01-02 15:08:08 - MyKingdom - INFO - Renderer biome set to: tundra
2026-01-02 15:08:08 - MyKingdom - INFO - Cozy renderer initialized with tile size: 32
2026-01-02 15:08:08 - MyKingdom - INFO - Renderer biome set to: tundra
2026-01-02 15:08:08 - MyKingdom - INFO - Cozy renderer initialized with tile size: 32
2026-01-02 15:08:08 - MyKingdom - INFO - Renderer biome set to: tundra
2026-01-02 15:08:08 - MyKingdom - INFO - Cozy renderer initialized with tile size: 32
2026-01-02 15:08:08 - MyKingdom - INFO - Renderer biome set to: tundra
2026-01-02 15:08:09 - MyKingdom - INFO - Cozy renderer initialized with tile size: 32
2026-01-02 15:08:09 - MyKingdom - INFO - Renderer biome set to: tundra
2026-01-02 15:08:09 - MyKingdom - INFO - Cozy renderer initialized with tile size: 32
2026-01-02 15:08:09 - MyKingdom - INFO - Renderer biome set to: tundra
2026-01-02 15:08:09 - MyKingdom - INFO - Cozy renderer initialized with tile size: 32
2026-01-02 15:08:09 - MyKingdom - INFO - Renderer biome set to: tundra
2026-01-02 15:08:09 - MyKingdom - INFO - Cozy renderer initialized with tile size: 32
2026-01-02 15:08:09 - MyKingdom - INFO - Renderer biome set to: tundra
2026-01-02 15:08:09 - MyKingdom - INFO - Cozy renderer initialized with tile size: 32
2026-01-02 15:08:09 - MyKingdom - INFO - Renderer biome set to: tundra
2026-01-02 15:08:09 - MyKingdom - INFO - Cozy renderer initialized with tile size: 32
2026-01-02 15:08:09 - MyKingdom - INFO - Renderer biome set to: tundra
2026-01-02 15:08:09 - MyKingdom - INFO - Cozy renderer initialized with tile size: 32
2026-01-02 15:08:09 - MyKingdom - INFO - Renderer biome set to: tundra
2026-01-02 15:08:09 - MyKingdom - INFO - Cozy renderer initialized with tile size: 32
2026-01-02 15:08:09 - MyKingdom - INFO - Renderer biome set to: tundra
2026-01-02 15:08:09 - MyKingdom - INFO - Cozy renderer initialized with tile size: 32
2026-01-02 15:08:09 - MyKingdom - INFO - Renderer biome set to: tundra
2026-01-02 15:08:09 - MyKingdom - INFO - Cozy renderer initialized with tile size: 32
2026-01-02 15:08:09 - MyKingdom - INFO - Renderer biome set to: tundra
2026-01-02 15:08:09 - MyKingdom - INFO - Cozy renderer initialized with tile size: 32
2026-01-02 15:08:09 - MyKingdom - INFO - Renderer biome set to: tundra
2026-01-02 15:08:09 - MyKingdom - INFO - Cozy renderer initialized with tile size: 32
2026-01-02 15:08:09 - MyKingdom - INFO - Renderer biome set to: tundra
2026-01-02 15:08:09 - MyKingdom - INFO - Cozy renderer initialized with tile size: 32
2026-01-02 15:08:09 - MyKingdom - INFO - Renderer biome set to: tundra
2026-01-02 15:08:09 - MyKingdom - INFO - Cozy renderer initialized with tile size: 32
2026-01-02 15:08:09 - MyKingdom - INFO - Renderer biome set to: tundra
2026-01-02 15:08:09 - MyKingdom - INFO - Cozy renderer initialized with tile size: 32
2026-01-02 15:08:09 - MyKingdom - INFO - Renderer biome set to: tundra
2026-01-02 15:08:09 - MyKingdom - INFO - Cozy renderer initialized with tile size: 32
2026-01-02 15:08:09 - MyKingdom - INFO - Renderer biome set to: tundra
2026-01-02 15:08:09 - MyKingdom - INFO - Cozy renderer initialized with tile size: 32
2026-01-02 15:08:09 - MyKingdom - INFO - Renderer biome set to: tundra
2026-01-02 15:08:09 - MyKingdom - INFO - Cozy renderer initialized with tile size: 32
2026-01-02 15:08:09 - MyKingdom - INFO - Renderer biome set to: tundra
2026-01-02 15:08:09 - MyKingdom - INFO - Cozy renderer initialized with tile size: 32
2026-01-02 15:08:09 - MyKingdom - INFO - Renderer biome set to: tundra
2026-01-02 15:08:09 - MyKingdom - INFO - Cozy renderer initialized with tile size: 32
2026-01-02 15:08:09 - MyKingdom - INFO - Renderer biome set to: tundra
2026-01-02 15:08:09 - MyKingdom - INFO - Cozy renderer initialized with tile size: 32
2026-01-02 15:08:09 - MyKingdom - INFO - Renderer biome set to: tundra
2026-01-02 15:08:09 - MyKingdom - INFO - Cozy renderer initialized with tile size: 32
2026-01-02 15:08:09 - MyKingdom - INFO - Renderer biome set to: tundra
2026-01-02 15:08:09 - MyKingdom - INFO - Cozy renderer initialized with tile size: 32
2026-01-02 15:08:09 - MyKingdom - INFO - Renderer biome set to: tundra
2026-01-02 15:08:09 - MyKingdom - INFO - Cozy renderer initialized with tile size: 32
2026-01-02 15:08:09 - MyKingdom - INFO - Renderer biome set to: tundra
2026-01-02 15:08:10 - MyKingdom - INFO - Cozy renderer initialized with tile size: 32
2026-01-02 15:08:10 - MyKingdom - INFO - Renderer biome set to: tundra
2026-01-02 15:08:10 - MyKingdom - INFO - Cozy renderer initialized with tile size: 32
2026-01-02 15:08:10 - MyKingdom - INFO - Renderer biome set to: tundra
2026-01-02 15:08:10 - MyKingdom - INFO - Cozy renderer initialized with tile size: 32
2026-01-02 15:08:10 - MyKingdom - INFO - Renderer biome set to: tundra
2026-01-02 15:08:10 - MyKingdom - INFO - Cozy renderer initialized with tile size: 32
2026-01-02 15:08:10 - MyKingdom - INFO - Renderer biome set to: tundra
2026-01-02 15:08:10 - MyKingdom - INFO - Cozy renderer initialized with tile size: 32
2026-01-02 15:08:10 - MyKingdom - INFO - Renderer biome set to: tundra
2026-01-02 15:08:10 - MyKingdom - INFO - Cozy renderer initialized with tile size: 32
2026-01-02 15:08:10 - MyKingdom - INFO - Renderer biome set to: tundra
2026-01-02 15:08:10 - MyKingdom - INFO - Cozy renderer initialized with tile size: 32
2026-01-02 15:08:10 - MyKingdom - INFO - Renderer biome set to: tundra
2026-01-02 15:08:10 - MyKingdom - INFO - Cozy renderer initialized with tile size: 32
2026-01-02 15:08:10 - MyKingdom - INFO - Renderer biome set to: tundra
2026-01-02 15:08:10 - MyKingdom - INFO - Cozy renderer initialized with tile size: 32
2026-01-02 15:08:10 - MyKingdom - INFO - Renderer biome set to: tundra
2026-01-02 15:08:10 - MyKingdom - INFO - Cozy renderer initialized with tile size: 32
2026-01-02 15:08:10 - MyKingdom - INFO - Renderer biome set to: tundra
2026-01-02 15:08:10 - MyKingdom - INFO - Cozy renderer initialized with tile size: 32
2026-01-02 15:08:10 - MyKingdom - INFO - Renderer biome set to: tundra
2026-01-02 15:08:10 - MyKingdom - INFO - Cozy renderer initialized with tile size: 32
2026-01-02 15:08:10 - MyKingdom - INFO - Renderer biome set to: tundra
2026-01-02 15:08:10 - MyKingdom - INFO - Cozy renderer initialized with tile size: 32
2026-01-02 15:08:10 - MyKingdom - INFO - Renderer biome set to: tundra
2026-01-02 15:08:10 - MyKingdom - INFO - Cozy renderer initialized with tile size: 32
2026-01-02 15:08:10 - MyKingdom - INFO - Renderer biome set to: tundra
2026-01-02 15:08:10 - MyKingdom - INFO - Cozy renderer initialized with tile size: 32
2026-01-02 15:08:10 - MyKingdom - INFO - Renderer biome set to: tundra
2026-01-02 15:08:10 - MyKingdom - INFO - Cozy renderer initialized with tile size: 32
2026-01-02 15:08:10 - MyKingdom - INFO - Renderer biome set to: tundra
2026-01-02 15:08:10 - MyKingdom - INFO - Cozy renderer initialized with tile size: 32
2026-01-02 15:08:10 - MyKingdom - INFO - Renderer biome set to: tundra
2026-01-02 15:08:10 - MyKingdom - INFO - Cozy renderer initialized with tile size: 32
2026-01-02 15:08:10 - MyKingdom - INFO - Renderer biome set to: tundra
2026-01-02 15:08:10 - MyKingdom - INFO - Cozy renderer initialized with tile size: 32
2026-01-02 15:08:10 - MyKingdom - INFO - Renderer biome set to: tundra
2026-01-02 15:08:10 - MyKingdom - INFO - Cozy renderer initialized with tile size: 32
2026-01-02 15:08:10 - MyKingdom - INFO - Renderer biome set to: tundra
2026-01-02 15:08:10 - MyKingdom - INFO - Cozy renderer initialized with tile size: 32
2026-01-02 15:08:10 - MyKingdom - INFO - Renderer biome set to: tundra
2026-01-02 15:08:10 - MyKingdom - INFO - Cozy renderer initialized with tile size: 32
2026-01-02 15:08:10 - MyKingdom - INFO - Renderer biome set to: tundra
2026-01-02 15:08:10 - MyKingdom - INFO - Cozy renderer initialized with tile size: 32
2026-01-02 15:08:10 - MyKingdom - INFO - Renderer biome set to: tundra
2026-01-02 15:08:10 - MyKingdom - INFO - Cozy renderer initialized with tile size: 32
2026-01-02 15:08:10 - MyKingdom - INFO - Renderer biome set to: tundra
2026-01-02 15:08:10 - MyKingdom - INFO - Cozy renderer initialized with tile size: 32
2026-01-02 15:08:10 - MyKingdom - INFO - Renderer biome set to: tundra
2026-01-02 15:08:11 - MyKingdom - INFO - Cozy renderer initialized with tile size: 32
2026-01-02 15:08:11 - MyKingdom - INFO - Renderer biome set to: tundra
2026-01-02 15:08:11 - MyKingdom - INFO - Cozy renderer initialized with tile size: 32
2026-01-02 15:08:11 - MyKingdom - INFO - Renderer biome set to: tundra
2026-01-02 15:08:11 - MyKingdom - INFO - Cozy renderer initialized with tile size: 32
2026-01-02 15:08:11 - MyKingdom - INFO - Renderer biome set to: tundra
2026-01-02 15:08:11 - MyKingdom - INFO - Cozy renderer initialized with tile size: 32
2026-01-02 15:08:11 - MyKingdom - INFO - Renderer biome set to: tundra
2026-01-02 15:08:11 - MyKingdom - INFO - Cozy renderer initialized with tile size: 32
2026-01-02 15:08:11 - MyKingdom - INFO - Renderer biome set to: tundra
2026-01-02 15:08:11 - MyKingdom - INFO - Cozy renderer initialized with tile size: 32
2026-01-02 15:08:11 - MyKingdom - INFO - Renderer biome set to: tundra
2026-01-02 15:08:11 - MyKingdom - INFO - Cozy renderer initialized with tile size: 32
2026-01-02 15:08:11 - MyKingdom - INFO - Renderer biome set to: tundra
2026-01-02 15:08:11 - MyKingdom - INFO - Cozy renderer initialized with tile size: 32
2026-01-02 15:08:11 - MyKingdom - INFO - Renderer biome set to: tundra
2026-01-02 15:08:11 - MyKingdom - INFO - Cozy renderer initialized with tile size: 32
2026-01-02 15:08:11 - MyKingdom - INFO - Renderer biome set to: tundra
2026-01-02 15:08:11 - MyKingdom - INFO - Cozy renderer initialized with tile size: 32
2026-01-02 15:08:11 - MyKingdom - INFO - Renderer biome set to: tundra
2026-01-02 15:08:11 - MyKingdom - INFO - Cozy renderer initialized with tile size: 32
2026-01-02 15:08:11 - MyKingdom - INFO - Renderer biome set to: tundra
2026-01-02 15:08:11 - MyKingdom - INFO - Cozy renderer initialized with tile size: 32
2026-01-02 15:08:11 - MyKingdom - INFO - Renderer biome set to: tundra
2026-01-02 15:08:11 - MyKingdom - INFO - Cozy renderer initialized with tile size: 32
2026-01-02 15:08:11 - MyKingdom - INFO - Renderer biome set to: tundra
2026-01-02 15:08:11 - MyKingdom - INFO - Cozy renderer initialized with tile size: 32
2026-01-02 15:08:11 - MyKingdom - INFO - Renderer biome set to: tundra
2026-01-02 15:08:11 - MyKingdom - INFO - Cozy renderer initialized with tile size: 32
2026-01-02 15:08:11 - MyKingdom - INFO - Renderer biome set to: tundra
2026-01-02 15:08:11 - MyKingdom - INFO - Cozy renderer initialized with tile size: 32
2026-01-02 15:08:11 - MyKingdom - INFO - Renderer biome set to: tundra
2026-01-02 15:08:11 - MyKingdom - INFO - Cozy renderer initialized with tile size: 32
2026-01-02 15:08:11 - MyKingdom - INFO - Renderer biome set to: tundra
2026-01-02 15:08:11 - MyKingdom - INFO - Cozy renderer initialized with tile size: 32
2026-01-02 15:08:11 - MyKingdom - INFO - Renderer biome set to: tundra
2026-01-02 15:08:11 - MyKingdom - INFO - Cozy renderer initialized with tile size: 32
2026-01-02 15:08:11 - MyKingdom - INFO - Renderer biome set to: tundra
2026-01-02 15:08:11 - MyKingdom - INFO - Cozy renderer initialized with tile size: 32
2026-01-02 15:08:11 - MyKingdom - INFO - Renderer biome set to: tundra
2026-01-02 15:08:11 - MyKingdom - INFO - Cozy renderer initialized with tile size: 32
2026-01-02 15:08:11 - MyKingdom - INFO - Renderer biome set to: tundra
2026-01-02 15:08:11 - MyKingdom - INFO - Cozy renderer initialized with tile size: 32
2026-01-02 15:08:11 - MyKingdom - INFO - Renderer biome set to: tundra
2026-01-02 15:08:12 - MyKingdom - INFO - Cozy renderer initialized with tile size: 32
2026-01-02 15:08:12 - MyKingdom - INFO - Renderer biome set to: tundra
2026-01-02 15:08:12 - MyKingdom - INFO - Cozy renderer initialized with tile size: 32
2026-01-02 15:08:12 - MyKingdom - INFO - Renderer biome set to: tundra
2026-01-02 15:08:12 - MyKingdom - INFO - Cozy renderer initialized with tile size: 32
2026-01-02 15:08:12 - MyKingdom - INFO - Renderer biome set to: tundra
2026-01-02 15:08:12 - MyKingdom - INFO - Cozy renderer initialized with tile size: 32
2026-01-02 15:08:12 - MyKingdom - INFO - Renderer biome set to: tundra
2026-01-02 15:08:12 - MyKingdom - INFO - Cozy renderer initialized with tile size: 32
2026-01-02 15:08:12 - MyKingdom - INFO - Renderer biome set to: tundra
2026-01-02 15:08:12 - MyKingdom - INFO - Cozy renderer initialized with tile size: 32
2026-01-02 15:08:12 - MyKingdom - INFO - Renderer biome set to: tundra
2026-01-02 15:08:12 - MyKingdom - INFO - Cozy renderer initialized with tile size: 32
2026-01-02 15:08:12 - MyKingdom - INFO - Renderer biome set to: tundra
2026-01-02 15:08:12 - MyKingdom - INFO - Cozy renderer initialized with tile size: 32
2026-01-02 15:08:12 - MyKingdom - INFO - Renderer biome set to: tundra
2026-01-02 15:08:12 - MyKingdom - INFO - Cozy renderer initialized with tile size: 32
2026-01-02 15:08:12 - MyKingdom - INFO - Renderer biome set to: tundra
2026-01-02 15:08:12 - MyKingdom - INFO - Cozy renderer initialized with tile size: 32
2026-01-02 15:08:12 - MyKingdom - INFO - Renderer biome set to: tundra
2026-01-02 15:08:12 - MyKingdom - INFO - Cozy renderer initialized with tile size: 32
2026-01-02 15:08:12 - MyKingdom - INFO - Renderer biome set to: tundra
2026-01-02 15:08:12 - MyKingdom - INFO - Cozy renderer initialized with tile size: 32
2026-01-02 15:08:12 - MyKingdom - INFO - Renderer biome set to: tundra
2026-01-02 15:08:12 - MyKingdom - INFO - Cozy renderer initialized with tile size: 32
2026-01-02 15:08:12 - MyKingdom - INFO - Renderer biome set to: tundra
2026-01-02 15:08:12 - MyKingdom - INFO - Cozy renderer initialized with tile size: 32
2026-01-02 15:08:12 - MyKingdom - INFO - Renderer biome set to: tundra
2026-01-02 15:08:12 - MyKingdom - INFO - Cozy renderer initialized with tile size: 32
2026-01-02 15:08:12 - MyKingdom - INFO - Renderer biome set to: tundra
2026-01-02 15:08:12 - MyKingdom - INFO - Cozy renderer initialized with tile size: 32
2026-01-02 15:08:12 - MyKingdom - INFO - Renderer biome set to: tundra
2026-01-02 15:08:12 - MyKingdom - INFO - Cozy renderer initialized with tile size: 32
2026-01-02 15:08:12 - MyKingdom - INFO - Renderer biome set to: tundra
2026-01-02 15:08:12 - MyKingdom - INFO - Cozy renderer initialized with tile size: 32
2026-01-02 15:08:12 - MyKingdom - INFO - Renderer biome set to: tundra
2026-01-02 15:08:12 - MyKingdom - INFO - Cozy renderer initialized with tile size: 32
2026-01-02 15:08:12 - MyKingdom - INFO - Renderer biome set to: tundra
2026-01-02 15:08:12 - MyKingdom - INFO - Cozy renderer initialized with tile size: 32
2026-01-02 15:08:12 - MyKingdom - INFO - Renderer biome set to: tundra
2026-01-02 15:08:12 - MyKingdom - INFO - Cozy renderer initialized with tile size: 32
2026-01-02 15:08:12 - MyKingdom - INFO - Renderer biome set to: tundra
2026-01-02 15:08:12 - MyKingdom - INFO - Cozy renderer initialized with tile size: 32
2026-01-02 15:08:12 - MyKingdom - INFO - Renderer biome set to: tundra
2026-01-02 15:08:12 - MyKingdom - INFO - Cozy renderer initialized with tile size: 32
2026-01-02 15:08:12 - MyKingdom - INFO - Renderer biome set to: tundra
2026-01-02 15:08:12 - MyKingdom - INFO - Cozy renderer initialized with tile size: 32
2026-01-02 15:08:12 - MyKingdom - INFO - Renderer biome set to: tundra
2026-01-02 15:08:12 - MyKingdom - INFO - Cozy renderer initialized with tile size: 32
2026-01-02 15:08:12 - MyKingdom - INFO - Renderer biome set to: tundra
2026-01-02 15:08:13 - MyKingdom - INFO - Location confirmed!
2026-01-02 15:08:13 - MyKingdom - INFO - Cozy renderer initialized with tile size: 32
2026-01-02 15:08:13 - MyKingdom - INFO - Renderer biome set to: tundra
2026-01-02 15:08:13 - MyKingdom - INFO - === STARTING NEW GAME: 147 ===
2026-01-02 15:08:13 - MyKingdom - INFO - Tiered World Generator initialized with seed: 693207
2026-01-02 15:08:13 - MyKingdom - INFO - Generating large world map...
2026-01-02 15:08:13 - MyKingdom - INFO - Generating world map: 150x150...
2026-01-02 15:08:13 - MyKingdom - INFO - World generation complete!
2026-01-02 15:08:13 - MyKingdom - INFO - Biome distribution:
2026-01-02 15:08:13 - MyKingdom - INFO -   tundra: 11297 tiles (50.2%)
2026-01-02 15:08:13 - MyKingdom - INFO -   temperate_forest: 5269 tiles (23.4%)
2026-01-02 15:08:13 - MyKingdom - INFO -   boreal_forest: 4856 tiles (21.6%)
2026-01-02 15:08:13 - MyKingdom - INFO -   grassland: 1078 tiles (4.8%)
2026-01-02 15:08:13 - MyKingdom - INFO - Using player-selected location: (67, 69)
2026-01-02 15:08:13 - MyKingdom - INFO - Generating starting region (biome: grassland)...
2026-01-02 15:08:13 - MyKingdom - INFO - Generating region from world tile (67, 69)...
2026-01-02 15:08:13 - MyKingdom - INFO -   Biome: grassland, Elevation: 0.50
2026-01-02 15:08:13 - MyKingdom - INFO - Generating local playable map...
2026-01-02 15:08:13 - MyKingdom - INFO - Generating local map from region chunk (40, 40)...
2026-01-02 15:08:13 - MyKingdom - INFO -   Chunk analysis: Biome=grassland, Avg Elev=0.43
2026-01-02 15:08:13 - MyKingdom - INFO - Local map generated successfully
2026-01-02 15:08:13 - MyKingdom - INFO - Renderer biome set to: grassland
2026-01-02 15:08:13 - MyKingdom - INFO - Creating starting citizens...
2026-01-02 15:08:13 - MyKingdom - INFO - Created citizen: Piper Windwhisper (ID: 1)
2026-01-02 15:08:13 - MyKingdom - INFO - Created citizen: Aelric Dawnbringer (ID: 2)
2026-01-02 15:08:13 - MyKingdom - INFO - Created citizen: Hilda Ironforge (ID: 3)
2026-01-02 15:08:13 - MyKingdom - INFO - Created citizen: Cedric Valorheart (ID: 4)
2026-01-02 15:08:13 - MyKingdom - INFO - Created citizen: Kael Silverstream (ID: 5)
2026-01-02 15:08:14 - MyKingdom - INFO - Game saved successfully: saves\147.sav.gz
2026-01-02 15:08:14 - MyKingdom - INFO - Game saved: 147
2026-01-02 15:08:14 - MyKingdom - INFO - === NEW GAME STARTED SUCCESSFULLY ===
2026-01-02 15:08:14 - MyKingdom - INFO - Game initialized successfully
2026-01-02 15:08:20 - MyKingdom - INFO - Quit event received from game
2026-01-02 15:08:20 - MyKingdom - INFO - ============================================================
2026-01-02 15:08:20 - MyKingdom - INFO - MY KINGDOM - Shutting Down
2026-01-02 15:08:20 - MyKingdom - INFO - ============================================================
