2026-01-02 17:44:58 - MyKingdom - INFO - ============================================================
2026-01-02 17:44:58 - MyKingdom - INFO - Game Logger Initialized
2026-01-02 17:44:58 - MyKingdom - INFO - Log file: C:\Users\Chris Mork\Desktop\My-KingdomVersion 3\Logs\game_20260102_174458.log
2026-01-02 17:44:58 - MyKingdom - INFO - ============================================================
2026-01-02 17:44:59 - MyKingdom - INFO - ============================================================
2026-01-02 17:44:59 - MyKingdom - INFO - MY KINGDOM - Starting Application
2026-01-02 17:44:59 - MyKingdom - INFO - ============================================================
2026-01-02 17:44:59 - MyKingdom - INFO - Pygame initialized
2026-01-02 17:44:59 - MyKingdom - INFO - Window created: 1280x720
2026-01-02 17:44:59 - MyKingdom - INFO - Application initialization complete
2026-01-02 17:44:59 - MyKingdom - INFO - Starting main application loop
2026-01-02 17:44:59 - MyKingdom - INFO - Entering MENU state
2026-01-02 17:44:59 - MyKingdom - INFO - AI-generated menu background loaded successfully
2026-01-02 17:44:59 - MyKingdom - INFO - Music settings loaded: enabled=True, volume=0.26
2026-01-02 17:44:59 - MyKingdom - INFO - Music manager initialized
2026-01-02 17:44:59 - MyKingdom - INFO - Playing music: menu
2026-01-02 17:44:59 - MyKingdom - INFO - Main menu initialized
2026-01-02 17:45:07 - MyKingdom - INFO - Settings button clicked
2026-01-02 17:45:07 - MyKingdom - INFO - Settings menu initialized
2026-01-02 17:45:09 - MyKingdom - INFO - Music settings saved
2026-01-02 17:45:09 - MyKingdom - INFO - Music volume set to 0.26
2026-01-02 17:45:09 - MyKingdom - INFO - Music settings saved
2026-01-02 17:45:09 - MyKingdom - INFO - Music volume set to 0.23
2026-01-02 17:45:09 - MyKingdom - INFO - Music settings saved
2026-01-02 17:45:09 - MyKingdom - INFO - Music volume set to 0.23
2026-01-02 17:45:09 - MyKingdom - INFO - Music settings saved
2026-01-02 17:45:09 - MyKingdom - INFO - Music volume set to 0.22
2026-01-02 17:45:09 - MyKingdom - INFO - Music settings saved
2026-01-02 17:45:09 - MyKingdom - INFO - Music volume set to 0.21
2026-01-02 17:45:09 - MyKingdom - INFO - Music settings saved
2026-01-02 17:45:09 - MyKingdom - INFO - Music volume set to 0.21
2026-01-02 17:45:09 - MyKingdom - INFO - Music settings saved
2026-01-02 17:45:09 - MyKingdom - INFO - Music volume set to 0.20
2026-01-02 17:45:09 - MyKingdom - INFO - Music settings saved
2026-01-02 17:45:09 - MyKingdom - INFO - Music volume set to 0.20
2026-01-02 17:45:09 - MyKingdom - INFO - Music settings saved
2026-01-02 17:45:09 - MyKingdom - INFO - Music volume set to 0.19
2026-01-02 17:45:09 - MyKingdom - INFO - Music settings saved
2026-01-02 17:45:09 - MyKingdom - INFO - Music volume set to 0.19
2026-01-02 17:45:09 - MyKingdom - INFO - Music settings saved
2026-01-02 17:45:09 - MyKingdom - INFO - Music volume set to 0.18
2026-01-02 17:45:09 - MyKingdom - INFO - Music settings saved
2026-01-02 17:45:09 - MyKingdom - INFO - Music volume set to 0.18
2026-01-02 17:45:09 - MyKingdom - INFO - Music settings saved
2026-01-02 17:45:09 - MyKingdom - INFO - Music volume set to 0.18
2026-01-02 17:45:09 - MyKingdom - INFO - Music settings saved
2026-01-02 17:45:09 - MyKingdom - INFO - Music volume set to 0.18
2026-01-02 17:45:09 - MyKingdom - INFO - Music settings saved
2026-01-02 17:45:09 - MyKingdom - INFO - Music volume set to 0.17
2026-01-02 17:45:09 - MyKingdom - INFO - Music settings saved
2026-01-02 17:45:09 - MyKingdom - INFO - Music volume set to 0.17
2026-01-02 17:45:09 - MyKingdom - INFO - Music settings saved
2026-01-02 17:45:09 - MyKingdom - INFO - Music volume set to 0.17
2026-01-02 17:45:09 - MyKingdom - INFO - Music settings saved
2026-01-02 17:45:09 - MyKingdom - INFO - Music volume set to 0.17
2026-01-02 17:45:09 - MyKingdom - INFO - Music settings saved
2026-01-02 17:45:09 - MyKingdom - INFO - Music volume set to 0.17
2026-01-02 17:45:09 - MyKingdom - INFO - Music settings saved
2026-01-02 17:45:09 - MyKingdom - INFO - Music volume set to 0.16
2026-01-02 17:45:09 - MyKingdom - INFO - Music settings saved
2026-01-02 17:45:09 - MyKingdom - INFO - Music volume set to 0.16
2026-01-02 17:45:09 - MyKingdom - INFO - Music settings saved
2026-01-02 17:45:09 - MyKingdom - INFO - Music volume set to 0.16
2026-01-02 17:45:09 - MyKingdom - INFO - Music settings saved
2026-01-02 17:45:09 - MyKingdom - INFO - Music volume set to 0.15
2026-01-02 17:45:09 - MyKingdom - INFO - Music settings saved
2026-01-02 17:45:09 - MyKingdom - INFO - Music volume set to 0.15
2026-01-02 17:45:09 - MyKingdom - INFO - Music settings saved
2026-01-02 17:45:09 - MyKingdom - INFO - Music volume set to 0.15
2026-01-02 17:45:09 - MyKingdom - INFO - Music settings saved
2026-01-02 17:45:09 - MyKingdom - INFO - Music volume set to 0.14
2026-01-02 17:45:09 - MyKingdom - INFO - Music settings saved
2026-01-02 17:45:09 - MyKingdom - INFO - Music volume set to 0.14
2026-01-02 17:45:09 - MyKingdom - INFO - Music settings saved
2026-01-02 17:45:09 - MyKingdom - INFO - Music volume set to 0.14
2026-01-02 17:45:09 - MyKingdom - INFO - Music settings saved
2026-01-02 17:45:09 - MyKingdom - INFO - Music volume set to 0.14
2026-01-02 17:45:09 - MyKingdom - INFO - Music settings saved
2026-01-02 17:45:09 - MyKingdom - INFO - Music volume set to 0.14
2026-01-02 17:45:10 - MyKingdom - INFO - Music settings saved
2026-01-02 17:45:10 - MyKingdom - INFO - Music volume set to 0.13
2026-01-02 17:45:10 - MyKingdom - INFO - Music settings saved
2026-01-02 17:45:10 - MyKingdom - INFO - Music volume set to 0.13
2026-01-02 17:45:10 - MyKingdom - INFO - Music settings saved
2026-01-02 17:45:10 - MyKingdom - INFO - Music volume set to 0.13
2026-01-02 17:45:10 - MyKingdom - INFO - Music settings saved
2026-01-02 17:45:10 - MyKingdom - INFO - Music volume set to 0.12
2026-01-02 17:45:10 - MyKingdom - INFO - Music settings saved
2026-01-02 17:45:10 - MyKingdom - INFO - Music volume set to 0.12
2026-01-02 17:45:10 - MyKingdom - INFO - Music settings saved
2026-01-02 17:45:10 - MyKingdom - INFO - Music volume set to 0.12
2026-01-02 17:45:10 - MyKingdom - INFO - Music settings saved
2026-01-02 17:45:10 - MyKingdom - INFO - Music volume set to 0.12
2026-01-02 17:45:10 - MyKingdom - INFO - Music settings saved
2026-01-02 17:45:10 - MyKingdom - INFO - Music volume set to 0.12
2026-01-02 17:45:10 - MyKingdom - INFO - Music settings saved
2026-01-02 17:45:10 - MyKingdom - INFO - Music volume set to 0.11
2026-01-02 17:45:10 - MyKingdom - INFO - Music settings saved
2026-01-02 17:45:10 - MyKingdom - INFO - Music volume set to 0.11
2026-01-02 17:45:10 - MyKingdom - INFO - Music settings saved
2026-01-02 17:45:10 - MyKingdom - INFO - Music volume set to 0.11
2026-01-02 17:45:10 - MyKingdom - INFO - Music settings saved
2026-01-02 17:45:10 - MyKingdom - INFO - Music volume set to 0.10
2026-01-02 17:45:10 - MyKingdom - INFO - Music settings saved
2026-01-02 17:45:10 - MyKingdom - INFO - Music volume set to 0.10
2026-01-02 17:45:10 - MyKingdom - INFO - Music settings saved
2026-01-02 17:45:10 - MyKingdom - INFO - Music volume set to 0.10
2026-01-02 17:45:10 - MyKingdom - INFO - Music settings saved
2026-01-02 17:45:10 - MyKingdom - INFO - Music volume set to 0.10
2026-01-02 17:45:10 - MyKingdom - INFO - Music settings saved
2026-01-02 17:45:10 - MyKingdom - INFO - Music volume set to 0.10
2026-01-02 17:45:10 - MyKingdom - INFO - Music settings saved
2026-01-02 17:45:10 - MyKingdom - INFO - Music volume set to 0.09
2026-01-02 17:45:10 - MyKingdom - INFO - Music settings saved
2026-01-02 17:45:10 - MyKingdom - INFO - Music volume set to 0.09
2026-01-02 17:45:10 - MyKingdom - INFO - Music settings saved
2026-01-02 17:45:10 - MyKingdom - INFO - Music volume set to 0.09
2026-01-02 17:45:10 - MyKingdom - INFO - Music settings saved
2026-01-02 17:45:10 - MyKingdom - INFO - Music volume set to 0.08
2026-01-02 17:45:10 - MyKingdom - INFO - Music settings saved
2026-01-02 17:45:10 - MyKingdom - INFO - Music volume set to 0.08
2026-01-02 17:45:10 - MyKingdom - INFO - Music settings saved
2026-01-02 17:45:10 - MyKingdom - INFO - Music volume set to 0.08
2026-01-02 17:45:10 - MyKingdom - INFO - Music settings saved
2026-01-02 17:45:10 - MyKingdom - INFO - Music volume set to 0.07
2026-01-02 17:45:10 - MyKingdom - INFO - Music settings saved
2026-01-02 17:45:10 - MyKingdom - INFO - Music volume set to 0.07
2026-01-02 17:45:12 - MyKingdom - INFO - Settings menu closed
2026-01-02 17:45:47 - MyKingdom - INFO - New Game button clicked
2026-01-02 17:45:49 - MyKingdom - INFO - Starting new game: 133
2026-01-02 17:45:49 - MyKingdom - INFO - Starting new game: 133
2026-01-02 17:45:49 - MyKingdom - INFO - Entering PLAYING state
2026-01-02 17:45:49 - MyKingdom - INFO - Initializing new GameState system...
2026-01-02 17:45:49 - MyKingdom - INFO - Cozy renderer initialized with tile size: 32
2026-01-02 17:45:49 - MyKingdom - INFO - Save system initialized. Save directory: C:\Users\Chris Mork\Desktop\My-KingdomVersion 3\saves
2026-01-02 17:45:49 - MyKingdom - INFO - Game state initialized
2026-01-02 17:45:49 - MyKingdom - INFO - Tiered World Generator initialized with seed: 770461
2026-01-02 17:45:49 - MyKingdom - INFO - Generating world map: 150x150...
2026-01-02 17:45:50 - MyKingdom - INFO - World generation complete!
2026-01-02 17:45:50 - MyKingdom - INFO - Biome distribution:
2026-01-02 17:45:50 - MyKingdom - INFO -   tundra: 9884 tiles (43.9%)
2026-01-02 17:45:50 - MyKingdom - INFO -   temperate_forest: 6321 tiles (28.1%)
2026-01-02 17:45:50 - MyKingdom - INFO -   boreal_forest: 5669 tiles (25.2%)
2026-01-02 17:45:50 - MyKingdom - INFO -   grassland: 480 tiles (2.1%)
2026-01-02 17:45:50 - MyKingdom - INFO -   arid_shrubland: 122 tiles (0.5%)
2026-01-02 17:45:50 - MyKingdom - INFO -   wetland: 24 tiles (0.1%)
2026-01-02 17:45:50 - MyKingdom - INFO - Multi-stage world selection screen initialized
2026-01-02 17:46:00 - MyKingdom - INFO - Generating region preview for world tile arid_shrubland...
2026-01-02 17:46:00 - MyKingdom - INFO - Generating region from world tile (115, 75)...
2026-01-02 17:46:00 - MyKingdom - INFO -   Biome: arid_shrubland, Elevation: 0.46
2026-01-02 17:46:00 - MyKingdom - INFO - Advanced to REGION view for world tile (115, 75)
2026-01-02 17:46:04 - MyKingdom - INFO - Returned to WORLD view
2026-01-02 17:46:18 - MyKingdom - INFO - Generating region preview for world tile boreal_forest...
2026-01-02 17:46:18 - MyKingdom - INFO - Generating region from world tile (99, 98)...
2026-01-02 17:46:18 - MyKingdom - INFO -   Biome: boreal_forest, Elevation: 0.53
2026-01-02 17:46:18 - MyKingdom - INFO - Advanced to REGION view for world tile (99, 98)
2026-01-02 17:46:23 - MyKingdom - INFO - Generating local preview from region tile (42, 40)...
2026-01-02 17:46:23 - MyKingdom - INFO - Generating local map from region chunk (42, 40)...
2026-01-02 17:46:23 - MyKingdom - INFO -   Chunk analysis: Biome=boreal_forest, Avg Elev=0.65
2026-01-02 17:46:23 - MyKingdom - INFO - Placed resource nodes on local map
2026-01-02 17:46:23 - MyKingdom - INFO - Local map generated successfully
2026-01-02 17:46:23 - MyKingdom - INFO - Advanced to LOCAL view
2026-01-02 17:46:23 - MyKingdom - INFO - Cozy renderer initialized with tile size: 32
2026-01-02 17:46:23 - MyKingdom - INFO - Renderer biome set to: boreal_forest
2026-01-02 17:46:23 - MyKingdom - INFO - Cozy renderer initialized with tile size: 32
2026-01-02 17:46:23 - MyKingdom - INFO - Renderer biome set to: boreal_forest
2026-01-02 17:46:23 - MyKingdom - INFO - Cozy renderer initialized with tile size: 32
2026-01-02 17:46:23 - MyKingdom - INFO - Renderer biome set to: boreal_forest
2026-01-02 17:46:23 - MyKingdom - INFO - Cozy renderer initialized with tile size: 32
2026-01-02 17:46:23 - MyKingdom - INFO - Renderer biome set to: boreal_forest
2026-01-02 17:46:23 - MyKingdom - INFO - Cozy renderer initialized with tile size: 32
2026-01-02 17:46:23 - MyKingdom - INFO - Renderer biome set to: boreal_forest
2026-01-02 17:46:23 - MyKingdom - INFO - Cozy renderer initialized with tile size: 32
2026-01-02 17:46:23 - MyKingdom - INFO - Renderer biome set to: boreal_forest
2026-01-02 17:46:23 - MyKingdom - INFO - Cozy renderer initialized with tile size: 32
2026-01-02 17:46:23 - MyKingdom - INFO - Renderer biome set to: boreal_forest
2026-01-02 17:46:23 - MyKingdom - INFO - Cozy renderer initialized with tile size: 32
2026-01-02 17:46:23 - MyKingdom - INFO - Renderer biome set to: boreal_forest
2026-01-02 17:46:23 - MyKingdom - INFO - Cozy renderer initialized with tile size: 32
2026-01-02 17:46:23 - MyKingdom - INFO - Renderer biome set to: boreal_forest
2026-01-02 17:46:23 - MyKingdom - INFO - Cozy renderer initialized with tile size: 32
2026-01-02 17:46:23 - MyKingdom - INFO - Renderer biome set to: boreal_forest
2026-01-02 17:46:23 - MyKingdom - INFO - Cozy renderer initialized with tile size: 32
2026-01-02 17:46:23 - MyKingdom - INFO - Renderer biome set to: boreal_forest
2026-01-02 17:46:23 - MyKingdom - INFO - Cozy renderer initialized with tile size: 32
2026-01-02 17:46:23 - MyKingdom - INFO - Renderer biome set to: boreal_forest
2026-01-02 17:46:23 - MyKingdom - INFO - Cozy renderer initialized with tile size: 32
2026-01-02 17:46:23 - MyKingdom - INFO - Renderer biome set to: boreal_forest
2026-01-02 17:46:23 - MyKingdom - INFO - Cozy renderer initialized with tile size: 32
2026-01-02 17:46:23 - MyKingdom - INFO - Renderer biome set to: boreal_forest
2026-01-02 17:46:23 - MyKingdom - INFO - Cozy renderer initialized with tile size: 32
2026-01-02 17:46:23 - MyKingdom - INFO - Renderer biome set to: boreal_forest
2026-01-02 17:46:23 - MyKingdom - INFO - Cozy renderer initialized with tile size: 32
2026-01-02 17:46:23 - MyKingdom - INFO - Renderer biome set to: boreal_forest
2026-01-02 17:46:23 - MyKingdom - INFO - Cozy renderer initialized with tile size: 32
2026-01-02 17:46:23 - MyKingdom - INFO - Renderer biome set to: boreal_forest
2026-01-02 17:46:23 - MyKingdom - INFO - Cozy renderer initialized with tile size: 32
2026-01-02 17:46:23 - MyKingdom - INFO - Renderer biome set to: boreal_forest
2026-01-02 17:46:23 - MyKingdom - INFO - Cozy renderer initialized with tile size: 32
2026-01-02 17:46:23 - MyKingdom - INFO - Renderer biome set to: boreal_forest
2026-01-02 17:46:23 - MyKingdom - INFO - Cozy renderer initialized with tile size: 32
2026-01-02 17:46:23 - MyKingdom - INFO - Renderer biome set to: boreal_forest
2026-01-02 17:46:23 - MyKingdom - INFO - Cozy renderer initialized with tile size: 32
2026-01-02 17:46:23 - MyKingdom - INFO - Renderer biome set to: boreal_forest
2026-01-02 17:46:23 - MyKingdom - INFO - Cozy renderer initialized with tile size: 32
2026-01-02 17:46:23 - MyKingdom - INFO - Renderer biome set to: boreal_forest
2026-01-02 17:46:23 - MyKingdom - INFO - Cozy renderer initialized with tile size: 32
2026-01-02 17:46:23 - MyKingdom - INFO - Renderer biome set to: boreal_forest
2026-01-02 17:46:23 - MyKingdom - INFO - Cozy renderer initialized with tile size: 32
2026-01-02 17:46:23 - MyKingdom - INFO - Renderer biome set to: boreal_forest
2026-01-02 17:46:23 - MyKingdom - INFO - Cozy renderer initialized with tile size: 32
2026-01-02 17:46:23 - MyKingdom - INFO - Renderer biome set to: boreal_forest
2026-01-02 17:46:23 - MyKingdom - INFO - Cozy renderer initialized with tile size: 32
2026-01-02 17:46:23 - MyKingdom - INFO - Renderer biome set to: boreal_forest
2026-01-02 17:46:23 - MyKingdom - INFO - Cozy renderer initialized with tile size: 32
2026-01-02 17:46:23 - MyKingdom - INFO - Renderer biome set to: boreal_forest
2026-01-02 17:46:23 - MyKingdom - INFO - Cozy renderer initialized with tile size: 32
2026-01-02 17:46:23 - MyKingdom - INFO - Renderer biome set to: boreal_forest
2026-01-02 17:46:23 - MyKingdom - INFO - Cozy renderer initialized with tile size: 32
2026-01-02 17:46:23 - MyKingdom - INFO - Renderer biome set to: boreal_forest
2026-01-02 17:46:23 - MyKingdom - INFO - Cozy renderer initialized with tile size: 32
2026-01-02 17:46:23 - MyKingdom - INFO - Renderer biome set to: boreal_forest
2026-01-02 17:46:23 - MyKingdom - INFO - Cozy renderer initialized with tile size: 32
2026-01-02 17:46:23 - MyKingdom - INFO - Renderer biome set to: boreal_forest
2026-01-02 17:46:23 - MyKingdom - INFO - Cozy renderer initialized with tile size: 32
2026-01-02 17:46:23 - MyKingdom - INFO - Renderer biome set to: boreal_forest
2026-01-02 17:46:23 - MyKingdom - INFO - Cozy renderer initialized with tile size: 32
2026-01-02 17:46:23 - MyKingdom - INFO - Renderer biome set to: boreal_forest
2026-01-02 17:46:23 - MyKingdom - INFO - Cozy renderer initialized with tile size: 32
2026-01-02 17:46:23 - MyKingdom - INFO - Renderer biome set to: boreal_forest
2026-01-02 17:46:23 - MyKingdom - INFO - Cozy renderer initialized with tile size: 32
2026-01-02 17:46:23 - MyKingdom - INFO - Renderer biome set to: boreal_forest
2026-01-02 17:46:23 - MyKingdom - INFO - Cozy renderer initialized with tile size: 32
2026-01-02 17:46:23 - MyKingdom - INFO - Renderer biome set to: boreal_forest
2026-01-02 17:46:23 - MyKingdom - INFO - Cozy renderer initialized with tile size: 32
2026-01-02 17:46:23 - MyKingdom - INFO - Renderer biome set to: boreal_forest
2026-01-02 17:46:23 - MyKingdom - INFO - Cozy renderer initialized with tile size: 32
2026-01-02 17:46:23 - MyKingdom - INFO - Renderer biome set to: boreal_forest
2026-01-02 17:46:23 - MyKingdom - INFO - Cozy renderer initialized with tile size: 32
2026-01-02 17:46:23 - MyKingdom - INFO - Renderer biome set to: boreal_forest
2026-01-02 17:46:23 - MyKingdom - INFO - Cozy renderer initialized with tile size: 32
2026-01-02 17:46:23 - MyKingdom - INFO - Renderer biome set to: boreal_forest
2026-01-02 17:46:23 - MyKingdom - INFO - Cozy renderer initialized with tile size: 32
2026-01-02 17:46:23 - MyKingdom - INFO - Renderer biome set to: boreal_forest
2026-01-02 17:46:23 - MyKingdom - INFO - Cozy renderer initialized with tile size: 32
2026-01-02 17:46:23 - MyKingdom - INFO - Renderer biome set to: boreal_forest
2026-01-02 17:46:23 - MyKingdom - INFO - Cozy renderer initialized with tile size: 32
2026-01-02 17:46:23 - MyKingdom - INFO - Renderer biome set to: boreal_forest
2026-01-02 17:46:23 - MyKingdom - INFO - Cozy renderer initialized with tile size: 32
2026-01-02 17:46:23 - MyKingdom - INFO - Renderer biome set to: boreal_forest
2026-01-02 17:46:23 - MyKingdom - INFO - Cozy renderer initialized with tile size: 32
2026-01-02 17:46:23 - MyKingdom - INFO - Renderer biome set to: boreal_forest
2026-01-02 17:46:24 - MyKingdom - INFO - Cozy renderer initialized with tile size: 32
2026-01-02 17:46:24 - MyKingdom - INFO - Renderer biome set to: boreal_forest
2026-01-02 17:46:24 - MyKingdom - INFO - Cozy renderer initialized with tile size: 32
2026-01-02 17:46:24 - MyKingdom - INFO - Renderer biome set to: boreal_forest
2026-01-02 17:46:24 - MyKingdom - INFO - Cozy renderer initialized with tile size: 32
2026-01-02 17:46:24 - MyKingdom - INFO - Renderer biome set to: boreal_forest
2026-01-02 17:46:24 - MyKingdom - INFO - Cozy renderer initialized with tile size: 32
2026-01-02 17:46:24 - MyKingdom - INFO - Renderer biome set to: boreal_forest
2026-01-02 17:46:24 - MyKingdom - INFO - Cozy renderer initialized with tile size: 32
2026-01-02 17:46:24 - MyKingdom - INFO - Renderer biome set to: boreal_forest
2026-01-02 17:46:24 - MyKingdom - INFO - Cozy renderer initialized with tile size: 32
2026-01-02 17:46:24 - MyKingdom - INFO - Renderer biome set to: boreal_forest
2026-01-02 17:46:24 - MyKingdom - INFO - Cozy renderer initialized with tile size: 32
2026-01-02 17:46:24 - MyKingdom - INFO - Renderer biome set to: boreal_forest
2026-01-02 17:46:24 - MyKingdom - INFO - Cozy renderer initialized with tile size: 32
2026-01-02 17:46:24 - MyKingdom - INFO - Renderer biome set to: boreal_forest
2026-01-02 17:46:24 - MyKingdom - INFO - Cozy renderer initialized with tile size: 32
2026-01-02 17:46:24 - MyKingdom - INFO - Renderer biome set to: boreal_forest
2026-01-02 17:46:24 - MyKingdom - INFO - Cozy renderer initialized with tile size: 32
2026-01-02 17:46:24 - MyKingdom - INFO - Renderer biome set to: boreal_forest
2026-01-02 17:46:24 - MyKingdom - INFO - Cozy renderer initialized with tile size: 32
2026-01-02 17:46:24 - MyKingdom - INFO - Renderer biome set to: boreal_forest
2026-01-02 17:46:24 - MyKingdom - INFO - Cozy renderer initialized with tile size: 32
2026-01-02 17:46:24 - MyKingdom - INFO - Renderer biome set to: boreal_forest
2026-01-02 17:46:24 - MyKingdom - INFO - Cozy renderer initialized with tile size: 32
2026-01-02 17:46:24 - MyKingdom - INFO - Renderer biome set to: boreal_forest
2026-01-02 17:46:24 - MyKingdom - INFO - Cozy renderer initialized with tile size: 32
2026-01-02 17:46:24 - MyKingdom - INFO - Renderer biome set to: boreal_forest
2026-01-02 17:46:24 - MyKingdom - INFO - Cozy renderer initialized with tile size: 32
2026-01-02 17:46:24 - MyKingdom - INFO - Renderer biome set to: boreal_forest
2026-01-02 17:46:24 - MyKingdom - INFO - Cozy renderer initialized with tile size: 32
2026-01-02 17:46:24 - MyKingdom - INFO - Renderer biome set to: boreal_forest
2026-01-02 17:46:24 - MyKingdom - INFO - Cozy renderer initialized with tile size: 32
2026-01-02 17:46:24 - MyKingdom - INFO - Renderer biome set to: boreal_forest
2026-01-02 17:46:24 - MyKingdom - INFO - Cozy renderer initialized with tile size: 32
2026-01-02 17:46:24 - MyKingdom - INFO - Renderer biome set to: boreal_forest
2026-01-02 17:46:24 - MyKingdom - INFO - Cozy renderer initialized with tile size: 32
2026-01-02 17:46:24 - MyKingdom - INFO - Renderer biome set to: boreal_forest
2026-01-02 17:46:24 - MyKingdom - INFO - Cozy renderer initialized with tile size: 32
2026-01-02 17:46:24 - MyKingdom - INFO - Renderer biome set to: boreal_forest
2026-01-02 17:46:24 - MyKingdom - INFO - Cozy renderer initialized with tile size: 32
2026-01-02 17:46:24 - MyKingdom - INFO - Renderer biome set to: boreal_forest
2026-01-02 17:46:24 - MyKingdom - INFO - Cozy renderer initialized with tile size: 32
2026-01-02 17:46:24 - MyKingdom - INFO - Renderer biome set to: boreal_forest
2026-01-02 17:46:24 - MyKingdom - INFO - Cozy renderer initialized with tile size: 32
2026-01-02 17:46:24 - MyKingdom - INFO - Renderer biome set to: boreal_forest
2026-01-02 17:46:24 - MyKingdom - INFO - Cozy renderer initialized with tile size: 32
2026-01-02 17:46:24 - MyKingdom - INFO - Renderer biome set to: boreal_forest
2026-01-02 17:46:24 - MyKingdom - INFO - Cozy renderer initialized with tile size: 32
2026-01-02 17:46:24 - MyKingdom - INFO - Renderer biome set to: boreal_forest
2026-01-02 17:46:24 - MyKingdom - INFO - Cozy renderer initialized with tile size: 32
2026-01-02 17:46:24 - MyKingdom - INFO - Renderer biome set to: boreal_forest
2026-01-02 17:46:24 - MyKingdom - INFO - Cozy renderer initialized with tile size: 32
2026-01-02 17:46:24 - MyKingdom - INFO - Renderer biome set to: boreal_forest
2026-01-02 17:46:24 - MyKingdom - INFO - Cozy renderer initialized with tile size: 32
2026-01-02 17:46:24 - MyKingdom - INFO - Renderer biome set to: boreal_forest
2026-01-02 17:46:24 - MyKingdom - INFO - Cozy renderer initialized with tile size: 32
2026-01-02 17:46:24 - MyKingdom - INFO - Renderer biome set to: boreal_forest
2026-01-02 17:46:24 - MyKingdom - INFO - Cozy renderer initialized with tile size: 32
2026-01-02 17:46:24 - MyKingdom - INFO - Renderer biome set to: boreal_forest
2026-01-02 17:46:24 - MyKingdom - INFO - Cozy renderer initialized with tile size: 32
2026-01-02 17:46:24 - MyKingdom - INFO - Renderer biome set to: boreal_forest
2026-01-02 17:46:24 - MyKingdom - INFO - Cozy renderer initialized with tile size: 32
2026-01-02 17:46:24 - MyKingdom - INFO - Renderer biome set to: boreal_forest
2026-01-02 17:46:24 - MyKingdom - INFO - Cozy renderer initialized with tile size: 32
2026-01-02 17:46:24 - MyKingdom - INFO - Renderer biome set to: boreal_forest
2026-01-02 17:46:24 - MyKingdom - INFO - Cozy renderer initialized with tile size: 32
2026-01-02 17:46:24 - MyKingdom - INFO - Renderer biome set to: boreal_forest
2026-01-02 17:46:24 - MyKingdom - INFO - Cozy renderer initialized with tile size: 32
2026-01-02 17:46:24 - MyKingdom - INFO - Renderer biome set to: boreal_forest
2026-01-02 17:46:24 - MyKingdom - INFO - Cozy renderer initialized with tile size: 32
2026-01-02 17:46:24 - MyKingdom - INFO - Renderer biome set to: boreal_forest
2026-01-02 17:46:24 - MyKingdom - INFO - Cozy renderer initialized with tile size: 32
2026-01-02 17:46:24 - MyKingdom - INFO - Renderer biome set to: boreal_forest
2026-01-02 17:46:24 - MyKingdom - INFO - Cozy renderer initialized with tile size: 32
2026-01-02 17:46:24 - MyKingdom - INFO - Renderer biome set to: boreal_forest
2026-01-02 17:46:24 - MyKingdom - INFO - Cozy renderer initialized with tile size: 32
2026-01-02 17:46:24 - MyKingdom - INFO - Renderer biome set to: boreal_forest
2026-01-02 17:46:24 - MyKingdom - INFO - Cozy renderer initialized with tile size: 32
2026-01-02 17:46:24 - MyKingdom - INFO - Renderer biome set to: boreal_forest
2026-01-02 17:46:24 - MyKingdom - INFO - Cozy renderer initialized with tile size: 32
2026-01-02 17:46:24 - MyKingdom - INFO - Renderer biome set to: boreal_forest
2026-01-02 17:46:24 - MyKingdom - INFO - Cozy renderer initialized with tile size: 32
2026-01-02 17:46:24 - MyKingdom - INFO - Renderer biome set to: boreal_forest
2026-01-02 17:46:24 - MyKingdom - INFO - Cozy renderer initialized with tile size: 32
2026-01-02 17:46:24 - MyKingdom - INFO - Renderer biome set to: boreal_forest
2026-01-02 17:46:24 - MyKingdom - INFO - Cozy renderer initialized with tile size: 32
2026-01-02 17:46:24 - MyKingdom - INFO - Renderer biome set to: boreal_forest
2026-01-02 17:46:24 - MyKingdom - INFO - Cozy renderer initialized with tile size: 32
2026-01-02 17:46:24 - MyKingdom - INFO - Renderer biome set to: boreal_forest
2026-01-02 17:46:24 - MyKingdom - INFO - Cozy renderer initialized with tile size: 32
2026-01-02 17:46:24 - MyKingdom - INFO - Renderer biome set to: boreal_forest
2026-01-02 17:46:24 - MyKingdom - INFO - Cozy renderer initialized with tile size: 32
2026-01-02 17:46:24 - MyKingdom - INFO - Renderer biome set to: boreal_forest
2026-01-02 17:46:24 - MyKingdom - INFO - Cozy renderer initialized with tile size: 32
2026-01-02 17:46:24 - MyKingdom - INFO - Renderer biome set to: boreal_forest
2026-01-02 17:46:24 - MyKingdom - INFO - Cozy renderer initialized with tile size: 32
2026-01-02 17:46:24 - MyKingdom - INFO - Renderer biome set to: boreal_forest
2026-01-02 17:46:24 - MyKingdom - INFO - Cozy renderer initialized with tile size: 32
2026-01-02 17:46:24 - MyKingdom - INFO - Renderer biome set to: boreal_forest
2026-01-02 17:46:24 - MyKingdom - INFO - Cozy renderer initialized with tile size: 32
2026-01-02 17:46:24 - MyKingdom - INFO - Renderer biome set to: boreal_forest
2026-01-02 17:46:25 - MyKingdom - INFO - Cozy renderer initialized with tile size: 32
2026-01-02 17:46:25 - MyKingdom - INFO - Renderer biome set to: boreal_forest
2026-01-02 17:46:25 - MyKingdom - INFO - Cozy renderer initialized with tile size: 32
2026-01-02 17:46:25 - MyKingdom - INFO - Renderer biome set to: boreal_forest
2026-01-02 17:46:25 - MyKingdom - INFO - Cozy renderer initialized with tile size: 32
2026-01-02 17:46:25 - MyKingdom - INFO - Renderer biome set to: boreal_forest
2026-01-02 17:46:25 - MyKingdom - INFO - Cozy renderer initialized with tile size: 32
2026-01-02 17:46:25 - MyKingdom - INFO - Renderer biome set to: boreal_forest
2026-01-02 17:46:25 - MyKingdom - INFO - Cozy renderer initialized with tile size: 32
2026-01-02 17:46:25 - MyKingdom - INFO - Renderer biome set to: boreal_forest
2026-01-02 17:46:25 - MyKingdom - INFO - Cozy renderer initialized with tile size: 32
2026-01-02 17:46:25 - MyKingdom - INFO - Renderer biome set to: boreal_forest
2026-01-02 17:46:25 - MyKingdom - INFO - Cozy renderer initialized with tile size: 32
2026-01-02 17:46:25 - MyKingdom - INFO - Renderer biome set to: boreal_forest
2026-01-02 17:46:25 - MyKingdom - INFO - Cozy renderer initialized with tile size: 32
2026-01-02 17:46:25 - MyKingdom - INFO - Renderer biome set to: boreal_forest
2026-01-02 17:46:25 - MyKingdom - INFO - Cozy renderer initialized with tile size: 32
2026-01-02 17:46:25 - MyKingdom - INFO - Renderer biome set to: boreal_forest
2026-01-02 17:46:25 - MyKingdom - INFO - Cozy renderer initialized with tile size: 32
2026-01-02 17:46:25 - MyKingdom - INFO - Renderer biome set to: boreal_forest
2026-01-02 17:46:25 - MyKingdom - INFO - Cozy renderer initialized with tile size: 32
2026-01-02 17:46:25 - MyKingdom - INFO - Renderer biome set to: boreal_forest
2026-01-02 17:46:25 - MyKingdom - INFO - Cozy renderer initialized with tile size: 32
2026-01-02 17:46:25 - MyKingdom - INFO - Renderer biome set to: boreal_forest
2026-01-02 17:46:25 - MyKingdom - INFO - Cozy renderer initialized with tile size: 32
2026-01-02 17:46:25 - MyKingdom - INFO - Renderer biome set to: boreal_forest
2026-01-02 17:46:25 - MyKingdom - INFO - Cozy renderer initialized with tile size: 32
2026-01-02 17:46:25 - MyKingdom - INFO - Renderer biome set to: boreal_forest
2026-01-02 17:46:25 - MyKingdom - INFO - Cozy renderer initialized with tile size: 32
2026-01-02 17:46:25 - MyKingdom - INFO - Renderer biome set to: boreal_forest
2026-01-02 17:46:25 - MyKingdom - INFO - Cozy renderer initialized with tile size: 32
2026-01-02 17:46:25 - MyKingdom - INFO - Renderer biome set to: boreal_forest
2026-01-02 17:46:25 - MyKingdom - INFO - Cozy renderer initialized with tile size: 32
2026-01-02 17:46:25 - MyKingdom - INFO - Renderer biome set to: boreal_forest
2026-01-02 17:46:25 - MyKingdom - INFO - Cozy renderer initialized with tile size: 32
2026-01-02 17:46:25 - MyKingdom - INFO - Renderer biome set to: boreal_forest
2026-01-02 17:46:25 - MyKingdom - INFO - Cozy renderer initialized with tile size: 32
2026-01-02 17:46:25 - MyKingdom - INFO - Renderer biome set to: boreal_forest
2026-01-02 17:46:25 - MyKingdom - INFO - Cozy renderer initialized with tile size: 32
2026-01-02 17:46:25 - MyKingdom - INFO - Renderer biome set to: boreal_forest
2026-01-02 17:46:25 - MyKingdom - INFO - Cozy renderer initialized with tile size: 32
2026-01-02 17:46:25 - MyKingdom - INFO - Renderer biome set to: boreal_forest
2026-01-02 17:46:25 - MyKingdom - INFO - Cozy renderer initialized with tile size: 32
2026-01-02 17:46:25 - MyKingdom - INFO - Renderer biome set to: boreal_forest
2026-01-02 17:46:25 - MyKingdom - INFO - Cozy renderer initialized with tile size: 32
2026-01-02 17:46:25 - MyKingdom - INFO - Renderer biome set to: boreal_forest
2026-01-02 17:46:25 - MyKingdom - INFO - Cozy renderer initialized with tile size: 32
2026-01-02 17:46:25 - MyKingdom - INFO - Renderer biome set to: boreal_forest
2026-01-02 17:46:25 - MyKingdom - INFO - Cozy renderer initialized with tile size: 32
2026-01-02 17:46:25 - MyKingdom - INFO - Renderer biome set to: boreal_forest
2026-01-02 17:46:25 - MyKingdom - INFO - Cozy renderer initialized with tile size: 32
2026-01-02 17:46:25 - MyKingdom - INFO - Renderer biome set to: boreal_forest
2026-01-02 17:46:25 - MyKingdom - INFO - Cozy renderer initialized with tile size: 32
2026-01-02 17:46:25 - MyKingdom - INFO - Renderer biome set to: boreal_forest
2026-01-02 17:46:25 - MyKingdom - INFO - Cozy renderer initialized with tile size: 32
2026-01-02 17:46:25 - MyKingdom - INFO - Renderer biome set to: boreal_forest
2026-01-02 17:46:25 - MyKingdom - INFO - Cozy renderer initialized with tile size: 32
2026-01-02 17:46:25 - MyKingdom - INFO - Renderer biome set to: boreal_forest
2026-01-02 17:46:25 - MyKingdom - INFO - Cozy renderer initialized with tile size: 32
2026-01-02 17:46:25 - MyKingdom - INFO - Renderer biome set to: boreal_forest
2026-01-02 17:46:25 - MyKingdom - INFO - Cozy renderer initialized with tile size: 32
2026-01-02 17:46:25 - MyKingdom - INFO - Renderer biome set to: boreal_forest
2026-01-02 17:46:25 - MyKingdom - INFO - Cozy renderer initialized with tile size: 32
2026-01-02 17:46:25 - MyKingdom - INFO - Renderer biome set to: boreal_forest
2026-01-02 17:46:25 - MyKingdom - INFO - Cozy renderer initialized with tile size: 32
2026-01-02 17:46:25 - MyKingdom - INFO - Renderer biome set to: boreal_forest
2026-01-02 17:46:25 - MyKingdom - INFO - Cozy renderer initialized with tile size: 32
2026-01-02 17:46:25 - MyKingdom - INFO - Renderer biome set to: boreal_forest
2026-01-02 17:46:25 - MyKingdom - INFO - Cozy renderer initialized with tile size: 32
2026-01-02 17:46:25 - MyKingdom - INFO - Renderer biome set to: boreal_forest
2026-01-02 17:46:25 - MyKingdom - INFO - Cozy renderer initialized with tile size: 32
2026-01-02 17:46:25 - MyKingdom - INFO - Renderer biome set to: boreal_forest
2026-01-02 17:46:25 - MyKingdom - INFO - Cozy renderer initialized with tile size: 32
2026-01-02 17:46:25 - MyKingdom - INFO - Renderer biome set to: boreal_forest
2026-01-02 17:46:25 - MyKingdom - INFO - Cozy renderer initialized with tile size: 32
2026-01-02 17:46:25 - MyKingdom - INFO - Renderer biome set to: boreal_forest
2026-01-02 17:46:25 - MyKingdom - INFO - Cozy renderer initialized with tile size: 32
2026-01-02 17:46:25 - MyKingdom - INFO - Renderer biome set to: boreal_forest
2026-01-02 17:46:25 - MyKingdom - INFO - Cozy renderer initialized with tile size: 32
2026-01-02 17:46:25 - MyKingdom - INFO - Renderer biome set to: boreal_forest
2026-01-02 17:46:25 - MyKingdom - INFO - Cozy renderer initialized with tile size: 32
2026-01-02 17:46:25 - MyKingdom - INFO - Renderer biome set to: boreal_forest
2026-01-02 17:46:25 - MyKingdom - INFO - Cozy renderer initialized with tile size: 32
2026-01-02 17:46:25 - MyKingdom - INFO - Renderer biome set to: boreal_forest
2026-01-02 17:46:25 - MyKingdom - INFO - Cozy renderer initialized with tile size: 32
2026-01-02 17:46:25 - MyKingdom - INFO - Renderer biome set to: boreal_forest
2026-01-02 17:46:25 - MyKingdom - INFO - Cozy renderer initialized with tile size: 32
2026-01-02 17:46:25 - MyKingdom - INFO - Renderer biome set to: boreal_forest
2026-01-02 17:46:25 - MyKingdom - INFO - Cozy renderer initialized with tile size: 32
2026-01-02 17:46:25 - MyKingdom - INFO - Renderer biome set to: boreal_forest
2026-01-02 17:46:25 - MyKingdom - INFO - Cozy renderer initialized with tile size: 32
2026-01-02 17:46:25 - MyKingdom - INFO - Renderer biome set to: boreal_forest
2026-01-02 17:46:25 - MyKingdom - INFO - Cozy renderer initialized with tile size: 32
2026-01-02 17:46:25 - MyKingdom - INFO - Renderer biome set to: boreal_forest
2026-01-02 17:46:25 - MyKingdom - INFO - Cozy renderer initialized with tile size: 32
2026-01-02 17:46:25 - MyKingdom - INFO - Renderer biome set to: boreal_forest
2026-01-02 17:46:25 - MyKingdom - INFO - Cozy renderer initialized with tile size: 32
2026-01-02 17:46:25 - MyKingdom - INFO - Renderer biome set to: boreal_forest
2026-01-02 17:46:25 - MyKingdom - INFO - Location confirmed!
2026-01-02 17:46:25 - MyKingdom - INFO - Cozy renderer initialized with tile size: 32
2026-01-02 17:46:25 - MyKingdom - INFO - Renderer biome set to: boreal_forest
2026-01-02 17:46:26 - MyKingdom - INFO - === STARTING NEW GAME: 133 ===
2026-01-02 17:46:26 - MyKingdom - INFO - Using pre-generated world and tiles from selection screen
2026-01-02 17:46:26 - MyKingdom - INFO - Using player-selected location: (99, 98)
2026-01-02 17:46:26 - MyKingdom - INFO - Using pre-generated region tiles from preview
2026-01-02 17:46:26 - MyKingdom - INFO - Using selected region coordinates: (42, 40)
2026-01-02 17:46:26 - MyKingdom - INFO - Using pre-generated local tiles from preview - terrain will match preview!
2026-01-02 17:46:26 - MyKingdom - INFO - Renderer biome set to: boreal_forest
2026-01-02 17:46:26 - MyKingdom - INFO - Creating starting citizens...
2026-01-02 17:46:26 - MyKingdom - INFO - Created citizen: Vale Fairwind (ID: 1)
2026-01-02 17:46:26 - MyKingdom - INFO - Created citizen: Yara Clearwater (ID: 2)
2026-01-02 17:46:26 - MyKingdom - INFO - Created citizen: Lysa Kindler (ID: 3)
2026-01-02 17:46:26 - MyKingdom - INFO - Created citizen: Mira Quickstep (ID: 4)
2026-01-02 17:46:26 - MyKingdom - INFO - Created citizen: Cedric Evergreen (ID: 5)
2026-01-02 17:46:26 - MyKingdom - INFO - Collecting resource nodes from world...
2026-01-02 17:46:26 - MyKingdom - INFO - Collected 972 resource nodes from world
2026-01-02 17:46:26 - MyKingdom - INFO - Spawning wagon stockpile...
2026-01-02 17:46:26 - MyKingdom - INFO - Spawned wagon stockpile at (50, 50)
2026-01-02 17:46:26 - MyKingdom - INFO - Game saved successfully: saves\133.sav.gz
2026-01-02 17:46:26 - MyKingdom - INFO - Game saved: 133
2026-01-02 17:46:26 - MyKingdom - INFO - === NEW GAME STARTED SUCCESSFULLY ===
2026-01-02 17:46:26 - MyKingdom - INFO - Game initialized successfully
2026-01-02 17:46:27 - MyKingdom - INFO - Playing music: gameplay
2026-01-02 17:46:46 - MyKingdom - INFO - Switched to REGION view
2026-01-02 17:46:46 - MyKingdom - INFO - Switched to LOCAL view - building enabled
2026-01-02 17:46:47 - MyKingdom - INFO - Switched to WORLD view
2026-01-02 17:46:48 - MyKingdom - INFO - Switched to REGION view
2026-01-02 17:46:49 - MyKingdom - INFO - Switched to WORLD view
2026-01-02 17:46:50 - MyKingdom - INFO - Switched to REGION view
2026-01-02 17:46:50 - MyKingdom - INFO - Switched to LOCAL view - building enabled
2026-01-02 17:46:56 - MyKingdom - INFO - Building mode toggled: ON
2026-01-02 17:47:02 - MyKingdom - INFO - Selected: Lumber Camp
2026-01-02 17:47:06 - MyKingdom - INFO - Placed lumber_camp at (49, 45), ID: 2
2026-01-02 17:47:06 - MyKingdom - INFO - Game saved successfully: saves\autosave_20260102_174706.sav.gz
2026-01-02 17:47:07 - MyKingdom - INFO - Found 16 save files
2026-01-02 17:47:07 - MyKingdom - INFO - Deleted save: saves\autosave_20260102_152252.sav.gz
2026-01-02 17:47:07 - MyKingdom - INFO - Cleaned up 1 old auto-saves
2026-01-02 17:47:07 - MyKingdom - INFO - Placed lumber_camp at (49, 45)
2026-01-02 17:47:12 - MyKingdom - WARNING - Cannot place lumber_camp at (45, 49)
2026-01-02 17:47:12 - MyKingdom - WARNING - Cannot place lumber_camp at (45, 49)
2026-01-02 17:47:14 - MyKingdom - WARNING - Cannot place lumber_camp at (45, 49)
2026-01-02 17:47:14 - MyKingdom - WARNING - Cannot place lumber_camp at (45, 49)
2026-01-02 17:47:16 - MyKingdom - WARNING - Cannot place lumber_camp at (45, 49)
2026-01-02 17:47:16 - MyKingdom - WARNING - Cannot place lumber_camp at (45, 49)
2026-01-02 17:47:16 - MyKingdom - WARNING - Cannot place lumber_camp at (45, 49)
2026-01-02 17:47:16 - MyKingdom - WARNING - Cannot place lumber_camp at (45, 49)
2026-01-02 17:47:16 - MyKingdom - WARNING - Cannot place lumber_camp at (45, 49)
2026-01-02 17:47:16 - MyKingdom - WARNING - Cannot place lumber_camp at (45, 49)
2026-01-02 17:47:16 - MyKingdom - WARNING - Cannot place lumber_camp at (45, 49)
2026-01-02 17:47:16 - MyKingdom - WARNING - Cannot place lumber_camp at (45, 49)
2026-01-02 17:47:17 - MyKingdom - WARNING - Cannot place lumber_camp at (46, 49)
2026-01-02 17:47:17 - MyKingdom - WARNING - Cannot place lumber_camp at (46, 49)
2026-01-02 17:47:17 - MyKingdom - WARNING - Cannot place lumber_camp at (46, 49)
2026-01-02 17:47:17 - MyKingdom - WARNING - Cannot place lumber_camp at (46, 49)
2026-01-02 17:47:18 - MyKingdom - WARNING - Cannot place lumber_camp at (46, 49)
2026-01-02 17:47:18 - MyKingdom - WARNING - Cannot place lumber_camp at (46, 49)
2026-01-02 17:47:18 - MyKingdom - WARNING - Cannot place lumber_camp at (44, 48)
2026-01-02 17:47:18 - MyKingdom - WARNING - Cannot place lumber_camp at (44, 48)
2026-01-02 17:47:18 - MyKingdom - WARNING - Cannot place lumber_camp at (44, 51)
2026-01-02 17:47:18 - MyKingdom - WARNING - Cannot place lumber_camp at (44, 51)
2026-01-02 17:47:19 - MyKingdom - WARNING - Cannot place lumber_camp at (44, 51)
2026-01-02 17:47:19 - MyKingdom - WARNING - Cannot place lumber_camp at (44, 51)
2026-01-02 17:47:19 - MyKingdom - WARNING - Cannot place lumber_camp at (45, 51)
2026-01-02 17:47:19 - MyKingdom - WARNING - Cannot place lumber_camp at (45, 51)
2026-01-02 17:47:20 - MyKingdom - INFO - Placed lumber_camp at (44, 44), ID: 3
2026-01-02 17:47:20 - MyKingdom - INFO - Game saved successfully: saves\autosave_20260102_174720.sav.gz
2026-01-02 17:47:21 - MyKingdom - INFO - Found 16 save files
2026-01-02 17:47:21 - MyKingdom - INFO - Deleted save: saves\autosave_20260102_165104.sav.gz
2026-01-02 17:47:21 - MyKingdom - INFO - Cleaned up 1 old auto-saves
2026-01-02 17:47:21 - MyKingdom - INFO - Placed lumber_camp at (44, 44)
2026-01-02 17:47:21 - MyKingdom - WARNING - Cannot place lumber_camp at (45, 44)
2026-01-02 17:47:21 - MyKingdom - WARNING - Cannot place lumber_camp at (45, 44)
2026-01-02 17:47:31 - MyKingdom - INFO - Quit event received from game
2026-01-02 17:47:32 - MyKingdom - INFO - ============================================================
2026-01-02 17:47:32 - MyKingdom - INFO - MY KINGDOM - Shutting Down
2026-01-02 17:47:32 - MyKingdom - INFO - ============================================================
