2026-01-02 14:57:27 - MyKingdom - INFO - ============================================================
2026-01-02 14:57:27 - MyKingdom - INFO - Game Logger Initialized
2026-01-02 14:57:27 - MyKingdom - INFO - Log file: C:\Users\Chris Mork\Desktop\My-KingdomVersion 3\Logs\game_20260102_145727.log
2026-01-02 14:57:27 - MyKingdom - INFO - ============================================================
2026-01-02 14:57:27 - MyKingdom - INFO - ============================================================
2026-01-02 14:57:27 - MyKingdom - INFO - MY KINGDOM - Starting Application
2026-01-02 14:57:27 - MyKingdom - INFO - ============================================================
2026-01-02 14:57:27 - MyKingdom - INFO - Pygame initialized
2026-01-02 14:57:27 - MyKingdom - INFO - Window created: 1280x720
2026-01-02 14:57:27 - MyKingdom - INFO - Application initialization complete
2026-01-02 14:57:27 - MyKingdom - INFO - Starting main application loop
2026-01-02 14:57:27 - MyKingdom - INFO - Entering MENU state
2026-01-02 14:57:27 - MyKingdom - INFO - AI-generated menu background loaded successfully
2026-01-02 14:57:27 - MyKingdom - INFO - Main menu initialized
2026-01-02 14:59:39 - MyKingdom - INFO - New Game button clicked
2026-01-02 14:59:41 - MyKingdom - INFO - Starting new game: 123
2026-01-02 14:59:41 - MyKingdom - INFO - Starting new game: 123
2026-01-02 14:59:41 - MyKingdom - INFO - Entering PLAYING state
2026-01-02 14:59:41 - MyKingdom - INFO - Initializing new GameState system...
2026-01-02 14:59:41 - MyKingdom - INFO - Cozy renderer initialized with tile size: 32
2026-01-02 14:59:41 - MyKingdom - INFO - Save system initialized. Save directory: C:\Users\Chris Mork\Desktop\My-KingdomVersion 3\saves
2026-01-02 14:59:41 - MyKingdom - INFO - Game state initialized
2026-01-02 14:59:41 - MyKingdom - INFO - Tiered World Generator initialized with seed: 865331
2026-01-02 14:59:41 - MyKingdom - INFO - Generating world map: 150x150...
2026-01-02 14:59:42 - MyKingdom - INFO - World generation complete!
2026-01-02 14:59:42 - MyKingdom - INFO - Biome distribution:
2026-01-02 14:59:42 - MyKingdom - INFO -   tundra: 9796 tiles (43.5%)
2026-01-02 14:59:42 - MyKingdom - INFO -   boreal_forest: 6037 tiles (26.8%)
2026-01-02 14:59:42 - MyKingdom - INFO -   temperate_forest: 5934 tiles (26.4%)
2026-01-02 14:59:42 - MyKingdom - INFO -   grassland: 619 tiles (2.8%)
2026-01-02 14:59:42 - MyKingdom - INFO -   arid_shrubland: 75 tiles (0.3%)
2026-01-02 14:59:42 - MyKingdom - INFO -   wetland: 39 tiles (0.2%)
2026-01-02 14:59:42 - MyKingdom - INFO - Multi-stage world selection screen initialized
2026-01-02 14:59:50 - MyKingdom - INFO - Generating region preview for world tile arid_shrubland...
2026-01-02 14:59:50 - MyKingdom - INFO - Generating region from world tile (92, 64)...
2026-01-02 14:59:50 - MyKingdom - INFO -   Biome: arid_shrubland, Elevation: 0.47
2026-01-02 14:59:50 - MyKingdom - INFO - Advanced to REGION view for world tile (92, 64)
2026-01-02 14:59:54 - MyKingdom - INFO - Generating local preview from region tile (44, 35)...
2026-01-02 14:59:54 - MyKingdom - INFO - Generating local map from region chunk (44, 35)...
2026-01-02 14:59:54 - MyKingdom - INFO -   Chunk analysis: Biome=arid_shrubland, Avg Elev=0.56
2026-01-02 14:59:54 - MyKingdom - INFO - Local map generated successfully
2026-01-02 14:59:54 - MyKingdom - INFO - Advanced to LOCAL view
2026-01-02 15:00:14 - MyKingdom - INFO - Location confirmed!
2026-01-02 15:00:14 - MyKingdom - INFO - === STARTING NEW GAME: 123 ===
2026-01-02 15:00:14 - MyKingdom - INFO - Tiered World Generator initialized with seed: 555275
2026-01-02 15:00:14 - MyKingdom - INFO - Generating large world map...
2026-01-02 15:00:14 - MyKingdom - INFO - Generating world map: 150x150...
2026-01-02 15:00:14 - MyKingdom - INFO - World generation complete!
2026-01-02 15:00:14 - MyKingdom - INFO - Biome distribution:
2026-01-02 15:00:14 - MyKingdom - INFO -   tundra: 11210 tiles (49.8%)
2026-01-02 15:00:14 - MyKingdom - INFO -   boreal_forest: 7357 tiles (32.7%)
2026-01-02 15:00:14 - MyKingdom - INFO -   temperate_forest: 3907 tiles (17.4%)
2026-01-02 15:00:14 - MyKingdom - INFO -   grassland: 26 tiles (0.1%)
2026-01-02 15:00:14 - MyKingdom - INFO - Using player-selected location: (92, 64)
2026-01-02 15:00:14 - MyKingdom - INFO - Generating starting region (biome: boreal_forest)...
2026-01-02 15:00:14 - MyKingdom - INFO - Generating region from world tile (92, 64)...
2026-01-02 15:00:14 - MyKingdom - INFO -   Biome: boreal_forest, Elevation: 0.38
2026-01-02 15:00:14 - MyKingdom - INFO - Generating local playable map...
2026-01-02 15:00:14 - MyKingdom - INFO - Generating local map from region chunk (40, 40)...
2026-01-02 15:00:14 - MyKingdom - INFO -   Chunk analysis: Biome=boreal_forest, Avg Elev=0.42
2026-01-02 15:00:14 - MyKingdom - INFO - Local map generated successfully
2026-01-02 15:00:14 - MyKingdom - INFO - Renderer biome set to: boreal_forest
2026-01-02 15:00:14 - MyKingdom - INFO - Creating starting citizens...
2026-01-02 15:00:14 - MyKingdom - INFO - Created citizen: Aelric Thornberry (ID: 1)
2026-01-02 15:00:14 - MyKingdom - INFO - Created citizen: Aelric Underhill (ID: 2)
2026-01-02 15:00:14 - MyKingdom - INFO - Created citizen: Zara Quickstep (ID: 3)
2026-01-02 15:00:14 - MyKingdom - INFO - Created citizen: Kael Silverstream (ID: 4)
2026-01-02 15:00:14 - MyKingdom - INFO - Created citizen: Greta Nightshade (ID: 5)
2026-01-02 15:00:15 - MyKingdom - INFO - Game saved successfully: saves\123.sav.gz
2026-01-02 15:00:15 - MyKingdom - INFO - Game saved: 123
2026-01-02 15:00:15 - MyKingdom - INFO - === NEW GAME STARTED SUCCESSFULLY ===
2026-01-02 15:00:15 - MyKingdom - INFO - Game initialized successfully
2026-01-02 15:00:32 - MyKingdom - INFO - Quit event received from game
2026-01-02 15:00:32 - MyKingdom - INFO - ============================================================
2026-01-02 15:00:32 - MyKingdom - INFO - MY KINGDOM - Shutting Down
2026-01-02 15:00:32 - MyKingdom - INFO - ============================================================
