2026-01-02 16:50:05 - MyKingdom - INFO - ============================================================
2026-01-02 16:50:05 - MyKingdom - INFO - Game Logger Initialized
2026-01-02 16:50:05 - MyKingdom - INFO - Log file: C:\Users\Chris Mork\Desktop\My-KingdomVersion 3\Logs\game_20260102_165005.log
2026-01-02 16:50:05 - MyKingdom - INFO - ============================================================
2026-01-02 16:50:06 - MyKingdom - INFO - ============================================================
2026-01-02 16:50:06 - MyKingdom - INFO - MY KINGDOM - Starting Application
2026-01-02 16:50:06 - MyKingdom - INFO - ============================================================
2026-01-02 16:50:06 - MyKingdom - INFO - Pygame initialized
2026-01-02 16:50:06 - MyKingdom - INFO - Window created: 1280x720
2026-01-02 16:50:06 - MyKingdom - INFO - Application initialization complete
2026-01-02 16:50:06 - MyKingdom - INFO - Starting main application loop
2026-01-02 16:50:06 - MyKingdom - INFO - Entering MENU state
2026-01-02 16:50:06 - MyKingdom - INFO - AI-generated menu background loaded successfully
2026-01-02 16:50:06 - MyKingdom - INFO - Music settings loaded: enabled=True, volume=0.53
2026-01-02 16:50:06 - MyKingdom - INFO - Music manager initialized
2026-01-02 16:50:06 - MyKingdom - INFO - Playing music: menu
2026-01-02 16:50:06 - MyKingdom - INFO - Main menu initialized
2026-01-02 16:50:10 - MyKingdom - INFO - New Game button clicked
2026-01-02 16:50:12 - MyKingdom - INFO - Starting new game: 123
2026-01-02 16:50:12 - MyKingdom - INFO - Starting new game: 123
2026-01-02 16:50:12 - MyKingdom - INFO - Entering PLAYING state
2026-01-02 16:50:12 - MyKingdom - INFO - Initializing new GameState system...
2026-01-02 16:50:12 - MyKingdom - INFO - Cozy renderer initialized with tile size: 32
2026-01-02 16:50:12 - MyKingdom - INFO - Save system initialized. Save directory: C:\Users\Chris Mork\Desktop\My-KingdomVersion 3\saves
2026-01-02 16:50:12 - MyKingdom - INFO - Game state initialized
2026-01-02 16:50:12 - MyKingdom - INFO - Tiered World Generator initialized with seed: 944497
2026-01-02 16:50:12 - MyKingdom - INFO - Generating world map: 150x150...
2026-01-02 16:50:14 - MyKingdom - INFO - World generation complete!
2026-01-02 16:50:14 - MyKingdom - INFO - Biome distribution:
2026-01-02 16:50:14 - MyKingdom - INFO -   tundra: 10675 tiles (47.4%)
2026-01-02 16:50:14 - MyKingdom - INFO -   temperate_forest: 6079 tiles (27.0%)
2026-01-02 16:50:14 - MyKingdom - INFO -   boreal_forest: 5459 tiles (24.3%)
2026-01-02 16:50:14 - MyKingdom - INFO -   grassland: 246 tiles (1.1%)
2026-01-02 16:50:14 - MyKingdom - INFO -   tropical_rainforest: 41 tiles (0.2%)
2026-01-02 16:50:14 - MyKingdom - INFO - Multi-stage world selection screen initialized
2026-01-02 16:50:19 - MyKingdom - INFO - Generating region preview for world tile boreal_forest...
2026-01-02 16:50:19 - MyKingdom - INFO - Generating region from world tile (65, 65)...
2026-01-02 16:50:19 - MyKingdom - INFO -   Biome: boreal_forest, Elevation: 0.65
2026-01-02 16:50:19 - MyKingdom - INFO - Advanced to REGION view for world tile (65, 65)
2026-01-02 16:50:25 - MyKingdom - INFO - Generating local preview from region tile (32, 43)...
2026-01-02 16:50:25 - MyKingdom - INFO - Generating local map from region chunk (32, 43)...
2026-01-02 16:50:25 - MyKingdom - INFO -   Chunk analysis: Biome=boreal_forest, Avg Elev=0.63
2026-01-02 16:50:25 - MyKingdom - INFO - Placed resource nodes on local map
2026-01-02 16:50:25 - MyKingdom - INFO - Local map generated successfully
2026-01-02 16:50:25 - MyKingdom - INFO - Advanced to LOCAL view
2026-01-02 16:50:25 - MyKingdom - INFO - Cozy renderer initialized with tile size: 32
2026-01-02 16:50:25 - MyKingdom - INFO - Renderer biome set to: boreal_forest
2026-01-02 16:50:25 - MyKingdom - INFO - Cozy renderer initialized with tile size: 32
2026-01-02 16:50:25 - MyKingdom - INFO - Renderer biome set to: boreal_forest
2026-01-02 16:50:25 - MyKingdom - INFO - Cozy renderer initialized with tile size: 32
2026-01-02 16:50:25 - MyKingdom - INFO - Renderer biome set to: boreal_forest
2026-01-02 16:50:25 - MyKingdom - INFO - Cozy renderer initialized with tile size: 32
2026-01-02 16:50:25 - MyKingdom - INFO - Renderer biome set to: boreal_forest
2026-01-02 16:50:25 - MyKingdom - INFO - Cozy renderer initialized with tile size: 32
2026-01-02 16:50:25 - MyKingdom - INFO - Renderer biome set to: boreal_forest
2026-01-02 16:50:25 - MyKingdom - INFO - Cozy renderer initialized with tile size: 32
2026-01-02 16:50:25 - MyKingdom - INFO - Renderer biome set to: boreal_forest
2026-01-02 16:50:25 - MyKingdom - INFO - Cozy renderer initialized with tile size: 32
2026-01-02 16:50:25 - MyKingdom - INFO - Renderer biome set to: boreal_forest
2026-01-02 16:50:25 - MyKingdom - INFO - Cozy renderer initialized with tile size: 32
2026-01-02 16:50:25 - MyKingdom - INFO - Renderer biome set to: boreal_forest
2026-01-02 16:50:25 - MyKingdom - INFO - Cozy renderer initialized with tile size: 32
2026-01-02 16:50:25 - MyKingdom - INFO - Renderer biome set to: boreal_forest
2026-01-02 16:50:25 - MyKingdom - INFO - Cozy renderer initialized with tile size: 32
2026-01-02 16:50:25 - MyKingdom - INFO - Renderer biome set to: boreal_forest
2026-01-02 16:50:25 - MyKingdom - INFO - Cozy renderer initialized with tile size: 32
2026-01-02 16:50:25 - MyKingdom - INFO - Renderer biome set to: boreal_forest
2026-01-02 16:50:25 - MyKingdom - INFO - Cozy renderer initialized with tile size: 32
2026-01-02 16:50:25 - MyKingdom - INFO - Renderer biome set to: boreal_forest
2026-01-02 16:50:25 - MyKingdom - INFO - Cozy renderer initialized with tile size: 32
2026-01-02 16:50:25 - MyKingdom - INFO - Renderer biome set to: boreal_forest
2026-01-02 16:50:25 - MyKingdom - INFO - Cozy renderer initialized with tile size: 32
2026-01-02 16:50:25 - MyKingdom - INFO - Renderer biome set to: boreal_forest
2026-01-02 16:50:25 - MyKingdom - INFO - Cozy renderer initialized with tile size: 32
2026-01-02 16:50:25 - MyKingdom - INFO - Renderer biome set to: boreal_forest
2026-01-02 16:50:25 - MyKingdom - INFO - Cozy renderer initialized with tile size: 32
2026-01-02 16:50:25 - MyKingdom - INFO - Renderer biome set to: boreal_forest
2026-01-02 16:50:25 - MyKingdom - INFO - Cozy renderer initialized with tile size: 32
2026-01-02 16:50:25 - MyKingdom - INFO - Renderer biome set to: boreal_forest
2026-01-02 16:50:26 - MyKingdom - INFO - Cozy renderer initialized with tile size: 32
2026-01-02 16:50:26 - MyKingdom - INFO - Renderer biome set to: boreal_forest
2026-01-02 16:50:26 - MyKingdom - INFO - Cozy renderer initialized with tile size: 32
2026-01-02 16:50:26 - MyKingdom - INFO - Renderer biome set to: boreal_forest
2026-01-02 16:50:26 - MyKingdom - INFO - Cozy renderer initialized with tile size: 32
2026-01-02 16:50:26 - MyKingdom - INFO - Renderer biome set to: boreal_forest
2026-01-02 16:50:26 - MyKingdom - INFO - Cozy renderer initialized with tile size: 32
2026-01-02 16:50:26 - MyKingdom - INFO - Renderer biome set to: boreal_forest
2026-01-02 16:50:26 - MyKingdom - INFO - Cozy renderer initialized with tile size: 32
2026-01-02 16:50:26 - MyKingdom - INFO - Renderer biome set to: boreal_forest
2026-01-02 16:50:26 - MyKingdom - INFO - Cozy renderer initialized with tile size: 32
2026-01-02 16:50:26 - MyKingdom - INFO - Renderer biome set to: boreal_forest
2026-01-02 16:50:26 - MyKingdom - INFO - Cozy renderer initialized with tile size: 32
2026-01-02 16:50:26 - MyKingdom - INFO - Renderer biome set to: boreal_forest
2026-01-02 16:50:26 - MyKingdom - INFO - Cozy renderer initialized with tile size: 32
2026-01-02 16:50:26 - MyKingdom - INFO - Renderer biome set to: boreal_forest
2026-01-02 16:50:26 - MyKingdom - INFO - Cozy renderer initialized with tile size: 32
2026-01-02 16:50:26 - MyKingdom - INFO - Renderer biome set to: boreal_forest
2026-01-02 16:50:26 - MyKingdom - INFO - Cozy renderer initialized with tile size: 32
2026-01-02 16:50:26 - MyKingdom - INFO - Renderer biome set to: boreal_forest
2026-01-02 16:50:26 - MyKingdom - INFO - Cozy renderer initialized with tile size: 32
2026-01-02 16:50:26 - MyKingdom - INFO - Renderer biome set to: boreal_forest
2026-01-02 16:50:26 - MyKingdom - INFO - Cozy renderer initialized with tile size: 32
2026-01-02 16:50:26 - MyKingdom - INFO - Renderer biome set to: boreal_forest
2026-01-02 16:50:26 - MyKingdom - INFO - Cozy renderer initialized with tile size: 32
2026-01-02 16:50:26 - MyKingdom - INFO - Renderer biome set to: boreal_forest
2026-01-02 16:50:26 - MyKingdom - INFO - Cozy renderer initialized with tile size: 32
2026-01-02 16:50:26 - MyKingdom - INFO - Renderer biome set to: boreal_forest
2026-01-02 16:50:26 - MyKingdom - INFO - Cozy renderer initialized with tile size: 32
2026-01-02 16:50:26 - MyKingdom - INFO - Renderer biome set to: boreal_forest
2026-01-02 16:50:26 - MyKingdom - INFO - Cozy renderer initialized with tile size: 32
2026-01-02 16:50:26 - MyKingdom - INFO - Renderer biome set to: boreal_forest
2026-01-02 16:50:26 - MyKingdom - INFO - Cozy renderer initialized with tile size: 32
2026-01-02 16:50:26 - MyKingdom - INFO - Renderer biome set to: boreal_forest
2026-01-02 16:50:26 - MyKingdom - INFO - Cozy renderer initialized with tile size: 32
2026-01-02 16:50:26 - MyKingdom - INFO - Renderer biome set to: boreal_forest
2026-01-02 16:50:26 - MyKingdom - INFO - Cozy renderer initialized with tile size: 32
2026-01-02 16:50:26 - MyKingdom - INFO - Renderer biome set to: boreal_forest
2026-01-02 16:50:26 - MyKingdom - INFO - Cozy renderer initialized with tile size: 32
2026-01-02 16:50:26 - MyKingdom - INFO - Renderer biome set to: boreal_forest
2026-01-02 16:50:26 - MyKingdom - INFO - Cozy renderer initialized with tile size: 32
2026-01-02 16:50:26 - MyKingdom - INFO - Renderer biome set to: boreal_forest
2026-01-02 16:50:26 - MyKingdom - INFO - Cozy renderer initialized with tile size: 32
2026-01-02 16:50:26 - MyKingdom - INFO - Renderer biome set to: boreal_forest
2026-01-02 16:50:26 - MyKingdom - INFO - Cozy renderer initialized with tile size: 32
2026-01-02 16:50:26 - MyKingdom - INFO - Renderer biome set to: boreal_forest
2026-01-02 16:50:26 - MyKingdom - INFO - Cozy renderer initialized with tile size: 32
2026-01-02 16:50:26 - MyKingdom - INFO - Renderer biome set to: boreal_forest
2026-01-02 16:50:26 - MyKingdom - INFO - Cozy renderer initialized with tile size: 32
2026-01-02 16:50:26 - MyKingdom - INFO - Renderer biome set to: boreal_forest
2026-01-02 16:50:26 - MyKingdom - INFO - Cozy renderer initialized with tile size: 32
2026-01-02 16:50:26 - MyKingdom - INFO - Renderer biome set to: boreal_forest
2026-01-02 16:50:26 - MyKingdom - INFO - Cozy renderer initialized with tile size: 32
2026-01-02 16:50:26 - MyKingdom - INFO - Renderer biome set to: boreal_forest
2026-01-02 16:50:26 - MyKingdom - INFO - Cozy renderer initialized with tile size: 32
2026-01-02 16:50:26 - MyKingdom - INFO - Renderer biome set to: boreal_forest
2026-01-02 16:50:26 - MyKingdom - INFO - Cozy renderer initialized with tile size: 32
2026-01-02 16:50:26 - MyKingdom - INFO - Renderer biome set to: boreal_forest
2026-01-02 16:50:26 - MyKingdom - INFO - Cozy renderer initialized with tile size: 32
2026-01-02 16:50:26 - MyKingdom - INFO - Renderer biome set to: boreal_forest
2026-01-02 16:50:26 - MyKingdom - INFO - Cozy renderer initialized with tile size: 32
2026-01-02 16:50:26 - MyKingdom - INFO - Renderer biome set to: boreal_forest
2026-01-02 16:50:26 - MyKingdom - INFO - Cozy renderer initialized with tile size: 32
2026-01-02 16:50:26 - MyKingdom - INFO - Renderer biome set to: boreal_forest
2026-01-02 16:50:26 - MyKingdom - INFO - Cozy renderer initialized with tile size: 32
2026-01-02 16:50:26 - MyKingdom - INFO - Renderer biome set to: boreal_forest
2026-01-02 16:50:26 - MyKingdom - INFO - Cozy renderer initialized with tile size: 32
2026-01-02 16:50:26 - MyKingdom - INFO - Renderer biome set to: boreal_forest
2026-01-02 16:50:26 - MyKingdom - INFO - Cozy renderer initialized with tile size: 32
2026-01-02 16:50:26 - MyKingdom - INFO - Renderer biome set to: boreal_forest
2026-01-02 16:50:26 - MyKingdom - INFO - Cozy renderer initialized with tile size: 32
2026-01-02 16:50:26 - MyKingdom - INFO - Renderer biome set to: boreal_forest
2026-01-02 16:50:26 - MyKingdom - INFO - Cozy renderer initialized with tile size: 32
2026-01-02 16:50:26 - MyKingdom - INFO - Renderer biome set to: boreal_forest
2026-01-02 16:50:26 - MyKingdom - INFO - Cozy renderer initialized with tile size: 32
2026-01-02 16:50:26 - MyKingdom - INFO - Renderer biome set to: boreal_forest
2026-01-02 16:50:26 - MyKingdom - INFO - Cozy renderer initialized with tile size: 32
2026-01-02 16:50:26 - MyKingdom - INFO - Renderer biome set to: boreal_forest
2026-01-02 16:50:26 - MyKingdom - INFO - Cozy renderer initialized with tile size: 32
2026-01-02 16:50:26 - MyKingdom - INFO - Renderer biome set to: boreal_forest
2026-01-02 16:50:26 - MyKingdom - INFO - Cozy renderer initialized with tile size: 32
2026-01-02 16:50:26 - MyKingdom - INFO - Renderer biome set to: boreal_forest
2026-01-02 16:50:26 - MyKingdom - INFO - Cozy renderer initialized with tile size: 32
2026-01-02 16:50:26 - MyKingdom - INFO - Renderer biome set to: boreal_forest
2026-01-02 16:50:26 - MyKingdom - INFO - Cozy renderer initialized with tile size: 32
2026-01-02 16:50:26 - MyKingdom - INFO - Renderer biome set to: boreal_forest
2026-01-02 16:50:26 - MyKingdom - INFO - Cozy renderer initialized with tile size: 32
2026-01-02 16:50:26 - MyKingdom - INFO - Renderer biome set to: boreal_forest
2026-01-02 16:50:26 - MyKingdom - INFO - Cozy renderer initialized with tile size: 32
2026-01-02 16:50:26 - MyKingdom - INFO - Renderer biome set to: boreal_forest
2026-01-02 16:50:26 - MyKingdom - INFO - Cozy renderer initialized with tile size: 32
2026-01-02 16:50:26 - MyKingdom - INFO - Renderer biome set to: boreal_forest
2026-01-02 16:50:26 - MyKingdom - INFO - Cozy renderer initialized with tile size: 32
2026-01-02 16:50:26 - MyKingdom - INFO - Renderer biome set to: boreal_forest
2026-01-02 16:50:26 - MyKingdom - INFO - Cozy renderer initialized with tile size: 32
2026-01-02 16:50:26 - MyKingdom - INFO - Renderer biome set to: boreal_forest
2026-01-02 16:50:26 - MyKingdom - INFO - Cozy renderer initialized with tile size: 32
2026-01-02 16:50:26 - MyKingdom - INFO - Renderer biome set to: boreal_forest
2026-01-02 16:50:26 - MyKingdom - INFO - Cozy renderer initialized with tile size: 32
2026-01-02 16:50:26 - MyKingdom - INFO - Renderer biome set to: boreal_forest
2026-01-02 16:50:27 - MyKingdom - INFO - Cozy renderer initialized with tile size: 32
2026-01-02 16:50:27 - MyKingdom - INFO - Renderer biome set to: boreal_forest
2026-01-02 16:50:27 - MyKingdom - INFO - Cozy renderer initialized with tile size: 32
2026-01-02 16:50:27 - MyKingdom - INFO - Renderer biome set to: boreal_forest
2026-01-02 16:50:27 - MyKingdom - INFO - Cozy renderer initialized with tile size: 32
2026-01-02 16:50:27 - MyKingdom - INFO - Renderer biome set to: boreal_forest
2026-01-02 16:50:27 - MyKingdom - INFO - Cozy renderer initialized with tile size: 32
2026-01-02 16:50:27 - MyKingdom - INFO - Renderer biome set to: boreal_forest
2026-01-02 16:50:27 - MyKingdom - INFO - Cozy renderer initialized with tile size: 32
2026-01-02 16:50:27 - MyKingdom - INFO - Renderer biome set to: boreal_forest
2026-01-02 16:50:27 - MyKingdom - INFO - Cozy renderer initialized with tile size: 32
2026-01-02 16:50:27 - MyKingdom - INFO - Renderer biome set to: boreal_forest
2026-01-02 16:50:27 - MyKingdom - INFO - Cozy renderer initialized with tile size: 32
2026-01-02 16:50:27 - MyKingdom - INFO - Renderer biome set to: boreal_forest
2026-01-02 16:50:27 - MyKingdom - INFO - Cozy renderer initialized with tile size: 32
2026-01-02 16:50:27 - MyKingdom - INFO - Renderer biome set to: boreal_forest
2026-01-02 16:50:27 - MyKingdom - INFO - Cozy renderer initialized with tile size: 32
2026-01-02 16:50:27 - MyKingdom - INFO - Renderer biome set to: boreal_forest
2026-01-02 16:50:27 - MyKingdom - INFO - Cozy renderer initialized with tile size: 32
2026-01-02 16:50:27 - MyKingdom - INFO - Renderer biome set to: boreal_forest
2026-01-02 16:50:27 - MyKingdom - INFO - Cozy renderer initialized with tile size: 32
2026-01-02 16:50:27 - MyKingdom - INFO - Renderer biome set to: boreal_forest
2026-01-02 16:50:27 - MyKingdom - INFO - Cozy renderer initialized with tile size: 32
2026-01-02 16:50:27 - MyKingdom - INFO - Renderer biome set to: boreal_forest
2026-01-02 16:50:27 - MyKingdom - INFO - Cozy renderer initialized with tile size: 32
2026-01-02 16:50:27 - MyKingdom - INFO - Renderer biome set to: boreal_forest
2026-01-02 16:50:27 - MyKingdom - INFO - Cozy renderer initialized with tile size: 32
2026-01-02 16:50:27 - MyKingdom - INFO - Renderer biome set to: boreal_forest
2026-01-02 16:50:27 - MyKingdom - INFO - Cozy renderer initialized with tile size: 32
2026-01-02 16:50:27 - MyKingdom - INFO - Renderer biome set to: boreal_forest
2026-01-02 16:50:27 - MyKingdom - INFO - Cozy renderer initialized with tile size: 32
2026-01-02 16:50:27 - MyKingdom - INFO - Renderer biome set to: boreal_forest
2026-01-02 16:50:27 - MyKingdom - INFO - Cozy renderer initialized with tile size: 32
2026-01-02 16:50:27 - MyKingdom - INFO - Renderer biome set to: boreal_forest
2026-01-02 16:50:27 - MyKingdom - INFO - Cozy renderer initialized with tile size: 32
2026-01-02 16:50:27 - MyKingdom - INFO - Renderer biome set to: boreal_forest
2026-01-02 16:50:27 - MyKingdom - INFO - Cozy renderer initialized with tile size: 32
2026-01-02 16:50:27 - MyKingdom - INFO - Renderer biome set to: boreal_forest
2026-01-02 16:50:27 - MyKingdom - INFO - Cozy renderer initialized with tile size: 32
2026-01-02 16:50:27 - MyKingdom - INFO - Renderer biome set to: boreal_forest
2026-01-02 16:50:27 - MyKingdom - INFO - Cozy renderer initialized with tile size: 32
2026-01-02 16:50:27 - MyKingdom - INFO - Renderer biome set to: boreal_forest
2026-01-02 16:50:27 - MyKingdom - INFO - Cozy renderer initialized with tile size: 32
2026-01-02 16:50:27 - MyKingdom - INFO - Renderer biome set to: boreal_forest
2026-01-02 16:50:27 - MyKingdom - INFO - Cozy renderer initialized with tile size: 32
2026-01-02 16:50:27 - MyKingdom - INFO - Renderer biome set to: boreal_forest
2026-01-02 16:50:27 - MyKingdom - INFO - Cozy renderer initialized with tile size: 32
2026-01-02 16:50:27 - MyKingdom - INFO - Renderer biome set to: boreal_forest
2026-01-02 16:50:27 - MyKingdom - INFO - Cozy renderer initialized with tile size: 32
2026-01-02 16:50:27 - MyKingdom - INFO - Renderer biome set to: boreal_forest
2026-01-02 16:50:27 - MyKingdom - INFO - Cozy renderer initialized with tile size: 32
2026-01-02 16:50:27 - MyKingdom - INFO - Renderer biome set to: boreal_forest
2026-01-02 16:50:27 - MyKingdom - INFO - Cozy renderer initialized with tile size: 32
2026-01-02 16:50:27 - MyKingdom - INFO - Renderer biome set to: boreal_forest
2026-01-02 16:50:27 - MyKingdom - INFO - Cozy renderer initialized with tile size: 32
2026-01-02 16:50:27 - MyKingdom - INFO - Renderer biome set to: boreal_forest
2026-01-02 16:50:27 - MyKingdom - INFO - Cozy renderer initialized with tile size: 32
2026-01-02 16:50:27 - MyKingdom - INFO - Renderer biome set to: boreal_forest
2026-01-02 16:50:27 - MyKingdom - INFO - Cozy renderer initialized with tile size: 32
2026-01-02 16:50:27 - MyKingdom - INFO - Renderer biome set to: boreal_forest
2026-01-02 16:50:27 - MyKingdom - INFO - Cozy renderer initialized with tile size: 32
2026-01-02 16:50:27 - MyKingdom - INFO - Renderer biome set to: boreal_forest
2026-01-02 16:50:27 - MyKingdom - INFO - Cozy renderer initialized with tile size: 32
2026-01-02 16:50:27 - MyKingdom - INFO - Renderer biome set to: boreal_forest
2026-01-02 16:50:27 - MyKingdom - INFO - Cozy renderer initialized with tile size: 32
2026-01-02 16:50:27 - MyKingdom - INFO - Renderer biome set to: boreal_forest
2026-01-02 16:50:27 - MyKingdom - INFO - Cozy renderer initialized with tile size: 32
2026-01-02 16:50:27 - MyKingdom - INFO - Renderer biome set to: boreal_forest
2026-01-02 16:50:27 - MyKingdom - INFO - Cozy renderer initialized with tile size: 32
2026-01-02 16:50:27 - MyKingdom - INFO - Renderer biome set to: boreal_forest
2026-01-02 16:50:27 - MyKingdom - INFO - Cozy renderer initialized with tile size: 32
2026-01-02 16:50:27 - MyKingdom - INFO - Renderer biome set to: boreal_forest
2026-01-02 16:50:27 - MyKingdom - INFO - Cozy renderer initialized with tile size: 32
2026-01-02 16:50:27 - MyKingdom - INFO - Renderer biome set to: boreal_forest
2026-01-02 16:50:27 - MyKingdom - INFO - Cozy renderer initialized with tile size: 32
2026-01-02 16:50:27 - MyKingdom - INFO - Renderer biome set to: boreal_forest
2026-01-02 16:50:27 - MyKingdom - INFO - Cozy renderer initialized with tile size: 32
2026-01-02 16:50:27 - MyKingdom - INFO - Renderer biome set to: boreal_forest
2026-01-02 16:50:27 - MyKingdom - INFO - Cozy renderer initialized with tile size: 32
2026-01-02 16:50:27 - MyKingdom - INFO - Renderer biome set to: boreal_forest
2026-01-02 16:50:27 - MyKingdom - INFO - Cozy renderer initialized with tile size: 32
2026-01-02 16:50:27 - MyKingdom - INFO - Renderer biome set to: boreal_forest
2026-01-02 16:50:27 - MyKingdom - INFO - Cozy renderer initialized with tile size: 32
2026-01-02 16:50:27 - MyKingdom - INFO - Renderer biome set to: boreal_forest
2026-01-02 16:50:27 - MyKingdom - INFO - Cozy renderer initialized with tile size: 32
2026-01-02 16:50:27 - MyKingdom - INFO - Renderer biome set to: boreal_forest
2026-01-02 16:50:27 - MyKingdom - INFO - Cozy renderer initialized with tile size: 32
2026-01-02 16:50:27 - MyKingdom - INFO - Renderer biome set to: boreal_forest
2026-01-02 16:50:27 - MyKingdom - INFO - Cozy renderer initialized with tile size: 32
2026-01-02 16:50:27 - MyKingdom - INFO - Renderer biome set to: boreal_forest
2026-01-02 16:50:27 - MyKingdom - INFO - Cozy renderer initialized with tile size: 32
2026-01-02 16:50:27 - MyKingdom - INFO - Renderer biome set to: boreal_forest
2026-01-02 16:50:27 - MyKingdom - INFO - Cozy renderer initialized with tile size: 32
2026-01-02 16:50:27 - MyKingdom - INFO - Renderer biome set to: boreal_forest
2026-01-02 16:50:27 - MyKingdom - INFO - Cozy renderer initialized with tile size: 32
2026-01-02 16:50:27 - MyKingdom - INFO - Renderer biome set to: boreal_forest
2026-01-02 16:50:27 - MyKingdom - INFO - Location confirmed!
2026-01-02 16:50:27 - MyKingdom - INFO - Cozy renderer initialized with tile size: 32
2026-01-02 16:50:27 - MyKingdom - INFO - Renderer biome set to: boreal_forest
2026-01-02 16:50:27 - MyKingdom - INFO - === STARTING NEW GAME: 123 ===
2026-01-02 16:50:27 - MyKingdom - INFO - Using pre-generated world and tiles from selection screen
2026-01-02 16:50:27 - MyKingdom - INFO - Using player-selected location: (65, 65)
2026-01-02 16:50:27 - MyKingdom - INFO - Using pre-generated region tiles from preview
2026-01-02 16:50:27 - MyKingdom - INFO - Using selected region coordinates: (32, 43)
2026-01-02 16:50:27 - MyKingdom - INFO - Using pre-generated local tiles from preview - terrain will match preview!
2026-01-02 16:50:27 - MyKingdom - INFO - Renderer biome set to: boreal_forest
2026-01-02 16:50:27 - MyKingdom - INFO - Creating starting citizens...
2026-01-02 16:50:27 - MyKingdom - INFO - Created citizen: Vale Fairwind (ID: 1)
2026-01-02 16:50:27 - MyKingdom - INFO - Created citizen: Yara Clearwater (ID: 2)
2026-01-02 16:50:27 - MyKingdom - INFO - Created citizen: Lysa Kindler (ID: 3)
2026-01-02 16:50:27 - MyKingdom - INFO - Created citizen: Mira Quickstep (ID: 4)
2026-01-02 16:50:27 - MyKingdom - INFO - Created citizen: Cedric Evergreen (ID: 5)
2026-01-02 16:50:27 - MyKingdom - INFO - Collecting resource nodes from world...
2026-01-02 16:50:27 - MyKingdom - INFO - Collected 1101 resource nodes from world
2026-01-02 16:50:27 - MyKingdom - INFO - Spawning wagon stockpile...
2026-01-02 16:50:27 - MyKingdom - INFO - Spawned wagon stockpile at (50, 50)
2026-01-02 16:50:28 - MyKingdom - INFO - Game saved successfully: saves\123.sav.gz
2026-01-02 16:50:28 - MyKingdom - INFO - Game saved: 123
2026-01-02 16:50:28 - MyKingdom - INFO - === NEW GAME STARTED SUCCESSFULLY ===
2026-01-02 16:50:28 - MyKingdom - INFO - Game initialized successfully
2026-01-02 16:50:29 - MyKingdom - INFO - Playing music: gameplay
2026-01-02 16:50:46 - MyKingdom - INFO - Switched to REGION view
2026-01-02 16:50:47 - MyKingdom - INFO - Switched to LOCAL view - building enabled
2026-01-02 16:50:48 - MyKingdom - INFO - Switched to WORLD view
2026-01-02 16:50:49 - MyKingdom - INFO - Switched to REGION view
2026-01-02 16:50:49 - MyKingdom - INFO - Switched to WORLD view
2026-01-02 16:50:50 - MyKingdom - INFO - Switched to REGION view
2026-01-02 16:50:50 - MyKingdom - INFO - Switched to LOCAL view - building enabled
2026-01-02 16:50:52 - MyKingdom - INFO - Building mode toggled: ON
2026-01-02 16:50:55 - MyKingdom - INFO - Selected: House
2026-01-02 16:50:56 - MyKingdom - WARNING - Cannot place house at (54, 45)
2026-01-02 16:50:56 - MyKingdom - WARNING - Cannot place house at (54, 45)
2026-01-02 16:50:57 - MyKingdom - WARNING - Cannot place house at (54, 45)
2026-01-02 16:50:57 - MyKingdom - WARNING - Cannot place house at (54, 45)
2026-01-02 16:51:00 - MyKingdom - INFO - Building mode toggled: OFF
2026-01-02 16:51:00 - MyKingdom - INFO - Building mode toggled: ON
2026-01-02 16:51:03 - MyKingdom - INFO - Selected: House
2026-01-02 16:51:04 - MyKingdom - INFO - Placed house at (52, 40), ID: 2
2026-01-02 16:51:04 - MyKingdom - INFO - Game saved successfully: saves\autosave_20260102_165104.sav.gz
2026-01-02 16:51:05 - MyKingdom - INFO - Found 15 save files
2026-01-02 16:51:05 - MyKingdom - INFO - Deleted save: saves\autosave_20260102_142155.sav.gz
2026-01-02 16:51:05 - MyKingdom - INFO - Cleaned up 1 old auto-saves
2026-01-02 16:51:05 - MyKingdom - INFO - Placed house at (52, 40)
2026-01-02 16:51:05 - MyKingdom - WARNING - Cannot place house at (51, 40)
2026-01-02 16:51:05 - MyKingdom - WARNING - Cannot place house at (51, 40)
2026-01-02 16:51:09 - MyKingdom - INFO - Placed house at (48, 40), ID: 3
2026-01-02 16:51:09 - MyKingdom - INFO - Game saved successfully: saves\autosave_20260102_165109.sav.gz
2026-01-02 16:51:10 - MyKingdom - INFO - Found 15 save files
2026-01-02 16:51:10 - MyKingdom - INFO - Deleted save: saves\autosave_20260102_151946.sav.gz
2026-01-02 16:51:10 - MyKingdom - INFO - Cleaned up 1 old auto-saves
2026-01-02 16:51:10 - MyKingdom - INFO - Placed house at (48, 40)
2026-01-02 16:51:10 - MyKingdom - WARNING - Cannot place house at (48, 40)
2026-01-02 16:51:10 - MyKingdom - WARNING - Cannot place house at (48, 40)
2026-01-02 16:51:13 - MyKingdom - INFO - Placed house at (48, 44), ID: 4
2026-01-02 16:51:13 - MyKingdom - INFO - Game saved successfully: saves\autosave_20260102_165113.sav.gz
2026-01-02 16:51:14 - MyKingdom - INFO - Found 15 save files
2026-01-02 16:51:14 - MyKingdom - INFO - Deleted save: saves\autosave_20260102_152050.sav.gz
2026-01-02 16:51:14 - MyKingdom - INFO - Cleaned up 1 old auto-saves
2026-01-02 16:51:14 - MyKingdom - INFO - Placed house at (48, 44)
2026-01-02 16:51:14 - MyKingdom - WARNING - Cannot place house at (48, 44)
2026-01-02 16:51:14 - MyKingdom - WARNING - Cannot place house at (48, 44)
2026-01-02 16:51:14 - MyKingdom - WARNING - Cannot place house at (48, 44)
2026-01-02 16:51:14 - MyKingdom - WARNING - Cannot place house at (48, 44)
2026-01-02 16:51:14 - MyKingdom - WARNING - Cannot place house at (48, 44)
2026-01-02 16:51:14 - MyKingdom - WARNING - Cannot place house at (48, 44)
2026-01-02 16:51:15 - MyKingdom - INFO - Placed house at (52, 44), ID: 5
2026-01-02 16:51:16 - MyKingdom - INFO - Game saved successfully: saves\autosave_20260102_165115.sav.gz
2026-01-02 16:51:16 - MyKingdom - INFO - Found 15 save files
2026-01-02 16:51:16 - MyKingdom - INFO - Deleted save: saves\autosave_20260102_152111.sav.gz
2026-01-02 16:51:16 - MyKingdom - INFO - Cleaned up 1 old auto-saves
2026-01-02 16:51:16 - MyKingdom - INFO - Placed house at (52, 44)
2026-01-02 16:51:16 - MyKingdom - WARNING - Cannot place house at (52, 44)
2026-01-02 16:51:16 - MyKingdom - WARNING - Cannot place house at (52, 44)
2026-01-02 16:51:16 - MyKingdom - WARNING - Cannot place house at (52, 44)
2026-01-02 16:51:16 - MyKingdom - WARNING - Cannot place house at (52, 44)
2026-01-02 16:51:25 - MyKingdom - INFO - Quit event received from game
2026-01-02 16:51:25 - MyKingdom - INFO - ============================================================
2026-01-02 16:51:25 - MyKingdom - INFO - MY KINGDOM - Shutting Down
2026-01-02 16:51:25 - MyKingdom - INFO - ============================================================
