2026-01-02 15:48:31 - MyKingdom - INFO - ============================================================
2026-01-02 15:48:31 - MyKingdom - INFO - Game Logger Initialized
2026-01-02 15:48:31 - MyKingdom - INFO - Log file: C:\Users\Chris Mork\Desktop\My-KingdomVersion 3\Logs\game_20260102_154831.log
2026-01-02 15:48:31 - MyKingdom - INFO - ============================================================
2026-01-02 15:48:32 - MyKingdom - INFO - ============================================================
2026-01-02 15:48:32 - MyKingdom - INFO - MY KINGDOM - Starting Application
2026-01-02 15:48:32 - MyKingdom - INFO - ============================================================
2026-01-02 15:48:32 - MyKingdom - INFO - Pygame initialized
2026-01-02 15:48:32 - MyKingdom - INFO - Window created: 1280x720
2026-01-02 15:48:32 - MyKingdom - INFO - Application initialization complete
2026-01-02 15:48:32 - MyKingdom - INFO - Starting main application loop
2026-01-02 15:48:32 - MyKingdom - INFO - Entering MENU state
2026-01-02 15:48:32 - MyKingdom - INFO - AI-generated menu background loaded successfully
2026-01-02 15:48:32 - MyKingdom - INFO - Music settings loaded: enabled=True, volume=0.50
2026-01-02 15:48:32 - MyKingdom - INFO - Music manager initialized
2026-01-02 15:48:32 - MyKingdom - INFO - Playing music: menu
2026-01-02 15:48:32 - MyKingdom - INFO - Main menu initialized
2026-01-02 15:48:34 - MyKingdom - INFO - Settings button clicked
2026-01-02 15:48:34 - MyKingdom - INFO - Settings menu initialized
2026-01-02 15:48:44 - MyKingdom - INFO - Music settings saved
2026-01-02 15:48:44 - MyKingdom - INFO - Music volume set to 0.50
2026-01-02 15:48:44 - MyKingdom - INFO - Music settings saved
2026-01-02 15:48:44 - MyKingdom - INFO - Music volume set to 0.50
2026-01-02 15:48:44 - MyKingdom - INFO - Music settings saved
2026-01-02 15:48:44 - MyKingdom - INFO - Music volume set to 0.49
2026-01-02 15:48:44 - MyKingdom - INFO - Music settings saved
2026-01-02 15:48:44 - MyKingdom - INFO - Music volume set to 0.47
2026-01-02 15:48:44 - MyKingdom - INFO - Music settings saved
2026-01-02 15:48:44 - MyKingdom - INFO - Music volume set to 0.45
2026-01-02 15:48:44 - MyKingdom - INFO - Music settings saved
2026-01-02 15:48:44 - MyKingdom - INFO - Music volume set to 0.43
2026-01-02 15:48:44 - MyKingdom - INFO - Music settings saved
2026-01-02 15:48:44 - MyKingdom - INFO - Music volume set to 0.42
2026-01-02 15:48:44 - MyKingdom - INFO - Music settings saved
2026-01-02 15:48:44 - MyKingdom - INFO - Music volume set to 0.40
2026-01-02 15:48:44 - MyKingdom - INFO - Music settings saved
2026-01-02 15:48:44 - MyKingdom - INFO - Music volume set to 0.39
2026-01-02 15:48:44 - MyKingdom - INFO - Music settings saved
2026-01-02 15:48:44 - MyKingdom - INFO - Music volume set to 0.38
2026-01-02 15:48:44 - MyKingdom - INFO - Music settings saved
2026-01-02 15:48:44 - MyKingdom - INFO - Music volume set to 0.36
2026-01-02 15:48:44 - MyKingdom - INFO - Music settings saved
2026-01-02 15:48:44 - MyKingdom - INFO - Music volume set to 0.36
2026-01-02 15:48:44 - MyKingdom - INFO - Music settings saved
2026-01-02 15:48:44 - MyKingdom - INFO - Music volume set to 0.35
2026-01-02 15:48:44 - MyKingdom - INFO - Music settings saved
2026-01-02 15:48:44 - MyKingdom - INFO - Music volume set to 0.35
2026-01-02 15:48:44 - MyKingdom - INFO - Music settings saved
2026-01-02 15:48:44 - MyKingdom - INFO - Music volume set to 0.34
2026-01-02 15:48:44 - MyKingdom - INFO - Music settings saved
2026-01-02 15:48:44 - MyKingdom - INFO - Music volume set to 0.34
2026-01-02 15:48:44 - MyKingdom - INFO - Music settings saved
2026-01-02 15:48:44 - MyKingdom - INFO - Music volume set to 0.33
2026-01-02 15:48:44 - MyKingdom - INFO - Music settings saved
2026-01-02 15:48:44 - MyKingdom - INFO - Music volume set to 0.33
2026-01-02 15:48:44 - MyKingdom - INFO - Music settings saved
2026-01-02 15:48:44 - MyKingdom - INFO - Music volume set to 0.32
2026-01-02 15:48:44 - MyKingdom - INFO - Music settings saved
2026-01-02 15:48:44 - MyKingdom - INFO - Music volume set to 0.31
2026-01-02 15:48:44 - MyKingdom - INFO - Music settings saved
2026-01-02 15:48:44 - MyKingdom - INFO - Music volume set to 0.31
2026-01-02 15:48:44 - MyKingdom - INFO - Music settings saved
2026-01-02 15:48:44 - MyKingdom - INFO - Music volume set to 0.30
2026-01-02 15:48:44 - MyKingdom - INFO - Music settings saved
2026-01-02 15:48:44 - MyKingdom - INFO - Music volume set to 0.30
2026-01-02 15:48:44 - MyKingdom - INFO - Music settings saved
2026-01-02 15:48:44 - MyKingdom - INFO - Music volume set to 0.30
2026-01-02 15:48:44 - MyKingdom - INFO - Music settings saved
2026-01-02 15:48:44 - MyKingdom - INFO - Music volume set to 0.29
2026-01-02 15:48:44 - MyKingdom - INFO - Music settings saved
2026-01-02 15:48:44 - MyKingdom - INFO - Music volume set to 0.29
2026-01-02 15:48:44 - MyKingdom - INFO - Music settings saved
2026-01-02 15:48:44 - MyKingdom - INFO - Music volume set to 0.29
2026-01-02 15:48:44 - MyKingdom - INFO - Music settings saved
2026-01-02 15:48:44 - MyKingdom - INFO - Music volume set to 0.28
2026-01-02 15:48:44 - MyKingdom - INFO - Music settings saved
2026-01-02 15:48:44 - MyKingdom - INFO - Music volume set to 0.28
2026-01-02 15:48:44 - MyKingdom - INFO - Music settings saved
2026-01-02 15:48:44 - MyKingdom - INFO - Music volume set to 0.28
2026-01-02 15:48:44 - MyKingdom - INFO - Music settings saved
2026-01-02 15:48:44 - MyKingdom - INFO - Music volume set to 0.28
2026-01-02 15:48:45 - MyKingdom - INFO - Music settings saved
2026-01-02 15:48:45 - MyKingdom - INFO - Music volume set to 0.27
2026-01-02 15:48:45 - MyKingdom - INFO - Music settings saved
2026-01-02 15:48:45 - MyKingdom - INFO - Music volume set to 0.27
2026-01-02 15:48:45 - MyKingdom - INFO - Music settings saved
2026-01-02 15:48:45 - MyKingdom - INFO - Music volume set to 0.27
2026-01-02 15:48:45 - MyKingdom - INFO - Music settings saved
2026-01-02 15:48:45 - MyKingdom - INFO - Music volume set to 0.27
2026-01-02 15:48:45 - MyKingdom - INFO - Music settings saved
2026-01-02 15:48:45 - MyKingdom - INFO - Music volume set to 0.26
2026-01-02 15:48:45 - MyKingdom - INFO - Music settings saved
2026-01-02 15:48:45 - MyKingdom - INFO - Music volume set to 0.26
2026-01-02 15:48:46 - MyKingdom - INFO - Music settings saved
2026-01-02 15:48:46 - MyKingdom - INFO - Music volume set to 0.26
2026-01-02 15:48:46 - MyKingdom - INFO - Music settings saved
2026-01-02 15:48:46 - MyKingdom - INFO - Music volume set to 0.26
2026-01-02 15:48:46 - MyKingdom - INFO - Music settings saved
2026-01-02 15:48:46 - MyKingdom - INFO - Music volume set to 0.26
2026-01-02 15:48:46 - MyKingdom - INFO - Music settings saved
2026-01-02 15:48:46 - MyKingdom - INFO - Music volume set to 0.26
2026-01-02 15:48:46 - MyKingdom - INFO - Music settings saved
2026-01-02 15:48:46 - MyKingdom - INFO - Music volume set to 0.25
2026-01-02 15:48:46 - MyKingdom - INFO - Music settings saved
2026-01-02 15:48:46 - MyKingdom - INFO - Music volume set to 0.24
2026-01-02 15:48:46 - MyKingdom - INFO - Music settings saved
2026-01-02 15:48:46 - MyKingdom - INFO - Music volume set to 0.24
2026-01-02 15:48:46 - MyKingdom - INFO - Music settings saved
2026-01-02 15:48:46 - MyKingdom - INFO - Music volume set to 0.24
2026-01-02 15:48:46 - MyKingdom - INFO - Music settings saved
2026-01-02 15:48:46 - MyKingdom - INFO - Music volume set to 0.24
2026-01-02 15:48:46 - MyKingdom - INFO - Music settings saved
2026-01-02 15:48:46 - MyKingdom - INFO - Music volume set to 0.23
2026-01-02 15:48:47 - MyKingdom - INFO - Music settings saved
2026-01-02 15:48:47 - MyKingdom - INFO - Music volume set to 0.23
2026-01-02 15:48:47 - MyKingdom - INFO - Music settings saved
2026-01-02 15:48:47 - MyKingdom - INFO - Music volume set to 0.23
2026-01-02 15:48:47 - MyKingdom - INFO - Music settings saved
2026-01-02 15:48:47 - MyKingdom - INFO - Music volume set to 0.23
2026-01-02 15:48:47 - MyKingdom - INFO - Music settings saved
2026-01-02 15:48:47 - MyKingdom - INFO - Music volume set to 0.23
2026-01-02 15:48:47 - MyKingdom - INFO - Music settings saved
2026-01-02 15:48:47 - MyKingdom - INFO - Music volume set to 0.22
2026-01-02 15:48:47 - MyKingdom - INFO - Music settings saved
2026-01-02 15:48:47 - MyKingdom - INFO - Music volume set to 0.22
2026-01-02 15:48:47 - MyKingdom - INFO - Music settings saved
2026-01-02 15:48:47 - MyKingdom - INFO - Music volume set to 0.22
2026-01-02 15:48:48 - MyKingdom - INFO - Settings menu closed
2026-01-02 15:48:55 - MyKingdom - INFO - Load Game button clicked
2026-01-02 15:48:55 - MyKingdom - INFO - Save system initialized. Save directory: C:\Users\Chris Mork\Desktop\My-KingdomVersion 3\saves
2026-01-02 15:48:56 - MyKingdom - INFO - Found 14 save files
2026-01-02 15:48:58 - MyKingdom - INFO - Loading game: autosave_20260102_152252
2026-01-02 15:48:58 - MyKingdom - INFO - Loading game: autosave_20260102_152252
2026-01-02 15:48:58 - MyKingdom - INFO - Entering PLAYING state
2026-01-02 15:48:58 - MyKingdom - INFO - Initializing new GameState system...
2026-01-02 15:48:58 - MyKingdom - INFO - Cozy renderer initialized with tile size: 32
2026-01-02 15:48:58 - MyKingdom - INFO - Save system initialized. Save directory: C:\Users\Chris Mork\Desktop\My-KingdomVersion 3\saves
2026-01-02 15:48:58 - MyKingdom - INFO - Game state initialized
2026-01-02 15:48:58 - MyKingdom - INFO - Loaded compressed save: saves\autosave_20260102_152252.sav.gz
2026-01-02 15:48:58 - MyKingdom - INFO - Renderer biome set to: temperate_forest
2026-01-02 15:48:58 - MyKingdom - INFO - Restored world map: 150x150
