2025-12-31 14:49:54 - MyKingdom - INFO - ============================================================
2025-12-31 14:49:54 - MyKingdom - INFO - Game Logger Initialized
2025-12-31 14:49:54 - MyKingdom - INFO - Log file: C:\Users\Chris Mork\Desktop\My-KingdomVersion 3\Logs\game_20251231_144954.log
2025-12-31 14:49:54 - MyKingdom - INFO - ============================================================
2025-12-31 14:49:54 - MyKingdom - INFO - ============================================================
2025-12-31 14:49:54 - MyKingdom - INFO - MY KINGDOM - Starting Application
2025-12-31 14:49:54 - MyKingdom - INFO - ============================================================
2025-12-31 14:49:54 - MyKingdom - INFO - Pygame initialized
2025-12-31 14:49:54 - MyKingdom - INFO - Window created: 1280x720
2025-12-31 14:49:54 - MyKingdom - INFO - Application initialization complete
2025-12-31 14:49:54 - MyKingdom - INFO - Starting main application loop
2025-12-31 14:49:54 - MyKingdom - INFO - Entering MENU state
2025-12-31 14:49:54 - MyKingdom - INFO - Menu pixel art assets loaded successfully
2025-12-31 14:49:54 - MyKingdom - INFO - Main menu initialized
2025-12-31 14:50:03 - MyKingdom - INFO - Play button clicked - starting game
2025-12-31 14:50:03 - MyKingdom - INFO - Entering PLAYING state
2025-12-31 14:50:03 - MyKingdom - INFO - Camera initialized with zoom level: 1.0
2025-12-31 14:50:03 - MyKingdom - INFO - Initializing game world...
2025-12-31 14:50:03 - MyKingdom - INFO - World generator initialized with seed: 889725
2025-12-31 14:50:03 - MyKingdom - INFO - World size: 500x500
2025-12-31 14:50:03 - MyKingdom - INFO - Starting world generation...
2025-12-31 14:50:05 - MyKingdom - INFO - Adding decorations to world...
2025-12-31 14:50:05 - MyKingdom - INFO - Added 32998 decorations to the world
2025-12-31 14:50:05 - MyKingdom - INFO - World generation completed
2025-12-31 14:50:05 - MyKingdom - INFO - Terrain distribution:
2025-12-31 14:50:05 - MyKingdom - INFO -   dirt: 1136 tiles (0.5%)
2025-12-31 14:50:05 - MyKingdom - INFO -   forest: 34863 tiles (13.9%)
2025-12-31 14:50:05 - MyKingdom - INFO -   grass: 187170 tiles (74.9%)
2025-12-31 14:50:05 - MyKingdom - INFO -   sand: 18875 tiles (7.5%)
2025-12-31 14:50:05 - MyKingdom - INFO -   water: 7956 tiles (3.2%)
2025-12-31 14:50:05 - MyKingdom - INFO - Advanced tile renderer initialized with terrain blending
2025-12-31 14:50:05 - MyKingdom - INFO - Game state initialized and ready to play
2025-12-31 14:50:06 - MyKingdom - DEBUG - Zoom changed: 1.00 -> 1.10
2025-12-31 14:50:06 - MyKingdom - DEBUG - Zoom changed: 1.10 -> 1.20
2025-12-31 14:50:07 - MyKingdom - DEBUG - Zoom changed: 1.20 -> 1.30
2025-12-31 14:50:07 - MyKingdom - DEBUG - Zoom changed: 1.30 -> 1.40
2025-12-31 14:50:07 - MyKingdom - DEBUG - Zoom changed: 1.40 -> 1.50
2025-12-31 14:50:07 - MyKingdom - DEBUG - Zoom changed: 1.50 -> 1.60
2025-12-31 14:50:07 - MyKingdom - DEBUG - Zoom changed: 1.60 -> 1.70
2025-12-31 14:50:07 - MyKingdom - DEBUG - Zoom changed: 1.70 -> 1.80
2025-12-31 14:50:07 - MyKingdom - DEBUG - Zoom changed: 1.80 -> 1.90
2025-12-31 14:50:07 - MyKingdom - DEBUG - Zoom changed: 1.90 -> 2.00
2025-12-31 14:50:08 - MyKingdom - DEBUG - Zoom changed: 2.00 -> 1.90
2025-12-31 14:50:08 - MyKingdom - DEBUG - Zoom changed: 1.90 -> 1.80
2025-12-31 14:50:08 - MyKingdom - DEBUG - Zoom changed: 1.80 -> 1.70
2025-12-31 14:50:09 - MyKingdom - DEBUG - Zoom changed: 1.70 -> 1.60
2025-12-31 14:50:09 - MyKingdom - DEBUG - Zoom changed: 1.60 -> 1.50
2025-12-31 14:50:09 - MyKingdom - DEBUG - Zoom changed: 1.50 -> 1.40
2025-12-31 14:50:09 - MyKingdom - DEBUG - Zoom changed: 1.40 -> 1.30
2025-12-31 14:50:09 - MyKingdom - DEBUG - Zoom changed: 1.30 -> 1.20
2025-12-31 14:50:26 - MyKingdom - INFO - Quit event received from game
2025-12-31 14:50:26 - MyKingdom - INFO - ============================================================
2025-12-31 14:50:26 - MyKingdom - INFO - MY KINGDOM - Shutting Down
2025-12-31 14:50:26 - MyKingdom - INFO - ============================================================
