2025-12-31 15:32:32 - MyKingdom - INFO - ============================================================
2025-12-31 15:32:32 - MyKingdom - INFO - Game Logger Initialized
2025-12-31 15:32:32 - MyKingdom - INFO - Log file: C:\Users\Chris Mork\Desktop\My-KingdomVersion 3\Logs\game_20251231_153232.log
2025-12-31 15:32:32 - MyKingdom - INFO - ============================================================
2025-12-31 15:32:32 - MyKingdom - INFO - Settings loaded successfully
2025-12-31 15:32:32 - MyKingdom - INFO - ============================================================
2025-12-31 15:32:32 - MyKingdom - INFO - MY KINGDOM - Starting Application
2025-12-31 15:32:32 - MyKingdom - INFO - ============================================================
2025-12-31 15:32:32 - MyKingdom - INFO - Pygame initialized
2025-12-31 15:32:32 - MyKingdom - INFO - Window created: 1600x900, fullscreen=False, vsync=True
2025-12-31 15:32:32 - MyKingdom - INFO - Audio settings: master=1.0, music=0.8, sfx=0.9
2025-12-31 15:32:32 - MyKingdom - INFO - Application initialization complete
2025-12-31 15:32:32 - MyKingdom - INFO - Starting main application loop
2025-12-31 15:32:32 - MyKingdom - INFO - Entering MENU state
2025-12-31 15:32:32 - MyKingdom - INFO - AI-generated menu background loaded successfully
2025-12-31 15:32:32 - MyKingdom - INFO - Main menu initialized
2025-12-31 15:32:45 - MyKingdom - INFO - Settings button clicked
2025-12-31 15:32:45 - MyKingdom - INFO - Entering SETTINGS state
2025-12-31 15:32:45 - MyKingdom - INFO - Settings menu initialized
2025-12-31 15:32:50 - MyKingdom - INFO - Settings saved successfully
2025-12-31 15:32:51 - MyKingdom - INFO - Display updated: 1600x900, fullscreen=True
2025-12-31 15:32:51 - MyKingdom - INFO - Audio settings: master=1.0, music=0.8, sfx=0.9
2025-12-31 15:32:52 - MyKingdom - INFO - Settings applied successfully
2025-12-31 15:32:52 - MyKingdom - INFO - Settings saved and applied from menu
2025-12-31 15:32:56 - MyKingdom - INFO - Entering MENU state
2025-12-31 15:32:56 - MyKingdom - INFO - AI-generated menu background loaded successfully
2025-12-31 15:32:56 - MyKingdom - INFO - Main menu initialized
2025-12-31 15:32:59 - MyKingdom - INFO - Settings button clicked
2025-12-31 15:32:59 - MyKingdom - INFO - Entering SETTINGS state
2025-12-31 15:32:59 - MyKingdom - INFO - Settings menu initialized
2025-12-31 15:33:05 - MyKingdom - INFO - Settings saved successfully
2025-12-31 15:33:05 - MyKingdom - INFO - Display updated: 1600x900, fullscreen=True
2025-12-31 15:33:05 - MyKingdom - INFO - Audio settings: master=1.0, music=0.8, sfx=0.9
2025-12-31 15:33:06 - MyKingdom - INFO - Settings applied successfully
2025-12-31 15:33:06 - MyKingdom - INFO - Settings saved and applied from menu
2025-12-31 15:33:07 - MyKingdom - INFO - Entering MENU state
2025-12-31 15:33:07 - MyKingdom - INFO - AI-generated menu background loaded successfully
2025-12-31 15:33:07 - MyKingdom - INFO - Main menu initialized
2025-12-31 15:33:10 - MyKingdom - INFO - Settings button clicked
2025-12-31 15:33:10 - MyKingdom - INFO - Entering SETTINGS state
2025-12-31 15:33:10 - MyKingdom - INFO - Settings menu initialized
2025-12-31 15:33:15 - MyKingdom - INFO - Settings saved successfully
2025-12-31 15:33:15 - MyKingdom - INFO - Display updated: 1600x900, fullscreen=True
2025-12-31 15:33:15 - MyKingdom - INFO - Audio settings: master=1.0, music=0.8, sfx=0.9
2025-12-31 15:33:16 - MyKingdom - INFO - Settings applied successfully
2025-12-31 15:33:16 - MyKingdom - INFO - Settings saved and applied from menu
2025-12-31 15:33:17 - MyKingdom - INFO - Entering MENU state
2025-12-31 15:33:17 - MyKingdom - INFO - AI-generated menu background loaded successfully
2025-12-31 15:33:17 - MyKingdom - INFO - Main menu initialized
2025-12-31 15:33:20 - MyKingdom - INFO - Settings button clicked
2025-12-31 15:33:20 - MyKingdom - INFO - Entering SETTINGS state
2025-12-31 15:33:20 - MyKingdom - INFO - Settings menu initialized
2025-12-31 15:33:30 - MyKingdom - INFO - Entering MENU state
2025-12-31 15:33:30 - MyKingdom - INFO - AI-generated menu background loaded successfully
2025-12-31 15:33:30 - MyKingdom - INFO - Main menu initialized
2025-12-31 15:33:38 - MyKingdom - INFO - Quit button clicked
2025-12-31 15:33:38 - MyKingdom - INFO - ============================================================
2025-12-31 15:33:38 - MyKingdom - INFO - MY KINGDOM - Shutting Down
2025-12-31 15:33:38 - MyKingdom - INFO - ============================================================
