2026-01-02 15:21:51 - MyKingdom - INFO - ============================================================
2026-01-02 15:21:51 - MyKingdom - INFO - Game Logger Initialized
2026-01-02 15:21:51 - MyKingdom - INFO - Log file: C:\Users\Chris Mork\Desktop\My-KingdomVersion 3\Logs\game_20260102_152151.log
2026-01-02 15:21:51 - MyKingdom - INFO - ============================================================
2026-01-02 15:21:51 - MyKingdom - INFO - ============================================================
2026-01-02 15:21:51 - MyKingdom - INFO - MY KINGDOM - Starting Application
2026-01-02 15:21:51 - MyKingdom - INFO - ============================================================
2026-01-02 15:21:51 - MyKingdom - INFO - Pygame initialized
2026-01-02 15:21:51 - MyKingdom - INFO - Window created: 1280x720
2026-01-02 15:21:51 - MyKingdom - INFO - Application initialization complete
2026-01-02 15:21:51 - MyKingdom - INFO - Starting main application loop
2026-01-02 15:21:51 - MyKingdom - INFO - Entering MENU state
2026-01-02 15:21:51 - MyKingdom - INFO - AI-generated menu background loaded successfully
2026-01-02 15:21:51 - MyKingdom - INFO - Main menu initialized
2026-01-02 15:21:59 - MyKingdom - INFO - New Game button clicked
2026-01-02 15:22:01 - MyKingdom - INFO - Starting new game: 123
2026-01-02 15:22:01 - MyKingdom - INFO - Starting new game: 123
2026-01-02 15:22:01 - MyKingdom - INFO - Entering PLAYING state
2026-01-02 15:22:01 - MyKingdom - INFO - Initializing new GameState system...
2026-01-02 15:22:01 - MyKingdom - INFO - Cozy renderer initialized with tile size: 32
2026-01-02 15:22:01 - MyKingdom - INFO - Save system initialized. Save directory: C:\Users\Chris Mork\Desktop\My-KingdomVersion 3\saves
2026-01-02 15:22:01 - MyKingdom - INFO - Game state initialized
2026-01-02 15:22:01 - MyKingdom - INFO - Tiered World Generator initialized with seed: 268802
2026-01-02 15:22:01 - MyKingdom - INFO - Generating world map: 150x150...
2026-01-02 15:22:02 - MyKingdom - INFO - World generation complete!
2026-01-02 15:22:02 - MyKingdom - INFO - Biome distribution:
2026-01-02 15:22:02 - MyKingdom - INFO -   tundra: 10567 tiles (47.0%)
2026-01-02 15:22:02 - MyKingdom - INFO -   boreal_forest: 7214 tiles (32.1%)
2026-01-02 15:22:02 - MyKingdom - INFO -   temperate_forest: 3721 tiles (16.5%)
2026-01-02 15:22:02 - MyKingdom - INFO -   grassland: 812 tiles (3.6%)
2026-01-02 15:22:02 - MyKingdom - INFO -   arid_shrubland: 111 tiles (0.5%)
2026-01-02 15:22:02 - MyKingdom - INFO -   wetland: 75 tiles (0.3%)
2026-01-02 15:22:02 - MyKingdom - INFO - Multi-stage world selection screen initialized
2026-01-02 15:22:05 - MyKingdom - INFO - Generating region preview for world tile arid_shrubland...
2026-01-02 15:22:05 - MyKingdom - INFO - Generating region from world tile (80, 73)...
2026-01-02 15:22:05 - MyKingdom - INFO -   Biome: arid_shrubland, Elevation: 0.33
2026-01-02 15:22:05 - MyKingdom - INFO - Advanced to REGION view for world tile (80, 73)
2026-01-02 15:22:08 - MyKingdom - INFO - Generating local preview from region tile (37, 41)...
2026-01-02 15:22:08 - MyKingdom - INFO - Generating local map from region chunk (37, 41)...
2026-01-02 15:22:08 - MyKingdom - INFO -   Chunk analysis: Biome=arid_shrubland, Avg Elev=0.50
2026-01-02 15:22:08 - MyKingdom - INFO - Local map generated successfully
2026-01-02 15:22:08 - MyKingdom - INFO - Advanced to LOCAL view
2026-01-02 15:22:08 - MyKingdom - INFO - Cozy renderer initialized with tile size: 32
2026-01-02 15:22:08 - MyKingdom - INFO - Renderer biome set to: arid_shrubland
2026-01-02 15:22:08 - MyKingdom - INFO - Cozy renderer initialized with tile size: 32
2026-01-02 15:22:08 - MyKingdom - INFO - Renderer biome set to: arid_shrubland
2026-01-02 15:22:08 - MyKingdom - INFO - Cozy renderer initialized with tile size: 32
2026-01-02 15:22:08 - MyKingdom - INFO - Renderer biome set to: arid_shrubland
2026-01-02 15:22:08 - MyKingdom - INFO - Cozy renderer initialized with tile size: 32
2026-01-02 15:22:08 - MyKingdom - INFO - Renderer biome set to: arid_shrubland
2026-01-02 15:22:08 - MyKingdom - INFO - Cozy renderer initialized with tile size: 32
2026-01-02 15:22:08 - MyKingdom - INFO - Renderer biome set to: arid_shrubland
2026-01-02 15:22:08 - MyKingdom - INFO - Cozy renderer initialized with tile size: 32
2026-01-02 15:22:08 - MyKingdom - INFO - Renderer biome set to: arid_shrubland
2026-01-02 15:22:08 - MyKingdom - INFO - Cozy renderer initialized with tile size: 32
2026-01-02 15:22:08 - MyKingdom - INFO - Renderer biome set to: arid_shrubland
2026-01-02 15:22:08 - MyKingdom - INFO - Cozy renderer initialized with tile size: 32
2026-01-02 15:22:08 - MyKingdom - INFO - Renderer biome set to: arid_shrubland
2026-01-02 15:22:08 - MyKingdom - INFO - Cozy renderer initialized with tile size: 32
2026-01-02 15:22:08 - MyKingdom - INFO - Renderer biome set to: arid_shrubland
2026-01-02 15:22:08 - MyKingdom - INFO - Cozy renderer initialized with tile size: 32
2026-01-02 15:22:08 - MyKingdom - INFO - Renderer biome set to: arid_shrubland
2026-01-02 15:22:08 - MyKingdom - INFO - Cozy renderer initialized with tile size: 32
2026-01-02 15:22:08 - MyKingdom - INFO - Renderer biome set to: arid_shrubland
2026-01-02 15:22:08 - MyKingdom - INFO - Cozy renderer initialized with tile size: 32
2026-01-02 15:22:08 - MyKingdom - INFO - Renderer biome set to: arid_shrubland
2026-01-02 15:22:08 - MyKingdom - INFO - Cozy renderer initialized with tile size: 32
2026-01-02 15:22:08 - MyKingdom - INFO - Renderer biome set to: arid_shrubland
2026-01-02 15:22:08 - MyKingdom - INFO - Cozy renderer initialized with tile size: 32
2026-01-02 15:22:08 - MyKingdom - INFO - Renderer biome set to: arid_shrubland
2026-01-02 15:22:08 - MyKingdom - INFO - Cozy renderer initialized with tile size: 32
2026-01-02 15:22:08 - MyKingdom - INFO - Renderer biome set to: arid_shrubland
2026-01-02 15:22:09 - MyKingdom - INFO - Cozy renderer initialized with tile size: 32
2026-01-02 15:22:09 - MyKingdom - INFO - Renderer biome set to: arid_shrubland
2026-01-02 15:22:09 - MyKingdom - INFO - Cozy renderer initialized with tile size: 32
2026-01-02 15:22:09 - MyKingdom - INFO - Renderer biome set to: arid_shrubland
2026-01-02 15:22:09 - MyKingdom - INFO - Cozy renderer initialized with tile size: 32
2026-01-02 15:22:09 - MyKingdom - INFO - Renderer biome set to: arid_shrubland
2026-01-02 15:22:09 - MyKingdom - INFO - Cozy renderer initialized with tile size: 32
2026-01-02 15:22:09 - MyKingdom - INFO - Renderer biome set to: arid_shrubland
2026-01-02 15:22:09 - MyKingdom - INFO - Cozy renderer initialized with tile size: 32
2026-01-02 15:22:09 - MyKingdom - INFO - Renderer biome set to: arid_shrubland
2026-01-02 15:22:09 - MyKingdom - INFO - Cozy renderer initialized with tile size: 32
2026-01-02 15:22:09 - MyKingdom - INFO - Renderer biome set to: arid_shrubland
2026-01-02 15:22:09 - MyKingdom - INFO - Cozy renderer initialized with tile size: 32
2026-01-02 15:22:09 - MyKingdom - INFO - Renderer biome set to: arid_shrubland
2026-01-02 15:22:09 - MyKingdom - INFO - Cozy renderer initialized with tile size: 32
2026-01-02 15:22:09 - MyKingdom - INFO - Renderer biome set to: arid_shrubland
2026-01-02 15:22:09 - MyKingdom - INFO - Cozy renderer initialized with tile size: 32
2026-01-02 15:22:09 - MyKingdom - INFO - Renderer biome set to: arid_shrubland
2026-01-02 15:22:09 - MyKingdom - INFO - Cozy renderer initialized with tile size: 32
2026-01-02 15:22:09 - MyKingdom - INFO - Renderer biome set to: arid_shrubland
2026-01-02 15:22:09 - MyKingdom - INFO - Cozy renderer initialized with tile size: 32
2026-01-02 15:22:09 - MyKingdom - INFO - Renderer biome set to: arid_shrubland
2026-01-02 15:22:09 - MyKingdom - INFO - Cozy renderer initialized with tile size: 32
2026-01-02 15:22:09 - MyKingdom - INFO - Renderer biome set to: arid_shrubland
2026-01-02 15:22:09 - MyKingdom - INFO - Cozy renderer initialized with tile size: 32
2026-01-02 15:22:09 - MyKingdom - INFO - Renderer biome set to: arid_shrubland
2026-01-02 15:22:09 - MyKingdom - INFO - Cozy renderer initialized with tile size: 32
2026-01-02 15:22:09 - MyKingdom - INFO - Renderer biome set to: arid_shrubland
2026-01-02 15:22:09 - MyKingdom - INFO - Cozy renderer initialized with tile size: 32
2026-01-02 15:22:09 - MyKingdom - INFO - Renderer biome set to: arid_shrubland
2026-01-02 15:22:09 - MyKingdom - INFO - Cozy renderer initialized with tile size: 32
2026-01-02 15:22:09 - MyKingdom - INFO - Renderer biome set to: arid_shrubland
2026-01-02 15:22:09 - MyKingdom - INFO - Cozy renderer initialized with tile size: 32
2026-01-02 15:22:09 - MyKingdom - INFO - Renderer biome set to: arid_shrubland
2026-01-02 15:22:09 - MyKingdom - INFO - Cozy renderer initialized with tile size: 32
2026-01-02 15:22:09 - MyKingdom - INFO - Renderer biome set to: arid_shrubland
2026-01-02 15:22:09 - MyKingdom - INFO - Cozy renderer initialized with tile size: 32
2026-01-02 15:22:09 - MyKingdom - INFO - Renderer biome set to: arid_shrubland
2026-01-02 15:22:09 - MyKingdom - INFO - Cozy renderer initialized with tile size: 32
2026-01-02 15:22:09 - MyKingdom - INFO - Renderer biome set to: arid_shrubland
2026-01-02 15:22:09 - MyKingdom - INFO - Cozy renderer initialized with tile size: 32
2026-01-02 15:22:09 - MyKingdom - INFO - Renderer biome set to: arid_shrubland
2026-01-02 15:22:09 - MyKingdom - INFO - Cozy renderer initialized with tile size: 32
2026-01-02 15:22:09 - MyKingdom - INFO - Renderer biome set to: arid_shrubland
2026-01-02 15:22:09 - MyKingdom - INFO - Cozy renderer initialized with tile size: 32
2026-01-02 15:22:09 - MyKingdom - INFO - Renderer biome set to: arid_shrubland
2026-01-02 15:22:09 - MyKingdom - INFO - Cozy renderer initialized with tile size: 32
2026-01-02 15:22:09 - MyKingdom - INFO - Renderer biome set to: arid_shrubland
2026-01-02 15:22:09 - MyKingdom - INFO - Cozy renderer initialized with tile size: 32
2026-01-02 15:22:09 - MyKingdom - INFO - Renderer biome set to: arid_shrubland
2026-01-02 15:22:09 - MyKingdom - INFO - Cozy renderer initialized with tile size: 32
2026-01-02 15:22:09 - MyKingdom - INFO - Renderer biome set to: arid_shrubland
2026-01-02 15:22:10 - MyKingdom - INFO - Cozy renderer initialized with tile size: 32
2026-01-02 15:22:10 - MyKingdom - INFO - Renderer biome set to: arid_shrubland
2026-01-02 15:22:10 - MyKingdom - INFO - Cozy renderer initialized with tile size: 32
2026-01-02 15:22:10 - MyKingdom - INFO - Renderer biome set to: arid_shrubland
2026-01-02 15:22:10 - MyKingdom - INFO - Cozy renderer initialized with tile size: 32
2026-01-02 15:22:10 - MyKingdom - INFO - Renderer biome set to: arid_shrubland
2026-01-02 15:22:10 - MyKingdom - INFO - Cozy renderer initialized with tile size: 32
2026-01-02 15:22:10 - MyKingdom - INFO - Renderer biome set to: arid_shrubland
2026-01-02 15:22:10 - MyKingdom - INFO - Cozy renderer initialized with tile size: 32
2026-01-02 15:22:10 - MyKingdom - INFO - Renderer biome set to: arid_shrubland
2026-01-02 15:22:10 - MyKingdom - INFO - Cozy renderer initialized with tile size: 32
2026-01-02 15:22:10 - MyKingdom - INFO - Renderer biome set to: arid_shrubland
2026-01-02 15:22:10 - MyKingdom - INFO - Cozy renderer initialized with tile size: 32
2026-01-02 15:22:10 - MyKingdom - INFO - Renderer biome set to: arid_shrubland
2026-01-02 15:22:10 - MyKingdom - INFO - Cozy renderer initialized with tile size: 32
2026-01-02 15:22:10 - MyKingdom - INFO - Renderer biome set to: arid_shrubland
2026-01-02 15:22:10 - MyKingdom - INFO - Cozy renderer initialized with tile size: 32
2026-01-02 15:22:10 - MyKingdom - INFO - Renderer biome set to: arid_shrubland
2026-01-02 15:22:10 - MyKingdom - INFO - Cozy renderer initialized with tile size: 32
2026-01-02 15:22:10 - MyKingdom - INFO - Renderer biome set to: arid_shrubland
2026-01-02 15:22:10 - MyKingdom - INFO - Cozy renderer initialized with tile size: 32
2026-01-02 15:22:10 - MyKingdom - INFO - Renderer biome set to: arid_shrubland
2026-01-02 15:22:10 - MyKingdom - INFO - Cozy renderer initialized with tile size: 32
2026-01-02 15:22:10 - MyKingdom - INFO - Renderer biome set to: arid_shrubland
2026-01-02 15:22:10 - MyKingdom - INFO - Cozy renderer initialized with tile size: 32
2026-01-02 15:22:10 - MyKingdom - INFO - Renderer biome set to: arid_shrubland
2026-01-02 15:22:10 - MyKingdom - INFO - Cozy renderer initialized with tile size: 32
2026-01-02 15:22:10 - MyKingdom - INFO - Renderer biome set to: arid_shrubland
2026-01-02 15:22:10 - MyKingdom - INFO - Cozy renderer initialized with tile size: 32
2026-01-02 15:22:10 - MyKingdom - INFO - Renderer biome set to: arid_shrubland
2026-01-02 15:22:10 - MyKingdom - INFO - Cozy renderer initialized with tile size: 32
2026-01-02 15:22:10 - MyKingdom - INFO - Renderer biome set to: arid_shrubland
2026-01-02 15:22:10 - MyKingdom - INFO - Cozy renderer initialized with tile size: 32
2026-01-02 15:22:10 - MyKingdom - INFO - Renderer biome set to: arid_shrubland
2026-01-02 15:22:10 - MyKingdom - INFO - Cozy renderer initialized with tile size: 32
2026-01-02 15:22:10 - MyKingdom - INFO - Renderer biome set to: arid_shrubland
2026-01-02 15:22:10 - MyKingdom - INFO - Cozy renderer initialized with tile size: 32
2026-01-02 15:22:10 - MyKingdom - INFO - Renderer biome set to: arid_shrubland
2026-01-02 15:22:10 - MyKingdom - INFO - Cozy renderer initialized with tile size: 32
2026-01-02 15:22:10 - MyKingdom - INFO - Renderer biome set to: arid_shrubland
2026-01-02 15:22:10 - MyKingdom - INFO - Cozy renderer initialized with tile size: 32
2026-01-02 15:22:10 - MyKingdom - INFO - Renderer biome set to: arid_shrubland
2026-01-02 15:22:10 - MyKingdom - INFO - Cozy renderer initialized with tile size: 32
2026-01-02 15:22:10 - MyKingdom - INFO - Renderer biome set to: arid_shrubland
2026-01-02 15:22:10 - MyKingdom - INFO - Cozy renderer initialized with tile size: 32
2026-01-02 15:22:10 - MyKingdom - INFO - Renderer biome set to: arid_shrubland
2026-01-02 15:22:10 - MyKingdom - INFO - Cozy renderer initialized with tile size: 32
2026-01-02 15:22:10 - MyKingdom - INFO - Renderer biome set to: arid_shrubland
2026-01-02 15:22:11 - MyKingdom - INFO - Cozy renderer initialized with tile size: 32
2026-01-02 15:22:11 - MyKingdom - INFO - Renderer biome set to: arid_shrubland
2026-01-02 15:22:11 - MyKingdom - INFO - Cozy renderer initialized with tile size: 32
2026-01-02 15:22:11 - MyKingdom - INFO - Renderer biome set to: arid_shrubland
2026-01-02 15:22:11 - MyKingdom - INFO - Cozy renderer initialized with tile size: 32
2026-01-02 15:22:11 - MyKingdom - INFO - Renderer biome set to: arid_shrubland
2026-01-02 15:22:11 - MyKingdom - INFO - Cozy renderer initialized with tile size: 32
2026-01-02 15:22:11 - MyKingdom - INFO - Renderer biome set to: arid_shrubland
2026-01-02 15:22:11 - MyKingdom - INFO - Cozy renderer initialized with tile size: 32
2026-01-02 15:22:11 - MyKingdom - INFO - Renderer biome set to: arid_shrubland
2026-01-02 15:22:11 - MyKingdom - INFO - Cozy renderer initialized with tile size: 32
2026-01-02 15:22:11 - MyKingdom - INFO - Renderer biome set to: arid_shrubland
2026-01-02 15:22:11 - MyKingdom - INFO - Cozy renderer initialized with tile size: 32
2026-01-02 15:22:11 - MyKingdom - INFO - Renderer biome set to: arid_shrubland
2026-01-02 15:22:11 - MyKingdom - INFO - Cozy renderer initialized with tile size: 32
2026-01-02 15:22:11 - MyKingdom - INFO - Renderer biome set to: arid_shrubland
2026-01-02 15:22:11 - MyKingdom - INFO - Cozy renderer initialized with tile size: 32
2026-01-02 15:22:11 - MyKingdom - INFO - Renderer biome set to: arid_shrubland
2026-01-02 15:22:11 - MyKingdom - INFO - Cozy renderer initialized with tile size: 32
2026-01-02 15:22:11 - MyKingdom - INFO - Renderer biome set to: arid_shrubland
2026-01-02 15:22:11 - MyKingdom - INFO - Cozy renderer initialized with tile size: 32
2026-01-02 15:22:11 - MyKingdom - INFO - Renderer biome set to: arid_shrubland
2026-01-02 15:22:11 - MyKingdom - INFO - Cozy renderer initialized with tile size: 32
2026-01-02 15:22:11 - MyKingdom - INFO - Renderer biome set to: arid_shrubland
2026-01-02 15:22:11 - MyKingdom - INFO - Cozy renderer initialized with tile size: 32
2026-01-02 15:22:11 - MyKingdom - INFO - Renderer biome set to: arid_shrubland
2026-01-02 15:22:11 - MyKingdom - INFO - Cozy renderer initialized with tile size: 32
2026-01-02 15:22:11 - MyKingdom - INFO - Renderer biome set to: arid_shrubland
2026-01-02 15:22:11 - MyKingdom - INFO - Cozy renderer initialized with tile size: 32
2026-01-02 15:22:11 - MyKingdom - INFO - Renderer biome set to: arid_shrubland
2026-01-02 15:22:11 - MyKingdom - INFO - Cozy renderer initialized with tile size: 32
2026-01-02 15:22:11 - MyKingdom - INFO - Renderer biome set to: arid_shrubland
2026-01-02 15:22:11 - MyKingdom - INFO - Cozy renderer initialized with tile size: 32
2026-01-02 15:22:11 - MyKingdom - INFO - Renderer biome set to: arid_shrubland
2026-01-02 15:22:11 - MyKingdom - INFO - Cozy renderer initialized with tile size: 32
2026-01-02 15:22:11 - MyKingdom - INFO - Renderer biome set to: arid_shrubland
2026-01-02 15:22:11 - MyKingdom - INFO - Cozy renderer initialized with tile size: 32
2026-01-02 15:22:11 - MyKingdom - INFO - Renderer biome set to: arid_shrubland
2026-01-02 15:22:11 - MyKingdom - INFO - Location confirmed!
2026-01-02 15:22:11 - MyKingdom - INFO - Cozy renderer initialized with tile size: 32
2026-01-02 15:22:11 - MyKingdom - INFO - Renderer biome set to: arid_shrubland
2026-01-02 15:22:11 - MyKingdom - INFO - === STARTING NEW GAME: 123 ===
2026-01-02 15:22:11 - MyKingdom - INFO - Using pre-generated world and tiles from selection screen
2026-01-02 15:22:11 - MyKingdom - INFO - Using player-selected location: (80, 73)
2026-01-02 15:22:11 - MyKingdom - INFO - Using pre-generated region tiles from preview
2026-01-02 15:22:11 - MyKingdom - INFO - Using selected region coordinates: (37, 41)
2026-01-02 15:22:11 - MyKingdom - INFO - Using pre-generated local tiles from preview - terrain will match preview!
2026-01-02 15:22:11 - MyKingdom - INFO - Renderer biome set to: arid_shrubland
2026-01-02 15:22:11 - MyKingdom - INFO - Creating starting citizens...
2026-01-02 15:22:11 - MyKingdom - INFO - Created citizen: Vale Fairwind (ID: 1)
2026-01-02 15:22:11 - MyKingdom - INFO - Created citizen: Yara Clearwater (ID: 2)
2026-01-02 15:22:11 - MyKingdom - INFO - Created citizen: Lysa Kindler (ID: 3)
2026-01-02 15:22:11 - MyKingdom - INFO - Created citizen: Mira Quickstep (ID: 4)
2026-01-02 15:22:11 - MyKingdom - INFO - Created citizen: Cedric Evergreen (ID: 5)
2026-01-02 15:22:12 - MyKingdom - INFO - Game saved successfully: saves\123.sav.gz
2026-01-02 15:22:12 - MyKingdom - INFO - Game saved: 123
2026-01-02 15:22:12 - MyKingdom - INFO - === NEW GAME STARTED SUCCESSFULLY ===
2026-01-02 15:22:12 - MyKingdom - INFO - Game initialized successfully
2026-01-02 15:22:17 - MyKingdom - INFO - Escape pressed - saving and returning to menu
2026-01-02 15:22:18 - MyKingdom - INFO - Game saved successfully: saves\123.sav.gz
2026-01-02 15:22:18 - MyKingdom - INFO - Game saved: 123
2026-01-02 15:22:18 - MyKingdom - INFO - Entering MENU state
2026-01-02 15:22:18 - MyKingdom - INFO - AI-generated menu background loaded successfully
2026-01-02 15:22:18 - MyKingdom - INFO - Main menu initialized
2026-01-02 15:22:19 - MyKingdom - INFO - New Game button clicked
2026-01-02 15:22:21 - MyKingdom - INFO - Starting new game: 123
2026-01-02 15:22:21 - MyKingdom - INFO - Starting new game: 123
2026-01-02 15:22:21 - MyKingdom - INFO - Entering PLAYING state
2026-01-02 15:22:21 - MyKingdom - INFO - Initializing new GameState system...
2026-01-02 15:22:21 - MyKingdom - INFO - Cozy renderer initialized with tile size: 32
2026-01-02 15:22:21 - MyKingdom - INFO - Save system initialized. Save directory: C:\Users\Chris Mork\Desktop\My-KingdomVersion 3\saves
2026-01-02 15:22:21 - MyKingdom - INFO - Game state initialized
2026-01-02 15:22:21 - MyKingdom - INFO - Tiered World Generator initialized with seed: 693207
2026-01-02 15:22:21 - MyKingdom - INFO - Generating world map: 150x150...
2026-01-02 15:22:21 - MyKingdom - INFO - World generation complete!
2026-01-02 15:22:21 - MyKingdom - INFO - Biome distribution:
2026-01-02 15:22:21 - MyKingdom - INFO -   tundra: 11297 tiles (50.2%)
2026-01-02 15:22:21 - MyKingdom - INFO -   temperate_forest: 5269 tiles (23.4%)
2026-01-02 15:22:21 - MyKingdom - INFO -   boreal_forest: 4856 tiles (21.6%)
2026-01-02 15:22:21 - MyKingdom - INFO -   grassland: 1078 tiles (4.8%)
2026-01-02 15:22:21 - MyKingdom - INFO - Multi-stage world selection screen initialized
2026-01-02 15:22:23 - MyKingdom - INFO - Selection cancelled
2026-01-02 15:22:23 - MyKingdom - INFO - Entering MENU state
2026-01-02 15:22:23 - MyKingdom - INFO - AI-generated menu background loaded successfully
2026-01-02 15:22:23 - MyKingdom - INFO - Main menu initialized
2026-01-02 15:22:28 - MyKingdom - INFO - New Game button clicked
2026-01-02 15:22:30 - MyKingdom - INFO - Starting new game: 123
2026-01-02 15:22:30 - MyKingdom - INFO - Starting new game: 123
2026-01-02 15:22:30 - MyKingdom - INFO - Entering PLAYING state
2026-01-02 15:22:30 - MyKingdom - INFO - Initializing new GameState system...
2026-01-02 15:22:30 - MyKingdom - INFO - Cozy renderer initialized with tile size: 32
2026-01-02 15:22:30 - MyKingdom - INFO - Save system initialized. Save directory: C:\Users\Chris Mork\Desktop\My-KingdomVersion 3\saves
2026-01-02 15:22:30 - MyKingdom - INFO - Game state initialized
2026-01-02 15:22:30 - MyKingdom - INFO - Tiered World Generator initialized with seed: 466640
2026-01-02 15:22:30 - MyKingdom - INFO - Generating world map: 150x150...
2026-01-02 15:22:30 - MyKingdom - INFO - World generation complete!
2026-01-02 15:22:30 - MyKingdom - INFO - Biome distribution:
2026-01-02 15:22:30 - MyKingdom - INFO -   tundra: 11321 tiles (50.3%)
2026-01-02 15:22:30 - MyKingdom - INFO -   boreal_forest: 5633 tiles (25.0%)
2026-01-02 15:22:30 - MyKingdom - INFO -   temperate_forest: 4427 tiles (19.7%)
2026-01-02 15:22:30 - MyKingdom - INFO -   grassland: 1089 tiles (4.8%)
2026-01-02 15:22:30 - MyKingdom - INFO -   arid_shrubland: 17 tiles (0.1%)
2026-01-02 15:22:30 - MyKingdom - INFO -   wetland: 13 tiles (0.1%)
2026-01-02 15:22:30 - MyKingdom - INFO - Multi-stage world selection screen initialized
2026-01-02 15:22:34 - MyKingdom - INFO - Generating region preview for world tile temperate_forest...
2026-01-02 15:22:34 - MyKingdom - INFO - Generating region from world tile (68, 69)...
2026-01-02 15:22:34 - MyKingdom - INFO -   Biome: temperate_forest, Elevation: 0.67
2026-01-02 15:22:34 - MyKingdom - INFO - Advanced to REGION view for world tile (68, 69)
2026-01-02 15:22:38 - MyKingdom - INFO - Generating local preview from region tile (36, 40)...
2026-01-02 15:22:38 - MyKingdom - INFO - Generating local map from region chunk (36, 40)...
2026-01-02 15:22:38 - MyKingdom - INFO -   Chunk analysis: Biome=temperate_forest, Avg Elev=0.65
2026-01-02 15:22:38 - MyKingdom - INFO - Local map generated successfully
2026-01-02 15:22:38 - MyKingdom - INFO - Advanced to LOCAL view
2026-01-02 15:22:38 - MyKingdom - INFO - Cozy renderer initialized with tile size: 32
2026-01-02 15:22:38 - MyKingdom - INFO - Renderer biome set to: temperate_forest
2026-01-02 15:22:38 - MyKingdom - INFO - Cozy renderer initialized with tile size: 32
2026-01-02 15:22:38 - MyKingdom - INFO - Renderer biome set to: temperate_forest
2026-01-02 15:22:38 - MyKingdom - INFO - Cozy renderer initialized with tile size: 32
2026-01-02 15:22:38 - MyKingdom - INFO - Renderer biome set to: temperate_forest
2026-01-02 15:22:38 - MyKingdom - INFO - Cozy renderer initialized with tile size: 32
2026-01-02 15:22:38 - MyKingdom - INFO - Renderer biome set to: temperate_forest
2026-01-02 15:22:38 - MyKingdom - INFO - Cozy renderer initialized with tile size: 32
2026-01-02 15:22:38 - MyKingdom - INFO - Renderer biome set to: temperate_forest
2026-01-02 15:22:38 - MyKingdom - INFO - Cozy renderer initialized with tile size: 32
2026-01-02 15:22:38 - MyKingdom - INFO - Renderer biome set to: temperate_forest
2026-01-02 15:22:38 - MyKingdom - INFO - Cozy renderer initialized with tile size: 32
2026-01-02 15:22:38 - MyKingdom - INFO - Renderer biome set to: temperate_forest
2026-01-02 15:22:38 - MyKingdom - INFO - Cozy renderer initialized with tile size: 32
2026-01-02 15:22:38 - MyKingdom - INFO - Renderer biome set to: temperate_forest
2026-01-02 15:22:38 - MyKingdom - INFO - Cozy renderer initialized with tile size: 32
2026-01-02 15:22:38 - MyKingdom - INFO - Renderer biome set to: temperate_forest
2026-01-02 15:22:38 - MyKingdom - INFO - Cozy renderer initialized with tile size: 32
2026-01-02 15:22:38 - MyKingdom - INFO - Renderer biome set to: temperate_forest
2026-01-02 15:22:39 - MyKingdom - INFO - Cozy renderer initialized with tile size: 32
2026-01-02 15:22:39 - MyKingdom - INFO - Renderer biome set to: temperate_forest
2026-01-02 15:22:39 - MyKingdom - INFO - Cozy renderer initialized with tile size: 32
2026-01-02 15:22:39 - MyKingdom - INFO - Renderer biome set to: temperate_forest
2026-01-02 15:22:39 - MyKingdom - INFO - Cozy renderer initialized with tile size: 32
2026-01-02 15:22:39 - MyKingdom - INFO - Renderer biome set to: temperate_forest
2026-01-02 15:22:39 - MyKingdom - INFO - Cozy renderer initialized with tile size: 32
2026-01-02 15:22:39 - MyKingdom - INFO - Renderer biome set to: temperate_forest
2026-01-02 15:22:39 - MyKingdom - INFO - Cozy renderer initialized with tile size: 32
2026-01-02 15:22:39 - MyKingdom - INFO - Renderer biome set to: temperate_forest
2026-01-02 15:22:39 - MyKingdom - INFO - Cozy renderer initialized with tile size: 32
2026-01-02 15:22:39 - MyKingdom - INFO - Renderer biome set to: temperate_forest
2026-01-02 15:22:39 - MyKingdom - INFO - Cozy renderer initialized with tile size: 32
2026-01-02 15:22:39 - MyKingdom - INFO - Renderer biome set to: temperate_forest
2026-01-02 15:22:39 - MyKingdom - INFO - Cozy renderer initialized with tile size: 32
2026-01-02 15:22:39 - MyKingdom - INFO - Renderer biome set to: temperate_forest
2026-01-02 15:22:39 - MyKingdom - INFO - Cozy renderer initialized with tile size: 32
2026-01-02 15:22:39 - MyKingdom - INFO - Renderer biome set to: temperate_forest
2026-01-02 15:22:39 - MyKingdom - INFO - Cozy renderer initialized with tile size: 32
2026-01-02 15:22:39 - MyKingdom - INFO - Renderer biome set to: temperate_forest
2026-01-02 15:22:39 - MyKingdom - INFO - Cozy renderer initialized with tile size: 32
2026-01-02 15:22:39 - MyKingdom - INFO - Renderer biome set to: temperate_forest
2026-01-02 15:22:39 - MyKingdom - INFO - Cozy renderer initialized with tile size: 32
2026-01-02 15:22:39 - MyKingdom - INFO - Renderer biome set to: temperate_forest
2026-01-02 15:22:39 - MyKingdom - INFO - Cozy renderer initialized with tile size: 32
2026-01-02 15:22:39 - MyKingdom - INFO - Renderer biome set to: temperate_forest
2026-01-02 15:22:39 - MyKingdom - INFO - Cozy renderer initialized with tile size: 32
2026-01-02 15:22:39 - MyKingdom - INFO - Renderer biome set to: temperate_forest
2026-01-02 15:22:39 - MyKingdom - INFO - Cozy renderer initialized with tile size: 32
2026-01-02 15:22:39 - MyKingdom - INFO - Renderer biome set to: temperate_forest
2026-01-02 15:22:39 - MyKingdom - INFO - Cozy renderer initialized with tile size: 32
2026-01-02 15:22:39 - MyKingdom - INFO - Renderer biome set to: temperate_forest
2026-01-02 15:22:39 - MyKingdom - INFO - Cozy renderer initialized with tile size: 32
2026-01-02 15:22:39 - MyKingdom - INFO - Renderer biome set to: temperate_forest
2026-01-02 15:22:39 - MyKingdom - INFO - Cozy renderer initialized with tile size: 32
2026-01-02 15:22:39 - MyKingdom - INFO - Renderer biome set to: temperate_forest
2026-01-02 15:22:39 - MyKingdom - INFO - Cozy renderer initialized with tile size: 32
2026-01-02 15:22:39 - MyKingdom - INFO - Renderer biome set to: temperate_forest
2026-01-02 15:22:39 - MyKingdom - INFO - Cozy renderer initialized with tile size: 32
2026-01-02 15:22:39 - MyKingdom - INFO - Renderer biome set to: temperate_forest
2026-01-02 15:22:39 - MyKingdom - INFO - Cozy renderer initialized with tile size: 32
2026-01-02 15:22:39 - MyKingdom - INFO - Renderer biome set to: temperate_forest
2026-01-02 15:22:39 - MyKingdom - INFO - Cozy renderer initialized with tile size: 32
2026-01-02 15:22:39 - MyKingdom - INFO - Renderer biome set to: temperate_forest
2026-01-02 15:22:39 - MyKingdom - INFO - Cozy renderer initialized with tile size: 32
2026-01-02 15:22:39 - MyKingdom - INFO - Renderer biome set to: temperate_forest
2026-01-02 15:22:39 - MyKingdom - INFO - Cozy renderer initialized with tile size: 32
2026-01-02 15:22:39 - MyKingdom - INFO - Renderer biome set to: temperate_forest
2026-01-02 15:22:39 - MyKingdom - INFO - Cozy renderer initialized with tile size: 32
2026-01-02 15:22:39 - MyKingdom - INFO - Renderer biome set to: temperate_forest
2026-01-02 15:22:40 - MyKingdom - INFO - Cozy renderer initialized with tile size: 32
2026-01-02 15:22:40 - MyKingdom - INFO - Renderer biome set to: temperate_forest
2026-01-02 15:22:40 - MyKingdom - INFO - Cozy renderer initialized with tile size: 32
2026-01-02 15:22:40 - MyKingdom - INFO - Renderer biome set to: temperate_forest
2026-01-02 15:22:40 - MyKingdom - INFO - Cozy renderer initialized with tile size: 32
2026-01-02 15:22:40 - MyKingdom - INFO - Renderer biome set to: temperate_forest
2026-01-02 15:22:40 - MyKingdom - INFO - Cozy renderer initialized with tile size: 32
2026-01-02 15:22:40 - MyKingdom - INFO - Renderer biome set to: temperate_forest
2026-01-02 15:22:40 - MyKingdom - INFO - Cozy renderer initialized with tile size: 32
2026-01-02 15:22:40 - MyKingdom - INFO - Renderer biome set to: temperate_forest
2026-01-02 15:22:40 - MyKingdom - INFO - Cozy renderer initialized with tile size: 32
2026-01-02 15:22:40 - MyKingdom - INFO - Renderer biome set to: temperate_forest
2026-01-02 15:22:40 - MyKingdom - INFO - Cozy renderer initialized with tile size: 32
2026-01-02 15:22:40 - MyKingdom - INFO - Renderer biome set to: temperate_forest
2026-01-02 15:22:40 - MyKingdom - INFO - Cozy renderer initialized with tile size: 32
2026-01-02 15:22:40 - MyKingdom - INFO - Renderer biome set to: temperate_forest
2026-01-02 15:22:40 - MyKingdom - INFO - Cozy renderer initialized with tile size: 32
2026-01-02 15:22:40 - MyKingdom - INFO - Renderer biome set to: temperate_forest
2026-01-02 15:22:40 - MyKingdom - INFO - Cozy renderer initialized with tile size: 32
2026-01-02 15:22:40 - MyKingdom - INFO - Renderer biome set to: temperate_forest
2026-01-02 15:22:40 - MyKingdom - INFO - Cozy renderer initialized with tile size: 32
2026-01-02 15:22:40 - MyKingdom - INFO - Renderer biome set to: temperate_forest
2026-01-02 15:22:40 - MyKingdom - INFO - Cozy renderer initialized with tile size: 32
2026-01-02 15:22:40 - MyKingdom - INFO - Renderer biome set to: temperate_forest
2026-01-02 15:22:40 - MyKingdom - INFO - Cozy renderer initialized with tile size: 32
2026-01-02 15:22:40 - MyKingdom - INFO - Renderer biome set to: temperate_forest
2026-01-02 15:22:40 - MyKingdom - INFO - Cozy renderer initialized with tile size: 32
2026-01-02 15:22:40 - MyKingdom - INFO - Renderer biome set to: temperate_forest
2026-01-02 15:22:40 - MyKingdom - INFO - Cozy renderer initialized with tile size: 32
2026-01-02 15:22:40 - MyKingdom - INFO - Renderer biome set to: temperate_forest
2026-01-02 15:22:40 - MyKingdom - INFO - Cozy renderer initialized with tile size: 32
2026-01-02 15:22:40 - MyKingdom - INFO - Renderer biome set to: temperate_forest
2026-01-02 15:22:40 - MyKingdom - INFO - Cozy renderer initialized with tile size: 32
2026-01-02 15:22:40 - MyKingdom - INFO - Renderer biome set to: temperate_forest
2026-01-02 15:22:40 - MyKingdom - INFO - Cozy renderer initialized with tile size: 32
2026-01-02 15:22:40 - MyKingdom - INFO - Renderer biome set to: temperate_forest
2026-01-02 15:22:40 - MyKingdom - INFO - Cozy renderer initialized with tile size: 32
2026-01-02 15:22:40 - MyKingdom - INFO - Renderer biome set to: temperate_forest
2026-01-02 15:22:40 - MyKingdom - INFO - Cozy renderer initialized with tile size: 32
2026-01-02 15:22:40 - MyKingdom - INFO - Renderer biome set to: temperate_forest
2026-01-02 15:22:40 - MyKingdom - INFO - Cozy renderer initialized with tile size: 32
2026-01-02 15:22:40 - MyKingdom - INFO - Renderer biome set to: temperate_forest
2026-01-02 15:22:40 - MyKingdom - INFO - Cozy renderer initialized with tile size: 32
2026-01-02 15:22:40 - MyKingdom - INFO - Renderer biome set to: temperate_forest
2026-01-02 15:22:40 - MyKingdom - INFO - Cozy renderer initialized with tile size: 32
2026-01-02 15:22:40 - MyKingdom - INFO - Renderer biome set to: temperate_forest
2026-01-02 15:22:40 - MyKingdom - INFO - Cozy renderer initialized with tile size: 32
2026-01-02 15:22:40 - MyKingdom - INFO - Renderer biome set to: temperate_forest
2026-01-02 15:22:40 - MyKingdom - INFO - Cozy renderer initialized with tile size: 32
2026-01-02 15:22:40 - MyKingdom - INFO - Renderer biome set to: temperate_forest
2026-01-02 15:22:41 - MyKingdom - INFO - Cozy renderer initialized with tile size: 32
2026-01-02 15:22:41 - MyKingdom - INFO - Renderer biome set to: temperate_forest
2026-01-02 15:22:41 - MyKingdom - INFO - Cozy renderer initialized with tile size: 32
2026-01-02 15:22:41 - MyKingdom - INFO - Renderer biome set to: temperate_forest
2026-01-02 15:22:41 - MyKingdom - INFO - Cozy renderer initialized with tile size: 32
2026-01-02 15:22:41 - MyKingdom - INFO - Renderer biome set to: temperate_forest
2026-01-02 15:22:41 - MyKingdom - INFO - Cozy renderer initialized with tile size: 32
2026-01-02 15:22:41 - MyKingdom - INFO - Renderer biome set to: temperate_forest
2026-01-02 15:22:41 - MyKingdom - INFO - Cozy renderer initialized with tile size: 32
2026-01-02 15:22:41 - MyKingdom - INFO - Renderer biome set to: temperate_forest
2026-01-02 15:22:41 - MyKingdom - INFO - Cozy renderer initialized with tile size: 32
2026-01-02 15:22:41 - MyKingdom - INFO - Renderer biome set to: temperate_forest
2026-01-02 15:22:41 - MyKingdom - INFO - Cozy renderer initialized with tile size: 32
2026-01-02 15:22:41 - MyKingdom - INFO - Renderer biome set to: temperate_forest
2026-01-02 15:22:41 - MyKingdom - INFO - Cozy renderer initialized with tile size: 32
2026-01-02 15:22:41 - MyKingdom - INFO - Renderer biome set to: temperate_forest
2026-01-02 15:22:41 - MyKingdom - INFO - Cozy renderer initialized with tile size: 32
2026-01-02 15:22:41 - MyKingdom - INFO - Renderer biome set to: temperate_forest
2026-01-02 15:22:41 - MyKingdom - INFO - Cozy renderer initialized with tile size: 32
2026-01-02 15:22:41 - MyKingdom - INFO - Renderer biome set to: temperate_forest
2026-01-02 15:22:41 - MyKingdom - INFO - Cozy renderer initialized with tile size: 32
2026-01-02 15:22:41 - MyKingdom - INFO - Renderer biome set to: temperate_forest
2026-01-02 15:22:41 - MyKingdom - INFO - Cozy renderer initialized with tile size: 32
2026-01-02 15:22:41 - MyKingdom - INFO - Renderer biome set to: temperate_forest
2026-01-02 15:22:41 - MyKingdom - INFO - Cozy renderer initialized with tile size: 32
2026-01-02 15:22:41 - MyKingdom - INFO - Renderer biome set to: temperate_forest
2026-01-02 15:22:41 - MyKingdom - INFO - Cozy renderer initialized with tile size: 32
2026-01-02 15:22:41 - MyKingdom - INFO - Renderer biome set to: temperate_forest
2026-01-02 15:22:41 - MyKingdom - INFO - Cozy renderer initialized with tile size: 32
2026-01-02 15:22:41 - MyKingdom - INFO - Renderer biome set to: temperate_forest
2026-01-02 15:22:41 - MyKingdom - INFO - Cozy renderer initialized with tile size: 32
2026-01-02 15:22:41 - MyKingdom - INFO - Renderer biome set to: temperate_forest
2026-01-02 15:22:41 - MyKingdom - INFO - Cozy renderer initialized with tile size: 32
2026-01-02 15:22:41 - MyKingdom - INFO - Renderer biome set to: temperate_forest
2026-01-02 15:22:41 - MyKingdom - INFO - Cozy renderer initialized with tile size: 32
2026-01-02 15:22:41 - MyKingdom - INFO - Renderer biome set to: temperate_forest
2026-01-02 15:22:41 - MyKingdom - INFO - Cozy renderer initialized with tile size: 32
2026-01-02 15:22:41 - MyKingdom - INFO - Renderer biome set to: temperate_forest
2026-01-02 15:22:41 - MyKingdom - INFO - Cozy renderer initialized with tile size: 32
2026-01-02 15:22:41 - MyKingdom - INFO - Renderer biome set to: temperate_forest
2026-01-02 15:22:41 - MyKingdom - INFO - Cozy renderer initialized with tile size: 32
2026-01-02 15:22:41 - MyKingdom - INFO - Renderer biome set to: temperate_forest
2026-01-02 15:22:41 - MyKingdom - INFO - Cozy renderer initialized with tile size: 32
2026-01-02 15:22:41 - MyKingdom - INFO - Renderer biome set to: temperate_forest
2026-01-02 15:22:41 - MyKingdom - INFO - Cozy renderer initialized with tile size: 32
2026-01-02 15:22:41 - MyKingdom - INFO - Renderer biome set to: temperate_forest
2026-01-02 15:22:41 - MyKingdom - INFO - Cozy renderer initialized with tile size: 32
2026-01-02 15:22:41 - MyKingdom - INFO - Renderer biome set to: temperate_forest
2026-01-02 15:22:42 - MyKingdom - INFO - Cozy renderer initialized with tile size: 32
2026-01-02 15:22:42 - MyKingdom - INFO - Renderer biome set to: temperate_forest
2026-01-02 15:22:42 - MyKingdom - INFO - Cozy renderer initialized with tile size: 32
2026-01-02 15:22:42 - MyKingdom - INFO - Renderer biome set to: temperate_forest
2026-01-02 15:22:42 - MyKingdom - INFO - Location confirmed!
2026-01-02 15:22:42 - MyKingdom - INFO - Cozy renderer initialized with tile size: 32
2026-01-02 15:22:42 - MyKingdom - INFO - Renderer biome set to: temperate_forest
2026-01-02 15:22:42 - MyKingdom - INFO - === STARTING NEW GAME: 123 ===
2026-01-02 15:22:42 - MyKingdom - INFO - Using pre-generated world and tiles from selection screen
2026-01-02 15:22:42 - MyKingdom - INFO - Using player-selected location: (68, 69)
2026-01-02 15:22:42 - MyKingdom - INFO - Using pre-generated region tiles from preview
2026-01-02 15:22:42 - MyKingdom - INFO - Using selected region coordinates: (36, 40)
2026-01-02 15:22:42 - MyKingdom - INFO - Using pre-generated local tiles from preview - terrain will match preview!
2026-01-02 15:22:42 - MyKingdom - INFO - Renderer biome set to: temperate_forest
2026-01-02 15:22:42 - MyKingdom - INFO - Creating starting citizens...
2026-01-02 15:22:42 - MyKingdom - INFO - Created citizen: Vale Fairwind (ID: 1)
2026-01-02 15:22:42 - MyKingdom - INFO - Created citizen: Yara Clearwater (ID: 2)
2026-01-02 15:22:42 - MyKingdom - INFO - Created citizen: Lysa Kindler (ID: 3)
2026-01-02 15:22:42 - MyKingdom - INFO - Created citizen: Mira Quickstep (ID: 4)
2026-01-02 15:22:42 - MyKingdom - INFO - Created citizen: Cedric Evergreen (ID: 5)
2026-01-02 15:22:42 - MyKingdom - INFO - Game saved successfully: saves\123.sav.gz
2026-01-02 15:22:42 - MyKingdom - INFO - Game saved: 123
2026-01-02 15:22:42 - MyKingdom - INFO - === NEW GAME STARTED SUCCESSFULLY ===
2026-01-02 15:22:42 - MyKingdom - INFO - Game initialized successfully
2026-01-02 15:22:47 - MyKingdom - INFO - Building mode toggled: ON
2026-01-02 15:22:49 - MyKingdom - INFO - Selected: House
2026-01-02 15:22:52 - MyKingdom - INFO - Placed house at (50, 47), ID: 1
2026-01-02 15:22:53 - MyKingdom - INFO - Game saved successfully: saves\autosave_20260102_152252.sav.gz
2026-01-02 15:22:53 - MyKingdom - INFO - Found 15 save files
2026-01-02 15:22:53 - MyKingdom - INFO - Deleted save: saves\autosave_20260102_133818.sav.gz
2026-01-02 15:22:53 - MyKingdom - INFO - Cleaned up 1 old auto-saves
2026-01-02 15:22:53 - MyKingdom - INFO - Placed house at (50, 47)
2026-01-02 15:22:54 - MyKingdom - WARNING - Cannot place house at (49, 47)
2026-01-02 15:22:54 - MyKingdom - WARNING - Cannot place house at (49, 47)
2026-01-02 15:25:09 - MyKingdom - INFO - Quit event received from game
2026-01-02 15:25:09 - MyKingdom - INFO - ============================================================
2026-01-02 15:25:09 - MyKingdom - INFO - MY KINGDOM - Shutting Down
2026-01-02 15:25:09 - MyKingdom - INFO - ============================================================
