2026-01-01 16:03:51 - MyKingdom - INFO - ============================================================
2026-01-01 16:03:51 - MyKingdom - INFO - Game Logger Initialized
2026-01-01 16:03:51 - MyKingdom - INFO - Log file: C:\Users\Chris Mork\Desktop\My-KingdomVersion 3\Logs\game_20260101_160351.log
2026-01-01 16:03:51 - MyKingdom - INFO - ============================================================
2026-01-01 16:03:52 - MyKingdom - INFO - ============================================================
2026-01-01 16:03:52 - MyKingdom - INFO - MY KINGDOM - Starting Application
2026-01-01 16:03:52 - MyKingdom - INFO - ============================================================
2026-01-01 16:03:52 - MyKingdom - INFO - Pygame initialized
2026-01-01 16:03:52 - MyKingdom - INFO - Window created: 1280x720
2026-01-01 16:03:52 - MyKingdom - INFO - Application initialization complete
2026-01-01 16:03:52 - MyKingdom - INFO - Starting main application loop
2026-01-01 16:03:52 - MyKingdom - INFO - Entering MENU state
2026-01-01 16:03:52 - MyKingdom - INFO - AI-generated menu background loaded successfully
2026-01-01 16:03:52 - MyKingdom - INFO - Main menu initialized
2026-01-02 13:37:41 - MyKingdom - INFO - New Game button clicked
2026-01-02 13:37:44 - MyKingdom - INFO - Starting new game: New Game
2026-01-02 13:37:44 - MyKingdom - INFO - Starting new game: New Game
2026-01-02 13:37:44 - MyKingdom - INFO - Entering PLAYING state
2026-01-02 13:37:44 - MyKingdom - INFO - Initializing new GameState system...
2026-01-02 13:37:44 - MyKingdom - INFO - Cozy renderer initialized with tile size: 32
2026-01-02 13:37:44 - MyKingdom - INFO - Save system initialized. Save directory: C:\Users\Chris Mork\Desktop\My-KingdomVersion 3\saves
2026-01-02 13:37:44 - MyKingdom - INFO - Game state initialized
2026-01-02 13:37:44 - MyKingdom - INFO - === STARTING NEW GAME: New Game ===
2026-01-02 13:37:44 - MyKingdom - INFO - Tiered World Generator initialized with seed: 421993
2026-01-02 13:37:44 - MyKingdom - INFO - Generating large world map...
2026-01-02 13:37:44 - MyKingdom - INFO - Generating world map: 150x150...
2026-01-02 13:37:47 - MyKingdom - INFO - World generation complete!
2026-01-02 13:37:47 - MyKingdom - INFO - Biome distribution:
2026-01-02 13:37:47 - MyKingdom - INFO -   tundra: 10269 tiles (45.6%)
2026-01-02 13:37:47 - MyKingdom - INFO -   temperate_forest: 5785 tiles (25.7%)
2026-01-02 13:37:47 - MyKingdom - INFO -   boreal_forest: 5361 tiles (23.8%)
2026-01-02 13:37:47 - MyKingdom - INFO -   grassland: 1078 tiles (4.8%)
2026-01-02 13:37:47 - MyKingdom - INFO -   wetland: 7 tiles (0.0%)
2026-01-02 13:37:47 - MyKingdom - INFO - Selecting starting location...
2026-01-02 13:37:47 - MyKingdom - INFO - Generating starting region (biome: boreal_forest)...
2026-01-02 13:37:47 - MyKingdom - INFO - Generating region from world tile (123, 24)...
2026-01-02 13:37:47 - MyKingdom - INFO -   Biome: boreal_forest, Elevation: 0.40
2026-01-02 13:37:47 - MyKingdom - INFO - Generating local playable map...
2026-01-02 13:37:47 - MyKingdom - INFO - Generating local map from region chunk (40, 40)...
2026-01-02 13:37:47 - MyKingdom - INFO -   Chunk analysis: Biome=boreal_forest, Avg Elev=0.39
2026-01-02 13:37:47 - MyKingdom - INFO - Local map generated successfully
2026-01-02 13:37:47 - MyKingdom - INFO - Renderer biome set to: boreal_forest
2026-01-02 13:37:47 - MyKingdom - INFO - Creating starting citizens...
2026-01-02 13:37:47 - MyKingdom - INFO - Created citizen: Quinn Windwhisper (ID: 1)
2026-01-02 13:37:47 - MyKingdom - INFO - Created citizen: Xander Quickstep (ID: 2)
2026-01-02 13:37:47 - MyKingdom - INFO - Created citizen: Hilda Thornberry (ID: 3)
2026-01-02 13:37:47 - MyKingdom - INFO - Created citizen: Cedric Ashwood (ID: 4)
2026-01-02 13:37:47 - MyKingdom - INFO - Created citizen: Wren Oakenshield (ID: 5)
2026-01-02 13:37:47 - MyKingdom - INFO - Game saved successfully: saves\New Game.sav.gz
2026-01-02 13:37:47 - MyKingdom - INFO - Game saved: New Game
2026-01-02 13:37:47 - MyKingdom - INFO - === NEW GAME STARTED SUCCESSFULLY ===
2026-01-02 13:37:47 - MyKingdom - INFO - Game initialized successfully
2026-01-02 13:38:02 - MyKingdom - INFO - Building mode toggled: ON
2026-01-02 13:38:06 - MyKingdom - INFO - Selected: Lumber Camp
2026-01-02 13:38:08 - MyKingdom - INFO - Placed lumber_camp at (49, 44), ID: 1
2026-01-02 13:38:08 - MyKingdom - INFO - Game saved successfully: saves\autosave_20260102_133808.sav.gz
2026-01-02 13:38:08 - MyKingdom - INFO - Found 8 save files
2026-01-02 13:38:08 - MyKingdom - INFO - Deleted save: saves\autosave_20260101_153712.sav.gz
2026-01-02 13:38:08 - MyKingdom - INFO - Cleaned up 1 old auto-saves
2026-01-02 13:38:08 - MyKingdom - INFO - Placed lumber_camp at (49, 44)
2026-01-02 13:38:14 - MyKingdom - INFO - Placed lumber_camp at (50, 42), ID: 2
2026-01-02 13:38:14 - MyKingdom - INFO - Game saved successfully: saves\autosave_20260102_133814.sav.gz
2026-01-02 13:38:14 - MyKingdom - INFO - Found 8 save files
2026-01-02 13:38:14 - MyKingdom - INFO - Deleted save: saves\autosave_20260101_153717.sav.gz
2026-01-02 13:38:14 - MyKingdom - INFO - Cleaned up 1 old auto-saves
2026-01-02 13:38:14 - MyKingdom - INFO - Placed lumber_camp at (50, 42)
2026-01-02 13:38:15 - MyKingdom - INFO - Placed lumber_camp at (49, 40), ID: 3
2026-01-02 13:38:15 - MyKingdom - INFO - Game saved successfully: saves\autosave_20260102_133815.sav.gz
2026-01-02 13:38:15 - MyKingdom - INFO - Found 8 save files
2026-01-02 13:38:15 - MyKingdom - INFO - Deleted save: saves\autosave_20260101_153729.sav.gz
2026-01-02 13:38:15 - MyKingdom - INFO - Cleaned up 1 old auto-saves
2026-01-02 13:38:15 - MyKingdom - INFO - Placed lumber_camp at (49, 40)
2026-01-02 13:38:16 - MyKingdom - INFO - Placed lumber_camp at (49, 38), ID: 4
2026-01-02 13:38:16 - MyKingdom - INFO - Game saved successfully: saves\autosave_20260102_133816.sav.gz
2026-01-02 13:38:16 - MyKingdom - INFO - Found 8 save files
2026-01-02 13:38:16 - MyKingdom - INFO - Deleted save: saves\autosave_20260101_153813.sav.gz
2026-01-02 13:38:16 - MyKingdom - INFO - Cleaned up 1 old auto-saves
2026-01-02 13:38:16 - MyKingdom - INFO - Placed lumber_camp at (49, 38)
2026-01-02 13:38:17 - MyKingdom - WARNING - Cannot place lumber_camp at (49, 37)
2026-01-02 13:38:17 - MyKingdom - WARNING - Cannot place lumber_camp at (49, 37)
2026-01-02 13:38:18 - MyKingdom - WARNING - Cannot place lumber_camp at (49, 37)
2026-01-02 13:38:18 - MyKingdom - WARNING - Cannot place lumber_camp at (49, 37)
2026-01-02 13:38:18 - MyKingdom - INFO - Placed lumber_camp at (49, 36), ID: 5
2026-01-02 13:38:18 - MyKingdom - INFO - Game saved successfully: saves\autosave_20260102_133818.sav.gz
2026-01-02 13:38:18 - MyKingdom - INFO - Found 8 save files
2026-01-02 13:38:18 - MyKingdom - INFO - Deleted save: saves\autosave_20260101_153843.sav.gz
2026-01-02 13:38:18 - MyKingdom - INFO - Cleaned up 1 old auto-saves
2026-01-02 13:38:18 - MyKingdom - INFO - Placed lumber_camp at (49, 36)
2026-01-02 13:38:45 - MyKingdom - INFO - Switched to REGION view
