2026-01-02 14:50:15 - MyKingdom - INFO - ============================================================
2026-01-02 14:50:15 - MyKingdom - INFO - Game Logger Initialized
2026-01-02 14:50:15 - MyKingdom - INFO - Log file: C:\Users\Chris Mork\Desktop\My-KingdomVersion 3\Logs\game_20260102_145015.log
2026-01-02 14:50:15 - MyKingdom - INFO - ============================================================
2026-01-02 14:50:15 - MyKingdom - INFO - ============================================================
2026-01-02 14:50:15 - MyKingdom - INFO - MY KINGDOM - Starting Application
2026-01-02 14:50:15 - MyKingdom - INFO - ============================================================
2026-01-02 14:50:15 - MyKingdom - INFO - Pygame initialized
2026-01-02 14:50:16 - MyKingdom - INFO - Window created: 1280x720
2026-01-02 14:50:16 - MyKingdom - INFO - Application initialization complete
2026-01-02 14:50:16 - MyKingdom - INFO - Starting main application loop
2026-01-02 14:50:16 - MyKingdom - INFO - Entering MENU state
2026-01-02 14:50:16 - MyKingdom - INFO - AI-generated menu background loaded successfully
2026-01-02 14:50:16 - MyKingdom - INFO - Main menu initialized
2026-01-02 14:50:19 - MyKingdom - INFO - New Game button clicked
2026-01-02 14:50:21 - MyKingdom - INFO - Starting new game: 123
2026-01-02 14:50:21 - MyKingdom - INFO - Starting new game: 123
2026-01-02 14:50:21 - MyKingdom - INFO - Entering PLAYING state
2026-01-02 14:50:21 - MyKingdom - INFO - Initializing new GameState system...
2026-01-02 14:50:21 - MyKingdom - INFO - Cozy renderer initialized with tile size: 32
2026-01-02 14:50:21 - MyKingdom - INFO - Save system initialized. Save directory: C:\Users\Chris Mork\Desktop\My-KingdomVersion 3\saves
2026-01-02 14:50:21 - MyKingdom - INFO - Game state initialized
2026-01-02 14:50:21 - MyKingdom - INFO - Tiered World Generator initialized with seed: 161595
2026-01-02 14:50:21 - MyKingdom - INFO - Generating world map: 150x150...
2026-01-02 14:50:22 - MyKingdom - INFO - World generation complete!
2026-01-02 14:50:22 - MyKingdom - INFO - Biome distribution:
2026-01-02 14:50:22 - MyKingdom - INFO -   tundra: 11958 tiles (53.1%)
2026-01-02 14:50:22 - MyKingdom - INFO -   temperate_forest: 4982 tiles (22.1%)
2026-01-02 14:50:22 - MyKingdom - INFO -   boreal_forest: 4954 tiles (22.0%)
2026-01-02 14:50:22 - MyKingdom - INFO -   grassland: 606 tiles (2.7%)
2026-01-02 14:50:22 - MyKingdom - INFO - Multi-stage world selection screen initialized
2026-01-02 14:50:45 - MyKingdom - INFO - Generating region preview for world tile temperate_forest...
2026-01-02 14:50:45 - MyKingdom - INFO - Generating region from world tile (91, 83)...
2026-01-02 14:50:45 - MyKingdom - INFO -   Biome: temperate_forest, Elevation: 0.50
2026-01-02 14:50:45 - MyKingdom - INFO - Advanced to REGION view for world tile (91, 83)
2026-01-02 14:50:53 - MyKingdom - INFO - Generating local preview...
