2026-01-02 15:16:32 - MyKingdom - INFO - ============================================================
2026-01-02 15:16:32 - MyKingdom - INFO - Game Logger Initialized
2026-01-02 15:16:32 - MyKingdom - INFO - Log file: C:\Users\Chris Mork\Desktop\My-KingdomVersion 3\Logs\game_20260102_151632.log
2026-01-02 15:16:32 - MyKingdom - INFO - ============================================================
2026-01-02 15:16:32 - MyKingdom - INFO - ============================================================
2026-01-02 15:16:32 - MyKingdom - INFO - MY KINGDOM - Starting Application
2026-01-02 15:16:32 - MyKingdom - INFO - ============================================================
2026-01-02 15:16:32 - MyKingdom - INFO - Pygame initialized
2026-01-02 15:16:32 - MyKingdom - INFO - Window created: 1280x720
2026-01-02 15:16:32 - MyKingdom - INFO - Application initialization complete
2026-01-02 15:16:32 - MyKingdom - INFO - Starting main application loop
2026-01-02 15:16:32 - MyKingdom - INFO - Entering MENU state
2026-01-02 15:16:32 - MyKingdom - INFO - AI-generated menu background loaded successfully
2026-01-02 15:16:32 - MyKingdom - INFO - Main menu initialized
2026-01-02 15:16:39 - MyKingdom - INFO - New Game button clicked
2026-01-02 15:16:42 - MyKingdom - INFO - Starting new game: 123
2026-01-02 15:16:42 - MyKingdom - INFO - Starting new game: 123
2026-01-02 15:16:42 - MyKingdom - INFO - Entering PLAYING state
2026-01-02 15:16:42 - MyKingdom - INFO - Initializing new GameState system...
2026-01-02 15:16:42 - MyKingdom - INFO - Cozy renderer initialized with tile size: 32
2026-01-02 15:16:42 - MyKingdom - INFO - Save system initialized. Save directory: C:\Users\Chris Mork\Desktop\My-KingdomVersion 3\saves
2026-01-02 15:16:42 - MyKingdom - INFO - Game state initialized
2026-01-02 15:16:42 - MyKingdom - INFO - Tiered World Generator initialized with seed: 105586
2026-01-02 15:16:42 - MyKingdom - INFO - Generating world map: 150x150...
2026-01-02 15:16:43 - MyKingdom - INFO - World generation complete!
2026-01-02 15:16:43 - MyKingdom - INFO - Biome distribution:
2026-01-02 15:16:43 - MyKingdom - INFO -   tundra: 11190 tiles (49.7%)
2026-01-02 15:16:43 - MyKingdom - INFO -   boreal_forest: 5415 tiles (24.1%)
2026-01-02 15:16:43 - MyKingdom - INFO -   temperate_forest: 5116 tiles (22.7%)
2026-01-02 15:16:43 - MyKingdom - INFO -   grassland: 761 tiles (3.4%)
2026-01-02 15:16:43 - MyKingdom - INFO -   arid_shrubland: 16 tiles (0.1%)
2026-01-02 15:16:43 - MyKingdom - INFO -   wetland: 2 tiles (0.0%)
2026-01-02 15:16:43 - MyKingdom - INFO - Multi-stage world selection screen initialized
2026-01-02 15:16:50 - MyKingdom - INFO - Generating region preview for world tile tundra...
2026-01-02 15:16:50 - MyKingdom - INFO - Generating region from world tile (66, 50)...
2026-01-02 15:16:50 - MyKingdom - INFO -   Biome: tundra, Elevation: 0.32
2026-01-02 15:16:50 - MyKingdom - INFO - Advanced to REGION view for world tile (66, 50)
2026-01-02 15:16:55 - MyKingdom - INFO - Generating local preview from region tile (45, 46)...
2026-01-02 15:16:55 - MyKingdom - INFO - Generating local map from region chunk (45, 46)...
2026-01-02 15:16:55 - MyKingdom - INFO -   Chunk analysis: Biome=tundra, Avg Elev=0.48
2026-01-02 15:16:55 - MyKingdom - INFO - Local map generated successfully
2026-01-02 15:16:55 - MyKingdom - INFO - Advanced to LOCAL view
2026-01-02 15:16:55 - MyKingdom - INFO - Cozy renderer initialized with tile size: 32
2026-01-02 15:16:55 - MyKingdom - INFO - Renderer biome set to: tundra
2026-01-02 15:16:55 - MyKingdom - INFO - Cozy renderer initialized with tile size: 32
2026-01-02 15:16:55 - MyKingdom - INFO - Renderer biome set to: tundra
2026-01-02 15:16:55 - MyKingdom - INFO - Cozy renderer initialized with tile size: 32
2026-01-02 15:16:55 - MyKingdom - INFO - Renderer biome set to: tundra
2026-01-02 15:16:55 - MyKingdom - INFO - Cozy renderer initialized with tile size: 32
2026-01-02 15:16:55 - MyKingdom - INFO - Renderer biome set to: tundra
2026-01-02 15:16:55 - MyKingdom - INFO - Cozy renderer initialized with tile size: 32
2026-01-02 15:16:55 - MyKingdom - INFO - Renderer biome set to: tundra
2026-01-02 15:16:55 - MyKingdom - INFO - Cozy renderer initialized with tile size: 32
2026-01-02 15:16:55 - MyKingdom - INFO - Renderer biome set to: tundra
2026-01-02 15:16:55 - MyKingdom - INFO - Cozy renderer initialized with tile size: 32
2026-01-02 15:16:55 - MyKingdom - INFO - Renderer biome set to: tundra
2026-01-02 15:16:55 - MyKingdom - INFO - Cozy renderer initialized with tile size: 32
2026-01-02 15:16:55 - MyKingdom - INFO - Renderer biome set to: tundra
2026-01-02 15:16:55 - MyKingdom - INFO - Cozy renderer initialized with tile size: 32
2026-01-02 15:16:55 - MyKingdom - INFO - Renderer biome set to: tundra
2026-01-02 15:16:55 - MyKingdom - INFO - Cozy renderer initialized with tile size: 32
2026-01-02 15:16:55 - MyKingdom - INFO - Renderer biome set to: tundra
2026-01-02 15:16:55 - MyKingdom - INFO - Cozy renderer initialized with tile size: 32
2026-01-02 15:16:55 - MyKingdom - INFO - Renderer biome set to: tundra
2026-01-02 15:16:55 - MyKingdom - INFO - Cozy renderer initialized with tile size: 32
2026-01-02 15:16:55 - MyKingdom - INFO - Renderer biome set to: tundra
2026-01-02 15:16:56 - MyKingdom - INFO - Cozy renderer initialized with tile size: 32
2026-01-02 15:16:56 - MyKingdom - INFO - Renderer biome set to: tundra
2026-01-02 15:16:56 - MyKingdom - INFO - Cozy renderer initialized with tile size: 32
2026-01-02 15:16:56 - MyKingdom - INFO - Renderer biome set to: tundra
2026-01-02 15:16:56 - MyKingdom - INFO - Cozy renderer initialized with tile size: 32
2026-01-02 15:16:56 - MyKingdom - INFO - Renderer biome set to: tundra
2026-01-02 15:16:56 - MyKingdom - INFO - Cozy renderer initialized with tile size: 32
2026-01-02 15:16:56 - MyKingdom - INFO - Renderer biome set to: tundra
2026-01-02 15:16:56 - MyKingdom - INFO - Cozy renderer initialized with tile size: 32
2026-01-02 15:16:56 - MyKingdom - INFO - Renderer biome set to: tundra
2026-01-02 15:16:56 - MyKingdom - INFO - Cozy renderer initialized with tile size: 32
2026-01-02 15:16:56 - MyKingdom - INFO - Renderer biome set to: tundra
2026-01-02 15:16:56 - MyKingdom - INFO - Cozy renderer initialized with tile size: 32
2026-01-02 15:16:56 - MyKingdom - INFO - Renderer biome set to: tundra
2026-01-02 15:16:56 - MyKingdom - INFO - Cozy renderer initialized with tile size: 32
2026-01-02 15:16:56 - MyKingdom - INFO - Renderer biome set to: tundra
2026-01-02 15:16:56 - MyKingdom - INFO - Cozy renderer initialized with tile size: 32
2026-01-02 15:16:56 - MyKingdom - INFO - Renderer biome set to: tundra
2026-01-02 15:16:56 - MyKingdom - INFO - Cozy renderer initialized with tile size: 32
2026-01-02 15:16:56 - MyKingdom - INFO - Renderer biome set to: tundra
2026-01-02 15:16:56 - MyKingdom - INFO - Cozy renderer initialized with tile size: 32
2026-01-02 15:16:56 - MyKingdom - INFO - Renderer biome set to: tundra
2026-01-02 15:16:56 - MyKingdom - INFO - Cozy renderer initialized with tile size: 32
2026-01-02 15:16:56 - MyKingdom - INFO - Renderer biome set to: tundra
2026-01-02 15:16:56 - MyKingdom - INFO - Cozy renderer initialized with tile size: 32
2026-01-02 15:16:56 - MyKingdom - INFO - Renderer biome set to: tundra
2026-01-02 15:16:56 - MyKingdom - INFO - Cozy renderer initialized with tile size: 32
2026-01-02 15:16:56 - MyKingdom - INFO - Renderer biome set to: tundra
2026-01-02 15:16:56 - MyKingdom - INFO - Cozy renderer initialized with tile size: 32
2026-01-02 15:16:56 - MyKingdom - INFO - Renderer biome set to: tundra
2026-01-02 15:16:56 - MyKingdom - INFO - Cozy renderer initialized with tile size: 32
2026-01-02 15:16:56 - MyKingdom - INFO - Renderer biome set to: tundra
2026-01-02 15:16:56 - MyKingdom - INFO - Cozy renderer initialized with tile size: 32
2026-01-02 15:16:56 - MyKingdom - INFO - Renderer biome set to: tundra
2026-01-02 15:16:56 - MyKingdom - INFO - Cozy renderer initialized with tile size: 32
2026-01-02 15:16:56 - MyKingdom - INFO - Renderer biome set to: tundra
2026-01-02 15:16:56 - MyKingdom - INFO - Cozy renderer initialized with tile size: 32
2026-01-02 15:16:56 - MyKingdom - INFO - Renderer biome set to: tundra
2026-01-02 15:16:56 - MyKingdom - INFO - Cozy renderer initialized with tile size: 32
2026-01-02 15:16:56 - MyKingdom - INFO - Renderer biome set to: tundra
2026-01-02 15:16:56 - MyKingdom - INFO - Cozy renderer initialized with tile size: 32
2026-01-02 15:16:56 - MyKingdom - INFO - Renderer biome set to: tundra
2026-01-02 15:16:56 - MyKingdom - INFO - Cozy renderer initialized with tile size: 32
2026-01-02 15:16:56 - MyKingdom - INFO - Renderer biome set to: tundra
2026-01-02 15:16:56 - MyKingdom - INFO - Cozy renderer initialized with tile size: 32
2026-01-02 15:16:56 - MyKingdom - INFO - Renderer biome set to: tundra
2026-01-02 15:16:56 - MyKingdom - INFO - Cozy renderer initialized with tile size: 32
2026-01-02 15:16:56 - MyKingdom - INFO - Renderer biome set to: tundra
2026-01-02 15:16:56 - MyKingdom - INFO - Cozy renderer initialized with tile size: 32
2026-01-02 15:16:56 - MyKingdom - INFO - Renderer biome set to: tundra
2026-01-02 15:16:57 - MyKingdom - INFO - Cozy renderer initialized with tile size: 32
2026-01-02 15:16:57 - MyKingdom - INFO - Renderer biome set to: tundra
2026-01-02 15:16:57 - MyKingdom - INFO - Cozy renderer initialized with tile size: 32
2026-01-02 15:16:57 - MyKingdom - INFO - Renderer biome set to: tundra
2026-01-02 15:16:57 - MyKingdom - INFO - Cozy renderer initialized with tile size: 32
2026-01-02 15:16:57 - MyKingdom - INFO - Renderer biome set to: tundra
2026-01-02 15:16:57 - MyKingdom - INFO - Cozy renderer initialized with tile size: 32
2026-01-02 15:16:57 - MyKingdom - INFO - Renderer biome set to: tundra
2026-01-02 15:16:57 - MyKingdom - INFO - Cozy renderer initialized with tile size: 32
2026-01-02 15:16:57 - MyKingdom - INFO - Renderer biome set to: tundra
2026-01-02 15:16:57 - MyKingdom - INFO - Cozy renderer initialized with tile size: 32
2026-01-02 15:16:57 - MyKingdom - INFO - Renderer biome set to: tundra
2026-01-02 15:16:57 - MyKingdom - INFO - Cozy renderer initialized with tile size: 32
2026-01-02 15:16:57 - MyKingdom - INFO - Renderer biome set to: tundra
2026-01-02 15:16:57 - MyKingdom - INFO - Cozy renderer initialized with tile size: 32
2026-01-02 15:16:57 - MyKingdom - INFO - Renderer biome set to: tundra
2026-01-02 15:16:57 - MyKingdom - INFO - Cozy renderer initialized with tile size: 32
2026-01-02 15:16:57 - MyKingdom - INFO - Renderer biome set to: tundra
2026-01-02 15:16:57 - MyKingdom - INFO - Cozy renderer initialized with tile size: 32
2026-01-02 15:16:57 - MyKingdom - INFO - Renderer biome set to: tundra
2026-01-02 15:16:57 - MyKingdom - INFO - Cozy renderer initialized with tile size: 32
2026-01-02 15:16:57 - MyKingdom - INFO - Renderer biome set to: tundra
2026-01-02 15:16:57 - MyKingdom - INFO - Cozy renderer initialized with tile size: 32
2026-01-02 15:16:57 - MyKingdom - INFO - Renderer biome set to: tundra
2026-01-02 15:16:57 - MyKingdom - INFO - Cozy renderer initialized with tile size: 32
2026-01-02 15:16:57 - MyKingdom - INFO - Renderer biome set to: tundra
2026-01-02 15:16:57 - MyKingdom - INFO - Cozy renderer initialized with tile size: 32
2026-01-02 15:16:57 - MyKingdom - INFO - Renderer biome set to: tundra
2026-01-02 15:16:57 - MyKingdom - INFO - Cozy renderer initialized with tile size: 32
2026-01-02 15:16:57 - MyKingdom - INFO - Renderer biome set to: tundra
2026-01-02 15:16:57 - MyKingdom - INFO - Cozy renderer initialized with tile size: 32
2026-01-02 15:16:57 - MyKingdom - INFO - Renderer biome set to: tundra
2026-01-02 15:16:57 - MyKingdom - INFO - Cozy renderer initialized with tile size: 32
2026-01-02 15:16:57 - MyKingdom - INFO - Renderer biome set to: tundra
2026-01-02 15:16:57 - MyKingdom - INFO - Cozy renderer initialized with tile size: 32
2026-01-02 15:16:57 - MyKingdom - INFO - Renderer biome set to: tundra
2026-01-02 15:16:57 - MyKingdom - INFO - Cozy renderer initialized with tile size: 32
2026-01-02 15:16:57 - MyKingdom - INFO - Renderer biome set to: tundra
2026-01-02 15:16:57 - MyKingdom - INFO - Cozy renderer initialized with tile size: 32
2026-01-02 15:16:57 - MyKingdom - INFO - Renderer biome set to: tundra
2026-01-02 15:16:57 - MyKingdom - INFO - Cozy renderer initialized with tile size: 32
2026-01-02 15:16:57 - MyKingdom - INFO - Renderer biome set to: tundra
2026-01-02 15:16:57 - MyKingdom - INFO - Cozy renderer initialized with tile size: 32
2026-01-02 15:16:57 - MyKingdom - INFO - Renderer biome set to: tundra
2026-01-02 15:16:57 - MyKingdom - INFO - Cozy renderer initialized with tile size: 32
2026-01-02 15:16:57 - MyKingdom - INFO - Renderer biome set to: tundra
2026-01-02 15:16:57 - MyKingdom - INFO - Cozy renderer initialized with tile size: 32
2026-01-02 15:16:57 - MyKingdom - INFO - Renderer biome set to: tundra
2026-01-02 15:16:57 - MyKingdom - INFO - Cozy renderer initialized with tile size: 32
2026-01-02 15:16:57 - MyKingdom - INFO - Renderer biome set to: tundra
2026-01-02 15:16:57 - MyKingdom - INFO - Cozy renderer initialized with tile size: 32
2026-01-02 15:16:57 - MyKingdom - INFO - Renderer biome set to: tundra
2026-01-02 15:16:57 - MyKingdom - INFO - Cozy renderer initialized with tile size: 32
2026-01-02 15:16:57 - MyKingdom - INFO - Renderer biome set to: tundra
2026-01-02 15:16:58 - MyKingdom - INFO - Cozy renderer initialized with tile size: 32
2026-01-02 15:16:58 - MyKingdom - INFO - Renderer biome set to: tundra
2026-01-02 15:16:58 - MyKingdom - INFO - Cozy renderer initialized with tile size: 32
2026-01-02 15:16:58 - MyKingdom - INFO - Renderer biome set to: tundra
2026-01-02 15:16:58 - MyKingdom - INFO - Cozy renderer initialized with tile size: 32
2026-01-02 15:16:58 - MyKingdom - INFO - Renderer biome set to: tundra
2026-01-02 15:16:58 - MyKingdom - INFO - Cozy renderer initialized with tile size: 32
2026-01-02 15:16:58 - MyKingdom - INFO - Renderer biome set to: tundra
2026-01-02 15:16:58 - MyKingdom - INFO - Cozy renderer initialized with tile size: 32
2026-01-02 15:16:58 - MyKingdom - INFO - Renderer biome set to: tundra
2026-01-02 15:16:58 - MyKingdom - INFO - Cozy renderer initialized with tile size: 32
2026-01-02 15:16:58 - MyKingdom - INFO - Renderer biome set to: tundra
2026-01-02 15:16:58 - MyKingdom - INFO - Cozy renderer initialized with tile size: 32
2026-01-02 15:16:58 - MyKingdom - INFO - Renderer biome set to: tundra
2026-01-02 15:16:58 - MyKingdom - INFO - Cozy renderer initialized with tile size: 32
2026-01-02 15:16:58 - MyKingdom - INFO - Renderer biome set to: tundra
2026-01-02 15:16:58 - MyKingdom - INFO - Cozy renderer initialized with tile size: 32
2026-01-02 15:16:58 - MyKingdom - INFO - Renderer biome set to: tundra
2026-01-02 15:16:58 - MyKingdom - INFO - Cozy renderer initialized with tile size: 32
2026-01-02 15:16:58 - MyKingdom - INFO - Renderer biome set to: tundra
2026-01-02 15:16:58 - MyKingdom - INFO - Cozy renderer initialized with tile size: 32
2026-01-02 15:16:58 - MyKingdom - INFO - Renderer biome set to: tundra
2026-01-02 15:16:58 - MyKingdom - INFO - Cozy renderer initialized with tile size: 32
2026-01-02 15:16:58 - MyKingdom - INFO - Renderer biome set to: tundra
2026-01-02 15:16:58 - MyKingdom - INFO - Cozy renderer initialized with tile size: 32
2026-01-02 15:16:58 - MyKingdom - INFO - Renderer biome set to: tundra
2026-01-02 15:16:58 - MyKingdom - INFO - Cozy renderer initialized with tile size: 32
2026-01-02 15:16:58 - MyKingdom - INFO - Renderer biome set to: tundra
2026-01-02 15:16:58 - MyKingdom - INFO - Cozy renderer initialized with tile size: 32
2026-01-02 15:16:58 - MyKingdom - INFO - Renderer biome set to: tundra
2026-01-02 15:16:58 - MyKingdom - INFO - Cozy renderer initialized with tile size: 32
2026-01-02 15:16:58 - MyKingdom - INFO - Renderer biome set to: tundra
2026-01-02 15:16:58 - MyKingdom - INFO - Cozy renderer initialized with tile size: 32
2026-01-02 15:16:58 - MyKingdom - INFO - Renderer biome set to: tundra
2026-01-02 15:16:58 - MyKingdom - INFO - Cozy renderer initialized with tile size: 32
2026-01-02 15:16:58 - MyKingdom - INFO - Renderer biome set to: tundra
2026-01-02 15:16:58 - MyKingdom - INFO - Cozy renderer initialized with tile size: 32
2026-01-02 15:16:58 - MyKingdom - INFO - Renderer biome set to: tundra
2026-01-02 15:16:58 - MyKingdom - INFO - Cozy renderer initialized with tile size: 32
2026-01-02 15:16:58 - MyKingdom - INFO - Renderer biome set to: tundra
2026-01-02 15:16:58 - MyKingdom - INFO - Cozy renderer initialized with tile size: 32
2026-01-02 15:16:58 - MyKingdom - INFO - Renderer biome set to: tundra
2026-01-02 15:16:58 - MyKingdom - INFO - Cozy renderer initialized with tile size: 32
2026-01-02 15:16:58 - MyKingdom - INFO - Renderer biome set to: tundra
2026-01-02 15:16:58 - MyKingdom - INFO - Cozy renderer initialized with tile size: 32
2026-01-02 15:16:58 - MyKingdom - INFO - Renderer biome set to: tundra
2026-01-02 15:16:58 - MyKingdom - INFO - Cozy renderer initialized with tile size: 32
2026-01-02 15:16:58 - MyKingdom - INFO - Renderer biome set to: tundra
2026-01-02 15:16:58 - MyKingdom - INFO - Cozy renderer initialized with tile size: 32
2026-01-02 15:16:58 - MyKingdom - INFO - Renderer biome set to: tundra
2026-01-02 15:16:59 - MyKingdom - INFO - Cozy renderer initialized with tile size: 32
2026-01-02 15:16:59 - MyKingdom - INFO - Renderer biome set to: tundra
2026-01-02 15:16:59 - MyKingdom - INFO - Cozy renderer initialized with tile size: 32
2026-01-02 15:16:59 - MyKingdom - INFO - Renderer biome set to: tundra
2026-01-02 15:16:59 - MyKingdom - INFO - Cozy renderer initialized with tile size: 32
2026-01-02 15:16:59 - MyKingdom - INFO - Renderer biome set to: tundra
2026-01-02 15:16:59 - MyKingdom - INFO - Cozy renderer initialized with tile size: 32
2026-01-02 15:16:59 - MyKingdom - INFO - Renderer biome set to: tundra
2026-01-02 15:16:59 - MyKingdom - INFO - Cozy renderer initialized with tile size: 32
2026-01-02 15:16:59 - MyKingdom - INFO - Renderer biome set to: tundra
2026-01-02 15:16:59 - MyKingdom - INFO - Cozy renderer initialized with tile size: 32
2026-01-02 15:16:59 - MyKingdom - INFO - Renderer biome set to: tundra
2026-01-02 15:16:59 - MyKingdom - INFO - Cozy renderer initialized with tile size: 32
2026-01-02 15:16:59 - MyKingdom - INFO - Renderer biome set to: tundra
2026-01-02 15:16:59 - MyKingdom - INFO - Cozy renderer initialized with tile size: 32
2026-01-02 15:16:59 - MyKingdom - INFO - Renderer biome set to: tundra
2026-01-02 15:16:59 - MyKingdom - INFO - Cozy renderer initialized with tile size: 32
2026-01-02 15:16:59 - MyKingdom - INFO - Renderer biome set to: tundra
2026-01-02 15:16:59 - MyKingdom - INFO - Cozy renderer initialized with tile size: 32
2026-01-02 15:16:59 - MyKingdom - INFO - Renderer biome set to: tundra
2026-01-02 15:16:59 - MyKingdom - INFO - Cozy renderer initialized with tile size: 32
2026-01-02 15:16:59 - MyKingdom - INFO - Renderer biome set to: tundra
2026-01-02 15:16:59 - MyKingdom - INFO - Cozy renderer initialized with tile size: 32
2026-01-02 15:16:59 - MyKingdom - INFO - Renderer biome set to: tundra
2026-01-02 15:16:59 - MyKingdom - INFO - Cozy renderer initialized with tile size: 32
2026-01-02 15:16:59 - MyKingdom - INFO - Renderer biome set to: tundra
2026-01-02 15:16:59 - MyKingdom - INFO - Cozy renderer initialized with tile size: 32
2026-01-02 15:16:59 - MyKingdom - INFO - Renderer biome set to: tundra
2026-01-02 15:16:59 - MyKingdom - INFO - Cozy renderer initialized with tile size: 32
2026-01-02 15:16:59 - MyKingdom - INFO - Renderer biome set to: tundra
2026-01-02 15:16:59 - MyKingdom - INFO - Cozy renderer initialized with tile size: 32
2026-01-02 15:16:59 - MyKingdom - INFO - Renderer biome set to: tundra
2026-01-02 15:16:59 - MyKingdom - INFO - Cozy renderer initialized with tile size: 32
2026-01-02 15:16:59 - MyKingdom - INFO - Renderer biome set to: tundra
2026-01-02 15:16:59 - MyKingdom - INFO - Cozy renderer initialized with tile size: 32
2026-01-02 15:16:59 - MyKingdom - INFO - Renderer biome set to: tundra
2026-01-02 15:16:59 - MyKingdom - INFO - Cozy renderer initialized with tile size: 32
2026-01-02 15:16:59 - MyKingdom - INFO - Renderer biome set to: tundra
2026-01-02 15:16:59 - MyKingdom - INFO - Cozy renderer initialized with tile size: 32
2026-01-02 15:16:59 - MyKingdom - INFO - Renderer biome set to: tundra
2026-01-02 15:16:59 - MyKingdom - INFO - Cozy renderer initialized with tile size: 32
2026-01-02 15:16:59 - MyKingdom - INFO - Renderer biome set to: tundra
2026-01-02 15:16:59 - MyKingdom - INFO - Cozy renderer initialized with tile size: 32
2026-01-02 15:16:59 - MyKingdom - INFO - Renderer biome set to: tundra
2026-01-02 15:16:59 - MyKingdom - INFO - Cozy renderer initialized with tile size: 32
2026-01-02 15:16:59 - MyKingdom - INFO - Renderer biome set to: tundra
2026-01-02 15:17:00 - MyKingdom - INFO - Location confirmed!
2026-01-02 15:17:00 - MyKingdom - INFO - Cozy renderer initialized with tile size: 32
2026-01-02 15:17:00 - MyKingdom - INFO - Renderer biome set to: tundra
2026-01-02 15:17:00 - MyKingdom - INFO - === STARTING NEW GAME: 123 ===
2026-01-02 15:17:00 - MyKingdom - INFO - Using pre-generated world and tiles from selection screen
2026-01-02 15:17:00 - MyKingdom - INFO - Using player-selected location: (66, 50)
2026-01-02 15:17:00 - MyKingdom - INFO - Using pre-generated region tiles from preview
2026-01-02 15:17:00 - MyKingdom - INFO - Using selected region coordinates: (45, 46)
2026-01-02 15:17:00 - MyKingdom - INFO - Using pre-generated local tiles from preview - terrain will match preview!
2026-01-02 15:17:00 - MyKingdom - INFO - Renderer biome set to: tundra
2026-01-02 15:17:00 - MyKingdom - INFO - Creating starting citizens...
2026-01-02 15:17:00 - MyKingdom - INFO - Created citizen: Vale Fairwind (ID: 1)
2026-01-02 15:17:00 - MyKingdom - INFO - Created citizen: Yara Clearwater (ID: 2)
2026-01-02 15:17:00 - MyKingdom - INFO - Created citizen: Lysa Kindler (ID: 3)
2026-01-02 15:17:00 - MyKingdom - INFO - Created citizen: Mira Quickstep (ID: 4)
2026-01-02 15:17:00 - MyKingdom - INFO - Created citizen: Cedric Evergreen (ID: 5)
2026-01-02 15:17:00 - MyKingdom - INFO - Game saved successfully: saves\123.sav.gz
2026-01-02 15:17:00 - MyKingdom - INFO - Game saved: 123
2026-01-02 15:17:00 - MyKingdom - INFO - === NEW GAME STARTED SUCCESSFULLY ===
2026-01-02 15:17:00 - MyKingdom - INFO - Game initialized successfully
2026-01-02 15:18:26 - MyKingdom - INFO - Escape pressed - saving and returning to menu
2026-01-02 15:18:27 - MyKingdom - INFO - Game saved successfully: saves\123.sav.gz
2026-01-02 15:18:27 - MyKingdom - INFO - Game saved: 123
2026-01-02 15:18:27 - MyKingdom - INFO - Entering MENU state
2026-01-02 15:18:27 - MyKingdom - INFO - AI-generated menu background loaded successfully
2026-01-02 15:18:27 - MyKingdom - INFO - Main menu initialized
2026-01-02 15:18:34 - MyKingdom - INFO - New Game button clicked
2026-01-02 15:18:36 - MyKingdom - INFO - Starting new game: 123
2026-01-02 15:18:36 - MyKingdom - INFO - Starting new game: 123
2026-01-02 15:18:36 - MyKingdom - INFO - Entering PLAYING state
2026-01-02 15:18:36 - MyKingdom - INFO - Initializing new GameState system...
2026-01-02 15:18:36 - MyKingdom - INFO - Cozy renderer initialized with tile size: 32
2026-01-02 15:18:36 - MyKingdom - INFO - Save system initialized. Save directory: C:\Users\Chris Mork\Desktop\My-KingdomVersion 3\saves
2026-01-02 15:18:36 - MyKingdom - INFO - Game state initialized
2026-01-02 15:18:36 - MyKingdom - INFO - Tiered World Generator initialized with seed: 693207
2026-01-02 15:18:36 - MyKingdom - INFO - Generating world map: 150x150...
2026-01-02 15:18:36 - MyKingdom - INFO - World generation complete!
2026-01-02 15:18:36 - MyKingdom - INFO - Biome distribution:
2026-01-02 15:18:36 - MyKingdom - INFO -   tundra: 11297 tiles (50.2%)
2026-01-02 15:18:36 - MyKingdom - INFO -   temperate_forest: 5269 tiles (23.4%)
2026-01-02 15:18:36 - MyKingdom - INFO -   boreal_forest: 4856 tiles (21.6%)
2026-01-02 15:18:36 - MyKingdom - INFO -   grassland: 1078 tiles (4.8%)
2026-01-02 15:18:36 - MyKingdom - INFO - Multi-stage world selection screen initialized
2026-01-02 15:18:44 - MyKingdom - INFO - Generating region preview for world tile boreal_forest...
2026-01-02 15:18:44 - MyKingdom - INFO - Generating region from world tile (61, 88)...
2026-01-02 15:18:44 - MyKingdom - INFO -   Biome: boreal_forest, Elevation: 0.64
2026-01-02 15:18:44 - MyKingdom - INFO - Advanced to REGION view for world tile (61, 88)
2026-01-02 15:18:52 - MyKingdom - INFO - Generating local preview from region tile (45, 37)...
2026-01-02 15:18:52 - MyKingdom - INFO - Generating local map from region chunk (45, 37)...
2026-01-02 15:18:52 - MyKingdom - INFO -   Chunk analysis: Biome=boreal_forest, Avg Elev=0.57
2026-01-02 15:18:52 - MyKingdom - INFO - Local map generated successfully
2026-01-02 15:18:52 - MyKingdom - INFO - Advanced to LOCAL view
2026-01-02 15:18:52 - MyKingdom - INFO - Cozy renderer initialized with tile size: 32
2026-01-02 15:18:52 - MyKingdom - INFO - Renderer biome set to: boreal_forest
2026-01-02 15:18:52 - MyKingdom - INFO - Cozy renderer initialized with tile size: 32
2026-01-02 15:18:52 - MyKingdom - INFO - Renderer biome set to: boreal_forest
2026-01-02 15:18:52 - MyKingdom - INFO - Cozy renderer initialized with tile size: 32
2026-01-02 15:18:52 - MyKingdom - INFO - Renderer biome set to: boreal_forest
2026-01-02 15:18:52 - MyKingdom - INFO - Cozy renderer initialized with tile size: 32
2026-01-02 15:18:52 - MyKingdom - INFO - Renderer biome set to: boreal_forest
2026-01-02 15:18:52 - MyKingdom - INFO - Cozy renderer initialized with tile size: 32
2026-01-02 15:18:52 - MyKingdom - INFO - Renderer biome set to: boreal_forest
2026-01-02 15:18:52 - MyKingdom - INFO - Cozy renderer initialized with tile size: 32
2026-01-02 15:18:52 - MyKingdom - INFO - Renderer biome set to: boreal_forest
2026-01-02 15:18:52 - MyKingdom - INFO - Cozy renderer initialized with tile size: 32
2026-01-02 15:18:52 - MyKingdom - INFO - Renderer biome set to: boreal_forest
2026-01-02 15:18:52 - MyKingdom - INFO - Cozy renderer initialized with tile size: 32
2026-01-02 15:18:52 - MyKingdom - INFO - Renderer biome set to: boreal_forest
2026-01-02 15:18:52 - MyKingdom - INFO - Cozy renderer initialized with tile size: 32
2026-01-02 15:18:52 - MyKingdom - INFO - Renderer biome set to: boreal_forest
2026-01-02 15:18:52 - MyKingdom - INFO - Cozy renderer initialized with tile size: 32
2026-01-02 15:18:52 - MyKingdom - INFO - Renderer biome set to: boreal_forest
2026-01-02 15:18:52 - MyKingdom - INFO - Cozy renderer initialized with tile size: 32
2026-01-02 15:18:52 - MyKingdom - INFO - Renderer biome set to: boreal_forest
2026-01-02 15:18:52 - MyKingdom - INFO - Cozy renderer initialized with tile size: 32
2026-01-02 15:18:52 - MyKingdom - INFO - Renderer biome set to: boreal_forest
2026-01-02 15:18:52 - MyKingdom - INFO - Cozy renderer initialized with tile size: 32
2026-01-02 15:18:52 - MyKingdom - INFO - Renderer biome set to: boreal_forest
2026-01-02 15:18:52 - MyKingdom - INFO - Cozy renderer initialized with tile size: 32
2026-01-02 15:18:52 - MyKingdom - INFO - Renderer biome set to: boreal_forest
2026-01-02 15:18:52 - MyKingdom - INFO - Cozy renderer initialized with tile size: 32
2026-01-02 15:18:52 - MyKingdom - INFO - Renderer biome set to: boreal_forest
2026-01-02 15:18:52 - MyKingdom - INFO - Cozy renderer initialized with tile size: 32
2026-01-02 15:18:52 - MyKingdom - INFO - Renderer biome set to: boreal_forest
2026-01-02 15:18:52 - MyKingdom - INFO - Cozy renderer initialized with tile size: 32
2026-01-02 15:18:52 - MyKingdom - INFO - Renderer biome set to: boreal_forest
2026-01-02 15:18:52 - MyKingdom - INFO - Cozy renderer initialized with tile size: 32
2026-01-02 15:18:52 - MyKingdom - INFO - Renderer biome set to: boreal_forest
2026-01-02 15:18:52 - MyKingdom - INFO - Cozy renderer initialized with tile size: 32
2026-01-02 15:18:52 - MyKingdom - INFO - Renderer biome set to: boreal_forest
2026-01-02 15:18:52 - MyKingdom - INFO - Cozy renderer initialized with tile size: 32
2026-01-02 15:18:52 - MyKingdom - INFO - Renderer biome set to: boreal_forest
2026-01-02 15:18:52 - MyKingdom - INFO - Cozy renderer initialized with tile size: 32
2026-01-02 15:18:52 - MyKingdom - INFO - Renderer biome set to: boreal_forest
2026-01-02 15:18:52 - MyKingdom - INFO - Cozy renderer initialized with tile size: 32
2026-01-02 15:18:52 - MyKingdom - INFO - Renderer biome set to: boreal_forest
2026-01-02 15:18:53 - MyKingdom - INFO - Cozy renderer initialized with tile size: 32
2026-01-02 15:18:53 - MyKingdom - INFO - Renderer biome set to: boreal_forest
2026-01-02 15:18:53 - MyKingdom - INFO - Cozy renderer initialized with tile size: 32
2026-01-02 15:18:53 - MyKingdom - INFO - Renderer biome set to: boreal_forest
2026-01-02 15:18:53 - MyKingdom - INFO - Cozy renderer initialized with tile size: 32
2026-01-02 15:18:53 - MyKingdom - INFO - Renderer biome set to: boreal_forest
2026-01-02 15:18:53 - MyKingdom - INFO - Cozy renderer initialized with tile size: 32
2026-01-02 15:18:53 - MyKingdom - INFO - Renderer biome set to: boreal_forest
2026-01-02 15:18:53 - MyKingdom - INFO - Cozy renderer initialized with tile size: 32
2026-01-02 15:18:53 - MyKingdom - INFO - Renderer biome set to: boreal_forest
2026-01-02 15:18:53 - MyKingdom - INFO - Cozy renderer initialized with tile size: 32
2026-01-02 15:18:53 - MyKingdom - INFO - Renderer biome set to: boreal_forest
2026-01-02 15:18:53 - MyKingdom - INFO - Cozy renderer initialized with tile size: 32
2026-01-02 15:18:53 - MyKingdom - INFO - Renderer biome set to: boreal_forest
2026-01-02 15:18:53 - MyKingdom - INFO - Cozy renderer initialized with tile size: 32
2026-01-02 15:18:53 - MyKingdom - INFO - Renderer biome set to: boreal_forest
2026-01-02 15:18:53 - MyKingdom - INFO - Cozy renderer initialized with tile size: 32
2026-01-02 15:18:53 - MyKingdom - INFO - Renderer biome set to: boreal_forest
2026-01-02 15:18:53 - MyKingdom - INFO - Cozy renderer initialized with tile size: 32
2026-01-02 15:18:53 - MyKingdom - INFO - Renderer biome set to: boreal_forest
2026-01-02 15:18:53 - MyKingdom - INFO - Cozy renderer initialized with tile size: 32
2026-01-02 15:18:53 - MyKingdom - INFO - Renderer biome set to: boreal_forest
2026-01-02 15:18:53 - MyKingdom - INFO - Cozy renderer initialized with tile size: 32
2026-01-02 15:18:53 - MyKingdom - INFO - Renderer biome set to: boreal_forest
2026-01-02 15:18:53 - MyKingdom - INFO - Cozy renderer initialized with tile size: 32
2026-01-02 15:18:53 - MyKingdom - INFO - Renderer biome set to: boreal_forest
2026-01-02 15:18:53 - MyKingdom - INFO - Cozy renderer initialized with tile size: 32
2026-01-02 15:18:53 - MyKingdom - INFO - Renderer biome set to: boreal_forest
2026-01-02 15:18:53 - MyKingdom - INFO - Cozy renderer initialized with tile size: 32
2026-01-02 15:18:53 - MyKingdom - INFO - Renderer biome set to: boreal_forest
2026-01-02 15:18:53 - MyKingdom - INFO - Cozy renderer initialized with tile size: 32
2026-01-02 15:18:53 - MyKingdom - INFO - Renderer biome set to: boreal_forest
2026-01-02 15:18:53 - MyKingdom - INFO - Cozy renderer initialized with tile size: 32
2026-01-02 15:18:53 - MyKingdom - INFO - Renderer biome set to: boreal_forest
2026-01-02 15:18:53 - MyKingdom - INFO - Cozy renderer initialized with tile size: 32
2026-01-02 15:18:53 - MyKingdom - INFO - Renderer biome set to: boreal_forest
2026-01-02 15:18:53 - MyKingdom - INFO - Cozy renderer initialized with tile size: 32
2026-01-02 15:18:53 - MyKingdom - INFO - Renderer biome set to: boreal_forest
2026-01-02 15:18:53 - MyKingdom - INFO - Cozy renderer initialized with tile size: 32
2026-01-02 15:18:53 - MyKingdom - INFO - Renderer biome set to: boreal_forest
2026-01-02 15:18:53 - MyKingdom - INFO - Cozy renderer initialized with tile size: 32
2026-01-02 15:18:53 - MyKingdom - INFO - Renderer biome set to: boreal_forest
2026-01-02 15:18:53 - MyKingdom - INFO - Cozy renderer initialized with tile size: 32
2026-01-02 15:18:53 - MyKingdom - INFO - Renderer biome set to: boreal_forest
2026-01-02 15:18:53 - MyKingdom - INFO - Cozy renderer initialized with tile size: 32
2026-01-02 15:18:53 - MyKingdom - INFO - Renderer biome set to: boreal_forest
2026-01-02 15:18:53 - MyKingdom - INFO - Cozy renderer initialized with tile size: 32
2026-01-02 15:18:53 - MyKingdom - INFO - Renderer biome set to: boreal_forest
2026-01-02 15:18:53 - MyKingdom - INFO - Cozy renderer initialized with tile size: 32
2026-01-02 15:18:53 - MyKingdom - INFO - Renderer biome set to: boreal_forest
2026-01-02 15:18:54 - MyKingdom - INFO - Cozy renderer initialized with tile size: 32
2026-01-02 15:18:54 - MyKingdom - INFO - Renderer biome set to: boreal_forest
2026-01-02 15:18:54 - MyKingdom - INFO - Cozy renderer initialized with tile size: 32
2026-01-02 15:18:54 - MyKingdom - INFO - Renderer biome set to: boreal_forest
2026-01-02 15:18:54 - MyKingdom - INFO - Cozy renderer initialized with tile size: 32
2026-01-02 15:18:54 - MyKingdom - INFO - Renderer biome set to: boreal_forest
2026-01-02 15:18:54 - MyKingdom - INFO - Cozy renderer initialized with tile size: 32
2026-01-02 15:18:54 - MyKingdom - INFO - Renderer biome set to: boreal_forest
2026-01-02 15:18:54 - MyKingdom - INFO - Cozy renderer initialized with tile size: 32
2026-01-02 15:18:54 - MyKingdom - INFO - Renderer biome set to: boreal_forest
2026-01-02 15:18:54 - MyKingdom - INFO - Cozy renderer initialized with tile size: 32
2026-01-02 15:18:54 - MyKingdom - INFO - Renderer biome set to: boreal_forest
2026-01-02 15:18:54 - MyKingdom - INFO - Cozy renderer initialized with tile size: 32
2026-01-02 15:18:54 - MyKingdom - INFO - Renderer biome set to: boreal_forest
2026-01-02 15:18:54 - MyKingdom - INFO - Cozy renderer initialized with tile size: 32
2026-01-02 15:18:54 - MyKingdom - INFO - Renderer biome set to: boreal_forest
2026-01-02 15:18:54 - MyKingdom - INFO - Cozy renderer initialized with tile size: 32
2026-01-02 15:18:54 - MyKingdom - INFO - Renderer biome set to: boreal_forest
2026-01-02 15:18:54 - MyKingdom - INFO - Cozy renderer initialized with tile size: 32
2026-01-02 15:18:54 - MyKingdom - INFO - Renderer biome set to: boreal_forest
2026-01-02 15:18:54 - MyKingdom - INFO - Cozy renderer initialized with tile size: 32
2026-01-02 15:18:54 - MyKingdom - INFO - Renderer biome set to: boreal_forest
2026-01-02 15:18:54 - MyKingdom - INFO - Cozy renderer initialized with tile size: 32
2026-01-02 15:18:54 - MyKingdom - INFO - Renderer biome set to: boreal_forest
2026-01-02 15:18:54 - MyKingdom - INFO - Cozy renderer initialized with tile size: 32
2026-01-02 15:18:54 - MyKingdom - INFO - Renderer biome set to: boreal_forest
2026-01-02 15:18:54 - MyKingdom - INFO - Cozy renderer initialized with tile size: 32
2026-01-02 15:18:54 - MyKingdom - INFO - Renderer biome set to: boreal_forest
2026-01-02 15:18:54 - MyKingdom - INFO - Cozy renderer initialized with tile size: 32
2026-01-02 15:18:54 - MyKingdom - INFO - Renderer biome set to: boreal_forest
2026-01-02 15:18:54 - MyKingdom - INFO - Cozy renderer initialized with tile size: 32
2026-01-02 15:18:54 - MyKingdom - INFO - Renderer biome set to: boreal_forest
2026-01-02 15:18:54 - MyKingdom - INFO - Cozy renderer initialized with tile size: 32
2026-01-02 15:18:54 - MyKingdom - INFO - Renderer biome set to: boreal_forest
2026-01-02 15:18:54 - MyKingdom - INFO - Cozy renderer initialized with tile size: 32
2026-01-02 15:18:54 - MyKingdom - INFO - Renderer biome set to: boreal_forest
2026-01-02 15:18:54 - MyKingdom - INFO - Cozy renderer initialized with tile size: 32
2026-01-02 15:18:54 - MyKingdom - INFO - Renderer biome set to: boreal_forest
2026-01-02 15:18:54 - MyKingdom - INFO - Cozy renderer initialized with tile size: 32
2026-01-02 15:18:54 - MyKingdom - INFO - Renderer biome set to: boreal_forest
2026-01-02 15:18:54 - MyKingdom - INFO - Cozy renderer initialized with tile size: 32
2026-01-02 15:18:54 - MyKingdom - INFO - Renderer biome set to: boreal_forest
2026-01-02 15:18:54 - MyKingdom - INFO - Cozy renderer initialized with tile size: 32
2026-01-02 15:18:54 - MyKingdom - INFO - Renderer biome set to: boreal_forest
2026-01-02 15:18:54 - MyKingdom - INFO - Cozy renderer initialized with tile size: 32
2026-01-02 15:18:54 - MyKingdom - INFO - Renderer biome set to: boreal_forest
2026-01-02 15:18:54 - MyKingdom - INFO - Cozy renderer initialized with tile size: 32
2026-01-02 15:18:54 - MyKingdom - INFO - Renderer biome set to: boreal_forest
2026-01-02 15:18:54 - MyKingdom - INFO - Cozy renderer initialized with tile size: 32
2026-01-02 15:18:54 - MyKingdom - INFO - Renderer biome set to: boreal_forest
2026-01-02 15:18:54 - MyKingdom - INFO - Cozy renderer initialized with tile size: 32
2026-01-02 15:18:54 - MyKingdom - INFO - Renderer biome set to: boreal_forest
2026-01-02 15:18:55 - MyKingdom - INFO - Cozy renderer initialized with tile size: 32
2026-01-02 15:18:55 - MyKingdom - INFO - Renderer biome set to: boreal_forest
2026-01-02 15:18:55 - MyKingdom - INFO - Cozy renderer initialized with tile size: 32
2026-01-02 15:18:55 - MyKingdom - INFO - Renderer biome set to: boreal_forest
2026-01-02 15:18:55 - MyKingdom - INFO - Cozy renderer initialized with tile size: 32
2026-01-02 15:18:55 - MyKingdom - INFO - Renderer biome set to: boreal_forest
2026-01-02 15:18:55 - MyKingdom - INFO - Cozy renderer initialized with tile size: 32
2026-01-02 15:18:55 - MyKingdom - INFO - Renderer biome set to: boreal_forest
2026-01-02 15:18:55 - MyKingdom - INFO - Cozy renderer initialized with tile size: 32
2026-01-02 15:18:55 - MyKingdom - INFO - Renderer biome set to: boreal_forest
2026-01-02 15:18:55 - MyKingdom - INFO - Cozy renderer initialized with tile size: 32
2026-01-02 15:18:55 - MyKingdom - INFO - Renderer biome set to: boreal_forest
2026-01-02 15:18:55 - MyKingdom - INFO - Cozy renderer initialized with tile size: 32
2026-01-02 15:18:55 - MyKingdom - INFO - Renderer biome set to: boreal_forest
2026-01-02 15:18:55 - MyKingdom - INFO - Cozy renderer initialized with tile size: 32
2026-01-02 15:18:55 - MyKingdom - INFO - Renderer biome set to: boreal_forest
2026-01-02 15:18:55 - MyKingdom - INFO - Cozy renderer initialized with tile size: 32
2026-01-02 15:18:55 - MyKingdom - INFO - Renderer biome set to: boreal_forest
2026-01-02 15:18:55 - MyKingdom - INFO - Cozy renderer initialized with tile size: 32
2026-01-02 15:18:55 - MyKingdom - INFO - Renderer biome set to: boreal_forest
2026-01-02 15:18:55 - MyKingdom - INFO - Cozy renderer initialized with tile size: 32
2026-01-02 15:18:55 - MyKingdom - INFO - Renderer biome set to: boreal_forest
2026-01-02 15:18:55 - MyKingdom - INFO - Cozy renderer initialized with tile size: 32
2026-01-02 15:18:55 - MyKingdom - INFO - Renderer biome set to: boreal_forest
2026-01-02 15:18:55 - MyKingdom - INFO - Cozy renderer initialized with tile size: 32
2026-01-02 15:18:55 - MyKingdom - INFO - Renderer biome set to: boreal_forest
2026-01-02 15:18:55 - MyKingdom - INFO - Cozy renderer initialized with tile size: 32
2026-01-02 15:18:55 - MyKingdom - INFO - Renderer biome set to: boreal_forest
2026-01-02 15:18:55 - MyKingdom - INFO - Cozy renderer initialized with tile size: 32
2026-01-02 15:18:55 - MyKingdom - INFO - Renderer biome set to: boreal_forest
2026-01-02 15:18:55 - MyKingdom - INFO - Cozy renderer initialized with tile size: 32
2026-01-02 15:18:55 - MyKingdom - INFO - Renderer biome set to: boreal_forest
2026-01-02 15:18:55 - MyKingdom - INFO - Cozy renderer initialized with tile size: 32
2026-01-02 15:18:55 - MyKingdom - INFO - Renderer biome set to: boreal_forest
2026-01-02 15:18:55 - MyKingdom - INFO - Cozy renderer initialized with tile size: 32
2026-01-02 15:18:55 - MyKingdom - INFO - Renderer biome set to: boreal_forest
2026-01-02 15:18:55 - MyKingdom - INFO - Cozy renderer initialized with tile size: 32
2026-01-02 15:18:55 - MyKingdom - INFO - Renderer biome set to: boreal_forest
2026-01-02 15:18:55 - MyKingdom - INFO - Cozy renderer initialized with tile size: 32
2026-01-02 15:18:55 - MyKingdom - INFO - Renderer biome set to: boreal_forest
2026-01-02 15:18:55 - MyKingdom - INFO - Cozy renderer initialized with tile size: 32
2026-01-02 15:18:55 - MyKingdom - INFO - Renderer biome set to: boreal_forest
2026-01-02 15:18:55 - MyKingdom - INFO - Cozy renderer initialized with tile size: 32
2026-01-02 15:18:55 - MyKingdom - INFO - Renderer biome set to: boreal_forest
2026-01-02 15:18:55 - MyKingdom - INFO - Cozy renderer initialized with tile size: 32
2026-01-02 15:18:55 - MyKingdom - INFO - Renderer biome set to: boreal_forest
2026-01-02 15:18:55 - MyKingdom - INFO - Cozy renderer initialized with tile size: 32
2026-01-02 15:18:55 - MyKingdom - INFO - Renderer biome set to: boreal_forest
2026-01-02 15:18:55 - MyKingdom - INFO - Cozy renderer initialized with tile size: 32
2026-01-02 15:18:55 - MyKingdom - INFO - Renderer biome set to: boreal_forest
2026-01-02 15:18:55 - MyKingdom - INFO - Cozy renderer initialized with tile size: 32
2026-01-02 15:18:56 - MyKingdom - INFO - Renderer biome set to: boreal_forest
2026-01-02 15:18:56 - MyKingdom - INFO - Cozy renderer initialized with tile size: 32
2026-01-02 15:18:56 - MyKingdom - INFO - Renderer biome set to: boreal_forest
2026-01-02 15:18:56 - MyKingdom - INFO - Cozy renderer initialized with tile size: 32
2026-01-02 15:18:56 - MyKingdom - INFO - Renderer biome set to: boreal_forest
2026-01-02 15:18:56 - MyKingdom - INFO - Cozy renderer initialized with tile size: 32
2026-01-02 15:18:56 - MyKingdom - INFO - Renderer biome set to: boreal_forest
2026-01-02 15:18:56 - MyKingdom - INFO - Cozy renderer initialized with tile size: 32
2026-01-02 15:18:56 - MyKingdom - INFO - Renderer biome set to: boreal_forest
2026-01-02 15:18:56 - MyKingdom - INFO - Cozy renderer initialized with tile size: 32
2026-01-02 15:18:56 - MyKingdom - INFO - Renderer biome set to: boreal_forest
2026-01-02 15:18:56 - MyKingdom - INFO - Cozy renderer initialized with tile size: 32
2026-01-02 15:18:56 - MyKingdom - INFO - Renderer biome set to: boreal_forest
2026-01-02 15:18:56 - MyKingdom - INFO - Cozy renderer initialized with tile size: 32
2026-01-02 15:18:56 - MyKingdom - INFO - Renderer biome set to: boreal_forest
2026-01-02 15:18:56 - MyKingdom - INFO - Cozy renderer initialized with tile size: 32
2026-01-02 15:18:56 - MyKingdom - INFO - Renderer biome set to: boreal_forest
2026-01-02 15:18:56 - MyKingdom - INFO - Cozy renderer initialized with tile size: 32
2026-01-02 15:18:56 - MyKingdom - INFO - Renderer biome set to: boreal_forest
2026-01-02 15:18:56 - MyKingdom - INFO - Cozy renderer initialized with tile size: 32
2026-01-02 15:18:56 - MyKingdom - INFO - Renderer biome set to: boreal_forest
2026-01-02 15:18:56 - MyKingdom - INFO - Cozy renderer initialized with tile size: 32
2026-01-02 15:18:56 - MyKingdom - INFO - Renderer biome set to: boreal_forest
2026-01-02 15:18:56 - MyKingdom - INFO - Cozy renderer initialized with tile size: 32
2026-01-02 15:18:56 - MyKingdom - INFO - Renderer biome set to: boreal_forest
2026-01-02 15:18:56 - MyKingdom - INFO - Cozy renderer initialized with tile size: 32
2026-01-02 15:18:56 - MyKingdom - INFO - Renderer biome set to: boreal_forest
2026-01-02 15:18:56 - MyKingdom - INFO - Cozy renderer initialized with tile size: 32
2026-01-02 15:18:56 - MyKingdom - INFO - Renderer biome set to: boreal_forest
2026-01-02 15:18:56 - MyKingdom - INFO - Cozy renderer initialized with tile size: 32
2026-01-02 15:18:56 - MyKingdom - INFO - Renderer biome set to: boreal_forest
2026-01-02 15:18:56 - MyKingdom - INFO - Cozy renderer initialized with tile size: 32
2026-01-02 15:18:56 - MyKingdom - INFO - Renderer biome set to: boreal_forest
2026-01-02 15:18:56 - MyKingdom - INFO - Cozy renderer initialized with tile size: 32
2026-01-02 15:18:56 - MyKingdom - INFO - Renderer biome set to: boreal_forest
2026-01-02 15:18:56 - MyKingdom - INFO - Cozy renderer initialized with tile size: 32
2026-01-02 15:18:56 - MyKingdom - INFO - Renderer biome set to: boreal_forest
2026-01-02 15:18:56 - MyKingdom - INFO - Cozy renderer initialized with tile size: 32
2026-01-02 15:18:56 - MyKingdom - INFO - Renderer biome set to: boreal_forest
2026-01-02 15:18:56 - MyKingdom - INFO - Cozy renderer initialized with tile size: 32
2026-01-02 15:18:56 - MyKingdom - INFO - Renderer biome set to: boreal_forest
2026-01-02 15:18:56 - MyKingdom - INFO - Cozy renderer initialized with tile size: 32
2026-01-02 15:18:56 - MyKingdom - INFO - Renderer biome set to: boreal_forest
2026-01-02 15:18:56 - MyKingdom - INFO - Cozy renderer initialized with tile size: 32
2026-01-02 15:18:56 - MyKingdom - INFO - Renderer biome set to: boreal_forest
2026-01-02 15:18:56 - MyKingdom - INFO - Cozy renderer initialized with tile size: 32
2026-01-02 15:18:56 - MyKingdom - INFO - Renderer biome set to: boreal_forest
2026-01-02 15:18:56 - MyKingdom - INFO - Cozy renderer initialized with tile size: 32
2026-01-02 15:18:56 - MyKingdom - INFO - Renderer biome set to: boreal_forest
2026-01-02 15:18:57 - MyKingdom - INFO - Cozy renderer initialized with tile size: 32
2026-01-02 15:18:57 - MyKingdom - INFO - Renderer biome set to: boreal_forest
2026-01-02 15:18:57 - MyKingdom - INFO - Cozy renderer initialized with tile size: 32
2026-01-02 15:18:57 - MyKingdom - INFO - Renderer biome set to: boreal_forest
2026-01-02 15:18:57 - MyKingdom - INFO - Cozy renderer initialized with tile size: 32
2026-01-02 15:18:57 - MyKingdom - INFO - Renderer biome set to: boreal_forest
2026-01-02 15:18:57 - MyKingdom - INFO - Cozy renderer initialized with tile size: 32
2026-01-02 15:18:57 - MyKingdom - INFO - Renderer biome set to: boreal_forest
2026-01-02 15:18:57 - MyKingdom - INFO - Cozy renderer initialized with tile size: 32
2026-01-02 15:18:57 - MyKingdom - INFO - Renderer biome set to: boreal_forest
2026-01-02 15:18:57 - MyKingdom - INFO - Cozy renderer initialized with tile size: 32
2026-01-02 15:18:57 - MyKingdom - INFO - Renderer biome set to: boreal_forest
2026-01-02 15:18:57 - MyKingdom - INFO - Cozy renderer initialized with tile size: 32
2026-01-02 15:18:57 - MyKingdom - INFO - Renderer biome set to: boreal_forest
2026-01-02 15:18:57 - MyKingdom - INFO - Cozy renderer initialized with tile size: 32
2026-01-02 15:18:57 - MyKingdom - INFO - Renderer biome set to: boreal_forest
2026-01-02 15:18:57 - MyKingdom - INFO - Cozy renderer initialized with tile size: 32
2026-01-02 15:18:57 - MyKingdom - INFO - Renderer biome set to: boreal_forest
2026-01-02 15:18:57 - MyKingdom - INFO - Cozy renderer initialized with tile size: 32
2026-01-02 15:18:57 - MyKingdom - INFO - Renderer biome set to: boreal_forest
2026-01-02 15:18:57 - MyKingdom - INFO - Cozy renderer initialized with tile size: 32
2026-01-02 15:18:57 - MyKingdom - INFO - Renderer biome set to: boreal_forest
2026-01-02 15:18:57 - MyKingdom - INFO - Cozy renderer initialized with tile size: 32
2026-01-02 15:18:57 - MyKingdom - INFO - Renderer biome set to: boreal_forest
2026-01-02 15:18:57 - MyKingdom - INFO - Cozy renderer initialized with tile size: 32
2026-01-02 15:18:57 - MyKingdom - INFO - Renderer biome set to: boreal_forest
2026-01-02 15:18:57 - MyKingdom - INFO - Cozy renderer initialized with tile size: 32
2026-01-02 15:18:57 - MyKingdom - INFO - Renderer biome set to: boreal_forest
2026-01-02 15:18:57 - MyKingdom - INFO - Cozy renderer initialized with tile size: 32
2026-01-02 15:18:57 - MyKingdom - INFO - Renderer biome set to: boreal_forest
2026-01-02 15:18:57 - MyKingdom - INFO - Cozy renderer initialized with tile size: 32
2026-01-02 15:18:57 - MyKingdom - INFO - Renderer biome set to: boreal_forest
2026-01-02 15:18:57 - MyKingdom - INFO - Cozy renderer initialized with tile size: 32
2026-01-02 15:18:57 - MyKingdom - INFO - Renderer biome set to: boreal_forest
2026-01-02 15:18:57 - MyKingdom - INFO - Cozy renderer initialized with tile size: 32
2026-01-02 15:18:57 - MyKingdom - INFO - Renderer biome set to: boreal_forest
2026-01-02 15:18:57 - MyKingdom - INFO - Cozy renderer initialized with tile size: 32
2026-01-02 15:18:57 - MyKingdom - INFO - Renderer biome set to: boreal_forest
2026-01-02 15:18:57 - MyKingdom - INFO - Cozy renderer initialized with tile size: 32
2026-01-02 15:18:57 - MyKingdom - INFO - Renderer biome set to: boreal_forest
2026-01-02 15:18:57 - MyKingdom - INFO - Cozy renderer initialized with tile size: 32
2026-01-02 15:18:57 - MyKingdom - INFO - Renderer biome set to: boreal_forest
2026-01-02 15:18:57 - MyKingdom - INFO - Cozy renderer initialized with tile size: 32
2026-01-02 15:18:57 - MyKingdom - INFO - Renderer biome set to: boreal_forest
2026-01-02 15:18:58 - MyKingdom - INFO - Cozy renderer initialized with tile size: 32
2026-01-02 15:18:58 - MyKingdom - INFO - Renderer biome set to: boreal_forest
2026-01-02 15:18:58 - MyKingdom - INFO - Cozy renderer initialized with tile size: 32
2026-01-02 15:18:58 - MyKingdom - INFO - Renderer biome set to: boreal_forest
2026-01-02 15:18:58 - MyKingdom - INFO - Cozy renderer initialized with tile size: 32
2026-01-02 15:18:58 - MyKingdom - INFO - Renderer biome set to: boreal_forest
2026-01-02 15:18:58 - MyKingdom - INFO - Cozy renderer initialized with tile size: 32
2026-01-02 15:18:58 - MyKingdom - INFO - Renderer biome set to: boreal_forest
2026-01-02 15:18:58 - MyKingdom - INFO - Cozy renderer initialized with tile size: 32
2026-01-02 15:18:58 - MyKingdom - INFO - Renderer biome set to: boreal_forest
2026-01-02 15:18:58 - MyKingdom - INFO - Cozy renderer initialized with tile size: 32
2026-01-02 15:18:58 - MyKingdom - INFO - Renderer biome set to: boreal_forest
2026-01-02 15:18:58 - MyKingdom - INFO - Cozy renderer initialized with tile size: 32
2026-01-02 15:18:58 - MyKingdom - INFO - Renderer biome set to: boreal_forest
2026-01-02 15:18:58 - MyKingdom - INFO - Cozy renderer initialized with tile size: 32
2026-01-02 15:18:58 - MyKingdom - INFO - Renderer biome set to: boreal_forest
2026-01-02 15:18:58 - MyKingdom - INFO - Cozy renderer initialized with tile size: 32
2026-01-02 15:18:58 - MyKingdom - INFO - Renderer biome set to: boreal_forest
2026-01-02 15:18:58 - MyKingdom - INFO - Cozy renderer initialized with tile size: 32
2026-01-02 15:18:58 - MyKingdom - INFO - Renderer biome set to: boreal_forest
2026-01-02 15:18:58 - MyKingdom - INFO - Cozy renderer initialized with tile size: 32
2026-01-02 15:18:58 - MyKingdom - INFO - Renderer biome set to: boreal_forest
2026-01-02 15:18:58 - MyKingdom - INFO - Cozy renderer initialized with tile size: 32
2026-01-02 15:18:58 - MyKingdom - INFO - Renderer biome set to: boreal_forest
2026-01-02 15:18:58 - MyKingdom - INFO - Cozy renderer initialized with tile size: 32
2026-01-02 15:18:58 - MyKingdom - INFO - Renderer biome set to: boreal_forest
2026-01-02 15:18:58 - MyKingdom - INFO - Cozy renderer initialized with tile size: 32
2026-01-02 15:18:58 - MyKingdom - INFO - Renderer biome set to: boreal_forest
2026-01-02 15:18:58 - MyKingdom - INFO - Cozy renderer initialized with tile size: 32
2026-01-02 15:18:58 - MyKingdom - INFO - Renderer biome set to: boreal_forest
2026-01-02 15:18:58 - MyKingdom - INFO - Cozy renderer initialized with tile size: 32
2026-01-02 15:18:58 - MyKingdom - INFO - Renderer biome set to: boreal_forest
2026-01-02 15:18:58 - MyKingdom - INFO - Cozy renderer initialized with tile size: 32
2026-01-02 15:18:58 - MyKingdom - INFO - Renderer biome set to: boreal_forest
2026-01-02 15:18:58 - MyKingdom - INFO - Cozy renderer initialized with tile size: 32
2026-01-02 15:18:58 - MyKingdom - INFO - Renderer biome set to: boreal_forest
2026-01-02 15:18:58 - MyKingdom - INFO - Cozy renderer initialized with tile size: 32
2026-01-02 15:18:58 - MyKingdom - INFO - Renderer biome set to: boreal_forest
2026-01-02 15:18:58 - MyKingdom - INFO - Cozy renderer initialized with tile size: 32
2026-01-02 15:18:58 - MyKingdom - INFO - Renderer biome set to: boreal_forest
2026-01-02 15:18:58 - MyKingdom - INFO - Cozy renderer initialized with tile size: 32
2026-01-02 15:18:58 - MyKingdom - INFO - Renderer biome set to: boreal_forest
2026-01-02 15:18:59 - MyKingdom - INFO - Cozy renderer initialized with tile size: 32
2026-01-02 15:18:59 - MyKingdom - INFO - Renderer biome set to: boreal_forest
2026-01-02 15:18:59 - MyKingdom - INFO - Cozy renderer initialized with tile size: 32
2026-01-02 15:18:59 - MyKingdom - INFO - Renderer biome set to: boreal_forest
2026-01-02 15:18:59 - MyKingdom - INFO - Cozy renderer initialized with tile size: 32
2026-01-02 15:18:59 - MyKingdom - INFO - Renderer biome set to: boreal_forest
2026-01-02 15:18:59 - MyKingdom - INFO - Cozy renderer initialized with tile size: 32
2026-01-02 15:18:59 - MyKingdom - INFO - Renderer biome set to: boreal_forest
2026-01-02 15:18:59 - MyKingdom - INFO - Cozy renderer initialized with tile size: 32
2026-01-02 15:18:59 - MyKingdom - INFO - Renderer biome set to: boreal_forest
2026-01-02 15:18:59 - MyKingdom - INFO - Cozy renderer initialized with tile size: 32
2026-01-02 15:18:59 - MyKingdom - INFO - Renderer biome set to: boreal_forest
2026-01-02 15:18:59 - MyKingdom - INFO - Cozy renderer initialized with tile size: 32
2026-01-02 15:18:59 - MyKingdom - INFO - Renderer biome set to: boreal_forest
2026-01-02 15:18:59 - MyKingdom - INFO - Cozy renderer initialized with tile size: 32
2026-01-02 15:18:59 - MyKingdom - INFO - Renderer biome set to: boreal_forest
2026-01-02 15:18:59 - MyKingdom - INFO - Cozy renderer initialized with tile size: 32
2026-01-02 15:18:59 - MyKingdom - INFO - Renderer biome set to: boreal_forest
2026-01-02 15:18:59 - MyKingdom - INFO - Cozy renderer initialized with tile size: 32
2026-01-02 15:18:59 - MyKingdom - INFO - Renderer biome set to: boreal_forest
2026-01-02 15:18:59 - MyKingdom - INFO - Cozy renderer initialized with tile size: 32
2026-01-02 15:18:59 - MyKingdom - INFO - Renderer biome set to: boreal_forest
2026-01-02 15:18:59 - MyKingdom - INFO - Cozy renderer initialized with tile size: 32
2026-01-02 15:18:59 - MyKingdom - INFO - Renderer biome set to: boreal_forest
2026-01-02 15:18:59 - MyKingdom - INFO - Cozy renderer initialized with tile size: 32
2026-01-02 15:18:59 - MyKingdom - INFO - Renderer biome set to: boreal_forest
2026-01-02 15:18:59 - MyKingdom - INFO - Cozy renderer initialized with tile size: 32
2026-01-02 15:18:59 - MyKingdom - INFO - Renderer biome set to: boreal_forest
2026-01-02 15:18:59 - MyKingdom - INFO - Cozy renderer initialized with tile size: 32
2026-01-02 15:18:59 - MyKingdom - INFO - Renderer biome set to: boreal_forest
2026-01-02 15:18:59 - MyKingdom - INFO - Cozy renderer initialized with tile size: 32
2026-01-02 15:18:59 - MyKingdom - INFO - Renderer biome set to: boreal_forest
2026-01-02 15:18:59 - MyKingdom - INFO - Cozy renderer initialized with tile size: 32
2026-01-02 15:18:59 - MyKingdom - INFO - Renderer biome set to: boreal_forest
2026-01-02 15:18:59 - MyKingdom - INFO - Cozy renderer initialized with tile size: 32
2026-01-02 15:18:59 - MyKingdom - INFO - Renderer biome set to: boreal_forest
2026-01-02 15:18:59 - MyKingdom - INFO - Cozy renderer initialized with tile size: 32
2026-01-02 15:18:59 - MyKingdom - INFO - Renderer biome set to: boreal_forest
2026-01-02 15:18:59 - MyKingdom - INFO - Cozy renderer initialized with tile size: 32
2026-01-02 15:18:59 - MyKingdom - INFO - Renderer biome set to: boreal_forest
2026-01-02 15:18:59 - MyKingdom - INFO - Cozy renderer initialized with tile size: 32
2026-01-02 15:18:59 - MyKingdom - INFO - Renderer biome set to: boreal_forest
2026-01-02 15:18:59 - MyKingdom - INFO - Cozy renderer initialized with tile size: 32
2026-01-02 15:18:59 - MyKingdom - INFO - Renderer biome set to: boreal_forest
2026-01-02 15:18:59 - MyKingdom - INFO - Cozy renderer initialized with tile size: 32
2026-01-02 15:18:59 - MyKingdom - INFO - Renderer biome set to: boreal_forest
2026-01-02 15:18:59 - MyKingdom - INFO - Cozy renderer initialized with tile size: 32
2026-01-02 15:18:59 - MyKingdom - INFO - Renderer biome set to: boreal_forest
2026-01-02 15:18:59 - MyKingdom - INFO - Cozy renderer initialized with tile size: 32
2026-01-02 15:18:59 - MyKingdom - INFO - Renderer biome set to: boreal_forest
2026-01-02 15:19:00 - MyKingdom - INFO - Cozy renderer initialized with tile size: 32
2026-01-02 15:19:00 - MyKingdom - INFO - Renderer biome set to: boreal_forest
2026-01-02 15:19:00 - MyKingdom - INFO - Cozy renderer initialized with tile size: 32
2026-01-02 15:19:00 - MyKingdom - INFO - Renderer biome set to: boreal_forest
2026-01-02 15:19:00 - MyKingdom - INFO - Cozy renderer initialized with tile size: 32
2026-01-02 15:19:00 - MyKingdom - INFO - Renderer biome set to: boreal_forest
2026-01-02 15:19:00 - MyKingdom - INFO - Cozy renderer initialized with tile size: 32
2026-01-02 15:19:00 - MyKingdom - INFO - Renderer biome set to: boreal_forest
2026-01-02 15:19:00 - MyKingdom - INFO - Cozy renderer initialized with tile size: 32
2026-01-02 15:19:00 - MyKingdom - INFO - Renderer biome set to: boreal_forest
2026-01-02 15:19:00 - MyKingdom - INFO - Cozy renderer initialized with tile size: 32
2026-01-02 15:19:00 - MyKingdom - INFO - Renderer biome set to: boreal_forest
2026-01-02 15:19:00 - MyKingdom - INFO - Cozy renderer initialized with tile size: 32
2026-01-02 15:19:00 - MyKingdom - INFO - Renderer biome set to: boreal_forest
2026-01-02 15:19:00 - MyKingdom - INFO - Cozy renderer initialized with tile size: 32
2026-01-02 15:19:00 - MyKingdom - INFO - Renderer biome set to: boreal_forest
2026-01-02 15:19:00 - MyKingdom - INFO - Cozy renderer initialized with tile size: 32
2026-01-02 15:19:00 - MyKingdom - INFO - Renderer biome set to: boreal_forest
2026-01-02 15:19:00 - MyKingdom - INFO - Cozy renderer initialized with tile size: 32
2026-01-02 15:19:00 - MyKingdom - INFO - Renderer biome set to: boreal_forest
2026-01-02 15:19:00 - MyKingdom - INFO - Cozy renderer initialized with tile size: 32
2026-01-02 15:19:00 - MyKingdom - INFO - Renderer biome set to: boreal_forest
2026-01-02 15:19:00 - MyKingdom - INFO - Cozy renderer initialized with tile size: 32
2026-01-02 15:19:00 - MyKingdom - INFO - Renderer biome set to: boreal_forest
2026-01-02 15:19:00 - MyKingdom - INFO - Cozy renderer initialized with tile size: 32
2026-01-02 15:19:00 - MyKingdom - INFO - Renderer biome set to: boreal_forest
2026-01-02 15:19:00 - MyKingdom - INFO - Cozy renderer initialized with tile size: 32
2026-01-02 15:19:00 - MyKingdom - INFO - Renderer biome set to: boreal_forest
2026-01-02 15:19:00 - MyKingdom - INFO - Cozy renderer initialized with tile size: 32
2026-01-02 15:19:00 - MyKingdom - INFO - Renderer biome set to: boreal_forest
2026-01-02 15:19:00 - MyKingdom - INFO - Cozy renderer initialized with tile size: 32
2026-01-02 15:19:00 - MyKingdom - INFO - Renderer biome set to: boreal_forest
2026-01-02 15:19:00 - MyKingdom - INFO - Cozy renderer initialized with tile size: 32
2026-01-02 15:19:00 - MyKingdom - INFO - Renderer biome set to: boreal_forest
2026-01-02 15:19:00 - MyKingdom - INFO - Cozy renderer initialized with tile size: 32
2026-01-02 15:19:00 - MyKingdom - INFO - Renderer biome set to: boreal_forest
2026-01-02 15:19:00 - MyKingdom - INFO - Cozy renderer initialized with tile size: 32
2026-01-02 15:19:00 - MyKingdom - INFO - Renderer biome set to: boreal_forest
2026-01-02 15:19:00 - MyKingdom - INFO - Cozy renderer initialized with tile size: 32
2026-01-02 15:19:00 - MyKingdom - INFO - Renderer biome set to: boreal_forest
2026-01-02 15:19:00 - MyKingdom - INFO - Cozy renderer initialized with tile size: 32
2026-01-02 15:19:00 - MyKingdom - INFO - Renderer biome set to: boreal_forest
2026-01-02 15:19:00 - MyKingdom - INFO - Cozy renderer initialized with tile size: 32
2026-01-02 15:19:00 - MyKingdom - INFO - Renderer biome set to: boreal_forest
2026-01-02 15:19:00 - MyKingdom - INFO - Cozy renderer initialized with tile size: 32
2026-01-02 15:19:00 - MyKingdom - INFO - Renderer biome set to: boreal_forest
2026-01-02 15:19:01 - MyKingdom - INFO - Cozy renderer initialized with tile size: 32
2026-01-02 15:19:01 - MyKingdom - INFO - Renderer biome set to: boreal_forest
2026-01-02 15:19:01 - MyKingdom - INFO - Cozy renderer initialized with tile size: 32
2026-01-02 15:19:01 - MyKingdom - INFO - Renderer biome set to: boreal_forest
2026-01-02 15:19:01 - MyKingdom - INFO - Cozy renderer initialized with tile size: 32
2026-01-02 15:19:01 - MyKingdom - INFO - Renderer biome set to: boreal_forest
2026-01-02 15:19:01 - MyKingdom - INFO - Location confirmed!
2026-01-02 15:19:01 - MyKingdom - INFO - Cozy renderer initialized with tile size: 32
2026-01-02 15:19:01 - MyKingdom - INFO - Renderer biome set to: boreal_forest
2026-01-02 15:19:01 - MyKingdom - INFO - === STARTING NEW GAME: 123 ===
2026-01-02 15:19:01 - MyKingdom - INFO - Using pre-generated world and tiles from selection screen
2026-01-02 15:19:01 - MyKingdom - INFO - Using player-selected location: (61, 88)
2026-01-02 15:19:01 - MyKingdom - INFO - Using pre-generated region tiles from preview
2026-01-02 15:19:01 - MyKingdom - INFO - Using selected region coordinates: (45, 37)
2026-01-02 15:19:01 - MyKingdom - INFO - Using pre-generated local tiles from preview - terrain will match preview!
2026-01-02 15:19:01 - MyKingdom - INFO - Renderer biome set to: boreal_forest
2026-01-02 15:19:01 - MyKingdom - INFO - Creating starting citizens...
2026-01-02 15:19:01 - MyKingdom - INFO - Created citizen: Jorah Ravenwood (ID: 1)
2026-01-02 15:19:01 - MyKingdom - INFO - Created citizen: Lysa Nightshade (ID: 2)
2026-01-02 15:19:01 - MyKingdom - INFO - Created citizen: Vale Proudhorn (ID: 3)
2026-01-02 15:19:01 - MyKingdom - INFO - Created citizen: Finn Windwhisper (ID: 4)
2026-01-02 15:19:01 - MyKingdom - INFO - Created citizen: Lysa Meadowbrook (ID: 5)
2026-01-02 15:19:02 - MyKingdom - INFO - Game saved successfully: saves\123.sav.gz
2026-01-02 15:19:02 - MyKingdom - INFO - Game saved: 123
2026-01-02 15:19:02 - MyKingdom - INFO - === NEW GAME STARTED SUCCESSFULLY ===
2026-01-02 15:19:02 - MyKingdom - INFO - Game initialized successfully
2026-01-02 15:19:28 - MyKingdom - INFO - Switched to WORLD view
2026-01-02 15:19:30 - MyKingdom - INFO - Switched to REGION view
2026-01-02 15:19:31 - MyKingdom - INFO - Switched to LOCAL view - building enabled
2026-01-02 15:19:31 - MyKingdom - INFO - Switched to WORLD view
2026-01-02 15:19:31 - MyKingdom - INFO - Switched to LOCAL view - building enabled
2026-01-02 15:19:32 - MyKingdom - INFO - Switched to WORLD view
2026-01-02 15:19:35 - MyKingdom - INFO - Switched to REGION view
2026-01-02 15:19:35 - MyKingdom - INFO - Switched to WORLD view
2026-01-02 15:19:37 - MyKingdom - INFO - Switched to REGION view
2026-01-02 15:19:37 - MyKingdom - INFO - Switched to LOCAL view - building enabled
2026-01-02 15:19:42 - MyKingdom - INFO - Building mode toggled: ON
2026-01-02 15:19:45 - MyKingdom - INFO - Selected: House
2026-01-02 15:19:46 - MyKingdom - INFO - Placed house at (53, 51), ID: 1
2026-01-02 15:19:47 - MyKingdom - INFO - Game saved successfully: saves\autosave_20260102_151946.sav.gz
2026-01-02 15:19:48 - MyKingdom - INFO - Found 15 save files
2026-01-02 15:19:48 - MyKingdom - INFO - Deleted save: saves\autosave_20260102_133814.sav.gz
2026-01-02 15:19:48 - MyKingdom - INFO - Cleaned up 1 old auto-saves
2026-01-02 15:19:48 - MyKingdom - INFO - Placed house at (53, 51)
2026-01-02 15:19:48 - MyKingdom - WARNING - Cannot place house at (54, 51)
2026-01-02 15:19:48 - MyKingdom - WARNING - Cannot place house at (54, 51)
2026-01-02 15:20:42 - MyKingdom - INFO - Building mode toggled: OFF
2026-01-02 15:20:43 - MyKingdom - INFO - Building mode toggled: ON
2026-01-02 15:20:46 - MyKingdom - INFO - Selected: Storage
2026-01-02 15:20:50 - MyKingdom - INFO - Placed storage at (45, 50), ID: 2
2026-01-02 15:20:51 - MyKingdom - INFO - Game saved successfully: saves\autosave_20260102_152050.sav.gz
2026-01-02 15:20:52 - MyKingdom - INFO - Found 15 save files
2026-01-02 15:20:52 - MyKingdom - INFO - Deleted save: saves\autosave_20260102_133815.sav.gz
2026-01-02 15:20:52 - MyKingdom - INFO - Cleaned up 1 old auto-saves
2026-01-02 15:20:52 - MyKingdom - INFO - Placed storage at (45, 50)
2026-01-02 15:20:52 - MyKingdom - WARNING - Cannot place storage at (45, 50)
2026-01-02 15:20:52 - MyKingdom - WARNING - Cannot place storage at (45, 50)
2026-01-02 15:21:04 - MyKingdom - INFO - Building mode toggled: OFF
2026-01-02 15:21:05 - MyKingdom - INFO - Building mode toggled: ON
2026-01-02 15:21:07 - MyKingdom - INFO - Selected: Farm
2026-01-02 15:21:08 - MyKingdom - WARNING - Cannot place farm at (42, 47)
2026-01-02 15:21:08 - MyKingdom - WARNING - Cannot place farm at (42, 47)
2026-01-02 15:21:09 - MyKingdom - WARNING - Cannot place farm at (42, 47)
2026-01-02 15:21:09 - MyKingdom - WARNING - Cannot place farm at (42, 47)
2026-01-02 15:21:11 - MyKingdom - INFO - Selected: Workshop
2026-01-02 15:21:11 - MyKingdom - INFO - Placed workshop at (42, 47), ID: 3
2026-01-02 15:21:12 - MyKingdom - INFO - Game saved successfully: saves\autosave_20260102_152111.sav.gz
2026-01-02 15:21:13 - MyKingdom - INFO - Found 15 save files
2026-01-02 15:21:13 - MyKingdom - INFO - Deleted save: saves\autosave_20260102_133816.sav.gz
2026-01-02 15:21:13 - MyKingdom - INFO - Cleaned up 1 old auto-saves
2026-01-02 15:21:13 - MyKingdom - INFO - Placed workshop at (42, 47)
2026-01-02 15:21:37 - MyKingdom - INFO - Quit event received from game
2026-01-02 15:21:37 - MyKingdom - INFO - ============================================================
2026-01-02 15:21:37 - MyKingdom - INFO - MY KINGDOM - Shutting Down
2026-01-02 15:21:37 - MyKingdom - INFO - ============================================================
