2026-01-02 16:58:58 - MyKingdom - INFO - ============================================================
2026-01-02 16:58:58 - MyKingdom - INFO - Game Logger Initialized
2026-01-02 16:58:58 - MyKingdom - INFO - Log file: C:\Users\Chris Mork\Desktop\My-KingdomVersion 3\Logs\game_20260102_165858.log
2026-01-02 16:58:58 - MyKingdom - INFO - ============================================================
2026-01-02 16:58:58 - MyKingdom - INFO - ============================================================
2026-01-02 16:58:58 - MyKingdom - INFO - MY KINGDOM - Starting Application
2026-01-02 16:58:58 - MyKingdom - INFO - ============================================================
2026-01-02 16:58:58 - MyKingdom - INFO - Pygame initialized
2026-01-02 16:58:58 - MyKingdom - INFO - Window created: 1280x720
2026-01-02 16:58:58 - MyKingdom - INFO - Application initialization complete
2026-01-02 16:58:58 - MyKingdom - INFO - Starting main application loop
2026-01-02 16:58:58 - MyKingdom - INFO - Entering MENU state
2026-01-02 16:58:58 - MyKingdom - INFO - AI-generated menu background loaded successfully
2026-01-02 16:58:58 - MyKingdom - INFO - Music settings loaded: enabled=True, volume=0.53
2026-01-02 16:58:58 - MyKingdom - INFO - Music manager initialized
2026-01-02 16:58:58 - MyKingdom - INFO - Playing music: menu
2026-01-02 16:58:58 - MyKingdom - INFO - Main menu initialized
2026-01-02 16:59:05 - MyKingdom - INFO - New Game button clicked
2026-01-02 16:59:07 - MyKingdom - INFO - Starting new game: 123
2026-01-02 16:59:07 - MyKingdom - INFO - Starting new game: 123
2026-01-02 16:59:07 - MyKingdom - INFO - Entering PLAYING state
2026-01-02 16:59:07 - MyKingdom - INFO - Initializing new GameState system...
2026-01-02 16:59:07 - MyKingdom - INFO - Cozy renderer initialized with tile size: 32
2026-01-02 16:59:07 - MyKingdom - INFO - Save system initialized. Save directory: C:\Users\Chris Mork\Desktop\My-KingdomVersion 3\saves
2026-01-02 16:59:07 - MyKingdom - INFO - Game state initialized
2026-01-02 16:59:07 - MyKingdom - INFO - Tiered World Generator initialized with seed: 743448
2026-01-02 16:59:07 - MyKingdom - INFO - Generating world map: 150x150...
2026-01-02 16:59:08 - MyKingdom - INFO - World generation complete!
2026-01-02 16:59:08 - MyKingdom - INFO - Biome distribution:
2026-01-02 16:59:08 - MyKingdom - INFO -   tundra: 9679 tiles (43.0%)
2026-01-02 16:59:08 - MyKingdom - INFO -   temperate_forest: 6639 tiles (29.5%)
2026-01-02 16:59:08 - MyKingdom - INFO -   boreal_forest: 5642 tiles (25.1%)
2026-01-02 16:59:08 - MyKingdom - INFO -   grassland: 537 tiles (2.4%)
2026-01-02 16:59:08 - MyKingdom - INFO -   wetland: 3 tiles (0.0%)
2026-01-02 16:59:08 - MyKingdom - INFO - Multi-stage world selection screen initialized
2026-01-02 16:59:09 - MyKingdom - INFO - Generating region preview for world tile temperate_forest...
2026-01-02 16:59:09 - MyKingdom - INFO - Generating region from world tile (75, 75)...
2026-01-02 16:59:09 - MyKingdom - INFO -   Biome: temperate_forest, Elevation: 0.48
2026-01-02 16:59:09 - MyKingdom - INFO - Advanced to REGION view for world tile (75, 75)
2026-01-02 16:59:09 - MyKingdom - INFO - Generating local preview from region tile (40, 40)...
2026-01-02 16:59:09 - MyKingdom - INFO - Generating local map from region chunk (40, 40)...
2026-01-02 16:59:09 - MyKingdom - INFO -   Chunk analysis: Biome=temperate_forest, Avg Elev=0.50
2026-01-02 16:59:09 - MyKingdom - INFO - Placed resource nodes on local map
2026-01-02 16:59:09 - MyKingdom - INFO - Local map generated successfully
2026-01-02 16:59:09 - MyKingdom - INFO - Advanced to LOCAL view
2026-01-02 16:59:09 - MyKingdom - INFO - Cozy renderer initialized with tile size: 32
2026-01-02 16:59:09 - MyKingdom - INFO - Renderer biome set to: temperate_forest
2026-01-02 16:59:09 - MyKingdom - INFO - Cozy renderer initialized with tile size: 32
2026-01-02 16:59:09 - MyKingdom - INFO - Renderer biome set to: temperate_forest
2026-01-02 16:59:09 - MyKingdom - INFO - Cozy renderer initialized with tile size: 32
2026-01-02 16:59:09 - MyKingdom - INFO - Renderer biome set to: temperate_forest
2026-01-02 16:59:09 - MyKingdom - INFO - Cozy renderer initialized with tile size: 32
2026-01-02 16:59:09 - MyKingdom - INFO - Renderer biome set to: temperate_forest
2026-01-02 16:59:09 - MyKingdom - INFO - Cozy renderer initialized with tile size: 32
2026-01-02 16:59:09 - MyKingdom - INFO - Renderer biome set to: temperate_forest
2026-01-02 16:59:09 - MyKingdom - INFO - Cozy renderer initialized with tile size: 32
2026-01-02 16:59:09 - MyKingdom - INFO - Renderer biome set to: temperate_forest
2026-01-02 16:59:10 - MyKingdom - INFO - Cozy renderer initialized with tile size: 32
2026-01-02 16:59:10 - MyKingdom - INFO - Renderer biome set to: temperate_forest
2026-01-02 16:59:10 - MyKingdom - INFO - Cozy renderer initialized with tile size: 32
2026-01-02 16:59:10 - MyKingdom - INFO - Renderer biome set to: temperate_forest
2026-01-02 16:59:10 - MyKingdom - INFO - Cozy renderer initialized with tile size: 32
2026-01-02 16:59:10 - MyKingdom - INFO - Renderer biome set to: temperate_forest
2026-01-02 16:59:10 - MyKingdom - INFO - Cozy renderer initialized with tile size: 32
2026-01-02 16:59:10 - MyKingdom - INFO - Renderer biome set to: temperate_forest
2026-01-02 16:59:10 - MyKingdom - INFO - Cozy renderer initialized with tile size: 32
2026-01-02 16:59:10 - MyKingdom - INFO - Renderer biome set to: temperate_forest
2026-01-02 16:59:10 - MyKingdom - INFO - Cozy renderer initialized with tile size: 32
2026-01-02 16:59:10 - MyKingdom - INFO - Renderer biome set to: temperate_forest
2026-01-02 16:59:10 - MyKingdom - INFO - Cozy renderer initialized with tile size: 32
2026-01-02 16:59:10 - MyKingdom - INFO - Renderer biome set to: temperate_forest
2026-01-02 16:59:10 - MyKingdom - INFO - Cozy renderer initialized with tile size: 32
2026-01-02 16:59:10 - MyKingdom - INFO - Renderer biome set to: temperate_forest
2026-01-02 16:59:10 - MyKingdom - INFO - Cozy renderer initialized with tile size: 32
2026-01-02 16:59:10 - MyKingdom - INFO - Renderer biome set to: temperate_forest
2026-01-02 16:59:10 - MyKingdom - INFO - Cozy renderer initialized with tile size: 32
2026-01-02 16:59:10 - MyKingdom - INFO - Renderer biome set to: temperate_forest
2026-01-02 16:59:10 - MyKingdom - INFO - Cozy renderer initialized with tile size: 32
2026-01-02 16:59:10 - MyKingdom - INFO - Renderer biome set to: temperate_forest
2026-01-02 16:59:10 - MyKingdom - INFO - Cozy renderer initialized with tile size: 32
2026-01-02 16:59:10 - MyKingdom - INFO - Renderer biome set to: temperate_forest
2026-01-02 16:59:10 - MyKingdom - INFO - Cozy renderer initialized with tile size: 32
2026-01-02 16:59:10 - MyKingdom - INFO - Renderer biome set to: temperate_forest
2026-01-02 16:59:10 - MyKingdom - INFO - Cozy renderer initialized with tile size: 32
2026-01-02 16:59:10 - MyKingdom - INFO - Renderer biome set to: temperate_forest
2026-01-02 16:59:10 - MyKingdom - INFO - Cozy renderer initialized with tile size: 32
2026-01-02 16:59:10 - MyKingdom - INFO - Renderer biome set to: temperate_forest
2026-01-02 16:59:10 - MyKingdom - INFO - Cozy renderer initialized with tile size: 32
2026-01-02 16:59:10 - MyKingdom - INFO - Renderer biome set to: temperate_forest
2026-01-02 16:59:10 - MyKingdom - INFO - Cozy renderer initialized with tile size: 32
2026-01-02 16:59:10 - MyKingdom - INFO - Renderer biome set to: temperate_forest
2026-01-02 16:59:10 - MyKingdom - INFO - Cozy renderer initialized with tile size: 32
2026-01-02 16:59:10 - MyKingdom - INFO - Renderer biome set to: temperate_forest
2026-01-02 16:59:10 - MyKingdom - INFO - Cozy renderer initialized with tile size: 32
2026-01-02 16:59:10 - MyKingdom - INFO - Renderer biome set to: temperate_forest
2026-01-02 16:59:10 - MyKingdom - INFO - Cozy renderer initialized with tile size: 32
2026-01-02 16:59:10 - MyKingdom - INFO - Renderer biome set to: temperate_forest
2026-01-02 16:59:10 - MyKingdom - INFO - Cozy renderer initialized with tile size: 32
2026-01-02 16:59:10 - MyKingdom - INFO - Renderer biome set to: temperate_forest
2026-01-02 16:59:10 - MyKingdom - INFO - Cozy renderer initialized with tile size: 32
2026-01-02 16:59:10 - MyKingdom - INFO - Renderer biome set to: temperate_forest
2026-01-02 16:59:10 - MyKingdom - INFO - Cozy renderer initialized with tile size: 32
2026-01-02 16:59:10 - MyKingdom - INFO - Renderer biome set to: temperate_forest
2026-01-02 16:59:10 - MyKingdom - INFO - Cozy renderer initialized with tile size: 32
2026-01-02 16:59:10 - MyKingdom - INFO - Renderer biome set to: temperate_forest
2026-01-02 16:59:10 - MyKingdom - INFO - Cozy renderer initialized with tile size: 32
2026-01-02 16:59:10 - MyKingdom - INFO - Renderer biome set to: temperate_forest
2026-01-02 16:59:10 - MyKingdom - INFO - Cozy renderer initialized with tile size: 32
2026-01-02 16:59:10 - MyKingdom - INFO - Renderer biome set to: temperate_forest
2026-01-02 16:59:10 - MyKingdom - INFO - Cozy renderer initialized with tile size: 32
2026-01-02 16:59:10 - MyKingdom - INFO - Renderer biome set to: temperate_forest
2026-01-02 16:59:10 - MyKingdom - INFO - Cozy renderer initialized with tile size: 32
2026-01-02 16:59:10 - MyKingdom - INFO - Renderer biome set to: temperate_forest
2026-01-02 16:59:10 - MyKingdom - INFO - Cozy renderer initialized with tile size: 32
2026-01-02 16:59:10 - MyKingdom - INFO - Renderer biome set to: temperate_forest
2026-01-02 16:59:10 - MyKingdom - INFO - Cozy renderer initialized with tile size: 32
2026-01-02 16:59:10 - MyKingdom - INFO - Renderer biome set to: temperate_forest
2026-01-02 16:59:10 - MyKingdom - INFO - Cozy renderer initialized with tile size: 32
2026-01-02 16:59:10 - MyKingdom - INFO - Renderer biome set to: temperate_forest
2026-01-02 16:59:10 - MyKingdom - INFO - Cozy renderer initialized with tile size: 32
2026-01-02 16:59:10 - MyKingdom - INFO - Renderer biome set to: temperate_forest
2026-01-02 16:59:10 - MyKingdom - INFO - Cozy renderer initialized with tile size: 32
2026-01-02 16:59:10 - MyKingdom - INFO - Renderer biome set to: temperate_forest
2026-01-02 16:59:10 - MyKingdom - INFO - Cozy renderer initialized with tile size: 32
2026-01-02 16:59:10 - MyKingdom - INFO - Renderer biome set to: temperate_forest
2026-01-02 16:59:10 - MyKingdom - INFO - Cozy renderer initialized with tile size: 32
2026-01-02 16:59:10 - MyKingdom - INFO - Renderer biome set to: temperate_forest
2026-01-02 16:59:10 - MyKingdom - INFO - Cozy renderer initialized with tile size: 32
2026-01-02 16:59:10 - MyKingdom - INFO - Renderer biome set to: temperate_forest
2026-01-02 16:59:10 - MyKingdom - INFO - Cozy renderer initialized with tile size: 32
2026-01-02 16:59:10 - MyKingdom - INFO - Renderer biome set to: temperate_forest
2026-01-02 16:59:10 - MyKingdom - INFO - Cozy renderer initialized with tile size: 32
2026-01-02 16:59:10 - MyKingdom - INFO - Renderer biome set to: temperate_forest
2026-01-02 16:59:10 - MyKingdom - INFO - Cozy renderer initialized with tile size: 32
2026-01-02 16:59:10 - MyKingdom - INFO - Renderer biome set to: temperate_forest
2026-01-02 16:59:10 - MyKingdom - INFO - Cozy renderer initialized with tile size: 32
2026-01-02 16:59:10 - MyKingdom - INFO - Renderer biome set to: temperate_forest
2026-01-02 16:59:10 - MyKingdom - INFO - Cozy renderer initialized with tile size: 32
2026-01-02 16:59:10 - MyKingdom - INFO - Renderer biome set to: temperate_forest
2026-01-02 16:59:10 - MyKingdom - INFO - Cozy renderer initialized with tile size: 32
2026-01-02 16:59:10 - MyKingdom - INFO - Renderer biome set to: temperate_forest
2026-01-02 16:59:10 - MyKingdom - INFO - Cozy renderer initialized with tile size: 32
2026-01-02 16:59:10 - MyKingdom - INFO - Renderer biome set to: temperate_forest
2026-01-02 16:59:10 - MyKingdom - INFO - Cozy renderer initialized with tile size: 32
2026-01-02 16:59:10 - MyKingdom - INFO - Renderer biome set to: temperate_forest
2026-01-02 16:59:10 - MyKingdom - INFO - Cozy renderer initialized with tile size: 32
2026-01-02 16:59:10 - MyKingdom - INFO - Renderer biome set to: temperate_forest
2026-01-02 16:59:10 - MyKingdom - INFO - Cozy renderer initialized with tile size: 32
2026-01-02 16:59:10 - MyKingdom - INFO - Renderer biome set to: temperate_forest
2026-01-02 16:59:10 - MyKingdom - INFO - Cozy renderer initialized with tile size: 32
2026-01-02 16:59:10 - MyKingdom - INFO - Renderer biome set to: temperate_forest
2026-01-02 16:59:10 - MyKingdom - INFO - Cozy renderer initialized with tile size: 32
2026-01-02 16:59:10 - MyKingdom - INFO - Renderer biome set to: temperate_forest
2026-01-02 16:59:10 - MyKingdom - INFO - Cozy renderer initialized with tile size: 32
2026-01-02 16:59:10 - MyKingdom - INFO - Renderer biome set to: temperate_forest
2026-01-02 16:59:10 - MyKingdom - INFO - Cozy renderer initialized with tile size: 32
2026-01-02 16:59:10 - MyKingdom - INFO - Renderer biome set to: temperate_forest
2026-01-02 16:59:11 - MyKingdom - INFO - Cozy renderer initialized with tile size: 32
2026-01-02 16:59:11 - MyKingdom - INFO - Renderer biome set to: temperate_forest
2026-01-02 16:59:11 - MyKingdom - INFO - Cozy renderer initialized with tile size: 32
2026-01-02 16:59:11 - MyKingdom - INFO - Renderer biome set to: temperate_forest
2026-01-02 16:59:11 - MyKingdom - INFO - Cozy renderer initialized with tile size: 32
2026-01-02 16:59:11 - MyKingdom - INFO - Renderer biome set to: temperate_forest
2026-01-02 16:59:11 - MyKingdom - INFO - Cozy renderer initialized with tile size: 32
2026-01-02 16:59:11 - MyKingdom - INFO - Renderer biome set to: temperate_forest
2026-01-02 16:59:11 - MyKingdom - INFO - Cozy renderer initialized with tile size: 32
2026-01-02 16:59:11 - MyKingdom - INFO - Renderer biome set to: temperate_forest
2026-01-02 16:59:11 - MyKingdom - INFO - Cozy renderer initialized with tile size: 32
2026-01-02 16:59:11 - MyKingdom - INFO - Renderer biome set to: temperate_forest
2026-01-02 16:59:11 - MyKingdom - INFO - Cozy renderer initialized with tile size: 32
2026-01-02 16:59:11 - MyKingdom - INFO - Renderer biome set to: temperate_forest
2026-01-02 16:59:11 - MyKingdom - INFO - Cozy renderer initialized with tile size: 32
2026-01-02 16:59:11 - MyKingdom - INFO - Renderer biome set to: temperate_forest
2026-01-02 16:59:11 - MyKingdom - INFO - Cozy renderer initialized with tile size: 32
2026-01-02 16:59:11 - MyKingdom - INFO - Renderer biome set to: temperate_forest
2026-01-02 16:59:11 - MyKingdom - INFO - Cozy renderer initialized with tile size: 32
2026-01-02 16:59:11 - MyKingdom - INFO - Renderer biome set to: temperate_forest
2026-01-02 16:59:11 - MyKingdom - INFO - Cozy renderer initialized with tile size: 32
2026-01-02 16:59:11 - MyKingdom - INFO - Renderer biome set to: temperate_forest
2026-01-02 16:59:11 - MyKingdom - INFO - Cozy renderer initialized with tile size: 32
2026-01-02 16:59:11 - MyKingdom - INFO - Renderer biome set to: temperate_forest
2026-01-02 16:59:11 - MyKingdom - INFO - Cozy renderer initialized with tile size: 32
2026-01-02 16:59:11 - MyKingdom - INFO - Renderer biome set to: temperate_forest
2026-01-02 16:59:11 - MyKingdom - INFO - Cozy renderer initialized with tile size: 32
2026-01-02 16:59:11 - MyKingdom - INFO - Renderer biome set to: temperate_forest
2026-01-02 16:59:11 - MyKingdom - INFO - Cozy renderer initialized with tile size: 32
2026-01-02 16:59:11 - MyKingdom - INFO - Renderer biome set to: temperate_forest
2026-01-02 16:59:11 - MyKingdom - INFO - Cozy renderer initialized with tile size: 32
2026-01-02 16:59:11 - MyKingdom - INFO - Renderer biome set to: temperate_forest
2026-01-02 16:59:11 - MyKingdom - INFO - Cozy renderer initialized with tile size: 32
2026-01-02 16:59:11 - MyKingdom - INFO - Renderer biome set to: temperate_forest
2026-01-02 16:59:11 - MyKingdom - INFO - Cozy renderer initialized with tile size: 32
2026-01-02 16:59:11 - MyKingdom - INFO - Renderer biome set to: temperate_forest
2026-01-02 16:59:11 - MyKingdom - INFO - Cozy renderer initialized with tile size: 32
2026-01-02 16:59:11 - MyKingdom - INFO - Renderer biome set to: temperate_forest
2026-01-02 16:59:11 - MyKingdom - INFO - Cozy renderer initialized with tile size: 32
2026-01-02 16:59:11 - MyKingdom - INFO - Renderer biome set to: temperate_forest
2026-01-02 16:59:11 - MyKingdom - INFO - Cozy renderer initialized with tile size: 32
2026-01-02 16:59:11 - MyKingdom - INFO - Renderer biome set to: temperate_forest
2026-01-02 16:59:11 - MyKingdom - INFO - Cozy renderer initialized with tile size: 32
2026-01-02 16:59:11 - MyKingdom - INFO - Renderer biome set to: temperate_forest
2026-01-02 16:59:11 - MyKingdom - INFO - Cozy renderer initialized with tile size: 32
2026-01-02 16:59:11 - MyKingdom - INFO - Renderer biome set to: temperate_forest
2026-01-02 16:59:11 - MyKingdom - INFO - Cozy renderer initialized with tile size: 32
2026-01-02 16:59:11 - MyKingdom - INFO - Renderer biome set to: temperate_forest
2026-01-02 16:59:11 - MyKingdom - INFO - Cozy renderer initialized with tile size: 32
2026-01-02 16:59:11 - MyKingdom - INFO - Renderer biome set to: temperate_forest
2026-01-02 16:59:11 - MyKingdom - INFO - Cozy renderer initialized with tile size: 32
2026-01-02 16:59:11 - MyKingdom - INFO - Renderer biome set to: temperate_forest
2026-01-02 16:59:11 - MyKingdom - INFO - Cozy renderer initialized with tile size: 32
2026-01-02 16:59:11 - MyKingdom - INFO - Renderer biome set to: temperate_forest
2026-01-02 16:59:11 - MyKingdom - INFO - Cozy renderer initialized with tile size: 32
2026-01-02 16:59:11 - MyKingdom - INFO - Renderer biome set to: temperate_forest
2026-01-02 16:59:11 - MyKingdom - INFO - Cozy renderer initialized with tile size: 32
2026-01-02 16:59:11 - MyKingdom - INFO - Renderer biome set to: temperate_forest
2026-01-02 16:59:11 - MyKingdom - INFO - Cozy renderer initialized with tile size: 32
2026-01-02 16:59:11 - MyKingdom - INFO - Renderer biome set to: temperate_forest
2026-01-02 16:59:11 - MyKingdom - INFO - Cozy renderer initialized with tile size: 32
2026-01-02 16:59:11 - MyKingdom - INFO - Renderer biome set to: temperate_forest
2026-01-02 16:59:11 - MyKingdom - INFO - Cozy renderer initialized with tile size: 32
2026-01-02 16:59:11 - MyKingdom - INFO - Renderer biome set to: temperate_forest
2026-01-02 16:59:11 - MyKingdom - INFO - Cozy renderer initialized with tile size: 32
2026-01-02 16:59:11 - MyKingdom - INFO - Renderer biome set to: temperate_forest
2026-01-02 16:59:11 - MyKingdom - INFO - Cozy renderer initialized with tile size: 32
2026-01-02 16:59:11 - MyKingdom - INFO - Renderer biome set to: temperate_forest
2026-01-02 16:59:11 - MyKingdom - INFO - Location confirmed!
2026-01-02 16:59:11 - MyKingdom - INFO - Cozy renderer initialized with tile size: 32
2026-01-02 16:59:11 - MyKingdom - INFO - Renderer biome set to: temperate_forest
2026-01-02 16:59:11 - MyKingdom - INFO - === STARTING NEW GAME: 123 ===
2026-01-02 16:59:11 - MyKingdom - INFO - Using pre-generated world and tiles from selection screen
2026-01-02 16:59:11 - MyKingdom - INFO - Using player-selected location: (75, 75)
2026-01-02 16:59:11 - MyKingdom - INFO - Using pre-generated region tiles from preview
2026-01-02 16:59:11 - MyKingdom - INFO - Using selected region coordinates: (40, 40)
2026-01-02 16:59:11 - MyKingdom - INFO - Using pre-generated local tiles from preview - terrain will match preview!
2026-01-02 16:59:11 - MyKingdom - INFO - Renderer biome set to: temperate_forest
2026-01-02 16:59:11 - MyKingdom - INFO - Creating starting citizens...
2026-01-02 16:59:11 - MyKingdom - INFO - Created citizen: Vale Fairwind (ID: 1)
2026-01-02 16:59:11 - MyKingdom - INFO - Created citizen: Yara Clearwater (ID: 2)
2026-01-02 16:59:11 - MyKingdom - INFO - Created citizen: Lysa Kindler (ID: 3)
2026-01-02 16:59:11 - MyKingdom - INFO - Created citizen: Mira Quickstep (ID: 4)
2026-01-02 16:59:11 - MyKingdom - INFO - Created citizen: Cedric Evergreen (ID: 5)
2026-01-02 16:59:11 - MyKingdom - INFO - Collecting resource nodes from world...
2026-01-02 16:59:11 - MyKingdom - INFO - Collected 789 resource nodes from world
2026-01-02 16:59:11 - MyKingdom - INFO - Spawning wagon stockpile...
2026-01-02 16:59:11 - MyKingdom - INFO - Spawned wagon stockpile at (50, 50)
2026-01-02 16:59:12 - MyKingdom - INFO - Game saved successfully: saves\123.sav.gz
2026-01-02 16:59:12 - MyKingdom - INFO - Game saved: 123
2026-01-02 16:59:12 - MyKingdom - INFO - === NEW GAME STARTED SUCCESSFULLY ===
2026-01-02 16:59:12 - MyKingdom - INFO - Game initialized successfully
2026-01-02 16:59:13 - MyKingdom - INFO - Playing music: gameplay
2026-01-02 16:59:25 - MyKingdom - INFO - Switched to REGION view
2026-01-02 16:59:26 - MyKingdom - INFO - Switched to WORLD view
2026-01-02 16:59:28 - MyKingdom - INFO - Switched to LOCAL view - building enabled
2026-01-02 16:59:29 - MyKingdom - INFO - Switched to REGION view
2026-01-02 16:59:29 - MyKingdom - INFO - Switched to WORLD view
2026-01-02 16:59:31 - MyKingdom - INFO - Quit event received from game
2026-01-02 16:59:31 - MyKingdom - INFO - ============================================================
2026-01-02 16:59:31 - MyKingdom - INFO - MY KINGDOM - Shutting Down
2026-01-02 16:59:31 - MyKingdom - INFO - ============================================================
