2026-01-02 18:21:40 - MyKingdom - INFO - ============================================================
2026-01-02 18:21:40 - MyKingdom - INFO - Game Logger Initialized
2026-01-02 18:21:40 - MyKingdom - INFO - Log file: C:\Users\Chris Mork\Desktop\My-KingdomVersion 3\Logs\game_20260102_182140.log
2026-01-02 18:21:40 - MyKingdom - INFO - ============================================================
2026-01-02 18:21:40 - MyKingdom - INFO - ============================================================
2026-01-02 18:21:40 - MyKingdom - INFO - MY KINGDOM - Starting Application
2026-01-02 18:21:40 - MyKingdom - INFO - ============================================================
2026-01-02 18:21:40 - MyKingdom - INFO - Pygame initialized
2026-01-02 18:21:40 - MyKingdom - INFO - Window created: 1280x720
2026-01-02 18:21:40 - MyKingdom - INFO - Application initialization complete
2026-01-02 18:21:40 - MyKingdom - INFO - Starting main application loop
2026-01-02 18:21:40 - MyKingdom - INFO - Entering MENU state
2026-01-02 18:21:40 - MyKingdom - INFO - AI-generated menu background loaded successfully
2026-01-02 18:21:40 - MyKingdom - INFO - Music settings loaded: enabled=True, volume=0.07
2026-01-02 18:21:40 - MyKingdom - INFO - Music manager initialized
2026-01-02 18:21:40 - MyKingdom - INFO - Playing music: menu
2026-01-02 18:21:40 - MyKingdom - INFO - Main menu initialized
2026-01-02 18:21:41 - MyKingdom - INFO - New Game button clicked
2026-01-02 18:21:44 - MyKingdom - INFO - Starting new game: 123
2026-01-02 18:21:44 - MyKingdom - INFO - Starting new game: 123
2026-01-02 18:21:44 - MyKingdom - INFO - Entering PLAYING state
2026-01-02 18:21:44 - MyKingdom - INFO - Initializing new GameState system...
2026-01-02 18:21:44 - MyKingdom - INFO - Cozy renderer initialized with tile size: 32
2026-01-02 18:21:44 - MyKingdom - INFO - Save system initialized. Save directory: C:\Users\Chris Mork\Desktop\My-KingdomVersion 3\saves
2026-01-02 18:21:44 - MyKingdom - INFO - Game state initialized
2026-01-02 18:21:44 - MyKingdom - INFO - Tiered World Generator initialized with seed: 332300
2026-01-02 18:21:44 - MyKingdom - INFO - Generating world map: 150x150...
2026-01-02 18:21:44 - MyKingdom - INFO - World generation complete!
2026-01-02 18:21:44 - MyKingdom - INFO - Biome distribution:
2026-01-02 18:21:44 - MyKingdom - INFO -   tundra: 10706 tiles (47.6%)
2026-01-02 18:21:44 - MyKingdom - INFO -   temperate_forest: 5940 tiles (26.4%)
2026-01-02 18:21:44 - MyKingdom - INFO -   boreal_forest: 5359 tiles (23.8%)
2026-01-02 18:21:44 - MyKingdom - INFO -   grassland: 435 tiles (1.9%)
2026-01-02 18:21:44 - MyKingdom - INFO -   arid_shrubland: 32 tiles (0.1%)
2026-01-02 18:21:44 - MyKingdom - INFO -   wetland: 28 tiles (0.1%)
2026-01-02 18:21:44 - MyKingdom - INFO - Multi-stage world selection screen initialized
2026-01-02 18:21:48 - MyKingdom - INFO - Generating region preview for world tile boreal_forest...
2026-01-02 18:21:48 - MyKingdom - INFO - Generating region from world tile (70, 67)...
2026-01-02 18:21:48 - MyKingdom - INFO -   Biome: boreal_forest, Elevation: 0.66
2026-01-02 18:21:48 - MyKingdom - INFO - Advanced to REGION view for world tile (70, 67)
2026-01-02 18:21:50 - MyKingdom - INFO - Generating local preview from region tile (40, 40)...
2026-01-02 18:21:50 - MyKingdom - INFO - Generating local map from region chunk (40, 40)...
2026-01-02 18:21:50 - MyKingdom - INFO -   Chunk analysis: Biome=boreal_forest, Avg Elev=0.62
2026-01-02 18:21:50 - MyKingdom - INFO - Placed resource nodes on local map
2026-01-02 18:21:50 - MyKingdom - INFO - Local map generated successfully
2026-01-02 18:21:50 - MyKingdom - INFO - Advanced to LOCAL view
2026-01-02 18:21:50 - MyKingdom - INFO - Cozy renderer initialized with tile size: 32
2026-01-02 18:21:50 - MyKingdom - INFO - Renderer biome set to: boreal_forest
2026-01-02 18:21:50 - MyKingdom - INFO - Cozy renderer initialized with tile size: 32
2026-01-02 18:21:50 - MyKingdom - INFO - Renderer biome set to: boreal_forest
2026-01-02 18:21:50 - MyKingdom - INFO - Cozy renderer initialized with tile size: 32
2026-01-02 18:21:50 - MyKingdom - INFO - Renderer biome set to: boreal_forest
2026-01-02 18:21:50 - MyKingdom - INFO - Cozy renderer initialized with tile size: 32
2026-01-02 18:21:50 - MyKingdom - INFO - Renderer biome set to: boreal_forest
2026-01-02 18:21:50 - MyKingdom - INFO - Cozy renderer initialized with tile size: 32
2026-01-02 18:21:50 - MyKingdom - INFO - Renderer biome set to: boreal_forest
2026-01-02 18:21:50 - MyKingdom - INFO - Cozy renderer initialized with tile size: 32
2026-01-02 18:21:50 - MyKingdom - INFO - Renderer biome set to: boreal_forest
2026-01-02 18:21:50 - MyKingdom - INFO - Cozy renderer initialized with tile size: 32
2026-01-02 18:21:50 - MyKingdom - INFO - Renderer biome set to: boreal_forest
2026-01-02 18:21:50 - MyKingdom - INFO - Cozy renderer initialized with tile size: 32
2026-01-02 18:21:50 - MyKingdom - INFO - Renderer biome set to: boreal_forest
2026-01-02 18:21:50 - MyKingdom - INFO - Cozy renderer initialized with tile size: 32
2026-01-02 18:21:50 - MyKingdom - INFO - Renderer biome set to: boreal_forest
2026-01-02 18:21:50 - MyKingdom - INFO - Cozy renderer initialized with tile size: 32
2026-01-02 18:21:50 - MyKingdom - INFO - Renderer biome set to: boreal_forest
2026-01-02 18:21:50 - MyKingdom - INFO - Cozy renderer initialized with tile size: 32
2026-01-02 18:21:50 - MyKingdom - INFO - Renderer biome set to: boreal_forest
2026-01-02 18:21:50 - MyKingdom - INFO - Cozy renderer initialized with tile size: 32
2026-01-02 18:21:50 - MyKingdom - INFO - Renderer biome set to: boreal_forest
2026-01-02 18:21:50 - MyKingdom - INFO - Cozy renderer initialized with tile size: 32
2026-01-02 18:21:50 - MyKingdom - INFO - Renderer biome set to: boreal_forest
2026-01-02 18:21:50 - MyKingdom - INFO - Cozy renderer initialized with tile size: 32
2026-01-02 18:21:50 - MyKingdom - INFO - Renderer biome set to: boreal_forest
2026-01-02 18:21:50 - MyKingdom - INFO - Cozy renderer initialized with tile size: 32
2026-01-02 18:21:50 - MyKingdom - INFO - Renderer biome set to: boreal_forest
2026-01-02 18:21:50 - MyKingdom - INFO - Cozy renderer initialized with tile size: 32
2026-01-02 18:21:50 - MyKingdom - INFO - Renderer biome set to: boreal_forest
2026-01-02 18:21:50 - MyKingdom - INFO - Cozy renderer initialized with tile size: 32
2026-01-02 18:21:50 - MyKingdom - INFO - Renderer biome set to: boreal_forest
2026-01-02 18:21:50 - MyKingdom - INFO - Cozy renderer initialized with tile size: 32
2026-01-02 18:21:50 - MyKingdom - INFO - Renderer biome set to: boreal_forest
2026-01-02 18:21:50 - MyKingdom - INFO - Cozy renderer initialized with tile size: 32
2026-01-02 18:21:50 - MyKingdom - INFO - Renderer biome set to: boreal_forest
2026-01-02 18:21:50 - MyKingdom - INFO - Cozy renderer initialized with tile size: 32
2026-01-02 18:21:50 - MyKingdom - INFO - Renderer biome set to: boreal_forest
2026-01-02 18:21:50 - MyKingdom - INFO - Cozy renderer initialized with tile size: 32
2026-01-02 18:21:50 - MyKingdom - INFO - Renderer biome set to: boreal_forest
2026-01-02 18:21:50 - MyKingdom - INFO - Cozy renderer initialized with tile size: 32
2026-01-02 18:21:50 - MyKingdom - INFO - Renderer biome set to: boreal_forest
2026-01-02 18:21:50 - MyKingdom - INFO - Cozy renderer initialized with tile size: 32
2026-01-02 18:21:50 - MyKingdom - INFO - Renderer biome set to: boreal_forest
2026-01-02 18:21:50 - MyKingdom - INFO - Cozy renderer initialized with tile size: 32
2026-01-02 18:21:50 - MyKingdom - INFO - Renderer biome set to: boreal_forest
2026-01-02 18:21:50 - MyKingdom - INFO - Cozy renderer initialized with tile size: 32
2026-01-02 18:21:50 - MyKingdom - INFO - Renderer biome set to: boreal_forest
2026-01-02 18:21:50 - MyKingdom - INFO - Cozy renderer initialized with tile size: 32
2026-01-02 18:21:50 - MyKingdom - INFO - Renderer biome set to: boreal_forest
2026-01-02 18:21:50 - MyKingdom - INFO - Cozy renderer initialized with tile size: 32
2026-01-02 18:21:50 - MyKingdom - INFO - Renderer biome set to: boreal_forest
2026-01-02 18:21:50 - MyKingdom - INFO - Cozy renderer initialized with tile size: 32
2026-01-02 18:21:50 - MyKingdom - INFO - Renderer biome set to: boreal_forest
2026-01-02 18:21:50 - MyKingdom - INFO - Cozy renderer initialized with tile size: 32
2026-01-02 18:21:50 - MyKingdom - INFO - Renderer biome set to: boreal_forest
2026-01-02 18:21:50 - MyKingdom - INFO - Cozy renderer initialized with tile size: 32
2026-01-02 18:21:50 - MyKingdom - INFO - Renderer biome set to: boreal_forest
2026-01-02 18:21:50 - MyKingdom - INFO - Cozy renderer initialized with tile size: 32
2026-01-02 18:21:50 - MyKingdom - INFO - Renderer biome set to: boreal_forest
2026-01-02 18:21:51 - MyKingdom - INFO - Cozy renderer initialized with tile size: 32
2026-01-02 18:21:51 - MyKingdom - INFO - Renderer biome set to: boreal_forest
2026-01-02 18:21:51 - MyKingdom - INFO - Cozy renderer initialized with tile size: 32
2026-01-02 18:21:51 - MyKingdom - INFO - Renderer biome set to: boreal_forest
2026-01-02 18:21:51 - MyKingdom - INFO - Cozy renderer initialized with tile size: 32
2026-01-02 18:21:51 - MyKingdom - INFO - Renderer biome set to: boreal_forest
2026-01-02 18:21:51 - MyKingdom - INFO - Cozy renderer initialized with tile size: 32
2026-01-02 18:21:51 - MyKingdom - INFO - Renderer biome set to: boreal_forest
2026-01-02 18:21:51 - MyKingdom - INFO - Cozy renderer initialized with tile size: 32
2026-01-02 18:21:51 - MyKingdom - INFO - Renderer biome set to: boreal_forest
2026-01-02 18:21:51 - MyKingdom - INFO - Cozy renderer initialized with tile size: 32
2026-01-02 18:21:51 - MyKingdom - INFO - Renderer biome set to: boreal_forest
2026-01-02 18:21:51 - MyKingdom - INFO - Cozy renderer initialized with tile size: 32
2026-01-02 18:21:51 - MyKingdom - INFO - Renderer biome set to: boreal_forest
2026-01-02 18:21:51 - MyKingdom - INFO - Cozy renderer initialized with tile size: 32
2026-01-02 18:21:51 - MyKingdom - INFO - Renderer biome set to: boreal_forest
2026-01-02 18:21:51 - MyKingdom - INFO - Cozy renderer initialized with tile size: 32
2026-01-02 18:21:51 - MyKingdom - INFO - Renderer biome set to: boreal_forest
2026-01-02 18:21:51 - MyKingdom - INFO - Cozy renderer initialized with tile size: 32
2026-01-02 18:21:51 - MyKingdom - INFO - Renderer biome set to: boreal_forest
2026-01-02 18:21:51 - MyKingdom - INFO - Cozy renderer initialized with tile size: 32
2026-01-02 18:21:51 - MyKingdom - INFO - Renderer biome set to: boreal_forest
2026-01-02 18:21:51 - MyKingdom - INFO - Cozy renderer initialized with tile size: 32
2026-01-02 18:21:51 - MyKingdom - INFO - Renderer biome set to: boreal_forest
2026-01-02 18:21:51 - MyKingdom - INFO - Cozy renderer initialized with tile size: 32
2026-01-02 18:21:51 - MyKingdom - INFO - Renderer biome set to: boreal_forest
2026-01-02 18:21:51 - MyKingdom - INFO - Cozy renderer initialized with tile size: 32
2026-01-02 18:21:51 - MyKingdom - INFO - Renderer biome set to: boreal_forest
2026-01-02 18:21:51 - MyKingdom - INFO - Cozy renderer initialized with tile size: 32
2026-01-02 18:21:51 - MyKingdom - INFO - Renderer biome set to: boreal_forest
2026-01-02 18:21:51 - MyKingdom - INFO - Cozy renderer initialized with tile size: 32
2026-01-02 18:21:51 - MyKingdom - INFO - Renderer biome set to: boreal_forest
2026-01-02 18:21:51 - MyKingdom - INFO - Cozy renderer initialized with tile size: 32
2026-01-02 18:21:51 - MyKingdom - INFO - Renderer biome set to: boreal_forest
2026-01-02 18:21:51 - MyKingdom - INFO - Cozy renderer initialized with tile size: 32
2026-01-02 18:21:51 - MyKingdom - INFO - Renderer biome set to: boreal_forest
2026-01-02 18:21:51 - MyKingdom - INFO - Cozy renderer initialized with tile size: 32
2026-01-02 18:21:51 - MyKingdom - INFO - Renderer biome set to: boreal_forest
2026-01-02 18:21:51 - MyKingdom - INFO - Cozy renderer initialized with tile size: 32
2026-01-02 18:21:51 - MyKingdom - INFO - Renderer biome set to: boreal_forest
2026-01-02 18:21:51 - MyKingdom - INFO - Cozy renderer initialized with tile size: 32
2026-01-02 18:21:51 - MyKingdom - INFO - Renderer biome set to: boreal_forest
2026-01-02 18:21:51 - MyKingdom - INFO - Cozy renderer initialized with tile size: 32
2026-01-02 18:21:51 - MyKingdom - INFO - Renderer biome set to: boreal_forest
2026-01-02 18:21:51 - MyKingdom - INFO - Cozy renderer initialized with tile size: 32
2026-01-02 18:21:51 - MyKingdom - INFO - Renderer biome set to: boreal_forest
2026-01-02 18:21:51 - MyKingdom - INFO - Cozy renderer initialized with tile size: 32
2026-01-02 18:21:51 - MyKingdom - INFO - Renderer biome set to: boreal_forest
2026-01-02 18:21:51 - MyKingdom - INFO - Cozy renderer initialized with tile size: 32
2026-01-02 18:21:51 - MyKingdom - INFO - Renderer biome set to: boreal_forest
2026-01-02 18:21:51 - MyKingdom - INFO - Cozy renderer initialized with tile size: 32
2026-01-02 18:21:51 - MyKingdom - INFO - Renderer biome set to: boreal_forest
2026-01-02 18:21:51 - MyKingdom - INFO - Cozy renderer initialized with tile size: 32
2026-01-02 18:21:51 - MyKingdom - INFO - Renderer biome set to: boreal_forest
2026-01-02 18:21:51 - MyKingdom - INFO - Cozy renderer initialized with tile size: 32
2026-01-02 18:21:51 - MyKingdom - INFO - Renderer biome set to: boreal_forest
2026-01-02 18:21:51 - MyKingdom - INFO - Cozy renderer initialized with tile size: 32
2026-01-02 18:21:51 - MyKingdom - INFO - Renderer biome set to: boreal_forest
2026-01-02 18:21:51 - MyKingdom - INFO - Cozy renderer initialized with tile size: 32
2026-01-02 18:21:51 - MyKingdom - INFO - Renderer biome set to: boreal_forest
2026-01-02 18:21:51 - MyKingdom - INFO - Cozy renderer initialized with tile size: 32
2026-01-02 18:21:51 - MyKingdom - INFO - Renderer biome set to: boreal_forest
2026-01-02 18:21:51 - MyKingdom - INFO - Cozy renderer initialized with tile size: 32
2026-01-02 18:21:51 - MyKingdom - INFO - Renderer biome set to: boreal_forest
2026-01-02 18:21:51 - MyKingdom - INFO - Cozy renderer initialized with tile size: 32
2026-01-02 18:21:51 - MyKingdom - INFO - Renderer biome set to: boreal_forest
2026-01-02 18:21:51 - MyKingdom - INFO - Cozy renderer initialized with tile size: 32
2026-01-02 18:21:51 - MyKingdom - INFO - Renderer biome set to: boreal_forest
2026-01-02 18:21:51 - MyKingdom - INFO - Location confirmed!
2026-01-02 18:21:51 - MyKingdom - INFO - Cozy renderer initialized with tile size: 32
2026-01-02 18:21:51 - MyKingdom - INFO - Renderer biome set to: boreal_forest
2026-01-02 18:21:51 - MyKingdom - INFO - === STARTING NEW GAME: 123 ===
2026-01-02 18:21:51 - MyKingdom - INFO - Using pre-generated world and tiles from selection screen
2026-01-02 18:21:51 - MyKingdom - INFO - Using player-selected location: (70, 67)
2026-01-02 18:21:51 - MyKingdom - INFO - Using pre-generated region tiles from preview
2026-01-02 18:21:51 - MyKingdom - INFO - Using selected region coordinates: (40, 40)
2026-01-02 18:21:51 - MyKingdom - INFO - Using pre-generated local tiles from preview - terrain will match preview!
2026-01-02 18:21:51 - MyKingdom - INFO - Renderer biome set to: boreal_forest
2026-01-02 18:21:51 - MyKingdom - INFO - Creating starting citizens...
2026-01-02 18:21:51 - MyKingdom - INFO - Created citizen: Vale Fairwind (ID: 1)
2026-01-02 18:21:51 - MyKingdom - INFO - Created citizen: Yara Clearwater (ID: 2)
2026-01-02 18:21:51 - MyKingdom - INFO - Created citizen: Lysa Kindler (ID: 3)
2026-01-02 18:21:51 - MyKingdom - INFO - Created citizen: Mira Quickstep (ID: 4)
2026-01-02 18:21:51 - MyKingdom - INFO - Created citizen: Cedric Evergreen (ID: 5)
2026-01-02 18:21:51 - MyKingdom - INFO - Collecting resource nodes from world...
2026-01-02 18:21:51 - MyKingdom - INFO - Collected 1044 resource nodes from world
2026-01-02 18:21:51 - MyKingdom - INFO - Spawning wagon stockpile...
2026-01-02 18:21:51 - MyKingdom - INFO - Spawned wagon stockpile at (50, 50)
2026-01-02 18:21:52 - MyKingdom - INFO - Game saved successfully: saves\123.sav.gz
2026-01-02 18:21:52 - MyKingdom - INFO - Game saved: 123
2026-01-02 18:21:52 - MyKingdom - INFO - === NEW GAME STARTED SUCCESSFULLY ===
2026-01-02 18:21:52 - MyKingdom - INFO - Game initialized successfully
2026-01-02 18:21:53 - MyKingdom - INFO - Playing music: gameplay
2026-01-02 18:22:07 - MyKingdom - INFO - Switched to REGION view
2026-01-02 18:22:08 - MyKingdom - INFO - Switched to WORLD view
2026-01-02 18:22:09 - MyKingdom - INFO - Switched to LOCAL view - building enabled
2026-01-02 18:22:23 - MyKingdom - INFO - Building mode toggled: ON
2026-01-02 18:22:25 - MyKingdom - INFO - Selected: Storage
2026-01-02 18:22:27 - MyKingdom - INFO - Placed storage at (48, 46), ID: 2
2026-01-02 18:22:27 - MyKingdom - INFO - Game saved successfully: saves\autosave_20260102_182227.sav.gz
2026-01-02 18:22:28 - MyKingdom - INFO - Found 16 save files
2026-01-02 18:22:28 - MyKingdom - INFO - Deleted save: saves\autosave_20260102_165109.sav.gz
2026-01-02 18:22:28 - MyKingdom - INFO - Cleaned up 1 old auto-saves
2026-01-02 18:22:28 - MyKingdom - INFO - Placed storage at (48, 46)
2026-01-02 18:22:31 - MyKingdom - WARNING - Cannot place storage at (51, 50)
2026-01-02 18:22:31 - MyKingdom - WARNING - Cannot place storage at (51, 50)
2026-01-02 18:22:40 - MyKingdom - INFO - Placed storage at (45, 52), ID: 3
2026-01-02 18:22:41 - MyKingdom - INFO - Game saved successfully: saves\autosave_20260102_182240.sav.gz
2026-01-02 18:22:41 - MyKingdom - INFO - Found 16 save files
2026-01-02 18:22:41 - MyKingdom - INFO - Deleted save: saves\autosave_20260102_165113.sav.gz
2026-01-02 18:22:41 - MyKingdom - INFO - Cleaned up 1 old auto-saves
2026-01-02 18:22:41 - MyKingdom - INFO - Placed storage at (45, 52)
2026-01-02 18:22:53 - MyKingdom - INFO - Building mode toggled: OFF
2026-01-02 18:22:53 - MyKingdom - INFO - Building mode toggled: ON
2026-01-02 18:22:54 - MyKingdom - INFO - Building mode toggled: OFF
2026-01-02 18:22:55 - MyKingdom - INFO - Snapped camera to home in local view
2026-01-02 18:23:08 - MyKingdom - INFO - Escape pressed - showing pause menu
2026-01-02 18:23:08 - MyKingdom - INFO - Pause menu initialized
2026-01-02 18:23:10 - MyKingdom - INFO - Main Menu button clicked
2026-01-02 18:23:10 - MyKingdom - INFO - Returning to main menu
2026-01-02 18:23:11 - MyKingdom - INFO - Game saved successfully: saves\123.sav.gz
2026-01-02 18:23:11 - MyKingdom - INFO - Game saved: 123
2026-01-02 18:23:12 - MyKingdom - INFO - Playing music: menu
2026-01-02 18:23:12 - MyKingdom - INFO - Entering MENU state
2026-01-02 18:23:12 - MyKingdom - INFO - AI-generated menu background loaded successfully
2026-01-02 18:23:13 - MyKingdom - INFO - Playing music: menu
2026-01-02 18:23:13 - MyKingdom - INFO - Main menu initialized
2026-01-02 18:23:14 - MyKingdom - INFO - Settings button clicked
2026-01-02 18:23:14 - MyKingdom - INFO - Settings menu initialized
2026-01-02 18:23:15 - MyKingdom - INFO - Settings menu closed
2026-01-02 18:23:17 - MyKingdom - INFO - Quit event received from menu
2026-01-02 18:23:17 - MyKingdom - INFO - ============================================================
2026-01-02 18:23:17 - MyKingdom - INFO - MY KINGDOM - Shutting Down
2026-01-02 18:23:17 - MyKingdom - INFO - ============================================================
