2026-01-02 18:51:28 - MyKingdom - INFO - ============================================================
2026-01-02 18:51:28 - MyKingdom - INFO - Game Logger Initialized
2026-01-02 18:51:28 - MyKingdom - INFO - Log file: C:\Users\Chris Mork\Desktop\My-KingdomVersion 3\Logs\game_20260102_185128.log
2026-01-02 18:51:28 - MyKingdom - INFO - ============================================================
2026-01-02 18:51:28 - MyKingdom - INFO - ============================================================
2026-01-02 18:51:28 - MyKingdom - INFO - MY KINGDOM - Starting Application
2026-01-02 18:51:28 - MyKingdom - INFO - ============================================================
2026-01-02 18:51:28 - MyKingdom - INFO - Pygame initialized
2026-01-02 18:51:28 - MyKingdom - INFO - Window created: 1280x720
2026-01-02 18:51:28 - MyKingdom - INFO - Application initialization complete
2026-01-02 18:51:28 - MyKingdom - INFO - Starting main application loop
2026-01-02 18:51:28 - MyKingdom - INFO - Entering MENU state
2026-01-02 18:51:28 - MyKingdom - INFO - AI-generated menu background loaded successfully
2026-01-02 18:51:28 - MyKingdom - INFO - Music settings loaded: enabled=True, volume=0.07
2026-01-02 18:51:28 - MyKingdom - INFO - Music manager initialized
2026-01-02 18:51:28 - MyKingdom - INFO - Playing music: menu
2026-01-02 18:51:28 - MyKingdom - INFO - Main menu initialized
2026-01-02 18:51:34 - MyKingdom - INFO - New Game button clicked
2026-01-02 18:51:36 - MyKingdom - INFO - Starting new game: 123
2026-01-02 18:51:36 - MyKingdom - INFO - Starting new game: 123
2026-01-02 18:51:36 - MyKingdom - INFO - Entering PLAYING state
2026-01-02 18:51:36 - MyKingdom - INFO - Initializing new GameState system...
2026-01-02 18:51:36 - MyKingdom - INFO - Cozy renderer initialized with tile size: 32
2026-01-02 18:51:36 - MyKingdom - INFO - Save system initialized. Save directory: C:\Users\Chris Mork\Desktop\My-KingdomVersion 3\saves
2026-01-02 18:51:36 - MyKingdom - INFO - Game state initialized
2026-01-02 18:51:36 - MyKingdom - INFO - Tiered World Generator initialized with seed: 970927
2026-01-02 18:51:36 - MyKingdom - INFO - Generating world map: 150x150...
2026-01-02 18:51:36 - MyKingdom - INFO - World generation complete!
2026-01-02 18:51:36 - MyKingdom - INFO - Biome distribution:
2026-01-02 18:51:36 - MyKingdom - INFO -   tundra: 12138 tiles (53.9%)
2026-01-02 18:51:36 - MyKingdom - INFO -   boreal_forest: 5015 tiles (22.3%)
2026-01-02 18:51:36 - MyKingdom - INFO -   temperate_forest: 4476 tiles (19.9%)
2026-01-02 18:51:36 - MyKingdom - INFO -   grassland: 843 tiles (3.7%)
2026-01-02 18:51:36 - MyKingdom - INFO -   wetland: 26 tiles (0.1%)
2026-01-02 18:51:36 - MyKingdom - INFO -   arid_shrubland: 2 tiles (0.0%)
2026-01-02 18:51:36 - MyKingdom - INFO - Multi-stage world selection screen initialized
2026-01-02 18:51:38 - MyKingdom - INFO - Generating region preview for world tile temperate_forest...
2026-01-02 18:51:38 - MyKingdom - INFO - Generating region from world tile (75, 75)...
2026-01-02 18:51:38 - MyKingdom - INFO -   Biome: temperate_forest, Elevation: 0.68
2026-01-02 18:51:38 - MyKingdom - INFO - Advanced to REGION view for world tile (75, 75)
2026-01-02 18:51:39 - MyKingdom - INFO - Generating local preview from region tile (40, 40)...
2026-01-02 18:51:39 - MyKingdom - INFO - Generating local map from region chunk (40, 40)...
2026-01-02 18:51:39 - MyKingdom - INFO -   Chunk analysis: Biome=temperate_forest, Avg Elev=0.46
2026-01-02 18:51:39 - MyKingdom - INFO - Placed resource nodes on local map
2026-01-02 18:51:39 - MyKingdom - INFO - Local map generated successfully
2026-01-02 18:51:39 - MyKingdom - INFO - Advanced to LOCAL view
2026-01-02 18:51:39 - MyKingdom - INFO - Cozy renderer initialized with tile size: 32
2026-01-02 18:51:39 - MyKingdom - INFO - Renderer biome set to: temperate_forest
2026-01-02 18:51:39 - MyKingdom - INFO - Cozy renderer initialized with tile size: 32
2026-01-02 18:51:39 - MyKingdom - INFO - Renderer biome set to: temperate_forest
2026-01-02 18:51:39 - MyKingdom - INFO - Cozy renderer initialized with tile size: 32
2026-01-02 18:51:39 - MyKingdom - INFO - Renderer biome set to: temperate_forest
2026-01-02 18:51:39 - MyKingdom - INFO - Cozy renderer initialized with tile size: 32
2026-01-02 18:51:39 - MyKingdom - INFO - Renderer biome set to: temperate_forest
2026-01-02 18:51:39 - MyKingdom - INFO - Cozy renderer initialized with tile size: 32
2026-01-02 18:51:39 - MyKingdom - INFO - Renderer biome set to: temperate_forest
2026-01-02 18:51:39 - MyKingdom - INFO - Cozy renderer initialized with tile size: 32
2026-01-02 18:51:39 - MyKingdom - INFO - Renderer biome set to: temperate_forest
2026-01-02 18:51:39 - MyKingdom - INFO - Cozy renderer initialized with tile size: 32
2026-01-02 18:51:39 - MyKingdom - INFO - Renderer biome set to: temperate_forest
2026-01-02 18:51:39 - MyKingdom - INFO - Cozy renderer initialized with tile size: 32
2026-01-02 18:51:39 - MyKingdom - INFO - Renderer biome set to: temperate_forest
2026-01-02 18:51:39 - MyKingdom - INFO - Cozy renderer initialized with tile size: 32
2026-01-02 18:51:39 - MyKingdom - INFO - Renderer biome set to: temperate_forest
2026-01-02 18:51:39 - MyKingdom - INFO - Cozy renderer initialized with tile size: 32
2026-01-02 18:51:39 - MyKingdom - INFO - Renderer biome set to: temperate_forest
2026-01-02 18:51:39 - MyKingdom - INFO - Cozy renderer initialized with tile size: 32
2026-01-02 18:51:39 - MyKingdom - INFO - Renderer biome set to: temperate_forest
2026-01-02 18:51:39 - MyKingdom - INFO - Cozy renderer initialized with tile size: 32
2026-01-02 18:51:39 - MyKingdom - INFO - Renderer biome set to: temperate_forest
2026-01-02 18:51:39 - MyKingdom - INFO - Cozy renderer initialized with tile size: 32
2026-01-02 18:51:39 - MyKingdom - INFO - Renderer biome set to: temperate_forest
2026-01-02 18:51:39 - MyKingdom - INFO - Cozy renderer initialized with tile size: 32
2026-01-02 18:51:39 - MyKingdom - INFO - Renderer biome set to: temperate_forest
2026-01-02 18:51:39 - MyKingdom - INFO - Cozy renderer initialized with tile size: 32
2026-01-02 18:51:39 - MyKingdom - INFO - Renderer biome set to: temperate_forest
2026-01-02 18:51:39 - MyKingdom - INFO - Cozy renderer initialized with tile size: 32
2026-01-02 18:51:39 - MyKingdom - INFO - Renderer biome set to: temperate_forest
2026-01-02 18:51:39 - MyKingdom - INFO - Cozy renderer initialized with tile size: 32
2026-01-02 18:51:39 - MyKingdom - INFO - Renderer biome set to: temperate_forest
2026-01-02 18:51:39 - MyKingdom - INFO - Cozy renderer initialized with tile size: 32
2026-01-02 18:51:39 - MyKingdom - INFO - Renderer biome set to: temperate_forest
2026-01-02 18:51:39 - MyKingdom - INFO - Cozy renderer initialized with tile size: 32
2026-01-02 18:51:39 - MyKingdom - INFO - Renderer biome set to: temperate_forest
2026-01-02 18:51:39 - MyKingdom - INFO - Cozy renderer initialized with tile size: 32
2026-01-02 18:51:39 - MyKingdom - INFO - Renderer biome set to: temperate_forest
2026-01-02 18:51:40 - MyKingdom - INFO - Cozy renderer initialized with tile size: 32
2026-01-02 18:51:40 - MyKingdom - INFO - Renderer biome set to: temperate_forest
2026-01-02 18:51:40 - MyKingdom - INFO - Cozy renderer initialized with tile size: 32
2026-01-02 18:51:40 - MyKingdom - INFO - Renderer biome set to: temperate_forest
2026-01-02 18:51:40 - MyKingdom - INFO - Cozy renderer initialized with tile size: 32
2026-01-02 18:51:40 - MyKingdom - INFO - Renderer biome set to: temperate_forest
2026-01-02 18:51:40 - MyKingdom - INFO - Cozy renderer initialized with tile size: 32
2026-01-02 18:51:40 - MyKingdom - INFO - Renderer biome set to: temperate_forest
2026-01-02 18:51:40 - MyKingdom - INFO - Cozy renderer initialized with tile size: 32
2026-01-02 18:51:40 - MyKingdom - INFO - Renderer biome set to: temperate_forest
2026-01-02 18:51:40 - MyKingdom - INFO - Cozy renderer initialized with tile size: 32
2026-01-02 18:51:40 - MyKingdom - INFO - Renderer biome set to: temperate_forest
2026-01-02 18:51:40 - MyKingdom - INFO - Cozy renderer initialized with tile size: 32
2026-01-02 18:51:40 - MyKingdom - INFO - Renderer biome set to: temperate_forest
2026-01-02 18:51:40 - MyKingdom - INFO - Cozy renderer initialized with tile size: 32
2026-01-02 18:51:40 - MyKingdom - INFO - Renderer biome set to: temperate_forest
2026-01-02 18:51:40 - MyKingdom - INFO - Cozy renderer initialized with tile size: 32
2026-01-02 18:51:40 - MyKingdom - INFO - Renderer biome set to: temperate_forest
2026-01-02 18:51:40 - MyKingdom - INFO - Cozy renderer initialized with tile size: 32
2026-01-02 18:51:40 - MyKingdom - INFO - Renderer biome set to: temperate_forest
2026-01-02 18:51:40 - MyKingdom - INFO - Cozy renderer initialized with tile size: 32
2026-01-02 18:51:40 - MyKingdom - INFO - Renderer biome set to: temperate_forest
2026-01-02 18:51:40 - MyKingdom - INFO - Cozy renderer initialized with tile size: 32
2026-01-02 18:51:40 - MyKingdom - INFO - Renderer biome set to: temperate_forest
2026-01-02 18:51:40 - MyKingdom - INFO - Cozy renderer initialized with tile size: 32
2026-01-02 18:51:40 - MyKingdom - INFO - Renderer biome set to: temperate_forest
2026-01-02 18:51:40 - MyKingdom - INFO - Cozy renderer initialized with tile size: 32
2026-01-02 18:51:40 - MyKingdom - INFO - Renderer biome set to: temperate_forest
2026-01-02 18:51:40 - MyKingdom - INFO - Cozy renderer initialized with tile size: 32
2026-01-02 18:51:40 - MyKingdom - INFO - Renderer biome set to: temperate_forest
2026-01-02 18:51:40 - MyKingdom - INFO - Cozy renderer initialized with tile size: 32
2026-01-02 18:51:40 - MyKingdom - INFO - Renderer biome set to: temperate_forest
2026-01-02 18:51:40 - MyKingdom - INFO - Location confirmed!
2026-01-02 18:51:40 - MyKingdom - INFO - Cozy renderer initialized with tile size: 32
2026-01-02 18:51:40 - MyKingdom - INFO - Renderer biome set to: temperate_forest
2026-01-02 18:51:40 - MyKingdom - INFO - === STARTING NEW GAME: 123 ===
2026-01-02 18:51:40 - MyKingdom - INFO - Using pre-generated world and tiles from selection screen
2026-01-02 18:51:40 - MyKingdom - INFO - Using player-selected location: (75, 75)
2026-01-02 18:51:40 - MyKingdom - INFO - Using pre-generated region tiles from preview
2026-01-02 18:51:40 - MyKingdom - INFO - Using selected region coordinates: (40, 40)
2026-01-02 18:51:40 - MyKingdom - INFO - Using pre-generated local tiles from preview - terrain will match preview!
2026-01-02 18:51:40 - MyKingdom - INFO - Renderer biome set to: temperate_forest
2026-01-02 18:51:40 - MyKingdom - INFO - Creating starting citizens...
2026-01-02 18:51:40 - MyKingdom - INFO - Created citizen: Rolan Fairwind (ID: 1)
2026-01-02 18:51:40 - MyKingdom - INFO - Created citizen: Olwen Clearwater (ID: 2)
2026-01-02 18:51:40 - MyKingdom - INFO - Created citizen: Doran Lightfoot (ID: 3)
2026-01-02 18:51:40 - MyKingdom - INFO - Created citizen: Greta Meadowbrook (ID: 4)
2026-01-02 18:51:40 - MyKingdom - INFO - Created citizen: Xander Underhill (ID: 5)
2026-01-02 18:51:40 - MyKingdom - INFO - Collecting resource nodes from world...
2026-01-02 18:51:40 - MyKingdom - INFO - Collected 2062 resource nodes from world
2026-01-02 18:51:40 - MyKingdom - INFO - Spawning wagon stockpile...
2026-01-02 18:51:40 - MyKingdom - INFO - Spawned wagon stockpile at (50, 50)
2026-01-02 18:51:40 - MyKingdom - INFO - Game saved successfully: saves\123.sav.gz
2026-01-02 18:51:40 - MyKingdom - INFO - Game saved: 123
2026-01-02 18:51:40 - MyKingdom - INFO - === NEW GAME STARTED SUCCESSFULLY ===
2026-01-02 18:51:40 - MyKingdom - INFO - Game initialized successfully
2026-01-02 18:51:41 - MyKingdom - INFO - Playing music: gameplay
2026-01-02 18:51:44 - MyKingdom - INFO - Designation mode: ON (Chop Trees)
2026-01-02 18:51:47 - MyKingdom - INFO - Designated 13 trees for chopping
2026-01-02 18:51:51 - MyKingdom - INFO - Designated 1 trees for chopping
2026-01-02 18:51:53 - MyKingdom - INFO - Designated 5 trees for chopping
2026-01-02 18:51:57 - MyKingdom - INFO - Switched to REGION view
2026-01-02 18:51:57 - MyKingdom - INFO - Switched to LOCAL view - building enabled
2026-01-02 18:51:59 - MyKingdom - INFO - Switched to WORLD view
2026-01-02 18:52:01 - MyKingdom - INFO - Switched to REGION view
2026-01-02 18:52:01 - MyKingdom - INFO - Switched to LOCAL view - building enabled
2026-01-02 18:52:02 - MyKingdom - INFO - Quit event received from game
2026-01-02 18:52:02 - MyKingdom - INFO - ============================================================
2026-01-02 18:52:02 - MyKingdom - INFO - MY KINGDOM - Shutting Down
2026-01-02 18:52:02 - MyKingdom - INFO - ============================================================
