2026-01-02 14:54:30 - MyKingdom - INFO - ============================================================
2026-01-02 14:54:30 - MyKingdom - INFO - Game Logger Initialized
2026-01-02 14:54:30 - MyKingdom - INFO - Log file: C:\Users\Chris Mork\Desktop\My-KingdomVersion 3\Logs\game_20260102_145430.log
2026-01-02 14:54:30 - MyKingdom - INFO - ============================================================
2026-01-02 14:54:30 - MyKingdom - INFO - ============================================================
2026-01-02 14:54:30 - MyKingdom - INFO - MY KINGDOM - Starting Application
2026-01-02 14:54:30 - MyKingdom - INFO - ============================================================
2026-01-02 14:54:30 - MyKingdom - INFO - Pygame initialized
2026-01-02 14:54:30 - MyKingdom - INFO - Window created: 1280x720
2026-01-02 14:54:30 - MyKingdom - INFO - Application initialization complete
2026-01-02 14:54:30 - MyKingdom - INFO - Starting main application loop
2026-01-02 14:54:30 - MyKingdom - INFO - Entering MENU state
2026-01-02 14:54:31 - MyKingdom - INFO - AI-generated menu background loaded successfully
2026-01-02 14:54:31 - MyKingdom - INFO - Main menu initialized
2026-01-02 14:54:32 - MyKingdom - INFO - New Game button clicked
2026-01-02 14:54:36 - MyKingdom - INFO - Starting new game: 123
2026-01-02 14:54:36 - MyKingdom - INFO - Starting new game: 123
2026-01-02 14:54:36 - MyKingdom - INFO - Entering PLAYING state
2026-01-02 14:54:36 - MyKingdom - INFO - Initializing new GameState system...
2026-01-02 14:54:36 - MyKingdom - INFO - Cozy renderer initialized with tile size: 32
2026-01-02 14:54:36 - MyKingdom - INFO - Save system initialized. Save directory: C:\Users\Chris Mork\Desktop\My-KingdomVersion 3\saves
2026-01-02 14:54:36 - MyKingdom - INFO - Game state initialized
2026-01-02 14:54:36 - MyKingdom - INFO - Tiered World Generator initialized with seed: 167783
2026-01-02 14:54:36 - MyKingdom - INFO - Generating world map: 150x150...
2026-01-02 14:54:36 - MyKingdom - INFO - World generation complete!
2026-01-02 14:54:36 - MyKingdom - INFO - Biome distribution:
2026-01-02 14:54:36 - MyKingdom - INFO -   tundra: 9527 tiles (42.3%)
2026-01-02 14:54:36 - MyKingdom - INFO -   boreal_forest: 6671 tiles (29.6%)
2026-01-02 14:54:36 - MyKingdom - INFO -   temperate_forest: 5420 tiles (24.1%)
2026-01-02 14:54:36 - MyKingdom - INFO -   grassland: 802 tiles (3.6%)
2026-01-02 14:54:36 - MyKingdom - INFO -   wetland: 80 tiles (0.4%)
2026-01-02 14:54:36 - MyKingdom - INFO - Multi-stage world selection screen initialized
2026-01-02 14:54:50 - MyKingdom - INFO - Generating region preview for world tile grassland...
2026-01-02 14:54:50 - MyKingdom - INFO - Generating region from world tile (78, 86)...
2026-01-02 14:54:50 - MyKingdom - INFO -   Biome: grassland, Elevation: 0.41
2026-01-02 14:54:51 - MyKingdom - INFO - Advanced to REGION view for world tile (78, 86)
2026-01-02 14:55:07 - MyKingdom - INFO - Generating local preview from region tile (46, 50)...
