2026-01-02 15:03:08 - MyKingdom - INFO - ============================================================
2026-01-02 15:03:08 - MyKingdom - INFO - Game Logger Initialized
2026-01-02 15:03:08 - MyKingdom - INFO - Log file: C:\Users\Chris Mork\Desktop\My-KingdomVersion 3\Logs\game_20260102_150308.log
2026-01-02 15:03:08 - MyKingdom - INFO - ============================================================
2026-01-02 15:03:09 - MyKingdom - INFO - ============================================================
2026-01-02 15:03:09 - MyKingdom - INFO - MY KINGDOM - Starting Application
2026-01-02 15:03:09 - MyKingdom - INFO - ============================================================
2026-01-02 15:03:09 - MyKingdom - INFO - Pygame initialized
2026-01-02 15:03:09 - MyKingdom - INFO - Window created: 1280x720
2026-01-02 15:03:09 - MyKingdom - INFO - Application initialization complete
2026-01-02 15:03:09 - MyKingdom - INFO - Starting main application loop
2026-01-02 15:03:09 - MyKingdom - INFO - Entering MENU state
2026-01-02 15:03:09 - MyKingdom - INFO - AI-generated menu background loaded successfully
2026-01-02 15:03:09 - MyKingdom - INFO - Main menu initialized
2026-01-02 15:03:12 - MyKingdom - INFO - New Game button clicked
2026-01-02 15:03:14 - MyKingdom - INFO - Starting new game: 142
2026-01-02 15:03:14 - MyKingdom - INFO - Starting new game: 142
2026-01-02 15:03:14 - MyKingdom - INFO - Entering PLAYING state
2026-01-02 15:03:14 - MyKingdom - INFO - Initializing new GameState system...
2026-01-02 15:03:14 - MyKingdom - INFO - Cozy renderer initialized with tile size: 32
2026-01-02 15:03:14 - MyKingdom - INFO - Save system initialized. Save directory: C:\Users\Chris Mork\Desktop\My-KingdomVersion 3\saves
2026-01-02 15:03:14 - MyKingdom - INFO - Game state initialized
2026-01-02 15:03:14 - MyKingdom - INFO - Tiered World Generator initialized with seed: 632321
2026-01-02 15:03:14 - MyKingdom - INFO - Generating world map: 150x150...
2026-01-02 15:03:15 - MyKingdom - INFO - World generation complete!
2026-01-02 15:03:15 - MyKingdom - INFO - Biome distribution:
2026-01-02 15:03:15 - MyKingdom - INFO -   tundra: 12227 tiles (54.3%)
2026-01-02 15:03:15 - MyKingdom - INFO -   temperate_forest: 6218 tiles (27.6%)
2026-01-02 15:03:15 - MyKingdom - INFO -   boreal_forest: 3797 tiles (16.9%)
2026-01-02 15:03:15 - MyKingdom - INFO -   grassland: 258 tiles (1.1%)
2026-01-02 15:03:15 - MyKingdom - INFO - Multi-stage world selection screen initialized
2026-01-02 15:03:32 - MyKingdom - INFO - Generating region preview for world tile boreal_forest...
2026-01-02 15:03:32 - MyKingdom - INFO - Generating region from world tile (71, 109)...
2026-01-02 15:03:32 - MyKingdom - INFO -   Biome: boreal_forest, Elevation: 0.45
2026-01-02 15:03:32 - MyKingdom - INFO - Advanced to REGION view for world tile (71, 109)
2026-01-02 15:03:57 - MyKingdom - INFO - Generating local preview from region tile (54, 40)...
2026-01-02 15:03:57 - MyKingdom - INFO - Generating local map from region chunk (54, 40)...
2026-01-02 15:03:57 - MyKingdom - INFO -   Chunk analysis: Biome=boreal_forest, Avg Elev=0.35
2026-01-02 15:03:57 - MyKingdom - INFO - Local map generated successfully
2026-01-02 15:03:57 - MyKingdom - INFO - Advanced to LOCAL view
