2026-01-02 19:26:44 - MyKingdom - INFO - ============================================================
2026-01-02 19:26:44 - MyKingdom - INFO - Game Logger Initialized
2026-01-02 19:26:44 - MyKingdom - INFO - Log file: C:\Users\Chris Mork\Desktop\My-KingdomVersion 3\Logs\game_20260102_192644.log
2026-01-02 19:26:44 - MyKingdom - INFO - ============================================================
2026-01-02 19:26:44 - MyKingdom - INFO - ============================================================
2026-01-02 19:26:44 - MyKingdom - INFO - MY KINGDOM - Starting Application
2026-01-02 19:26:44 - MyKingdom - INFO - ============================================================
2026-01-02 19:26:44 - MyKingdom - INFO - Pygame initialized
2026-01-02 19:26:44 - MyKingdom - INFO - Window created: 1280x720
2026-01-02 19:26:44 - MyKingdom - INFO - Application initialization complete
2026-01-02 19:26:44 - MyKingdom - INFO - Starting main application loop
2026-01-02 19:26:44 - MyKingdom - INFO - Entering MENU state
2026-01-02 19:26:44 - MyKingdom - INFO - AI-generated menu background loaded successfully
2026-01-02 19:26:44 - MyKingdom - INFO - Music settings loaded: enabled=True, volume=0.07
2026-01-02 19:26:44 - MyKingdom - INFO - Music manager initialized
2026-01-02 19:26:44 - MyKingdom - INFO - Playing music: menu
2026-01-02 19:26:44 - MyKingdom - INFO - Main menu initialized
2026-01-02 19:26:59 - MyKingdom - INFO - New Game button clicked
2026-01-02 19:27:01 - MyKingdom - INFO - Starting new game: 123
2026-01-02 19:27:01 - MyKingdom - INFO - Starting new game: 123
2026-01-02 19:27:01 - MyKingdom - INFO - Entering PLAYING state
2026-01-02 19:27:01 - MyKingdom - INFO - Initializing new GameState system...
2026-01-02 19:27:01 - MyKingdom - INFO - Cozy renderer initialized with tile size: 32
2026-01-02 19:27:01 - MyKingdom - INFO - Save system initialized. Save directory: C:\Users\Chris Mork\Desktop\My-KingdomVersion 3\saves
2026-01-02 19:27:01 - MyKingdom - INFO - Game state initialized
2026-01-02 19:27:01 - MyKingdom - INFO - Tiered World Generator initialized with seed: 319053
2026-01-02 19:27:01 - MyKingdom - INFO - Generating world map: 150x150...
2026-01-02 19:27:01 - MyKingdom - INFO - World generation complete!
2026-01-02 19:27:01 - MyKingdom - INFO - Biome distribution:
2026-01-02 19:27:01 - MyKingdom - INFO -   tundra: 10698 tiles (47.5%)
2026-01-02 19:27:01 - MyKingdom - INFO -   boreal_forest: 5469 tiles (24.3%)
2026-01-02 19:27:01 - MyKingdom - INFO -   temperate_forest: 4467 tiles (19.9%)
2026-01-02 19:27:01 - MyKingdom - INFO -   grassland: 1525 tiles (6.8%)
2026-01-02 19:27:01 - MyKingdom - INFO -   arid_shrubland: 294 tiles (1.3%)
2026-01-02 19:27:01 - MyKingdom - INFO -   wetland: 47 tiles (0.2%)
2026-01-02 19:27:01 - MyKingdom - INFO - Multi-stage world selection screen initialized
2026-01-02 19:27:06 - MyKingdom - INFO - Generating region preview for world tile temperate_forest...
2026-01-02 19:27:06 - MyKingdom - INFO - Generating region from world tile (75, 75)...
2026-01-02 19:27:06 - MyKingdom - INFO -   Biome: temperate_forest, Elevation: 0.38
2026-01-02 19:27:06 - MyKingdom - INFO - Advanced to REGION view for world tile (75, 75)
2026-01-02 19:27:06 - MyKingdom - INFO - Generating local preview from region tile (40, 40)...
2026-01-02 19:27:06 - MyKingdom - INFO - Generating local map from region chunk (40, 40)...
2026-01-02 19:27:06 - MyKingdom - INFO -   Chunk analysis: Biome=temperate_forest, Avg Elev=0.36
2026-01-02 19:27:06 - MyKingdom - INFO - Placed resource nodes on local map
2026-01-02 19:27:06 - MyKingdom - INFO - Local map generated successfully
2026-01-02 19:27:06 - MyKingdom - INFO - Advanced to LOCAL view
2026-01-02 19:27:06 - MyKingdom - INFO - Cozy renderer initialized with tile size: 32
2026-01-02 19:27:06 - MyKingdom - INFO - Renderer biome set to: temperate_forest
2026-01-02 19:27:06 - MyKingdom - INFO - Cozy renderer initialized with tile size: 32
2026-01-02 19:27:06 - MyKingdom - INFO - Renderer biome set to: temperate_forest
2026-01-02 19:27:06 - MyKingdom - INFO - Cozy renderer initialized with tile size: 32
2026-01-02 19:27:06 - MyKingdom - INFO - Renderer biome set to: temperate_forest
2026-01-02 19:27:06 - MyKingdom - INFO - Cozy renderer initialized with tile size: 32
2026-01-02 19:27:06 - MyKingdom - INFO - Renderer biome set to: temperate_forest
2026-01-02 19:27:06 - MyKingdom - INFO - Cozy renderer initialized with tile size: 32
2026-01-02 19:27:06 - MyKingdom - INFO - Renderer biome set to: temperate_forest
2026-01-02 19:27:06 - MyKingdom - INFO - Cozy renderer initialized with tile size: 32
2026-01-02 19:27:06 - MyKingdom - INFO - Renderer biome set to: temperate_forest
2026-01-02 19:27:06 - MyKingdom - INFO - Cozy renderer initialized with tile size: 32
2026-01-02 19:27:06 - MyKingdom - INFO - Renderer biome set to: temperate_forest
2026-01-02 19:27:06 - MyKingdom - INFO - Cozy renderer initialized with tile size: 32
2026-01-02 19:27:06 - MyKingdom - INFO - Renderer biome set to: temperate_forest
2026-01-02 19:27:06 - MyKingdom - INFO - Cozy renderer initialized with tile size: 32
2026-01-02 19:27:06 - MyKingdom - INFO - Renderer biome set to: temperate_forest
2026-01-02 19:27:06 - MyKingdom - INFO - Cozy renderer initialized with tile size: 32
2026-01-02 19:27:06 - MyKingdom - INFO - Renderer biome set to: temperate_forest
2026-01-02 19:27:06 - MyKingdom - INFO - Cozy renderer initialized with tile size: 32
2026-01-02 19:27:06 - MyKingdom - INFO - Renderer biome set to: temperate_forest
2026-01-02 19:27:06 - MyKingdom - INFO - Cozy renderer initialized with tile size: 32
2026-01-02 19:27:06 - MyKingdom - INFO - Renderer biome set to: temperate_forest
2026-01-02 19:27:06 - MyKingdom - INFO - Cozy renderer initialized with tile size: 32
2026-01-02 19:27:06 - MyKingdom - INFO - Renderer biome set to: temperate_forest
2026-01-02 19:27:06 - MyKingdom - INFO - Cozy renderer initialized with tile size: 32
2026-01-02 19:27:06 - MyKingdom - INFO - Renderer biome set to: temperate_forest
2026-01-02 19:27:06 - MyKingdom - INFO - Cozy renderer initialized with tile size: 32
2026-01-02 19:27:06 - MyKingdom - INFO - Renderer biome set to: temperate_forest
2026-01-02 19:27:06 - MyKingdom - INFO - Cozy renderer initialized with tile size: 32
2026-01-02 19:27:06 - MyKingdom - INFO - Renderer biome set to: temperate_forest
2026-01-02 19:27:06 - MyKingdom - INFO - Cozy renderer initialized with tile size: 32
2026-01-02 19:27:06 - MyKingdom - INFO - Renderer biome set to: temperate_forest
2026-01-02 19:27:06 - MyKingdom - INFO - Cozy renderer initialized with tile size: 32
2026-01-02 19:27:06 - MyKingdom - INFO - Renderer biome set to: temperate_forest
2026-01-02 19:27:06 - MyKingdom - INFO - Cozy renderer initialized with tile size: 32
2026-01-02 19:27:06 - MyKingdom - INFO - Renderer biome set to: temperate_forest
2026-01-02 19:27:06 - MyKingdom - INFO - Cozy renderer initialized with tile size: 32
2026-01-02 19:27:06 - MyKingdom - INFO - Renderer biome set to: temperate_forest
2026-01-02 19:27:06 - MyKingdom - INFO - Cozy renderer initialized with tile size: 32
2026-01-02 19:27:06 - MyKingdom - INFO - Renderer biome set to: temperate_forest
2026-01-02 19:27:06 - MyKingdom - INFO - Cozy renderer initialized with tile size: 32
2026-01-02 19:27:06 - MyKingdom - INFO - Renderer biome set to: temperate_forest
2026-01-02 19:27:06 - MyKingdom - INFO - Cozy renderer initialized with tile size: 32
2026-01-02 19:27:06 - MyKingdom - INFO - Renderer biome set to: temperate_forest
2026-01-02 19:27:06 - MyKingdom - INFO - Cozy renderer initialized with tile size: 32
2026-01-02 19:27:06 - MyKingdom - INFO - Renderer biome set to: temperate_forest
2026-01-02 19:27:07 - MyKingdom - INFO - Cozy renderer initialized with tile size: 32
2026-01-02 19:27:07 - MyKingdom - INFO - Renderer biome set to: temperate_forest
2026-01-02 19:27:07 - MyKingdom - INFO - Cozy renderer initialized with tile size: 32
2026-01-02 19:27:07 - MyKingdom - INFO - Renderer biome set to: temperate_forest
2026-01-02 19:27:07 - MyKingdom - INFO - Cozy renderer initialized with tile size: 32
2026-01-02 19:27:07 - MyKingdom - INFO - Renderer biome set to: temperate_forest
2026-01-02 19:27:07 - MyKingdom - INFO - Cozy renderer initialized with tile size: 32
2026-01-02 19:27:07 - MyKingdom - INFO - Renderer biome set to: temperate_forest
2026-01-02 19:27:07 - MyKingdom - INFO - Cozy renderer initialized with tile size: 32
2026-01-02 19:27:07 - MyKingdom - INFO - Renderer biome set to: temperate_forest
2026-01-02 19:27:07 - MyKingdom - INFO - Cozy renderer initialized with tile size: 32
2026-01-02 19:27:07 - MyKingdom - INFO - Renderer biome set to: temperate_forest
2026-01-02 19:27:07 - MyKingdom - INFO - Cozy renderer initialized with tile size: 32
2026-01-02 19:27:07 - MyKingdom - INFO - Renderer biome set to: temperate_forest
2026-01-02 19:27:07 - MyKingdom - INFO - Cozy renderer initialized with tile size: 32
2026-01-02 19:27:07 - MyKingdom - INFO - Renderer biome set to: temperate_forest
2026-01-02 19:27:07 - MyKingdom - INFO - Cozy renderer initialized with tile size: 32
2026-01-02 19:27:07 - MyKingdom - INFO - Renderer biome set to: temperate_forest
2026-01-02 19:27:07 - MyKingdom - INFO - Cozy renderer initialized with tile size: 32
2026-01-02 19:27:07 - MyKingdom - INFO - Renderer biome set to: temperate_forest
2026-01-02 19:27:07 - MyKingdom - INFO - Cozy renderer initialized with tile size: 32
2026-01-02 19:27:07 - MyKingdom - INFO - Renderer biome set to: temperate_forest
2026-01-02 19:27:07 - MyKingdom - INFO - Cozy renderer initialized with tile size: 32
2026-01-02 19:27:07 - MyKingdom - INFO - Renderer biome set to: temperate_forest
2026-01-02 19:27:07 - MyKingdom - INFO - Cozy renderer initialized with tile size: 32
2026-01-02 19:27:07 - MyKingdom - INFO - Renderer biome set to: temperate_forest
2026-01-02 19:27:07 - MyKingdom - INFO - Cozy renderer initialized with tile size: 32
2026-01-02 19:27:07 - MyKingdom - INFO - Renderer biome set to: temperate_forest
2026-01-02 19:27:07 - MyKingdom - INFO - Cozy renderer initialized with tile size: 32
2026-01-02 19:27:07 - MyKingdom - INFO - Renderer biome set to: temperate_forest
2026-01-02 19:27:07 - MyKingdom - INFO - Cozy renderer initialized with tile size: 32
2026-01-02 19:27:07 - MyKingdom - INFO - Renderer biome set to: temperate_forest
2026-01-02 19:27:07 - MyKingdom - INFO - Cozy renderer initialized with tile size: 32
2026-01-02 19:27:07 - MyKingdom - INFO - Renderer biome set to: temperate_forest
2026-01-02 19:27:07 - MyKingdom - INFO - Cozy renderer initialized with tile size: 32
2026-01-02 19:27:07 - MyKingdom - INFO - Renderer biome set to: temperate_forest
2026-01-02 19:27:07 - MyKingdom - INFO - Cozy renderer initialized with tile size: 32
2026-01-02 19:27:07 - MyKingdom - INFO - Renderer biome set to: temperate_forest
2026-01-02 19:27:07 - MyKingdom - INFO - Location confirmed!
2026-01-02 19:27:07 - MyKingdom - INFO - Cozy renderer initialized with tile size: 32
2026-01-02 19:27:07 - MyKingdom - INFO - Renderer biome set to: temperate_forest
2026-01-02 19:27:07 - MyKingdom - INFO - === STARTING NEW GAME: 123 ===
2026-01-02 19:27:07 - MyKingdom - INFO - Using pre-generated world and tiles from selection screen
2026-01-02 19:27:07 - MyKingdom - INFO - Using player-selected location: (75, 75)
2026-01-02 19:27:07 - MyKingdom - INFO - Using pre-generated region tiles from preview
2026-01-02 19:27:07 - MyKingdom - INFO - Using selected region coordinates: (40, 40)
2026-01-02 19:27:07 - MyKingdom - INFO - Using pre-generated local tiles from preview - terrain will match preview!
2026-01-02 19:27:07 - MyKingdom - INFO - Renderer biome set to: temperate_forest
2026-01-02 19:27:07 - MyKingdom - INFO - Creating starting citizens...
2026-01-02 19:27:07 - MyKingdom - INFO - Created citizen: Vale Fairwind (ID: 1)
2026-01-02 19:27:07 - MyKingdom - INFO - Created citizen: Yara Clearwater (ID: 2)
2026-01-02 19:27:07 - MyKingdom - INFO - Created citizen: Lysa Kindler (ID: 3)
2026-01-02 19:27:07 - MyKingdom - INFO - Created citizen: Mira Quickstep (ID: 4)
2026-01-02 19:27:07 - MyKingdom - INFO - Created citizen: Cedric Evergreen (ID: 5)
2026-01-02 19:27:07 - MyKingdom - INFO - Collecting resource nodes from world...
2026-01-02 19:27:07 - MyKingdom - INFO - Collected 1036 resource nodes from world
2026-01-02 19:27:07 - MyKingdom - INFO - Spawning wagon stockpile...
2026-01-02 19:27:07 - MyKingdom - INFO - Spawned wagon stockpile at (50, 50)
2026-01-02 19:27:07 - MyKingdom - INFO - Game saved successfully: saves\123.sav.gz
2026-01-02 19:27:07 - MyKingdom - INFO - Game saved: 123
2026-01-02 19:27:07 - MyKingdom - INFO - === NEW GAME STARTED SUCCESSFULLY ===
2026-01-02 19:27:07 - MyKingdom - INFO - Game initialized successfully
2026-01-02 19:27:08 - MyKingdom - INFO - Playing music: gameplay
2026-01-02 19:27:14 - MyKingdom - INFO - Designation mode: ON (Chop Trees)
2026-01-02 19:27:16 - MyKingdom - INFO - Designated 10 trees for chopping
2026-01-02 19:27:24 - MyKingdom - INFO - Citizen 4 (Mira Quickstep) harvested 4 wood - returning to wagon
2026-01-02 19:27:24 - MyKingdom - INFO - Citizen 2 (Yara Clearwater) harvested 4 wood - returning to wagon
2026-01-02 19:27:25 - MyKingdom - INFO - Citizen 3 (Lysa Kindler) harvested 4 wood - returning to wagon
2026-01-02 19:27:25 - MyKingdom - INFO - Citizen 5 (Cedric Evergreen) harvested 4 wood - returning to wagon
2026-01-02 19:27:25 - MyKingdom - INFO - Citizen 1 (Vale Fairwind) harvested 4 wood - returning to wagon
2026-01-02 19:27:28 - MyKingdom - INFO - Citizen 2 (Yara Clearwater) deposited 4 wood at wagon - Total: 104
2026-01-02 19:27:28 - MyKingdom - INFO - Citizen 4 (Mira Quickstep) deposited 4 wood at wagon - Total: 108
2026-01-02 19:27:28 - MyKingdom - INFO - Citizen 3 (Lysa Kindler) deposited 4 wood at wagon - Total: 112
2026-01-02 19:27:28 - MyKingdom - INFO - Citizen 1 (Vale Fairwind) deposited 4 wood at wagon - Total: 116
2026-01-02 19:27:29 - MyKingdom - INFO - Citizen 5 (Cedric Evergreen) deposited 4 wood at wagon - Total: 120
2026-01-02 19:27:36 - MyKingdom - INFO - Citizen 4 (Mira Quickstep) harvested 4 wood - returning to wagon
2026-01-02 19:27:36 - MyKingdom - INFO - Citizen 2 (Yara Clearwater) harvested 4 wood - returning to wagon
2026-01-02 19:27:37 - MyKingdom - INFO - Citizen 3 (Lysa Kindler) harvested 4 wood - returning to wagon
2026-01-02 19:27:37 - MyKingdom - INFO - Citizen 1 (Vale Fairwind) harvested 4 wood - returning to wagon
2026-01-02 19:27:38 - MyKingdom - INFO - Citizen 5 (Cedric Evergreen) harvested 4 wood - returning to wagon
2026-01-02 19:27:40 - MyKingdom - INFO - Citizen 4 (Mira Quickstep) deposited 4 wood at wagon - Total: 124
2026-01-02 19:27:40 - MyKingdom - INFO - Citizen 2 (Yara Clearwater) deposited 4 wood at wagon - Total: 128
2026-01-02 19:27:40 - MyKingdom - INFO - Citizen 3 (Lysa Kindler) deposited 4 wood at wagon - Total: 132
2026-01-02 19:27:41 - MyKingdom - INFO - Citizen 1 (Vale Fairwind) deposited 4 wood at wagon - Total: 136
2026-01-02 19:27:42 - MyKingdom - INFO - Citizen 5 (Cedric Evergreen) deposited 4 wood at wagon - Total: 140
2026-01-02 19:27:45 - MyKingdom - INFO - Designated 20 trees for chopping
2026-01-02 19:27:50 - MyKingdom - INFO - Citizen 1 (Vale Fairwind) harvested 4 wood - returning to wagon
2026-01-02 19:27:50 - MyKingdom - INFO - Citizen 2 (Yara Clearwater) harvested 4 wood - returning to wagon
2026-01-02 19:27:50 - MyKingdom - INFO - Citizen 1 (Vale Fairwind) deposited 4 wood at wagon - Total: 144
2026-01-02 19:27:51 - MyKingdom - INFO - Citizen 3 (Lysa Kindler) harvested 4 wood - returning to wagon
2026-01-02 19:27:51 - MyKingdom - INFO - Citizen 4 (Mira Quickstep) harvested 4 wood - returning to wagon
2026-01-02 19:27:51 - MyKingdom - INFO - Citizen 5 (Cedric Evergreen) harvested 4 wood - returning to wagon
2026-01-02 19:27:51 - MyKingdom - INFO - Citizen 2 (Yara Clearwater) deposited 4 wood at wagon - Total: 148
2026-01-02 19:27:51 - MyKingdom - INFO - Citizen 3 (Lysa Kindler) deposited 4 wood at wagon - Total: 152
2026-01-02 19:27:51 - MyKingdom - INFO - Citizen 4 (Mira Quickstep) deposited 4 wood at wagon - Total: 156
2026-01-02 19:27:51 - MyKingdom - INFO - Citizen 5 (Cedric Evergreen) deposited 4 wood at wagon - Total: 160
2026-01-02 19:27:56 - MyKingdom - INFO - Citizen 1 (Vale Fairwind) harvested 4 wood - returning to wagon
2026-01-02 19:27:57 - MyKingdom - INFO - Citizen 3 (Lysa Kindler) harvested 4 wood - returning to wagon
2026-01-02 19:27:57 - MyKingdom - INFO - Citizen 2 (Yara Clearwater) harvested 4 wood - returning to wagon
2026-01-02 19:27:57 - MyKingdom - INFO - Citizen 4 (Mira Quickstep) harvested 4 wood - returning to wagon
2026-01-02 19:27:57 - MyKingdom - INFO - Citizen 1 (Vale Fairwind) deposited 4 wood at wagon - Total: 164
2026-01-02 19:27:57 - MyKingdom - INFO - Citizen 5 (Cedric Evergreen) harvested 4 wood - returning to wagon
2026-01-02 19:27:57 - MyKingdom - INFO - Citizen 2 (Yara Clearwater) deposited 4 wood at wagon - Total: 168
2026-01-02 19:27:57 - MyKingdom - INFO - Citizen 3 (Lysa Kindler) deposited 4 wood at wagon - Total: 172
2026-01-02 19:27:57 - MyKingdom - INFO - Citizen 4 (Mira Quickstep) deposited 4 wood at wagon - Total: 176
2026-01-02 19:27:58 - MyKingdom - INFO - Citizen 5 (Cedric Evergreen) deposited 4 wood at wagon - Total: 180
2026-01-02 19:28:03 - MyKingdom - INFO - Citizen 1 (Vale Fairwind) harvested 4 wood - returning to wagon
2026-01-02 19:28:03 - MyKingdom - INFO - Citizen 2 (Yara Clearwater) harvested 4 wood - returning to wagon
2026-01-02 19:28:03 - MyKingdom - INFO - Citizen 3 (Lysa Kindler) harvested 4 wood - returning to wagon
2026-01-02 19:28:04 - MyKingdom - INFO - Citizen 4 (Mira Quickstep) harvested 4 wood - returning to wagon
2026-01-02 19:28:04 - MyKingdom - INFO - Citizen 1 (Vale Fairwind) deposited 4 wood at wagon - Total: 184
2026-01-02 19:28:04 - MyKingdom - INFO - Citizen 5 (Cedric Evergreen) harvested 4 wood - returning to wagon
2026-01-02 19:28:04 - MyKingdom - INFO - Citizen 2 (Yara Clearwater) deposited 4 wood at wagon - Total: 188
2026-01-02 19:28:04 - MyKingdom - INFO - Citizen 3 (Lysa Kindler) deposited 4 wood at wagon - Total: 192
2026-01-02 19:28:04 - MyKingdom - INFO - Citizen 4 (Mira Quickstep) deposited 4 wood at wagon - Total: 196
2026-01-02 19:28:05 - MyKingdom - INFO - Citizen 5 (Cedric Evergreen) deposited 4 wood at wagon - Total: 200
2026-01-02 19:28:10 - MyKingdom - INFO - Citizen 1 (Vale Fairwind) harvested 4 wood - returning to wagon
2026-01-02 19:28:10 - MyKingdom - INFO - Citizen 2 (Yara Clearwater) harvested 4 wood - returning to wagon
2026-01-02 19:28:11 - MyKingdom - INFO - Citizen 3 (Lysa Kindler) harvested 4 wood - returning to wagon
2026-01-02 19:28:11 - MyKingdom - INFO - Citizen 4 (Mira Quickstep) harvested 4 wood - returning to wagon
2026-01-02 19:28:11 - MyKingdom - INFO - Citizen 1 (Vale Fairwind) deposited 4 wood at wagon - Total: 204
2026-01-02 19:28:11 - MyKingdom - INFO - Citizen 2 (Yara Clearwater) deposited 4 wood at wagon - Total: 208
2026-01-02 19:28:12 - MyKingdom - INFO - Citizen 5 (Cedric Evergreen) harvested 4 wood - returning to wagon
2026-01-02 19:28:12 - MyKingdom - INFO - Citizen 3 (Lysa Kindler) deposited 4 wood at wagon - Total: 212
2026-01-02 19:28:12 - MyKingdom - INFO - Citizen 4 (Mira Quickstep) deposited 4 wood at wagon - Total: 216
2026-01-02 19:28:13 - MyKingdom - INFO - Citizen 5 (Cedric Evergreen) deposited 4 wood at wagon - Total: 220
2026-01-02 19:30:43 - MyKingdom - INFO - Designated 2 trees for chopping
2026-01-02 19:30:50 - MyKingdom - INFO - Designated 15 trees for chopping
2026-01-02 19:30:51 - MyKingdom - INFO - Citizen 1 (Vale Fairwind) harvested 4 wood - returning to wagon
2026-01-02 19:30:51 - MyKingdom - INFO - Citizen 2 (Yara Clearwater) harvested 4 wood - returning to wagon
2026-01-02 19:30:53 - MyKingdom - INFO - Citizen 1 (Vale Fairwind) deposited 4 wood at wagon - Total: 224
2026-01-02 19:30:54 - MyKingdom - INFO - Citizen 2 (Yara Clearwater) deposited 4 wood at wagon - Total: 228
2026-01-02 19:30:57 - MyKingdom - INFO - Citizen 3 (Lysa Kindler) harvested 4 wood - returning to wagon
2026-01-02 19:30:58 - MyKingdom - INFO - Citizen 5 (Cedric Evergreen) harvested 4 wood - returning to wagon
2026-01-02 19:30:58 - MyKingdom - INFO - Citizen 4 (Mira Quickstep) harvested 4 wood - returning to wagon
2026-01-02 19:30:59 - MyKingdom - INFO - Citizen 3 (Lysa Kindler) deposited 4 wood at wagon - Total: 232
2026-01-02 19:31:00 - MyKingdom - INFO - Citizen 5 (Cedric Evergreen) deposited 4 wood at wagon - Total: 236
2026-01-02 19:31:00 - MyKingdom - INFO - Citizen 4 (Mira Quickstep) deposited 4 wood at wagon - Total: 240
2026-01-02 19:31:01 - MyKingdom - INFO - Citizen 1 (Vale Fairwind) harvested 4 wood - returning to wagon
2026-01-02 19:31:02 - MyKingdom - INFO - Citizen 2 (Yara Clearwater) harvested 4 wood - returning to wagon
2026-01-02 19:31:04 - MyKingdom - INFO - Citizen 1 (Vale Fairwind) deposited 4 wood at wagon - Total: 244
2026-01-02 19:31:05 - MyKingdom - INFO - Citizen 2 (Yara Clearwater) deposited 4 wood at wagon - Total: 248
2026-01-02 19:31:08 - MyKingdom - INFO - Citizen 3 (Lysa Kindler) harvested 4 wood - returning to wagon
2026-01-02 19:31:09 - MyKingdom - INFO - Citizen 5 (Cedric Evergreen) harvested 4 wood - returning to wagon
2026-01-02 19:31:09 - MyKingdom - INFO - Citizen 4 (Mira Quickstep) harvested 4 wood - returning to wagon
2026-01-02 19:31:11 - MyKingdom - INFO - Citizen 3 (Lysa Kindler) deposited 4 wood at wagon - Total: 252
2026-01-02 19:31:12 - MyKingdom - INFO - Citizen 5 (Cedric Evergreen) deposited 4 wood at wagon - Total: 256
2026-01-02 19:31:12 - MyKingdom - INFO - Citizen 1 (Vale Fairwind) harvested 4 wood - returning to wagon
2026-01-02 19:31:13 - MyKingdom - INFO - Citizen 4 (Mira Quickstep) deposited 4 wood at wagon - Total: 260
2026-01-02 19:31:13 - MyKingdom - INFO - Citizen 2 (Yara Clearwater) harvested 4 wood - returning to wagon
2026-01-02 19:31:16 - MyKingdom - INFO - Citizen 1 (Vale Fairwind) deposited 4 wood at wagon - Total: 264
2026-01-02 19:31:17 - MyKingdom - INFO - Citizen 2 (Yara Clearwater) deposited 4 wood at wagon - Total: 268
2026-01-02 19:31:20 - MyKingdom - INFO - Citizen 3 (Lysa Kindler) harvested 4 wood - returning to wagon
2026-01-02 19:31:21 - MyKingdom - INFO - Citizen 5 (Cedric Evergreen) harvested 4 wood - returning to wagon
2026-01-02 19:31:22 - MyKingdom - INFO - Citizen 4 (Mira Quickstep) harvested 4 wood - returning to wagon
2026-01-02 19:31:24 - MyKingdom - INFO - Citizen 3 (Lysa Kindler) deposited 4 wood at wagon - Total: 272
2026-01-02 19:31:25 - MyKingdom - INFO - Citizen 5 (Cedric Evergreen) deposited 4 wood at wagon - Total: 276
2026-01-02 19:31:26 - MyKingdom - INFO - Citizen 1 (Vale Fairwind) harvested 4 wood - returning to wagon
2026-01-02 19:31:26 - MyKingdom - INFO - Citizen 4 (Mira Quickstep) deposited 4 wood at wagon - Total: 280
2026-01-02 19:31:27 - MyKingdom - INFO - Citizen 2 (Yara Clearwater) harvested 4 wood - returning to wagon
2026-01-02 19:31:30 - MyKingdom - INFO - Citizen 1 (Vale Fairwind) deposited 4 wood at wagon - Total: 284
2026-01-02 19:31:31 - MyKingdom - INFO - Citizen 2 (Yara Clearwater) deposited 4 wood at wagon - Total: 288
2026-01-02 19:32:09 - MyKingdom - INFO - Game saved successfully: saves\autosave_20260102_193208.sav.gz
2026-01-02 19:32:10 - MyKingdom - INFO - Found 17 save files
2026-01-02 19:32:10 - MyKingdom - INFO - Deleted save: saves\autosave_20260102_165115.sav.gz
2026-01-02 19:32:10 - MyKingdom - INFO - Cleaned up 1 old auto-saves
2026-01-02 19:37:09 - MyKingdom - INFO - Game saved successfully: saves\autosave_20260102_193708.sav.gz
2026-01-02 19:37:10 - MyKingdom - INFO - Found 17 save files
2026-01-02 19:37:10 - MyKingdom - INFO - Deleted save: saves\autosave_20260102_174706.sav.gz
2026-01-02 19:37:10 - MyKingdom - INFO - Cleaned up 1 old auto-saves
2026-01-02 19:38:04 - MyKingdom - INFO - Quit event received from game
2026-01-02 19:38:04 - MyKingdom - INFO - ============================================================
2026-01-02 19:38:04 - MyKingdom - INFO - MY KINGDOM - Shutting Down
2026-01-02 19:38:04 - MyKingdom - INFO - ============================================================
