2026-01-02 20:32:12 - MyKingdom - INFO - ============================================================
2026-01-02 20:32:12 - MyKingdom - INFO - Game Logger Initialized
2026-01-02 20:32:12 - MyKingdom - INFO - Log file: C:\Users\Chris Mork\Desktop\My-KingdomVersion 3\Logs\game_20260102_203212.log
2026-01-02 20:32:12 - MyKingdom - INFO - ============================================================
2026-01-02 20:32:12 - MyKingdom - INFO - ============================================================
2026-01-02 20:32:12 - MyKingdom - INFO - MY KINGDOM - Starting Application
2026-01-02 20:32:12 - MyKingdom - INFO - ============================================================
2026-01-02 20:32:13 - MyKingdom - INFO - Pygame initialized
2026-01-02 20:32:13 - MyKingdom - INFO - Window created: 1280x720
2026-01-02 20:32:13 - MyKingdom - INFO - Application initialization complete
2026-01-02 20:32:13 - MyKingdom - INFO - Starting main application loop
2026-01-02 20:32:13 - MyKingdom - INFO - Entering MENU state
2026-01-02 20:32:13 - MyKingdom - INFO - AI-generated menu background loaded successfully
2026-01-02 20:32:13 - MyKingdom - INFO - Music settings loaded: enabled=True, volume=0.07
2026-01-02 20:32:13 - MyKingdom - INFO - Music manager initialized
2026-01-02 20:32:13 - MyKingdom - INFO - Playing music: menu
2026-01-02 20:32:13 - MyKingdom - INFO - Main menu initialized
2026-01-02 20:32:20 - MyKingdom - INFO - New Game button clicked
2026-01-02 20:32:22 - MyKingdom - INFO - Starting new game: 123
2026-01-02 20:32:22 - MyKingdom - INFO - Starting new game: 123
2026-01-02 20:32:22 - MyKingdom - INFO - Entering PLAYING state
2026-01-02 20:32:22 - MyKingdom - INFO - Initializing new GameState system...
2026-01-02 20:32:22 - MyKingdom - INFO - Cozy renderer initialized with tile size: 32
2026-01-02 20:32:22 - MyKingdom - INFO - Save system initialized. Save directory: C:\Users\Chris Mork\Desktop\My-KingdomVersion 3\saves
2026-01-02 20:32:22 - MyKingdom - INFO - Game state initialized
2026-01-02 20:32:22 - MyKingdom - INFO - Tiered World Generator initialized with seed: 219234
2026-01-02 20:32:22 - MyKingdom - INFO - Generating world map: 150x150...
2026-01-02 20:32:23 - MyKingdom - INFO - World generation complete!
2026-01-02 20:32:23 - MyKingdom - INFO - Biome distribution:
2026-01-02 20:32:23 - MyKingdom - INFO -   tundra: 10339 tiles (46.0%)
2026-01-02 20:32:23 - MyKingdom - INFO -   boreal_forest: 6713 tiles (29.8%)
2026-01-02 20:32:23 - MyKingdom - INFO -   temperate_forest: 4181 tiles (18.6%)
2026-01-02 20:32:23 - MyKingdom - INFO -   grassland: 1206 tiles (5.4%)
2026-01-02 20:32:23 - MyKingdom - INFO -   wetland: 61 tiles (0.3%)
2026-01-02 20:32:23 - MyKingdom - INFO - Multi-stage world selection screen initialized
2026-01-02 20:32:26 - MyKingdom - INFO - Generating region preview for world tile temperate_forest...
2026-01-02 20:32:26 - MyKingdom - INFO - Generating region from world tile (75, 75)...
2026-01-02 20:32:26 - MyKingdom - INFO -   Biome: temperate_forest, Elevation: 0.61
2026-01-02 20:32:26 - MyKingdom - INFO - Advanced to REGION view for world tile (75, 75)
2026-01-02 20:32:27 - MyKingdom - INFO - Generating local preview from region tile (40, 40)...
2026-01-02 20:32:27 - MyKingdom - INFO - Generating local map from region chunk (40, 40)...
2026-01-02 20:32:27 - MyKingdom - INFO -   Chunk analysis: Biome=temperate_forest, Avg Elev=0.56
2026-01-02 20:32:27 - MyKingdom - INFO - Placed resource nodes on local map
2026-01-02 20:32:27 - MyKingdom - INFO - Local map generated successfully
2026-01-02 20:32:27 - MyKingdom - INFO - Advanced to LOCAL view
2026-01-02 20:32:27 - MyKingdom - INFO - Cozy renderer initialized with tile size: 32
2026-01-02 20:32:27 - MyKingdom - INFO - Renderer biome set to: temperate_forest
2026-01-02 20:32:27 - MyKingdom - INFO - Cozy renderer initialized with tile size: 32
2026-01-02 20:32:27 - MyKingdom - INFO - Renderer biome set to: temperate_forest
2026-01-02 20:32:27 - MyKingdom - INFO - Cozy renderer initialized with tile size: 32
2026-01-02 20:32:27 - MyKingdom - INFO - Renderer biome set to: temperate_forest
2026-01-02 20:32:27 - MyKingdom - INFO - Cozy renderer initialized with tile size: 32
2026-01-02 20:32:27 - MyKingdom - INFO - Renderer biome set to: temperate_forest
2026-01-02 20:32:27 - MyKingdom - INFO - Cozy renderer initialized with tile size: 32
2026-01-02 20:32:27 - MyKingdom - INFO - Renderer biome set to: temperate_forest
2026-01-02 20:32:27 - MyKingdom - INFO - Cozy renderer initialized with tile size: 32
2026-01-02 20:32:27 - MyKingdom - INFO - Renderer biome set to: temperate_forest
2026-01-02 20:32:27 - MyKingdom - INFO - Cozy renderer initialized with tile size: 32
2026-01-02 20:32:27 - MyKingdom - INFO - Renderer biome set to: temperate_forest
2026-01-02 20:32:27 - MyKingdom - INFO - Cozy renderer initialized with tile size: 32
2026-01-02 20:32:27 - MyKingdom - INFO - Renderer biome set to: temperate_forest
2026-01-02 20:32:27 - MyKingdom - INFO - Cozy renderer initialized with tile size: 32
2026-01-02 20:32:27 - MyKingdom - INFO - Renderer biome set to: temperate_forest
2026-01-02 20:32:27 - MyKingdom - INFO - Cozy renderer initialized with tile size: 32
2026-01-02 20:32:27 - MyKingdom - INFO - Renderer biome set to: temperate_forest
2026-01-02 20:32:27 - MyKingdom - INFO - Cozy renderer initialized with tile size: 32
2026-01-02 20:32:27 - MyKingdom - INFO - Renderer biome set to: temperate_forest
2026-01-02 20:32:27 - MyKingdom - INFO - Cozy renderer initialized with tile size: 32
2026-01-02 20:32:27 - MyKingdom - INFO - Renderer biome set to: temperate_forest
2026-01-02 20:32:27 - MyKingdom - INFO - Cozy renderer initialized with tile size: 32
2026-01-02 20:32:27 - MyKingdom - INFO - Renderer biome set to: temperate_forest
2026-01-02 20:32:27 - MyKingdom - INFO - Cozy renderer initialized with tile size: 32
2026-01-02 20:32:27 - MyKingdom - INFO - Renderer biome set to: temperate_forest
2026-01-02 20:32:27 - MyKingdom - INFO - Cozy renderer initialized with tile size: 32
2026-01-02 20:32:27 - MyKingdom - INFO - Renderer biome set to: temperate_forest
2026-01-02 20:32:27 - MyKingdom - INFO - Cozy renderer initialized with tile size: 32
2026-01-02 20:32:27 - MyKingdom - INFO - Renderer biome set to: temperate_forest
2026-01-02 20:32:27 - MyKingdom - INFO - Cozy renderer initialized with tile size: 32
2026-01-02 20:32:27 - MyKingdom - INFO - Renderer biome set to: temperate_forest
2026-01-02 20:32:27 - MyKingdom - INFO - Cozy renderer initialized with tile size: 32
2026-01-02 20:32:27 - MyKingdom - INFO - Renderer biome set to: temperate_forest
2026-01-02 20:32:27 - MyKingdom - INFO - Cozy renderer initialized with tile size: 32
2026-01-02 20:32:27 - MyKingdom - INFO - Renderer biome set to: temperate_forest
2026-01-02 20:32:27 - MyKingdom - INFO - Cozy renderer initialized with tile size: 32
2026-01-02 20:32:27 - MyKingdom - INFO - Renderer biome set to: temperate_forest
2026-01-02 20:32:27 - MyKingdom - INFO - Cozy renderer initialized with tile size: 32
2026-01-02 20:32:27 - MyKingdom - INFO - Renderer biome set to: temperate_forest
2026-01-02 20:32:27 - MyKingdom - INFO - Cozy renderer initialized with tile size: 32
2026-01-02 20:32:27 - MyKingdom - INFO - Renderer biome set to: temperate_forest
2026-01-02 20:32:27 - MyKingdom - INFO - Cozy renderer initialized with tile size: 32
2026-01-02 20:32:27 - MyKingdom - INFO - Renderer biome set to: temperate_forest
2026-01-02 20:32:28 - MyKingdom - INFO - Cozy renderer initialized with tile size: 32
2026-01-02 20:32:28 - MyKingdom - INFO - Renderer biome set to: temperate_forest
2026-01-02 20:32:28 - MyKingdom - INFO - Cozy renderer initialized with tile size: 32
2026-01-02 20:32:28 - MyKingdom - INFO - Renderer biome set to: temperate_forest
2026-01-02 20:32:28 - MyKingdom - INFO - Cozy renderer initialized with tile size: 32
2026-01-02 20:32:28 - MyKingdom - INFO - Renderer biome set to: temperate_forest
2026-01-02 20:32:28 - MyKingdom - INFO - Cozy renderer initialized with tile size: 32
2026-01-02 20:32:28 - MyKingdom - INFO - Renderer biome set to: temperate_forest
2026-01-02 20:32:28 - MyKingdom - INFO - Cozy renderer initialized with tile size: 32
2026-01-02 20:32:28 - MyKingdom - INFO - Renderer biome set to: temperate_forest
2026-01-02 20:32:28 - MyKingdom - INFO - Cozy renderer initialized with tile size: 32
2026-01-02 20:32:28 - MyKingdom - INFO - Renderer biome set to: temperate_forest
2026-01-02 20:32:28 - MyKingdom - INFO - Cozy renderer initialized with tile size: 32
2026-01-02 20:32:28 - MyKingdom - INFO - Renderer biome set to: temperate_forest
2026-01-02 20:32:28 - MyKingdom - INFO - Cozy renderer initialized with tile size: 32
2026-01-02 20:32:28 - MyKingdom - INFO - Renderer biome set to: temperate_forest
2026-01-02 20:32:28 - MyKingdom - INFO - Cozy renderer initialized with tile size: 32
2026-01-02 20:32:28 - MyKingdom - INFO - Renderer biome set to: temperate_forest
2026-01-02 20:32:28 - MyKingdom - INFO - Cozy renderer initialized with tile size: 32
2026-01-02 20:32:28 - MyKingdom - INFO - Renderer biome set to: temperate_forest
2026-01-02 20:32:28 - MyKingdom - INFO - Cozy renderer initialized with tile size: 32
2026-01-02 20:32:28 - MyKingdom - INFO - Renderer biome set to: temperate_forest
2026-01-02 20:32:28 - MyKingdom - INFO - Cozy renderer initialized with tile size: 32
2026-01-02 20:32:28 - MyKingdom - INFO - Renderer biome set to: temperate_forest
2026-01-02 20:32:28 - MyKingdom - INFO - Cozy renderer initialized with tile size: 32
2026-01-02 20:32:28 - MyKingdom - INFO - Renderer biome set to: temperate_forest
2026-01-02 20:32:28 - MyKingdom - INFO - Cozy renderer initialized with tile size: 32
2026-01-02 20:32:28 - MyKingdom - INFO - Renderer biome set to: temperate_forest
2026-01-02 20:32:28 - MyKingdom - INFO - Cozy renderer initialized with tile size: 32
2026-01-02 20:32:28 - MyKingdom - INFO - Renderer biome set to: temperate_forest
2026-01-02 20:32:28 - MyKingdom - INFO - Cozy renderer initialized with tile size: 32
2026-01-02 20:32:28 - MyKingdom - INFO - Renderer biome set to: temperate_forest
2026-01-02 20:32:28 - MyKingdom - INFO - Cozy renderer initialized with tile size: 32
2026-01-02 20:32:28 - MyKingdom - INFO - Renderer biome set to: temperate_forest
2026-01-02 20:32:28 - MyKingdom - INFO - Cozy renderer initialized with tile size: 32
2026-01-02 20:32:28 - MyKingdom - INFO - Renderer biome set to: temperate_forest
2026-01-02 20:32:28 - MyKingdom - INFO - Cozy renderer initialized with tile size: 32
2026-01-02 20:32:28 - MyKingdom - INFO - Renderer biome set to: temperate_forest
2026-01-02 20:32:28 - MyKingdom - INFO - Cozy renderer initialized with tile size: 32
2026-01-02 20:32:28 - MyKingdom - INFO - Renderer biome set to: temperate_forest
2026-01-02 20:32:28 - MyKingdom - INFO - Cozy renderer initialized with tile size: 32
2026-01-02 20:32:28 - MyKingdom - INFO - Renderer biome set to: temperate_forest
2026-01-02 20:32:28 - MyKingdom - INFO - Cozy renderer initialized with tile size: 32
2026-01-02 20:32:28 - MyKingdom - INFO - Renderer biome set to: temperate_forest
2026-01-02 20:32:28 - MyKingdom - INFO - Cozy renderer initialized with tile size: 32
2026-01-02 20:32:28 - MyKingdom - INFO - Renderer biome set to: temperate_forest
2026-01-02 20:32:28 - MyKingdom - INFO - Cozy renderer initialized with tile size: 32
2026-01-02 20:32:28 - MyKingdom - INFO - Renderer biome set to: temperate_forest
2026-01-02 20:32:29 - MyKingdom - INFO - Cozy renderer initialized with tile size: 32
2026-01-02 20:32:29 - MyKingdom - INFO - Renderer biome set to: temperate_forest
2026-01-02 20:32:29 - MyKingdom - INFO - Cozy renderer initialized with tile size: 32
2026-01-02 20:32:29 - MyKingdom - INFO - Renderer biome set to: temperate_forest
2026-01-02 20:32:29 - MyKingdom - INFO - Cozy renderer initialized with tile size: 32
2026-01-02 20:32:29 - MyKingdom - INFO - Renderer biome set to: temperate_forest
2026-01-02 20:32:29 - MyKingdom - INFO - Cozy renderer initialized with tile size: 32
2026-01-02 20:32:29 - MyKingdom - INFO - Renderer biome set to: temperate_forest
2026-01-02 20:32:29 - MyKingdom - INFO - Cozy renderer initialized with tile size: 32
2026-01-02 20:32:29 - MyKingdom - INFO - Renderer biome set to: temperate_forest
2026-01-02 20:32:29 - MyKingdom - INFO - Cozy renderer initialized with tile size: 32
2026-01-02 20:32:29 - MyKingdom - INFO - Renderer biome set to: temperate_forest
2026-01-02 20:32:29 - MyKingdom - INFO - Cozy renderer initialized with tile size: 32
2026-01-02 20:32:29 - MyKingdom - INFO - Renderer biome set to: temperate_forest
2026-01-02 20:32:29 - MyKingdom - INFO - Cozy renderer initialized with tile size: 32
2026-01-02 20:32:29 - MyKingdom - INFO - Renderer biome set to: temperate_forest
2026-01-02 20:32:29 - MyKingdom - INFO - Cozy renderer initialized with tile size: 32
2026-01-02 20:32:29 - MyKingdom - INFO - Renderer biome set to: temperate_forest
2026-01-02 20:32:29 - MyKingdom - INFO - Cozy renderer initialized with tile size: 32
2026-01-02 20:32:29 - MyKingdom - INFO - Renderer biome set to: temperate_forest
2026-01-02 20:32:29 - MyKingdom - INFO - Cozy renderer initialized with tile size: 32
2026-01-02 20:32:29 - MyKingdom - INFO - Renderer biome set to: temperate_forest
2026-01-02 20:32:29 - MyKingdom - INFO - Cozy renderer initialized with tile size: 32
2026-01-02 20:32:29 - MyKingdom - INFO - Renderer biome set to: temperate_forest
2026-01-02 20:32:29 - MyKingdom - INFO - Cozy renderer initialized with tile size: 32
2026-01-02 20:32:29 - MyKingdom - INFO - Renderer biome set to: temperate_forest
2026-01-02 20:32:29 - MyKingdom - INFO - Cozy renderer initialized with tile size: 32
2026-01-02 20:32:29 - MyKingdom - INFO - Renderer biome set to: temperate_forest
2026-01-02 20:32:29 - MyKingdom - INFO - Cozy renderer initialized with tile size: 32
2026-01-02 20:32:29 - MyKingdom - INFO - Renderer biome set to: temperate_forest
2026-01-02 20:32:29 - MyKingdom - INFO - Cozy renderer initialized with tile size: 32
2026-01-02 20:32:29 - MyKingdom - INFO - Renderer biome set to: temperate_forest
2026-01-02 20:32:29 - MyKingdom - INFO - Cozy renderer initialized with tile size: 32
2026-01-02 20:32:29 - MyKingdom - INFO - Renderer biome set to: temperate_forest
2026-01-02 20:32:29 - MyKingdom - INFO - Cozy renderer initialized with tile size: 32
2026-01-02 20:32:29 - MyKingdom - INFO - Renderer biome set to: temperate_forest
2026-01-02 20:32:29 - MyKingdom - INFO - Cozy renderer initialized with tile size: 32
2026-01-02 20:32:29 - MyKingdom - INFO - Renderer biome set to: temperate_forest
2026-01-02 20:32:29 - MyKingdom - INFO - Cozy renderer initialized with tile size: 32
2026-01-02 20:32:29 - MyKingdom - INFO - Renderer biome set to: temperate_forest
2026-01-02 20:32:29 - MyKingdom - INFO - Cozy renderer initialized with tile size: 32
2026-01-02 20:32:29 - MyKingdom - INFO - Renderer biome set to: temperate_forest
2026-01-02 20:32:29 - MyKingdom - INFO - Cozy renderer initialized with tile size: 32
2026-01-02 20:32:29 - MyKingdom - INFO - Renderer biome set to: temperate_forest
2026-01-02 20:32:29 - MyKingdom - INFO - Cozy renderer initialized with tile size: 32
2026-01-02 20:32:29 - MyKingdom - INFO - Renderer biome set to: temperate_forest
2026-01-02 20:32:29 - MyKingdom - INFO - Cozy renderer initialized with tile size: 32
2026-01-02 20:32:29 - MyKingdom - INFO - Renderer biome set to: temperate_forest
2026-01-02 20:32:29 - MyKingdom - INFO - Cozy renderer initialized with tile size: 32
2026-01-02 20:32:29 - MyKingdom - INFO - Renderer biome set to: temperate_forest
2026-01-02 20:32:30 - MyKingdom - INFO - Cozy renderer initialized with tile size: 32
2026-01-02 20:32:30 - MyKingdom - INFO - Renderer biome set to: temperate_forest
2026-01-02 20:32:30 - MyKingdom - INFO - Cozy renderer initialized with tile size: 32
2026-01-02 20:32:30 - MyKingdom - INFO - Renderer biome set to: temperate_forest
2026-01-02 20:32:30 - MyKingdom - INFO - Cozy renderer initialized with tile size: 32
2026-01-02 20:32:30 - MyKingdom - INFO - Renderer biome set to: temperate_forest
2026-01-02 20:32:30 - MyKingdom - INFO - Cozy renderer initialized with tile size: 32
2026-01-02 20:32:30 - MyKingdom - INFO - Renderer biome set to: temperate_forest
2026-01-02 20:32:30 - MyKingdom - INFO - Cozy renderer initialized with tile size: 32
2026-01-02 20:32:30 - MyKingdom - INFO - Renderer biome set to: temperate_forest
2026-01-02 20:32:30 - MyKingdom - INFO - Cozy renderer initialized with tile size: 32
2026-01-02 20:32:30 - MyKingdom - INFO - Renderer biome set to: temperate_forest
2026-01-02 20:32:30 - MyKingdom - INFO - Cozy renderer initialized with tile size: 32
2026-01-02 20:32:30 - MyKingdom - INFO - Renderer biome set to: temperate_forest
2026-01-02 20:32:30 - MyKingdom - INFO - Cozy renderer initialized with tile size: 32
2026-01-02 20:32:30 - MyKingdom - INFO - Renderer biome set to: temperate_forest
2026-01-02 20:32:30 - MyKingdom - INFO - Cozy renderer initialized with tile size: 32
2026-01-02 20:32:30 - MyKingdom - INFO - Renderer biome set to: temperate_forest
2026-01-02 20:32:30 - MyKingdom - INFO - Cozy renderer initialized with tile size: 32
2026-01-02 20:32:30 - MyKingdom - INFO - Renderer biome set to: temperate_forest
2026-01-02 20:32:30 - MyKingdom - INFO - Cozy renderer initialized with tile size: 32
2026-01-02 20:32:30 - MyKingdom - INFO - Renderer biome set to: temperate_forest
2026-01-02 20:32:30 - MyKingdom - INFO - Cozy renderer initialized with tile size: 32
2026-01-02 20:32:30 - MyKingdom - INFO - Renderer biome set to: temperate_forest
2026-01-02 20:32:30 - MyKingdom - INFO - Cozy renderer initialized with tile size: 32
2026-01-02 20:32:30 - MyKingdom - INFO - Renderer biome set to: temperate_forest
2026-01-02 20:32:30 - MyKingdom - INFO - Cozy renderer initialized with tile size: 32
2026-01-02 20:32:30 - MyKingdom - INFO - Renderer biome set to: temperate_forest
2026-01-02 20:32:30 - MyKingdom - INFO - Cozy renderer initialized with tile size: 32
2026-01-02 20:32:30 - MyKingdom - INFO - Renderer biome set to: temperate_forest
2026-01-02 20:32:30 - MyKingdom - INFO - Cozy renderer initialized with tile size: 32
2026-01-02 20:32:30 - MyKingdom - INFO - Renderer biome set to: temperate_forest
2026-01-02 20:32:30 - MyKingdom - INFO - Cozy renderer initialized with tile size: 32
2026-01-02 20:32:30 - MyKingdom - INFO - Renderer biome set to: temperate_forest
2026-01-02 20:32:30 - MyKingdom - INFO - Cozy renderer initialized with tile size: 32
2026-01-02 20:32:30 - MyKingdom - INFO - Renderer biome set to: temperate_forest
2026-01-02 20:32:30 - MyKingdom - INFO - Cozy renderer initialized with tile size: 32
2026-01-02 20:32:30 - MyKingdom - INFO - Renderer biome set to: temperate_forest
2026-01-02 20:32:30 - MyKingdom - INFO - Cozy renderer initialized with tile size: 32
2026-01-02 20:32:30 - MyKingdom - INFO - Renderer biome set to: temperate_forest
2026-01-02 20:32:30 - MyKingdom - INFO - Cozy renderer initialized with tile size: 32
2026-01-02 20:32:30 - MyKingdom - INFO - Renderer biome set to: temperate_forest
2026-01-02 20:32:30 - MyKingdom - INFO - Cozy renderer initialized with tile size: 32
2026-01-02 20:32:30 - MyKingdom - INFO - Renderer biome set to: temperate_forest
2026-01-02 20:32:30 - MyKingdom - INFO - Cozy renderer initialized with tile size: 32
2026-01-02 20:32:30 - MyKingdom - INFO - Renderer biome set to: temperate_forest
2026-01-02 20:32:31 - MyKingdom - INFO - Cozy renderer initialized with tile size: 32
2026-01-02 20:32:31 - MyKingdom - INFO - Renderer biome set to: temperate_forest
2026-01-02 20:32:31 - MyKingdom - INFO - Cozy renderer initialized with tile size: 32
2026-01-02 20:32:31 - MyKingdom - INFO - Renderer biome set to: temperate_forest
2026-01-02 20:32:31 - MyKingdom - INFO - Cozy renderer initialized with tile size: 32
2026-01-02 20:32:31 - MyKingdom - INFO - Renderer biome set to: temperate_forest
2026-01-02 20:32:31 - MyKingdom - INFO - Cozy renderer initialized with tile size: 32
2026-01-02 20:32:31 - MyKingdom - INFO - Renderer biome set to: temperate_forest
2026-01-02 20:32:31 - MyKingdom - INFO - Cozy renderer initialized with tile size: 32
2026-01-02 20:32:31 - MyKingdom - INFO - Renderer biome set to: temperate_forest
2026-01-02 20:32:31 - MyKingdom - INFO - Cozy renderer initialized with tile size: 32
2026-01-02 20:32:31 - MyKingdom - INFO - Renderer biome set to: temperate_forest
2026-01-02 20:32:31 - MyKingdom - INFO - Cozy renderer initialized with tile size: 32
2026-01-02 20:32:31 - MyKingdom - INFO - Renderer biome set to: temperate_forest
2026-01-02 20:32:31 - MyKingdom - INFO - Cozy renderer initialized with tile size: 32
2026-01-02 20:32:31 - MyKingdom - INFO - Renderer biome set to: temperate_forest
2026-01-02 20:32:31 - MyKingdom - INFO - Cozy renderer initialized with tile size: 32
2026-01-02 20:32:31 - MyKingdom - INFO - Renderer biome set to: temperate_forest
2026-01-02 20:32:31 - MyKingdom - INFO - Cozy renderer initialized with tile size: 32
2026-01-02 20:32:31 - MyKingdom - INFO - Renderer biome set to: temperate_forest
2026-01-02 20:32:31 - MyKingdom - INFO - Cozy renderer initialized with tile size: 32
2026-01-02 20:32:31 - MyKingdom - INFO - Renderer biome set to: temperate_forest
2026-01-02 20:32:31 - MyKingdom - INFO - Cozy renderer initialized with tile size: 32
2026-01-02 20:32:31 - MyKingdom - INFO - Renderer biome set to: temperate_forest
2026-01-02 20:32:31 - MyKingdom - INFO - Cozy renderer initialized with tile size: 32
2026-01-02 20:32:31 - MyKingdom - INFO - Renderer biome set to: temperate_forest
2026-01-02 20:32:31 - MyKingdom - INFO - Cozy renderer initialized with tile size: 32
2026-01-02 20:32:31 - MyKingdom - INFO - Renderer biome set to: temperate_forest
2026-01-02 20:32:31 - MyKingdom - INFO - Cozy renderer initialized with tile size: 32
2026-01-02 20:32:31 - MyKingdom - INFO - Renderer biome set to: temperate_forest
2026-01-02 20:32:31 - MyKingdom - INFO - Cozy renderer initialized with tile size: 32
2026-01-02 20:32:31 - MyKingdom - INFO - Renderer biome set to: temperate_forest
2026-01-02 20:32:31 - MyKingdom - INFO - Cozy renderer initialized with tile size: 32
2026-01-02 20:32:31 - MyKingdom - INFO - Renderer biome set to: temperate_forest
2026-01-02 20:32:31 - MyKingdom - INFO - Cozy renderer initialized with tile size: 32
2026-01-02 20:32:31 - MyKingdom - INFO - Renderer biome set to: temperate_forest
2026-01-02 20:32:31 - MyKingdom - INFO - Cozy renderer initialized with tile size: 32
2026-01-02 20:32:31 - MyKingdom - INFO - Renderer biome set to: temperate_forest
2026-01-02 20:32:31 - MyKingdom - INFO - Cozy renderer initialized with tile size: 32
2026-01-02 20:32:31 - MyKingdom - INFO - Renderer biome set to: temperate_forest
2026-01-02 20:32:31 - MyKingdom - INFO - Location confirmed!
2026-01-02 20:32:31 - MyKingdom - INFO - Cozy renderer initialized with tile size: 32
2026-01-02 20:32:31 - MyKingdom - INFO - Renderer biome set to: temperate_forest
2026-01-02 20:32:31 - MyKingdom - INFO - === STARTING NEW GAME: 123 ===
2026-01-02 20:32:31 - MyKingdom - INFO - Using pre-generated world and tiles from selection screen
2026-01-02 20:32:31 - MyKingdom - INFO - Using player-selected location: (75, 75)
2026-01-02 20:32:31 - MyKingdom - INFO - Using pre-generated region tiles from preview
2026-01-02 20:32:31 - MyKingdom - INFO - Using selected region coordinates: (40, 40)
2026-01-02 20:32:31 - MyKingdom - INFO - Using pre-generated local tiles from preview - terrain will match preview!
2026-01-02 20:32:31 - MyKingdom - INFO - Renderer biome set to: temperate_forest
2026-01-02 20:32:31 - MyKingdom - INFO - Creating starting citizens...
2026-01-02 20:32:32 - MyKingdom - INFO - Created citizen: Vale Fairwind (ID: 1)
2026-01-02 20:32:32 - MyKingdom - INFO - Created citizen: Yara Clearwater (ID: 2)
2026-01-02 20:32:32 - MyKingdom - INFO - Created citizen: Lysa Kindler (ID: 3)
2026-01-02 20:32:32 - MyKingdom - INFO - Created citizen: Mira Quickstep (ID: 4)
2026-01-02 20:32:32 - MyKingdom - INFO - Created citizen: Cedric Evergreen (ID: 5)
2026-01-02 20:32:32 - MyKingdom - INFO - Collecting resource nodes from world...
2026-01-02 20:32:32 - MyKingdom - INFO - Collected 1134 resource nodes from world
2026-01-02 20:32:32 - MyKingdom - INFO - Spawning wagon stockpile...
2026-01-02 20:32:32 - MyKingdom - INFO - Spawned wagon stockpile at (50, 50)
2026-01-02 20:32:32 - MyKingdom - INFO - Game saved successfully: saves\123.sav.gz
2026-01-02 20:32:32 - MyKingdom - INFO - Game saved: 123
2026-01-02 20:32:32 - MyKingdom - INFO - === NEW GAME STARTED SUCCESSFULLY ===
2026-01-02 20:32:32 - MyKingdom - INFO - Game initialized successfully
2026-01-02 20:32:34 - MyKingdom - INFO - Playing music: gameplay
2026-01-02 20:32:40 - MyKingdom - INFO - Escape pressed - showing pause menu
2026-01-02 20:32:40 - MyKingdom - INFO - Pause menu initialized
2026-01-02 20:32:42 - MyKingdom - INFO - Main Menu button clicked
2026-01-02 20:32:42 - MyKingdom - INFO - Returning to main menu
2026-01-02 20:32:43 - MyKingdom - INFO - Game saved successfully: saves\123.sav.gz
2026-01-02 20:32:43 - MyKingdom - INFO - Game saved: 123
2026-01-02 20:32:44 - MyKingdom - INFO - Playing music: menu
2026-01-02 20:32:44 - MyKingdom - INFO - Entering MENU state
2026-01-02 20:32:44 - MyKingdom - INFO - AI-generated menu background loaded successfully
2026-01-02 20:32:45 - MyKingdom - INFO - Playing music: menu
2026-01-02 20:32:45 - MyKingdom - INFO - Main menu initialized
2026-01-02 20:32:46 - MyKingdom - INFO - New Game button clicked
2026-01-02 20:32:48 - MyKingdom - INFO - Starting new game: 123
2026-01-02 20:32:48 - MyKingdom - INFO - Starting new game: 123
2026-01-02 20:32:48 - MyKingdom - INFO - Entering PLAYING state
2026-01-02 20:32:48 - MyKingdom - INFO - Initializing new GameState system...
2026-01-02 20:32:48 - MyKingdom - INFO - Cozy renderer initialized with tile size: 32
2026-01-02 20:32:48 - MyKingdom - INFO - Save system initialized. Save directory: C:\Users\Chris Mork\Desktop\My-KingdomVersion 3\saves
2026-01-02 20:32:48 - MyKingdom - INFO - Game state initialized
2026-01-02 20:32:48 - MyKingdom - INFO - Tiered World Generator initialized with seed: 582664
2026-01-02 20:32:48 - MyKingdom - INFO - Generating world map: 150x150...
2026-01-02 20:32:49 - MyKingdom - INFO - World generation complete!
2026-01-02 20:32:49 - MyKingdom - INFO - Biome distribution:
2026-01-02 20:32:49 - MyKingdom - INFO -   tundra: 8908 tiles (39.6%)
2026-01-02 20:32:49 - MyKingdom - INFO -   boreal_forest: 6777 tiles (30.1%)
2026-01-02 20:32:49 - MyKingdom - INFO -   temperate_forest: 5530 tiles (24.6%)
2026-01-02 20:32:49 - MyKingdom - INFO -   grassland: 1190 tiles (5.3%)
2026-01-02 20:32:49 - MyKingdom - INFO -   arid_shrubland: 95 tiles (0.4%)
2026-01-02 20:32:49 - MyKingdom - INFO - Multi-stage world selection screen initialized
2026-01-02 20:32:56 - MyKingdom - INFO - Generating region preview for world tile arid_shrubland...
2026-01-02 20:32:56 - MyKingdom - INFO - Generating region from world tile (47, 75)...
2026-01-02 20:32:56 - MyKingdom - INFO -   Biome: arid_shrubland, Elevation: 0.38
2026-01-02 20:32:56 - MyKingdom - INFO - Advanced to REGION view for world tile (47, 75)
2026-01-02 20:32:59 - MyKingdom - INFO - Generating local preview from region tile (38, 43)...
2026-01-02 20:32:59 - MyKingdom - INFO - Generating local map from region chunk (38, 43)...
2026-01-02 20:32:59 - MyKingdom - INFO -   Chunk analysis: Biome=arid_shrubland, Avg Elev=0.28
2026-01-02 20:32:59 - MyKingdom - INFO - Placed resource nodes on local map
2026-01-02 20:32:59 - MyKingdom - INFO - Local map generated successfully
2026-01-02 20:32:59 - MyKingdom - INFO - Advanced to LOCAL view
2026-01-02 20:32:59 - MyKingdom - INFO - Cozy renderer initialized with tile size: 32
2026-01-02 20:32:59 - MyKingdom - INFO - Renderer biome set to: arid_shrubland
2026-01-02 20:32:59 - MyKingdom - INFO - Cozy renderer initialized with tile size: 32
2026-01-02 20:32:59 - MyKingdom - INFO - Renderer biome set to: arid_shrubland
2026-01-02 20:32:59 - MyKingdom - INFO - Cozy renderer initialized with tile size: 32
2026-01-02 20:32:59 - MyKingdom - INFO - Renderer biome set to: arid_shrubland
2026-01-02 20:32:59 - MyKingdom - INFO - Cozy renderer initialized with tile size: 32
2026-01-02 20:32:59 - MyKingdom - INFO - Renderer biome set to: arid_shrubland
2026-01-02 20:32:59 - MyKingdom - INFO - Cozy renderer initialized with tile size: 32
2026-01-02 20:32:59 - MyKingdom - INFO - Renderer biome set to: arid_shrubland
2026-01-02 20:32:59 - MyKingdom - INFO - Cozy renderer initialized with tile size: 32
2026-01-02 20:32:59 - MyKingdom - INFO - Renderer biome set to: arid_shrubland
2026-01-02 20:32:59 - MyKingdom - INFO - Cozy renderer initialized with tile size: 32
2026-01-02 20:32:59 - MyKingdom - INFO - Renderer biome set to: arid_shrubland
2026-01-02 20:32:59 - MyKingdom - INFO - Cozy renderer initialized with tile size: 32
2026-01-02 20:32:59 - MyKingdom - INFO - Renderer biome set to: arid_shrubland
2026-01-02 20:32:59 - MyKingdom - INFO - Cozy renderer initialized with tile size: 32
2026-01-02 20:32:59 - MyKingdom - INFO - Renderer biome set to: arid_shrubland
2026-01-02 20:32:59 - MyKingdom - INFO - Cozy renderer initialized with tile size: 32
2026-01-02 20:32:59 - MyKingdom - INFO - Renderer biome set to: arid_shrubland
2026-01-02 20:32:59 - MyKingdom - INFO - Cozy renderer initialized with tile size: 32
2026-01-02 20:32:59 - MyKingdom - INFO - Renderer biome set to: arid_shrubland
2026-01-02 20:32:59 - MyKingdom - INFO - Cozy renderer initialized with tile size: 32
2026-01-02 20:32:59 - MyKingdom - INFO - Renderer biome set to: arid_shrubland
2026-01-02 20:32:59 - MyKingdom - INFO - Cozy renderer initialized with tile size: 32
2026-01-02 20:32:59 - MyKingdom - INFO - Renderer biome set to: arid_shrubland
2026-01-02 20:33:00 - MyKingdom - INFO - Cozy renderer initialized with tile size: 32
2026-01-02 20:33:00 - MyKingdom - INFO - Renderer biome set to: arid_shrubland
2026-01-02 20:33:00 - MyKingdom - INFO - Cozy renderer initialized with tile size: 32
2026-01-02 20:33:00 - MyKingdom - INFO - Renderer biome set to: arid_shrubland
2026-01-02 20:33:00 - MyKingdom - INFO - Cozy renderer initialized with tile size: 32
2026-01-02 20:33:00 - MyKingdom - INFO - Renderer biome set to: arid_shrubland
2026-01-02 20:33:00 - MyKingdom - INFO - Cozy renderer initialized with tile size: 32
2026-01-02 20:33:00 - MyKingdom - INFO - Renderer biome set to: arid_shrubland
2026-01-02 20:33:00 - MyKingdom - INFO - Cozy renderer initialized with tile size: 32
2026-01-02 20:33:00 - MyKingdom - INFO - Renderer biome set to: arid_shrubland
2026-01-02 20:33:00 - MyKingdom - INFO - Cozy renderer initialized with tile size: 32
2026-01-02 20:33:00 - MyKingdom - INFO - Renderer biome set to: arid_shrubland
2026-01-02 20:33:00 - MyKingdom - INFO - Cozy renderer initialized with tile size: 32
2026-01-02 20:33:00 - MyKingdom - INFO - Renderer biome set to: arid_shrubland
2026-01-02 20:33:00 - MyKingdom - INFO - Cozy renderer initialized with tile size: 32
2026-01-02 20:33:00 - MyKingdom - INFO - Renderer biome set to: arid_shrubland
2026-01-02 20:33:00 - MyKingdom - INFO - Cozy renderer initialized with tile size: 32
2026-01-02 20:33:00 - MyKingdom - INFO - Renderer biome set to: arid_shrubland
2026-01-02 20:33:00 - MyKingdom - INFO - Cozy renderer initialized with tile size: 32
2026-01-02 20:33:00 - MyKingdom - INFO - Renderer biome set to: arid_shrubland
2026-01-02 20:33:00 - MyKingdom - INFO - Cozy renderer initialized with tile size: 32
2026-01-02 20:33:00 - MyKingdom - INFO - Renderer biome set to: arid_shrubland
2026-01-02 20:33:00 - MyKingdom - INFO - Cozy renderer initialized with tile size: 32
2026-01-02 20:33:00 - MyKingdom - INFO - Renderer biome set to: arid_shrubland
2026-01-02 20:33:00 - MyKingdom - INFO - Cozy renderer initialized with tile size: 32
2026-01-02 20:33:00 - MyKingdom - INFO - Renderer biome set to: arid_shrubland
2026-01-02 20:33:00 - MyKingdom - INFO - Cozy renderer initialized with tile size: 32
2026-01-02 20:33:00 - MyKingdom - INFO - Renderer biome set to: arid_shrubland
2026-01-02 20:33:00 - MyKingdom - INFO - Cozy renderer initialized with tile size: 32
2026-01-02 20:33:00 - MyKingdom - INFO - Renderer biome set to: arid_shrubland
2026-01-02 20:33:00 - MyKingdom - INFO - Cozy renderer initialized with tile size: 32
2026-01-02 20:33:00 - MyKingdom - INFO - Renderer biome set to: arid_shrubland
2026-01-02 20:33:00 - MyKingdom - INFO - Cozy renderer initialized with tile size: 32
2026-01-02 20:33:00 - MyKingdom - INFO - Renderer biome set to: arid_shrubland
2026-01-02 20:33:00 - MyKingdom - INFO - Cozy renderer initialized with tile size: 32
2026-01-02 20:33:00 - MyKingdom - INFO - Renderer biome set to: arid_shrubland
2026-01-02 20:33:00 - MyKingdom - INFO - Cozy renderer initialized with tile size: 32
2026-01-02 20:33:00 - MyKingdom - INFO - Renderer biome set to: arid_shrubland
2026-01-02 20:33:00 - MyKingdom - INFO - Cozy renderer initialized with tile size: 32
2026-01-02 20:33:00 - MyKingdom - INFO - Renderer biome set to: arid_shrubland
2026-01-02 20:33:00 - MyKingdom - INFO - Cozy renderer initialized with tile size: 32
2026-01-02 20:33:00 - MyKingdom - INFO - Renderer biome set to: arid_shrubland
2026-01-02 20:33:00 - MyKingdom - INFO - Cozy renderer initialized with tile size: 32
2026-01-02 20:33:00 - MyKingdom - INFO - Renderer biome set to: arid_shrubland
2026-01-02 20:33:00 - MyKingdom - INFO - Cozy renderer initialized with tile size: 32
2026-01-02 20:33:00 - MyKingdom - INFO - Renderer biome set to: arid_shrubland
2026-01-02 20:33:00 - MyKingdom - INFO - Cozy renderer initialized with tile size: 32
2026-01-02 20:33:00 - MyKingdom - INFO - Renderer biome set to: arid_shrubland
2026-01-02 20:33:00 - MyKingdom - INFO - Cozy renderer initialized with tile size: 32
2026-01-02 20:33:00 - MyKingdom - INFO - Renderer biome set to: arid_shrubland
2026-01-02 20:33:00 - MyKingdom - INFO - Cozy renderer initialized with tile size: 32
2026-01-02 20:33:00 - MyKingdom - INFO - Renderer biome set to: arid_shrubland
2026-01-02 20:33:01 - MyKingdom - INFO - Cozy renderer initialized with tile size: 32
2026-01-02 20:33:01 - MyKingdom - INFO - Renderer biome set to: arid_shrubland
2026-01-02 20:33:01 - MyKingdom - INFO - Cozy renderer initialized with tile size: 32
2026-01-02 20:33:01 - MyKingdom - INFO - Renderer biome set to: arid_shrubland
2026-01-02 20:33:01 - MyKingdom - INFO - Cozy renderer initialized with tile size: 32
2026-01-02 20:33:01 - MyKingdom - INFO - Renderer biome set to: arid_shrubland
2026-01-02 20:33:01 - MyKingdom - INFO - Cozy renderer initialized with tile size: 32
2026-01-02 20:33:01 - MyKingdom - INFO - Renderer biome set to: arid_shrubland
2026-01-02 20:33:01 - MyKingdom - INFO - Cozy renderer initialized with tile size: 32
2026-01-02 20:33:01 - MyKingdom - INFO - Renderer biome set to: arid_shrubland
2026-01-02 20:33:01 - MyKingdom - INFO - Cozy renderer initialized with tile size: 32
2026-01-02 20:33:01 - MyKingdom - INFO - Renderer biome set to: arid_shrubland
2026-01-02 20:33:01 - MyKingdom - INFO - Cozy renderer initialized with tile size: 32
2026-01-02 20:33:01 - MyKingdom - INFO - Renderer biome set to: arid_shrubland
2026-01-02 20:33:01 - MyKingdom - INFO - Cozy renderer initialized with tile size: 32
2026-01-02 20:33:01 - MyKingdom - INFO - Renderer biome set to: arid_shrubland
2026-01-02 20:33:01 - MyKingdom - INFO - Cozy renderer initialized with tile size: 32
2026-01-02 20:33:01 - MyKingdom - INFO - Renderer biome set to: arid_shrubland
2026-01-02 20:33:01 - MyKingdom - INFO - Cozy renderer initialized with tile size: 32
2026-01-02 20:33:01 - MyKingdom - INFO - Renderer biome set to: arid_shrubland
2026-01-02 20:33:01 - MyKingdom - INFO - Cozy renderer initialized with tile size: 32
2026-01-02 20:33:01 - MyKingdom - INFO - Renderer biome set to: arid_shrubland
2026-01-02 20:33:01 - MyKingdom - INFO - Cozy renderer initialized with tile size: 32
2026-01-02 20:33:01 - MyKingdom - INFO - Renderer biome set to: arid_shrubland
2026-01-02 20:33:01 - MyKingdom - INFO - Cozy renderer initialized with tile size: 32
2026-01-02 20:33:01 - MyKingdom - INFO - Renderer biome set to: arid_shrubland
2026-01-02 20:33:01 - MyKingdom - INFO - Cozy renderer initialized with tile size: 32
2026-01-02 20:33:01 - MyKingdom - INFO - Renderer biome set to: arid_shrubland
2026-01-02 20:33:01 - MyKingdom - INFO - Cozy renderer initialized with tile size: 32
2026-01-02 20:33:01 - MyKingdom - INFO - Renderer biome set to: arid_shrubland
2026-01-02 20:33:01 - MyKingdom - INFO - Cozy renderer initialized with tile size: 32
2026-01-02 20:33:01 - MyKingdom - INFO - Renderer biome set to: arid_shrubland
2026-01-02 20:33:01 - MyKingdom - INFO - Cozy renderer initialized with tile size: 32
2026-01-02 20:33:01 - MyKingdom - INFO - Renderer biome set to: arid_shrubland
2026-01-02 20:33:01 - MyKingdom - INFO - Cozy renderer initialized with tile size: 32
2026-01-02 20:33:01 - MyKingdom - INFO - Renderer biome set to: arid_shrubland
2026-01-02 20:33:01 - MyKingdom - INFO - Cozy renderer initialized with tile size: 32
2026-01-02 20:33:01 - MyKingdom - INFO - Renderer biome set to: arid_shrubland
2026-01-02 20:33:01 - MyKingdom - INFO - Cozy renderer initialized with tile size: 32
2026-01-02 20:33:01 - MyKingdom - INFO - Renderer biome set to: arid_shrubland
2026-01-02 20:33:01 - MyKingdom - INFO - Cozy renderer initialized with tile size: 32
2026-01-02 20:33:01 - MyKingdom - INFO - Renderer biome set to: arid_shrubland
2026-01-02 20:33:01 - MyKingdom - INFO - Cozy renderer initialized with tile size: 32
2026-01-02 20:33:01 - MyKingdom - INFO - Renderer biome set to: arid_shrubland
2026-01-02 20:33:01 - MyKingdom - INFO - Cozy renderer initialized with tile size: 32
2026-01-02 20:33:01 - MyKingdom - INFO - Renderer biome set to: arid_shrubland
2026-01-02 20:33:01 - MyKingdom - INFO - Cozy renderer initialized with tile size: 32
2026-01-02 20:33:01 - MyKingdom - INFO - Renderer biome set to: arid_shrubland
2026-01-02 20:33:01 - MyKingdom - INFO - Cozy renderer initialized with tile size: 32
2026-01-02 20:33:01 - MyKingdom - INFO - Renderer biome set to: arid_shrubland
2026-01-02 20:33:01 - MyKingdom - INFO - Cozy renderer initialized with tile size: 32
2026-01-02 20:33:01 - MyKingdom - INFO - Renderer biome set to: arid_shrubland
2026-01-02 20:33:01 - MyKingdom - INFO - Cozy renderer initialized with tile size: 32
2026-01-02 20:33:01 - MyKingdom - INFO - Renderer biome set to: arid_shrubland
2026-01-02 20:33:02 - MyKingdom - INFO - Cozy renderer initialized with tile size: 32
2026-01-02 20:33:02 - MyKingdom - INFO - Renderer biome set to: arid_shrubland
2026-01-02 20:33:02 - MyKingdom - INFO - Cozy renderer initialized with tile size: 32
2026-01-02 20:33:02 - MyKingdom - INFO - Renderer biome set to: arid_shrubland
2026-01-02 20:33:02 - MyKingdom - INFO - Cozy renderer initialized with tile size: 32
2026-01-02 20:33:02 - MyKingdom - INFO - Renderer biome set to: arid_shrubland
2026-01-02 20:33:02 - MyKingdom - INFO - Cozy renderer initialized with tile size: 32
2026-01-02 20:33:02 - MyKingdom - INFO - Renderer biome set to: arid_shrubland
2026-01-02 20:33:02 - MyKingdom - INFO - Cozy renderer initialized with tile size: 32
2026-01-02 20:33:02 - MyKingdom - INFO - Renderer biome set to: arid_shrubland
2026-01-02 20:33:02 - MyKingdom - INFO - Cozy renderer initialized with tile size: 32
2026-01-02 20:33:02 - MyKingdom - INFO - Renderer biome set to: arid_shrubland
2026-01-02 20:33:02 - MyKingdom - INFO - Cozy renderer initialized with tile size: 32
2026-01-02 20:33:02 - MyKingdom - INFO - Renderer biome set to: arid_shrubland
2026-01-02 20:33:02 - MyKingdom - INFO - Cozy renderer initialized with tile size: 32
2026-01-02 20:33:02 - MyKingdom - INFO - Renderer biome set to: arid_shrubland
2026-01-02 20:33:02 - MyKingdom - INFO - Cozy renderer initialized with tile size: 32
2026-01-02 20:33:02 - MyKingdom - INFO - Renderer biome set to: arid_shrubland
2026-01-02 20:33:02 - MyKingdom - INFO - Cozy renderer initialized with tile size: 32
2026-01-02 20:33:02 - MyKingdom - INFO - Renderer biome set to: arid_shrubland
2026-01-02 20:33:02 - MyKingdom - INFO - Cozy renderer initialized with tile size: 32
2026-01-02 20:33:02 - MyKingdom - INFO - Renderer biome set to: arid_shrubland
2026-01-02 20:33:02 - MyKingdom - INFO - Cozy renderer initialized with tile size: 32
2026-01-02 20:33:02 - MyKingdom - INFO - Renderer biome set to: arid_shrubland
2026-01-02 20:33:02 - MyKingdom - INFO - Cozy renderer initialized with tile size: 32
2026-01-02 20:33:02 - MyKingdom - INFO - Renderer biome set to: arid_shrubland
2026-01-02 20:33:02 - MyKingdom - INFO - Cozy renderer initialized with tile size: 32
2026-01-02 20:33:02 - MyKingdom - INFO - Renderer biome set to: arid_shrubland
2026-01-02 20:33:02 - MyKingdom - INFO - Cozy renderer initialized with tile size: 32
2026-01-02 20:33:02 - MyKingdom - INFO - Renderer biome set to: arid_shrubland
2026-01-02 20:33:02 - MyKingdom - INFO - Cozy renderer initialized with tile size: 32
2026-01-02 20:33:02 - MyKingdom - INFO - Renderer biome set to: arid_shrubland
2026-01-02 20:33:02 - MyKingdom - INFO - Cozy renderer initialized with tile size: 32
2026-01-02 20:33:02 - MyKingdom - INFO - Renderer biome set to: arid_shrubland
2026-01-02 20:33:02 - MyKingdom - INFO - Cozy renderer initialized with tile size: 32
2026-01-02 20:33:02 - MyKingdom - INFO - Renderer biome set to: arid_shrubland
2026-01-02 20:33:02 - MyKingdom - INFO - Cozy renderer initialized with tile size: 32
2026-01-02 20:33:02 - MyKingdom - INFO - Renderer biome set to: arid_shrubland
2026-01-02 20:33:02 - MyKingdom - INFO - Cozy renderer initialized with tile size: 32
2026-01-02 20:33:02 - MyKingdom - INFO - Renderer biome set to: arid_shrubland
2026-01-02 20:33:02 - MyKingdom - INFO - Cozy renderer initialized with tile size: 32
2026-01-02 20:33:02 - MyKingdom - INFO - Renderer biome set to: arid_shrubland
2026-01-02 20:33:02 - MyKingdom - INFO - Cozy renderer initialized with tile size: 32
2026-01-02 20:33:02 - MyKingdom - INFO - Renderer biome set to: arid_shrubland
2026-01-02 20:33:03 - MyKingdom - INFO - Cozy renderer initialized with tile size: 32
2026-01-02 20:33:03 - MyKingdom - INFO - Renderer biome set to: arid_shrubland
2026-01-02 20:33:03 - MyKingdom - INFO - Cozy renderer initialized with tile size: 32
2026-01-02 20:33:03 - MyKingdom - INFO - Renderer biome set to: arid_shrubland
2026-01-02 20:33:03 - MyKingdom - INFO - Cozy renderer initialized with tile size: 32
2026-01-02 20:33:03 - MyKingdom - INFO - Renderer biome set to: arid_shrubland
2026-01-02 20:33:03 - MyKingdom - INFO - Cozy renderer initialized with tile size: 32
2026-01-02 20:33:03 - MyKingdom - INFO - Renderer biome set to: arid_shrubland
2026-01-02 20:33:03 - MyKingdom - INFO - Cozy renderer initialized with tile size: 32
2026-01-02 20:33:03 - MyKingdom - INFO - Renderer biome set to: arid_shrubland
2026-01-02 20:33:03 - MyKingdom - INFO - Cozy renderer initialized with tile size: 32
2026-01-02 20:33:03 - MyKingdom - INFO - Renderer biome set to: arid_shrubland
2026-01-02 20:33:03 - MyKingdom - INFO - Cozy renderer initialized with tile size: 32
2026-01-02 20:33:03 - MyKingdom - INFO - Renderer biome set to: arid_shrubland
2026-01-02 20:33:03 - MyKingdom - INFO - Cozy renderer initialized with tile size: 32
2026-01-02 20:33:03 - MyKingdom - INFO - Renderer biome set to: arid_shrubland
2026-01-02 20:33:03 - MyKingdom - INFO - Cozy renderer initialized with tile size: 32
2026-01-02 20:33:03 - MyKingdom - INFO - Renderer biome set to: arid_shrubland
2026-01-02 20:33:03 - MyKingdom - INFO - Cozy renderer initialized with tile size: 32
2026-01-02 20:33:03 - MyKingdom - INFO - Renderer biome set to: arid_shrubland
2026-01-02 20:33:03 - MyKingdom - INFO - Cozy renderer initialized with tile size: 32
2026-01-02 20:33:03 - MyKingdom - INFO - Renderer biome set to: arid_shrubland
2026-01-02 20:33:03 - MyKingdom - INFO - Cozy renderer initialized with tile size: 32
2026-01-02 20:33:03 - MyKingdom - INFO - Renderer biome set to: arid_shrubland
2026-01-02 20:33:03 - MyKingdom - INFO - Cozy renderer initialized with tile size: 32
2026-01-02 20:33:03 - MyKingdom - INFO - Renderer biome set to: arid_shrubland
2026-01-02 20:33:03 - MyKingdom - INFO - Cozy renderer initialized with tile size: 32
2026-01-02 20:33:03 - MyKingdom - INFO - Renderer biome set to: arid_shrubland
2026-01-02 20:33:03 - MyKingdom - INFO - Location confirmed!
2026-01-02 20:33:03 - MyKingdom - INFO - Cozy renderer initialized with tile size: 32
2026-01-02 20:33:03 - MyKingdom - INFO - Renderer biome set to: arid_shrubland
2026-01-02 20:33:03 - MyKingdom - INFO - === STARTING NEW GAME: 123 ===
2026-01-02 20:33:03 - MyKingdom - INFO - Using pre-generated world and tiles from selection screen
2026-01-02 20:33:03 - MyKingdom - INFO - Using player-selected location: (47, 75)
2026-01-02 20:33:03 - MyKingdom - INFO - Using pre-generated region tiles from preview
2026-01-02 20:33:03 - MyKingdom - INFO - Using selected region coordinates: (38, 43)
2026-01-02 20:33:03 - MyKingdom - INFO - Using pre-generated local tiles from preview - terrain will match preview!
2026-01-02 20:33:03 - MyKingdom - INFO - Renderer biome set to: arid_shrubland
2026-01-02 20:33:03 - MyKingdom - INFO - Creating starting citizens...
2026-01-02 20:33:03 - MyKingdom - INFO - Created citizen: Vale Fairwind (ID: 1)
2026-01-02 20:33:03 - MyKingdom - INFO - Created citizen: Yara Clearwater (ID: 2)
2026-01-02 20:33:03 - MyKingdom - INFO - Created citizen: Lysa Kindler (ID: 3)
2026-01-02 20:33:03 - MyKingdom - INFO - Created citizen: Mira Quickstep (ID: 4)
2026-01-02 20:33:03 - MyKingdom - INFO - Created citizen: Cedric Evergreen (ID: 5)
2026-01-02 20:33:03 - MyKingdom - INFO - Collecting resource nodes from world...
2026-01-02 20:33:03 - MyKingdom - INFO - Collected 738 resource nodes from world
2026-01-02 20:33:03 - MyKingdom - INFO - Spawning wagon stockpile...
2026-01-02 20:33:03 - MyKingdom - INFO - Spawned wagon stockpile at (50, 50)
2026-01-02 20:33:04 - MyKingdom - INFO - Game saved successfully: saves\123.sav.gz
2026-01-02 20:33:04 - MyKingdom - INFO - Game saved: 123
2026-01-02 20:33:04 - MyKingdom - INFO - === NEW GAME STARTED SUCCESSFULLY ===
2026-01-02 20:33:04 - MyKingdom - INFO - Game initialized successfully
2026-01-02 20:33:05 - MyKingdom - INFO - Playing music: gameplay
2026-01-02 20:33:31 - MyKingdom - INFO - Quit event received from game
2026-01-02 20:33:31 - MyKingdom - INFO - ============================================================
2026-01-02 20:33:31 - MyKingdom - INFO - MY KINGDOM - Shutting Down
2026-01-02 20:33:31 - MyKingdom - INFO - ============================================================
