2026-01-02 18:33:19 - MyKingdom - INFO - ============================================================
2026-01-02 18:33:19 - MyKingdom - INFO - Game Logger Initialized
2026-01-02 18:33:19 - MyKingdom - INFO - Log file: C:\Users\Chris Mork\Desktop\My-KingdomVersion 3\Logs\game_20260102_183319.log
2026-01-02 18:33:19 - MyKingdom - INFO - ============================================================
2026-01-02 18:33:20 - MyKingdom - INFO - ============================================================
2026-01-02 18:33:20 - MyKingdom - INFO - MY KINGDOM - Starting Application
2026-01-02 18:33:20 - MyKingdom - INFO - ============================================================
2026-01-02 18:33:20 - MyKingdom - INFO - Pygame initialized
2026-01-02 18:33:20 - MyKingdom - INFO - Window created: 1280x720
2026-01-02 18:33:20 - MyKingdom - INFO - Application initialization complete
2026-01-02 18:33:20 - MyKingdom - INFO - Starting main application loop
2026-01-02 18:33:20 - MyKingdom - INFO - Entering MENU state
2026-01-02 18:33:20 - MyKingdom - INFO - AI-generated menu background loaded successfully
2026-01-02 18:33:20 - MyKingdom - INFO - Music settings loaded: enabled=True, volume=0.07
2026-01-02 18:33:20 - MyKingdom - INFO - Music manager initialized
2026-01-02 18:33:20 - MyKingdom - INFO - Playing music: menu
2026-01-02 18:33:20 - MyKingdom - INFO - Main menu initialized
2026-01-02 18:33:42 - MyKingdom - INFO - New Game button clicked
2026-01-02 18:33:44 - MyKingdom - INFO - Starting new game: 12
2026-01-02 18:33:44 - MyKingdom - INFO - Starting new game: 12
2026-01-02 18:33:44 - MyKingdom - INFO - Entering PLAYING state
2026-01-02 18:33:44 - MyKingdom - INFO - Initializing new GameState system...
2026-01-02 18:33:44 - MyKingdom - INFO - Cozy renderer initialized with tile size: 32
2026-01-02 18:33:44 - MyKingdom - INFO - Save system initialized. Save directory: C:\Users\Chris Mork\Desktop\My-KingdomVersion 3\saves
2026-01-02 18:33:44 - MyKingdom - INFO - Game state initialized
2026-01-02 18:33:44 - MyKingdom - INFO - Tiered World Generator initialized with seed: 647054
2026-01-02 18:33:44 - MyKingdom - INFO - Generating world map: 150x150...
2026-01-02 18:33:44 - MyKingdom - INFO - World generation complete!
2026-01-02 18:33:44 - MyKingdom - INFO - Biome distribution:
2026-01-02 18:33:44 - MyKingdom - INFO -   tundra: 12997 tiles (57.8%)
2026-01-02 18:33:44 - MyKingdom - INFO -   temperate_forest: 4501 tiles (20.0%)
2026-01-02 18:33:44 - MyKingdom - INFO -   boreal_forest: 4143 tiles (18.4%)
2026-01-02 18:33:44 - MyKingdom - INFO -   grassland: 859 tiles (3.8%)
2026-01-02 18:33:44 - MyKingdom - INFO - Multi-stage world selection screen initialized
2026-01-02 18:33:45 - MyKingdom - INFO - Generating region preview for world tile temperate_forest...
2026-01-02 18:33:45 - MyKingdom - INFO - Generating region from world tile (75, 75)...
2026-01-02 18:33:45 - MyKingdom - INFO -   Biome: temperate_forest, Elevation: 0.35
2026-01-02 18:33:45 - MyKingdom - INFO - Advanced to REGION view for world tile (75, 75)
2026-01-02 18:33:46 - MyKingdom - INFO - Generating local preview from region tile (40, 40)...
2026-01-02 18:33:46 - MyKingdom - INFO - Generating local map from region chunk (40, 40)...
2026-01-02 18:33:46 - MyKingdom - INFO -   Chunk analysis: Biome=temperate_forest, Avg Elev=0.41
2026-01-02 18:33:46 - MyKingdom - INFO - Placed resource nodes on local map
2026-01-02 18:33:46 - MyKingdom - INFO - Local map generated successfully
2026-01-02 18:33:46 - MyKingdom - INFO - Advanced to LOCAL view
2026-01-02 18:33:46 - MyKingdom - INFO - Cozy renderer initialized with tile size: 32
2026-01-02 18:33:46 - MyKingdom - INFO - Renderer biome set to: temperate_forest
2026-01-02 18:33:46 - MyKingdom - INFO - Cozy renderer initialized with tile size: 32
2026-01-02 18:33:46 - MyKingdom - INFO - Renderer biome set to: temperate_forest
2026-01-02 18:33:46 - MyKingdom - INFO - Cozy renderer initialized with tile size: 32
2026-01-02 18:33:46 - MyKingdom - INFO - Renderer biome set to: temperate_forest
2026-01-02 18:33:46 - MyKingdom - INFO - Cozy renderer initialized with tile size: 32
2026-01-02 18:33:46 - MyKingdom - INFO - Renderer biome set to: temperate_forest
2026-01-02 18:33:46 - MyKingdom - INFO - Cozy renderer initialized with tile size: 32
2026-01-02 18:33:46 - MyKingdom - INFO - Renderer biome set to: temperate_forest
2026-01-02 18:33:46 - MyKingdom - INFO - Cozy renderer initialized with tile size: 32
2026-01-02 18:33:46 - MyKingdom - INFO - Renderer biome set to: temperate_forest
2026-01-02 18:33:46 - MyKingdom - INFO - Cozy renderer initialized with tile size: 32
2026-01-02 18:33:46 - MyKingdom - INFO - Renderer biome set to: temperate_forest
2026-01-02 18:33:46 - MyKingdom - INFO - Cozy renderer initialized with tile size: 32
2026-01-02 18:33:46 - MyKingdom - INFO - Renderer biome set to: temperate_forest
2026-01-02 18:33:46 - MyKingdom - INFO - Cozy renderer initialized with tile size: 32
2026-01-02 18:33:46 - MyKingdom - INFO - Renderer biome set to: temperate_forest
2026-01-02 18:33:46 - MyKingdom - INFO - Cozy renderer initialized with tile size: 32
2026-01-02 18:33:46 - MyKingdom - INFO - Renderer biome set to: temperate_forest
2026-01-02 18:33:46 - MyKingdom - INFO - Cozy renderer initialized with tile size: 32
2026-01-02 18:33:46 - MyKingdom - INFO - Renderer biome set to: temperate_forest
2026-01-02 18:33:46 - MyKingdom - INFO - Cozy renderer initialized with tile size: 32
2026-01-02 18:33:46 - MyKingdom - INFO - Renderer biome set to: temperate_forest
2026-01-02 18:33:46 - MyKingdom - INFO - Cozy renderer initialized with tile size: 32
2026-01-02 18:33:46 - MyKingdom - INFO - Renderer biome set to: temperate_forest
2026-01-02 18:33:46 - MyKingdom - INFO - Cozy renderer initialized with tile size: 32
2026-01-02 18:33:46 - MyKingdom - INFO - Renderer biome set to: temperate_forest
2026-01-02 18:33:46 - MyKingdom - INFO - Cozy renderer initialized with tile size: 32
2026-01-02 18:33:46 - MyKingdom - INFO - Renderer biome set to: temperate_forest
2026-01-02 18:33:46 - MyKingdom - INFO - Cozy renderer initialized with tile size: 32
2026-01-02 18:33:46 - MyKingdom - INFO - Renderer biome set to: temperate_forest
2026-01-02 18:33:46 - MyKingdom - INFO - Cozy renderer initialized with tile size: 32
2026-01-02 18:33:46 - MyKingdom - INFO - Renderer biome set to: temperate_forest
2026-01-02 18:33:46 - MyKingdom - INFO - Cozy renderer initialized with tile size: 32
2026-01-02 18:33:46 - MyKingdom - INFO - Renderer biome set to: temperate_forest
2026-01-02 18:33:46 - MyKingdom - INFO - Cozy renderer initialized with tile size: 32
2026-01-02 18:33:46 - MyKingdom - INFO - Renderer biome set to: temperate_forest
2026-01-02 18:33:46 - MyKingdom - INFO - Cozy renderer initialized with tile size: 32
2026-01-02 18:33:46 - MyKingdom - INFO - Renderer biome set to: temperate_forest
2026-01-02 18:33:46 - MyKingdom - INFO - Cozy renderer initialized with tile size: 32
2026-01-02 18:33:46 - MyKingdom - INFO - Renderer biome set to: temperate_forest
2026-01-02 18:33:46 - MyKingdom - INFO - Cozy renderer initialized with tile size: 32
2026-01-02 18:33:46 - MyKingdom - INFO - Renderer biome set to: temperate_forest
2026-01-02 18:33:46 - MyKingdom - INFO - Cozy renderer initialized with tile size: 32
2026-01-02 18:33:46 - MyKingdom - INFO - Renderer biome set to: temperate_forest
2026-01-02 18:33:46 - MyKingdom - INFO - Cozy renderer initialized with tile size: 32
2026-01-02 18:33:46 - MyKingdom - INFO - Renderer biome set to: temperate_forest
2026-01-02 18:33:46 - MyKingdom - INFO - Cozy renderer initialized with tile size: 32
2026-01-02 18:33:46 - MyKingdom - INFO - Renderer biome set to: temperate_forest
2026-01-02 18:33:46 - MyKingdom - INFO - Cozy renderer initialized with tile size: 32
2026-01-02 18:33:46 - MyKingdom - INFO - Renderer biome set to: temperate_forest
2026-01-02 18:33:46 - MyKingdom - INFO - Cozy renderer initialized with tile size: 32
2026-01-02 18:33:46 - MyKingdom - INFO - Renderer biome set to: temperate_forest
2026-01-02 18:33:46 - MyKingdom - INFO - Cozy renderer initialized with tile size: 32
2026-01-02 18:33:46 - MyKingdom - INFO - Renderer biome set to: temperate_forest
2026-01-02 18:33:46 - MyKingdom - INFO - Cozy renderer initialized with tile size: 32
2026-01-02 18:33:46 - MyKingdom - INFO - Renderer biome set to: temperate_forest
2026-01-02 18:33:46 - MyKingdom - INFO - Cozy renderer initialized with tile size: 32
2026-01-02 18:33:46 - MyKingdom - INFO - Renderer biome set to: temperate_forest
2026-01-02 18:33:46 - MyKingdom - INFO - Cozy renderer initialized with tile size: 32
2026-01-02 18:33:46 - MyKingdom - INFO - Renderer biome set to: temperate_forest
2026-01-02 18:33:46 - MyKingdom - INFO - Cozy renderer initialized with tile size: 32
2026-01-02 18:33:46 - MyKingdom - INFO - Renderer biome set to: temperate_forest
2026-01-02 18:33:46 - MyKingdom - INFO - Cozy renderer initialized with tile size: 32
2026-01-02 18:33:46 - MyKingdom - INFO - Renderer biome set to: temperate_forest
2026-01-02 18:33:46 - MyKingdom - INFO - Cozy renderer initialized with tile size: 32
2026-01-02 18:33:46 - MyKingdom - INFO - Renderer biome set to: temperate_forest
2026-01-02 18:33:46 - MyKingdom - INFO - Cozy renderer initialized with tile size: 32
2026-01-02 18:33:46 - MyKingdom - INFO - Renderer biome set to: temperate_forest
2026-01-02 18:33:46 - MyKingdom - INFO - Cozy renderer initialized with tile size: 32
2026-01-02 18:33:46 - MyKingdom - INFO - Renderer biome set to: temperate_forest
2026-01-02 18:33:46 - MyKingdom - INFO - Cozy renderer initialized with tile size: 32
2026-01-02 18:33:46 - MyKingdom - INFO - Renderer biome set to: temperate_forest
2026-01-02 18:33:46 - MyKingdom - INFO - Cozy renderer initialized with tile size: 32
2026-01-02 18:33:46 - MyKingdom - INFO - Renderer biome set to: temperate_forest
2026-01-02 18:33:46 - MyKingdom - INFO - Cozy renderer initialized with tile size: 32
2026-01-02 18:33:46 - MyKingdom - INFO - Renderer biome set to: temperate_forest
2026-01-02 18:33:46 - MyKingdom - INFO - Cozy renderer initialized with tile size: 32
2026-01-02 18:33:46 - MyKingdom - INFO - Renderer biome set to: temperate_forest
2026-01-02 18:33:46 - MyKingdom - INFO - Cozy renderer initialized with tile size: 32
2026-01-02 18:33:46 - MyKingdom - INFO - Renderer biome set to: temperate_forest
2026-01-02 18:33:46 - MyKingdom - INFO - Location confirmed!
2026-01-02 18:33:46 - MyKingdom - INFO - Cozy renderer initialized with tile size: 32
2026-01-02 18:33:46 - MyKingdom - INFO - Renderer biome set to: temperate_forest
2026-01-02 18:33:46 - MyKingdom - INFO - === STARTING NEW GAME: 12 ===
2026-01-02 18:33:46 - MyKingdom - INFO - Using pre-generated world and tiles from selection screen
2026-01-02 18:33:46 - MyKingdom - INFO - Using player-selected location: (75, 75)
2026-01-02 18:33:46 - MyKingdom - INFO - Using pre-generated region tiles from preview
2026-01-02 18:33:46 - MyKingdom - INFO - Using selected region coordinates: (40, 40)
2026-01-02 18:33:46 - MyKingdom - INFO - Using pre-generated local tiles from preview - terrain will match preview!
2026-01-02 18:33:46 - MyKingdom - INFO - Renderer biome set to: temperate_forest
2026-01-02 18:33:46 - MyKingdom - INFO - Creating starting citizens...
2026-01-02 18:33:46 - MyKingdom - INFO - Created citizen: Vale Fairwind (ID: 1)
2026-01-02 18:33:46 - MyKingdom - INFO - Created citizen: Yara Clearwater (ID: 2)
2026-01-02 18:33:46 - MyKingdom - INFO - Created citizen: Lysa Kindler (ID: 3)
2026-01-02 18:33:46 - MyKingdom - INFO - Created citizen: Mira Quickstep (ID: 4)
2026-01-02 18:33:46 - MyKingdom - INFO - Created citizen: Cedric Evergreen (ID: 5)
2026-01-02 18:33:46 - MyKingdom - INFO - Collecting resource nodes from world...
2026-01-02 18:33:46 - MyKingdom - INFO - Collected 1165 resource nodes from world
2026-01-02 18:33:46 - MyKingdom - INFO - Spawning wagon stockpile...
2026-01-02 18:33:46 - MyKingdom - INFO - Spawned wagon stockpile at (50, 50)
2026-01-02 18:33:47 - MyKingdom - INFO - Game saved successfully: saves\12.sav.gz
2026-01-02 18:33:47 - MyKingdom - INFO - Game saved: 12
2026-01-02 18:33:47 - MyKingdom - INFO - === NEW GAME STARTED SUCCESSFULLY ===
2026-01-02 18:33:47 - MyKingdom - INFO - Game initialized successfully
2026-01-02 18:33:48 - MyKingdom - INFO - Playing music: gameplay
2026-01-02 18:33:51 - MyKingdom - INFO - Designation mode: ON (Chop Trees)
2026-01-02 18:33:54 - MyKingdom - INFO - Designated 11 trees for chopping
2026-01-02 18:33:57 - MyKingdom - INFO - Designated 10 trees for chopping
2026-01-02 18:34:01 - MyKingdom - INFO - Designated 42 trees for chopping
2026-01-02 18:34:07 - MyKingdom - INFO - Designated 13 trees for chopping
2026-01-02 18:34:10 - MyKingdom - INFO - Designated 6 trees for chopping
2026-01-02 18:34:20 - MyKingdom - INFO - No trees found in selected area
2026-01-02 18:34:22 - MyKingdom - INFO - Building mode toggled: ON
2026-01-02 18:34:24 - MyKingdom - INFO - No trees found in selected area
2026-01-02 18:34:26 - MyKingdom - INFO - Selected: Storage
2026-01-02 18:34:27 - MyKingdom - INFO - No trees found in selected area
2026-01-02 18:34:28 - MyKingdom - INFO - No trees found in selected area
2026-01-02 18:34:31 - MyKingdom - INFO - No trees found in selected area
2026-01-02 18:34:32 - MyKingdom - INFO - No trees found in selected area
2026-01-02 18:34:32 - MyKingdom - INFO - No trees found in selected area
2026-01-02 18:34:33 - MyKingdom - INFO - No trees found in selected area
2026-01-02 18:34:33 - MyKingdom - INFO - No trees found in selected area
2026-01-02 18:34:33 - MyKingdom - INFO - No trees found in selected area
2026-01-02 18:34:33 - MyKingdom - INFO - No trees found in selected area
2026-01-02 18:34:33 - MyKingdom - INFO - No trees found in selected area
2026-01-02 18:34:34 - MyKingdom - INFO - No trees found in selected area
2026-01-02 18:34:34 - MyKingdom - INFO - Selected: Storage
2026-01-02 18:34:35 - MyKingdom - INFO - No trees found in selected area
2026-01-02 18:34:35 - MyKingdom - INFO - Selected: Workshop
2026-01-02 18:34:36 - MyKingdom - INFO - No trees found in selected area
2026-01-02 18:34:37 - MyKingdom - INFO - No trees found in selected area
2026-01-02 18:34:38 - MyKingdom - INFO - No trees found in selected area
2026-01-02 18:34:38 - MyKingdom - INFO - No trees found in selected area
2026-01-02 18:34:38 - MyKingdom - INFO - No trees found in selected area
2026-01-02 18:34:38 - MyKingdom - INFO - No trees found in selected area
2026-01-02 18:34:39 - MyKingdom - INFO - No trees found in selected area
2026-01-02 18:34:41 - MyKingdom - INFO - Quit event received from game
2026-01-02 18:34:41 - MyKingdom - INFO - ============================================================
2026-01-02 18:34:41 - MyKingdom - INFO - MY KINGDOM - Shutting Down
2026-01-02 18:34:41 - MyKingdom - INFO - ============================================================
