2026-01-02 19:07:59 - MyKingdom - INFO - ============================================================
2026-01-02 19:07:59 - MyKingdom - INFO - Game Logger Initialized
2026-01-02 19:07:59 - MyKingdom - INFO - Log file: C:\Users\Chris Mork\Desktop\My-KingdomVersion 3\Logs\game_20260102_190759.log
2026-01-02 19:07:59 - MyKingdom - INFO - ============================================================
2026-01-02 19:07:59 - MyKingdom - INFO - ============================================================
2026-01-02 19:07:59 - MyKingdom - INFO - MY KINGDOM - Starting Application
2026-01-02 19:07:59 - MyKingdom - INFO - ============================================================
2026-01-02 19:07:59 - MyKingdom - INFO - Pygame initialized
2026-01-02 19:07:59 - MyKingdom - INFO - Window created: 1280x720
2026-01-02 19:07:59 - MyKingdom - INFO - Application initialization complete
2026-01-02 19:07:59 - MyKingdom - INFO - Starting main application loop
2026-01-02 19:07:59 - MyKingdom - INFO - Entering MENU state
2026-01-02 19:07:59 - MyKingdom - INFO - AI-generated menu background loaded successfully
2026-01-02 19:07:59 - MyKingdom - INFO - Music settings loaded: enabled=True, volume=0.07
2026-01-02 19:07:59 - MyKingdom - INFO - Music manager initialized
2026-01-02 19:07:59 - MyKingdom - INFO - Playing music: menu
2026-01-02 19:07:59 - MyKingdom - INFO - Main menu initialized
2026-01-02 19:08:00 - MyKingdom - INFO - New Game button clicked
2026-01-02 19:08:02 - MyKingdom - INFO - Starting new game: 123
2026-01-02 19:08:02 - MyKingdom - INFO - Starting new game: 123
2026-01-02 19:08:02 - MyKingdom - INFO - Entering PLAYING state
2026-01-02 19:08:02 - MyKingdom - INFO - Initializing new GameState system...
2026-01-02 19:08:02 - MyKingdom - INFO - Cozy renderer initialized with tile size: 32
2026-01-02 19:08:02 - MyKingdom - INFO - Save system initialized. Save directory: C:\Users\Chris Mork\Desktop\My-KingdomVersion 3\saves
2026-01-02 19:08:02 - MyKingdom - INFO - Game state initialized
2026-01-02 19:08:02 - MyKingdom - INFO - Tiered World Generator initialized with seed: 755248
2026-01-02 19:08:02 - MyKingdom - INFO - Generating world map: 150x150...
2026-01-02 19:08:02 - MyKingdom - INFO - World generation complete!
2026-01-02 19:08:02 - MyKingdom - INFO - Biome distribution:
2026-01-02 19:08:02 - MyKingdom - INFO -   tundra: 10246 tiles (45.5%)
2026-01-02 19:08:02 - MyKingdom - INFO -   boreal_forest: 5651 tiles (25.1%)
2026-01-02 19:08:02 - MyKingdom - INFO -   temperate_forest: 5548 tiles (24.7%)
2026-01-02 19:08:02 - MyKingdom - INFO -   grassland: 1055 tiles (4.7%)
2026-01-02 19:08:02 - MyKingdom - INFO - Multi-stage world selection screen initialized
2026-01-02 19:08:03 - MyKingdom - INFO - Generating region preview for world tile temperate_forest...
2026-01-02 19:08:03 - MyKingdom - INFO - Generating region from world tile (75, 75)...
2026-01-02 19:08:03 - MyKingdom - INFO -   Biome: temperate_forest, Elevation: 0.44
2026-01-02 19:08:04 - MyKingdom - INFO - Advanced to REGION view for world tile (75, 75)
2026-01-02 19:08:04 - MyKingdom - INFO - Generating local preview from region tile (40, 40)...
2026-01-02 19:08:04 - MyKingdom - INFO - Generating local map from region chunk (40, 40)...
2026-01-02 19:08:04 - MyKingdom - INFO -   Chunk analysis: Biome=temperate_forest, Avg Elev=0.54
2026-01-02 19:08:04 - MyKingdom - INFO - Placed resource nodes on local map
2026-01-02 19:08:04 - MyKingdom - INFO - Local map generated successfully
2026-01-02 19:08:04 - MyKingdom - INFO - Advanced to LOCAL view
2026-01-02 19:08:04 - MyKingdom - INFO - Cozy renderer initialized with tile size: 32
2026-01-02 19:08:04 - MyKingdom - INFO - Renderer biome set to: temperate_forest
2026-01-02 19:08:04 - MyKingdom - INFO - Cozy renderer initialized with tile size: 32
2026-01-02 19:08:04 - MyKingdom - INFO - Renderer biome set to: temperate_forest
2026-01-02 19:08:04 - MyKingdom - INFO - Cozy renderer initialized with tile size: 32
2026-01-02 19:08:04 - MyKingdom - INFO - Renderer biome set to: temperate_forest
2026-01-02 19:08:04 - MyKingdom - INFO - Cozy renderer initialized with tile size: 32
2026-01-02 19:08:04 - MyKingdom - INFO - Renderer biome set to: temperate_forest
2026-01-02 19:08:04 - MyKingdom - INFO - Cozy renderer initialized with tile size: 32
2026-01-02 19:08:04 - MyKingdom - INFO - Renderer biome set to: temperate_forest
2026-01-02 19:08:04 - MyKingdom - INFO - Cozy renderer initialized with tile size: 32
2026-01-02 19:08:04 - MyKingdom - INFO - Renderer biome set to: temperate_forest
2026-01-02 19:08:04 - MyKingdom - INFO - Cozy renderer initialized with tile size: 32
2026-01-02 19:08:04 - MyKingdom - INFO - Renderer biome set to: temperate_forest
2026-01-02 19:08:04 - MyKingdom - INFO - Cozy renderer initialized with tile size: 32
2026-01-02 19:08:04 - MyKingdom - INFO - Renderer biome set to: temperate_forest
2026-01-02 19:08:04 - MyKingdom - INFO - Cozy renderer initialized with tile size: 32
2026-01-02 19:08:04 - MyKingdom - INFO - Renderer biome set to: temperate_forest
2026-01-02 19:08:04 - MyKingdom - INFO - Cozy renderer initialized with tile size: 32
2026-01-02 19:08:04 - MyKingdom - INFO - Renderer biome set to: temperate_forest
2026-01-02 19:08:04 - MyKingdom - INFO - Cozy renderer initialized with tile size: 32
2026-01-02 19:08:04 - MyKingdom - INFO - Renderer biome set to: temperate_forest
2026-01-02 19:08:04 - MyKingdom - INFO - Cozy renderer initialized with tile size: 32
2026-01-02 19:08:04 - MyKingdom - INFO - Renderer biome set to: temperate_forest
2026-01-02 19:08:04 - MyKingdom - INFO - Cozy renderer initialized with tile size: 32
2026-01-02 19:08:04 - MyKingdom - INFO - Renderer biome set to: temperate_forest
2026-01-02 19:08:04 - MyKingdom - INFO - Cozy renderer initialized with tile size: 32
2026-01-02 19:08:04 - MyKingdom - INFO - Renderer biome set to: temperate_forest
2026-01-02 19:08:04 - MyKingdom - INFO - Cozy renderer initialized with tile size: 32
2026-01-02 19:08:04 - MyKingdom - INFO - Renderer biome set to: temperate_forest
2026-01-02 19:08:04 - MyKingdom - INFO - Cozy renderer initialized with tile size: 32
2026-01-02 19:08:04 - MyKingdom - INFO - Renderer biome set to: temperate_forest
2026-01-02 19:08:04 - MyKingdom - INFO - Cozy renderer initialized with tile size: 32
2026-01-02 19:08:04 - MyKingdom - INFO - Renderer biome set to: temperate_forest
2026-01-02 19:08:04 - MyKingdom - INFO - Cozy renderer initialized with tile size: 32
2026-01-02 19:08:04 - MyKingdom - INFO - Renderer biome set to: temperate_forest
2026-01-02 19:08:04 - MyKingdom - INFO - Cozy renderer initialized with tile size: 32
2026-01-02 19:08:04 - MyKingdom - INFO - Renderer biome set to: temperate_forest
2026-01-02 19:08:04 - MyKingdom - INFO - Cozy renderer initialized with tile size: 32
2026-01-02 19:08:04 - MyKingdom - INFO - Renderer biome set to: temperate_forest
2026-01-02 19:08:04 - MyKingdom - INFO - Cozy renderer initialized with tile size: 32
2026-01-02 19:08:04 - MyKingdom - INFO - Renderer biome set to: temperate_forest
2026-01-02 19:08:04 - MyKingdom - INFO - Cozy renderer initialized with tile size: 32
2026-01-02 19:08:04 - MyKingdom - INFO - Renderer biome set to: temperate_forest
2026-01-02 19:08:04 - MyKingdom - INFO - Cozy renderer initialized with tile size: 32
2026-01-02 19:08:04 - MyKingdom - INFO - Renderer biome set to: temperate_forest
2026-01-02 19:08:04 - MyKingdom - INFO - Cozy renderer initialized with tile size: 32
2026-01-02 19:08:04 - MyKingdom - INFO - Renderer biome set to: temperate_forest
2026-01-02 19:08:04 - MyKingdom - INFO - Cozy renderer initialized with tile size: 32
2026-01-02 19:08:04 - MyKingdom - INFO - Renderer biome set to: temperate_forest
2026-01-02 19:08:04 - MyKingdom - INFO - Cozy renderer initialized with tile size: 32
2026-01-02 19:08:04 - MyKingdom - INFO - Renderer biome set to: temperate_forest
2026-01-02 19:08:04 - MyKingdom - INFO - Cozy renderer initialized with tile size: 32
2026-01-02 19:08:04 - MyKingdom - INFO - Renderer biome set to: temperate_forest
2026-01-02 19:08:04 - MyKingdom - INFO - Cozy renderer initialized with tile size: 32
2026-01-02 19:08:04 - MyKingdom - INFO - Renderer biome set to: temperate_forest
2026-01-02 19:08:04 - MyKingdom - INFO - Cozy renderer initialized with tile size: 32
2026-01-02 19:08:04 - MyKingdom - INFO - Renderer biome set to: temperate_forest
2026-01-02 19:08:04 - MyKingdom - INFO - Cozy renderer initialized with tile size: 32
2026-01-02 19:08:04 - MyKingdom - INFO - Renderer biome set to: temperate_forest
2026-01-02 19:08:04 - MyKingdom - INFO - Cozy renderer initialized with tile size: 32
2026-01-02 19:08:04 - MyKingdom - INFO - Renderer biome set to: temperate_forest
2026-01-02 19:08:04 - MyKingdom - INFO - Cozy renderer initialized with tile size: 32
2026-01-02 19:08:04 - MyKingdom - INFO - Renderer biome set to: temperate_forest
2026-01-02 19:08:04 - MyKingdom - INFO - Cozy renderer initialized with tile size: 32
2026-01-02 19:08:04 - MyKingdom - INFO - Renderer biome set to: temperate_forest
2026-01-02 19:08:04 - MyKingdom - INFO - Cozy renderer initialized with tile size: 32
2026-01-02 19:08:04 - MyKingdom - INFO - Renderer biome set to: temperate_forest
2026-01-02 19:08:04 - MyKingdom - INFO - Cozy renderer initialized with tile size: 32
2026-01-02 19:08:04 - MyKingdom - INFO - Renderer biome set to: temperate_forest
2026-01-02 19:08:05 - MyKingdom - INFO - Cozy renderer initialized with tile size: 32
2026-01-02 19:08:05 - MyKingdom - INFO - Renderer biome set to: temperate_forest
2026-01-02 19:08:05 - MyKingdom - INFO - Cozy renderer initialized with tile size: 32
2026-01-02 19:08:05 - MyKingdom - INFO - Renderer biome set to: temperate_forest
2026-01-02 19:08:05 - MyKingdom - INFO - Cozy renderer initialized with tile size: 32
2026-01-02 19:08:05 - MyKingdom - INFO - Renderer biome set to: temperate_forest
2026-01-02 19:08:05 - MyKingdom - INFO - Cozy renderer initialized with tile size: 32
2026-01-02 19:08:05 - MyKingdom - INFO - Renderer biome set to: temperate_forest
2026-01-02 19:08:05 - MyKingdom - INFO - Cozy renderer initialized with tile size: 32
2026-01-02 19:08:05 - MyKingdom - INFO - Renderer biome set to: temperate_forest
2026-01-02 19:08:05 - MyKingdom - INFO - Cozy renderer initialized with tile size: 32
2026-01-02 19:08:05 - MyKingdom - INFO - Renderer biome set to: temperate_forest
2026-01-02 19:08:05 - MyKingdom - INFO - Cozy renderer initialized with tile size: 32
2026-01-02 19:08:05 - MyKingdom - INFO - Renderer biome set to: temperate_forest
2026-01-02 19:08:05 - MyKingdom - INFO - Location confirmed!
2026-01-02 19:08:05 - MyKingdom - INFO - Cozy renderer initialized with tile size: 32
2026-01-02 19:08:05 - MyKingdom - INFO - Renderer biome set to: temperate_forest
2026-01-02 19:08:05 - MyKingdom - INFO - === STARTING NEW GAME: 123 ===
2026-01-02 19:08:05 - MyKingdom - INFO - Using pre-generated world and tiles from selection screen
2026-01-02 19:08:05 - MyKingdom - INFO - Using player-selected location: (75, 75)
2026-01-02 19:08:05 - MyKingdom - INFO - Using pre-generated region tiles from preview
2026-01-02 19:08:05 - MyKingdom - INFO - Using selected region coordinates: (40, 40)
2026-01-02 19:08:05 - MyKingdom - INFO - Using pre-generated local tiles from preview - terrain will match preview!
2026-01-02 19:08:05 - MyKingdom - INFO - Renderer biome set to: temperate_forest
2026-01-02 19:08:05 - MyKingdom - INFO - Creating starting citizens...
2026-01-02 19:08:05 - MyKingdom - INFO - Created citizen: Vale Fairwind (ID: 1)
2026-01-02 19:08:05 - MyKingdom - INFO - Created citizen: Yara Clearwater (ID: 2)
2026-01-02 19:08:05 - MyKingdom - INFO - Created citizen: Lysa Kindler (ID: 3)
2026-01-02 19:08:05 - MyKingdom - INFO - Created citizen: Mira Quickstep (ID: 4)
2026-01-02 19:08:05 - MyKingdom - INFO - Created citizen: Cedric Evergreen (ID: 5)
2026-01-02 19:08:05 - MyKingdom - INFO - Collecting resource nodes from world...
2026-01-02 19:08:05 - MyKingdom - INFO - Collected 1018 resource nodes from world
2026-01-02 19:08:05 - MyKingdom - INFO - Spawning wagon stockpile...
2026-01-02 19:08:05 - MyKingdom - INFO - Spawned wagon stockpile at (50, 50)
2026-01-02 19:08:05 - MyKingdom - INFO - Game saved successfully: saves\123.sav.gz
2026-01-02 19:08:05 - MyKingdom - INFO - Game saved: 123
2026-01-02 19:08:05 - MyKingdom - INFO - === NEW GAME STARTED SUCCESSFULLY ===
2026-01-02 19:08:05 - MyKingdom - INFO - Game initialized successfully
2026-01-02 19:08:06 - MyKingdom - INFO - Playing music: gameplay
2026-01-02 19:08:08 - MyKingdom - INFO - Designation mode: ON (Chop Trees)
2026-01-02 19:08:10 - MyKingdom - INFO - Designated 8 trees for chopping
2026-01-02 19:08:14 - MyKingdom - INFO - Designated 7 trees for chopping
2026-01-02 19:08:28 - MyKingdom - INFO - Designated 6 trees for chopping
2026-01-02 19:08:45 - MyKingdom - INFO - No trees found in selected area
2026-01-02 19:08:46 - MyKingdom - INFO - No trees found in selected area
2026-01-02 19:08:47 - MyKingdom - INFO - No trees found in selected area
2026-01-02 19:11:22 - MyKingdom - INFO - Designation mode: OFF
2026-01-02 19:11:24 - MyKingdom - INFO - Designation mode: ON (Chop Trees)
2026-01-02 19:11:29 - MyKingdom - INFO - Designated 10 trees for chopping
2026-01-02 19:12:12 - MyKingdom - INFO - Designated 9 trees for chopping
2026-01-02 19:12:17 - MyKingdom - INFO - Escape pressed - showing pause menu
2026-01-02 19:12:17 - MyKingdom - INFO - Pause menu initialized
2026-01-02 19:12:18 - MyKingdom - INFO - ESC pressed - resuming game
2026-01-02 19:12:18 - MyKingdom - INFO - Resuming game
2026-01-02 19:12:18 - MyKingdom - INFO - Escape pressed - showing pause menu
2026-01-02 19:12:18 - MyKingdom - INFO - Pause menu initialized
2026-01-02 19:12:19 - MyKingdom - INFO - Main Menu button clicked
2026-01-02 19:12:19 - MyKingdom - INFO - Returning to main menu
2026-01-02 19:12:19 - MyKingdom - INFO - Game saved successfully: saves\123.sav.gz
2026-01-02 19:12:19 - MyKingdom - INFO - Game saved: 123
2026-01-02 19:12:20 - MyKingdom - INFO - Playing music: menu
2026-01-02 19:12:20 - MyKingdom - INFO - Entering MENU state
2026-01-02 19:12:20 - MyKingdom - INFO - AI-generated menu background loaded successfully
2026-01-02 19:12:21 - MyKingdom - INFO - Playing music: menu
2026-01-02 19:12:21 - MyKingdom - INFO - Main menu initialized
2026-01-02 19:12:23 - MyKingdom - INFO - Quit button clicked
2026-01-02 19:12:23 - MyKingdom - INFO - ============================================================
2026-01-02 19:12:23 - MyKingdom - INFO - MY KINGDOM - Shutting Down
2026-01-02 19:12:23 - MyKingdom - INFO - ============================================================
