2026-01-02 17:39:02 - MyKingdom - INFO - ============================================================
2026-01-02 17:39:02 - MyKingdom - INFO - Game Logger Initialized
2026-01-02 17:39:02 - MyKingdom - INFO - Log file: C:\Users\Chris Mork\Desktop\My-KingdomVersion 3\Logs\game_20260102_173902.log
2026-01-02 17:39:02 - MyKingdom - INFO - ============================================================
2026-01-02 17:39:03 - MyKingdom - INFO - ============================================================
2026-01-02 17:39:03 - MyKingdom - INFO - MY KINGDOM - Starting Application
2026-01-02 17:39:03 - MyKingdom - INFO - ============================================================
2026-01-02 17:39:03 - MyKingdom - INFO - Pygame initialized
2026-01-02 17:39:03 - MyKingdom - INFO - Window created: 1280x720
2026-01-02 17:39:03 - MyKingdom - INFO - Application initialization complete
2026-01-02 17:39:03 - MyKingdom - INFO - Starting main application loop
2026-01-02 17:39:03 - MyKingdom - INFO - Entering MENU state
2026-01-02 17:39:03 - MyKingdom - INFO - AI-generated menu background loaded successfully
2026-01-02 17:39:03 - MyKingdom - INFO - Music settings loaded: enabled=True, volume=0.53
2026-01-02 17:39:03 - MyKingdom - INFO - Music manager initialized
2026-01-02 17:39:03 - MyKingdom - INFO - Playing music: menu
2026-01-02 17:39:03 - MyKingdom - INFO - Main menu initialized
2026-01-02 17:39:05 - MyKingdom - INFO - Load Game button clicked
2026-01-02 17:39:05 - MyKingdom - INFO - Save system initialized. Save directory: C:\Users\Chris Mork\Desktop\My-KingdomVersion 3\saves
2026-01-02 17:39:06 - MyKingdom - INFO - Found 14 save files
2026-01-02 17:39:17 - MyKingdom - INFO - New Game button clicked
2026-01-02 17:39:19 - MyKingdom - INFO - Starting new game: 123
2026-01-02 17:39:19 - MyKingdom - INFO - Starting new game: 123
2026-01-02 17:39:19 - MyKingdom - INFO - Entering PLAYING state
2026-01-02 17:39:19 - MyKingdom - INFO - Initializing new GameState system...
2026-01-02 17:39:19 - MyKingdom - INFO - Cozy renderer initialized with tile size: 32
2026-01-02 17:39:19 - MyKingdom - INFO - Save system initialized. Save directory: C:\Users\Chris Mork\Desktop\My-KingdomVersion 3\saves
2026-01-02 17:39:19 - MyKingdom - INFO - Game state initialized
2026-01-02 17:39:19 - MyKingdom - INFO - Tiered World Generator initialized with seed: 480324
2026-01-02 17:39:19 - MyKingdom - INFO - Generating world map: 150x150...
2026-01-02 17:39:19 - MyKingdom - INFO - World generation complete!
2026-01-02 17:39:19 - MyKingdom - INFO - Biome distribution:
2026-01-02 17:39:19 - MyKingdom - INFO -   tundra: 12675 tiles (56.3%)
2026-01-02 17:39:19 - MyKingdom - INFO -   boreal_forest: 5892 tiles (26.2%)
2026-01-02 17:39:19 - MyKingdom - INFO -   temperate_forest: 3195 tiles (14.2%)
2026-01-02 17:39:19 - MyKingdom - INFO -   grassland: 705 tiles (3.1%)
2026-01-02 17:39:19 - MyKingdom - INFO -   wetland: 32 tiles (0.1%)
2026-01-02 17:39:19 - MyKingdom - INFO -   arid_shrubland: 1 tiles (0.0%)
2026-01-02 17:39:19 - MyKingdom - INFO - Multi-stage world selection screen initialized
2026-01-02 17:39:27 - MyKingdom - INFO - Generating region preview for world tile arid_shrubland...
2026-01-02 17:39:27 - MyKingdom - INFO - Generating region from world tile (71, 79)...
2026-01-02 17:39:27 - MyKingdom - INFO -   Biome: arid_shrubland, Elevation: 0.62
2026-01-02 17:39:28 - MyKingdom - INFO - Advanced to REGION view for world tile (71, 79)
2026-01-02 17:39:38 - MyKingdom - INFO - Returned to WORLD view
2026-01-02 17:39:39 - MyKingdom - INFO - Generating region preview for world tile arid_shrubland...
2026-01-02 17:39:39 - MyKingdom - INFO - Generating region from world tile (71, 79)...
2026-01-02 17:39:39 - MyKingdom - INFO -   Biome: arid_shrubland, Elevation: 0.62
2026-01-02 17:39:39 - MyKingdom - INFO - Advanced to REGION view for world tile (71, 79)
2026-01-02 17:39:40 - MyKingdom - INFO - Generating local preview from region tile (34, 38)...
2026-01-02 17:39:40 - MyKingdom - INFO - Generating local map from region chunk (34, 38)...
2026-01-02 17:39:40 - MyKingdom - INFO -   Chunk analysis: Biome=arid_shrubland, Avg Elev=0.45
2026-01-02 17:39:40 - MyKingdom - INFO - Placed resource nodes on local map
2026-01-02 17:39:40 - MyKingdom - INFO - Local map generated successfully
2026-01-02 17:39:40 - MyKingdom - INFO - Advanced to LOCAL view
2026-01-02 17:39:40 - MyKingdom - INFO - Cozy renderer initialized with tile size: 32
2026-01-02 17:39:40 - MyKingdom - INFO - Renderer biome set to: arid_shrubland
2026-01-02 17:39:40 - MyKingdom - INFO - Cozy renderer initialized with tile size: 32
2026-01-02 17:39:40 - MyKingdom - INFO - Renderer biome set to: arid_shrubland
2026-01-02 17:39:40 - MyKingdom - INFO - Cozy renderer initialized with tile size: 32
2026-01-02 17:39:40 - MyKingdom - INFO - Renderer biome set to: arid_shrubland
2026-01-02 17:39:40 - MyKingdom - INFO - Cozy renderer initialized with tile size: 32
2026-01-02 17:39:40 - MyKingdom - INFO - Renderer biome set to: arid_shrubland
2026-01-02 17:39:40 - MyKingdom - INFO - Cozy renderer initialized with tile size: 32
2026-01-02 17:39:40 - MyKingdom - INFO - Renderer biome set to: arid_shrubland
2026-01-02 17:39:40 - MyKingdom - INFO - Cozy renderer initialized with tile size: 32
2026-01-02 17:39:40 - MyKingdom - INFO - Renderer biome set to: arid_shrubland
2026-01-02 17:39:40 - MyKingdom - INFO - Cozy renderer initialized with tile size: 32
2026-01-02 17:39:40 - MyKingdom - INFO - Renderer biome set to: arid_shrubland
2026-01-02 17:39:40 - MyKingdom - INFO - Cozy renderer initialized with tile size: 32
2026-01-02 17:39:40 - MyKingdom - INFO - Renderer biome set to: arid_shrubland
2026-01-02 17:39:40 - MyKingdom - INFO - Cozy renderer initialized with tile size: 32
2026-01-02 17:39:40 - MyKingdom - INFO - Renderer biome set to: arid_shrubland
2026-01-02 17:39:40 - MyKingdom - INFO - Cozy renderer initialized with tile size: 32
2026-01-02 17:39:40 - MyKingdom - INFO - Renderer biome set to: arid_shrubland
2026-01-02 17:39:40 - MyKingdom - INFO - Cozy renderer initialized with tile size: 32
2026-01-02 17:39:40 - MyKingdom - INFO - Renderer biome set to: arid_shrubland
2026-01-02 17:39:40 - MyKingdom - INFO - Cozy renderer initialized with tile size: 32
2026-01-02 17:39:40 - MyKingdom - INFO - Renderer biome set to: arid_shrubland
2026-01-02 17:39:40 - MyKingdom - INFO - Cozy renderer initialized with tile size: 32
2026-01-02 17:39:40 - MyKingdom - INFO - Renderer biome set to: arid_shrubland
2026-01-02 17:39:40 - MyKingdom - INFO - Cozy renderer initialized with tile size: 32
2026-01-02 17:39:40 - MyKingdom - INFO - Renderer biome set to: arid_shrubland
2026-01-02 17:39:40 - MyKingdom - INFO - Cozy renderer initialized with tile size: 32
2026-01-02 17:39:40 - MyKingdom - INFO - Renderer biome set to: arid_shrubland
2026-01-02 17:39:40 - MyKingdom - INFO - Cozy renderer initialized with tile size: 32
2026-01-02 17:39:40 - MyKingdom - INFO - Renderer biome set to: arid_shrubland
2026-01-02 17:39:40 - MyKingdom - INFO - Cozy renderer initialized with tile size: 32
2026-01-02 17:39:40 - MyKingdom - INFO - Renderer biome set to: arid_shrubland
2026-01-02 17:39:40 - MyKingdom - INFO - Cozy renderer initialized with tile size: 32
2026-01-02 17:39:40 - MyKingdom - INFO - Renderer biome set to: arid_shrubland
2026-01-02 17:39:40 - MyKingdom - INFO - Cozy renderer initialized with tile size: 32
2026-01-02 17:39:40 - MyKingdom - INFO - Renderer biome set to: arid_shrubland
2026-01-02 17:39:41 - MyKingdom - INFO - Cozy renderer initialized with tile size: 32
2026-01-02 17:39:41 - MyKingdom - INFO - Renderer biome set to: arid_shrubland
2026-01-02 17:39:41 - MyKingdom - INFO - Cozy renderer initialized with tile size: 32
2026-01-02 17:39:41 - MyKingdom - INFO - Renderer biome set to: arid_shrubland
2026-01-02 17:39:41 - MyKingdom - INFO - Cozy renderer initialized with tile size: 32
2026-01-02 17:39:41 - MyKingdom - INFO - Renderer biome set to: arid_shrubland
2026-01-02 17:39:41 - MyKingdom - INFO - Cozy renderer initialized with tile size: 32
2026-01-02 17:39:41 - MyKingdom - INFO - Renderer biome set to: arid_shrubland
2026-01-02 17:39:41 - MyKingdom - INFO - Cozy renderer initialized with tile size: 32
2026-01-02 17:39:41 - MyKingdom - INFO - Renderer biome set to: arid_shrubland
2026-01-02 17:39:41 - MyKingdom - INFO - Cozy renderer initialized with tile size: 32
2026-01-02 17:39:41 - MyKingdom - INFO - Renderer biome set to: arid_shrubland
2026-01-02 17:39:41 - MyKingdom - INFO - Cozy renderer initialized with tile size: 32
2026-01-02 17:39:41 - MyKingdom - INFO - Renderer biome set to: arid_shrubland
2026-01-02 17:39:41 - MyKingdom - INFO - Cozy renderer initialized with tile size: 32
2026-01-02 17:39:41 - MyKingdom - INFO - Renderer biome set to: arid_shrubland
2026-01-02 17:39:41 - MyKingdom - INFO - Cozy renderer initialized with tile size: 32
2026-01-02 17:39:41 - MyKingdom - INFO - Renderer biome set to: arid_shrubland
2026-01-02 17:39:41 - MyKingdom - INFO - Cozy renderer initialized with tile size: 32
2026-01-02 17:39:41 - MyKingdom - INFO - Renderer biome set to: arid_shrubland
2026-01-02 17:39:41 - MyKingdom - INFO - Cozy renderer initialized with tile size: 32
2026-01-02 17:39:41 - MyKingdom - INFO - Renderer biome set to: arid_shrubland
2026-01-02 17:39:41 - MyKingdom - INFO - Cozy renderer initialized with tile size: 32
2026-01-02 17:39:41 - MyKingdom - INFO - Renderer biome set to: arid_shrubland
2026-01-02 17:39:41 - MyKingdom - INFO - Cozy renderer initialized with tile size: 32
2026-01-02 17:39:41 - MyKingdom - INFO - Renderer biome set to: arid_shrubland
2026-01-02 17:39:41 - MyKingdom - INFO - Cozy renderer initialized with tile size: 32
2026-01-02 17:39:41 - MyKingdom - INFO - Renderer biome set to: arid_shrubland
2026-01-02 17:39:41 - MyKingdom - INFO - Cozy renderer initialized with tile size: 32
2026-01-02 17:39:41 - MyKingdom - INFO - Renderer biome set to: arid_shrubland
2026-01-02 17:39:41 - MyKingdom - INFO - Cozy renderer initialized with tile size: 32
2026-01-02 17:39:41 - MyKingdom - INFO - Renderer biome set to: arid_shrubland
2026-01-02 17:39:41 - MyKingdom - INFO - Cozy renderer initialized with tile size: 32
2026-01-02 17:39:41 - MyKingdom - INFO - Renderer biome set to: arid_shrubland
2026-01-02 17:39:41 - MyKingdom - INFO - Cozy renderer initialized with tile size: 32
2026-01-02 17:39:41 - MyKingdom - INFO - Renderer biome set to: arid_shrubland
2026-01-02 17:39:41 - MyKingdom - INFO - Cozy renderer initialized with tile size: 32
2026-01-02 17:39:41 - MyKingdom - INFO - Renderer biome set to: arid_shrubland
2026-01-02 17:39:41 - MyKingdom - INFO - Cozy renderer initialized with tile size: 32
2026-01-02 17:39:41 - MyKingdom - INFO - Renderer biome set to: arid_shrubland
2026-01-02 17:39:41 - MyKingdom - INFO - Cozy renderer initialized with tile size: 32
2026-01-02 17:39:41 - MyKingdom - INFO - Renderer biome set to: arid_shrubland
2026-01-02 17:39:41 - MyKingdom - INFO - Cozy renderer initialized with tile size: 32
2026-01-02 17:39:41 - MyKingdom - INFO - Renderer biome set to: arid_shrubland
2026-01-02 17:39:41 - MyKingdom - INFO - Cozy renderer initialized with tile size: 32
2026-01-02 17:39:41 - MyKingdom - INFO - Renderer biome set to: arid_shrubland
2026-01-02 17:39:41 - MyKingdom - INFO - Cozy renderer initialized with tile size: 32
2026-01-02 17:39:41 - MyKingdom - INFO - Renderer biome set to: arid_shrubland
2026-01-02 17:39:41 - MyKingdom - INFO - Cozy renderer initialized with tile size: 32
2026-01-02 17:39:41 - MyKingdom - INFO - Renderer biome set to: arid_shrubland
2026-01-02 17:39:41 - MyKingdom - INFO - Cozy renderer initialized with tile size: 32
2026-01-02 17:39:41 - MyKingdom - INFO - Renderer biome set to: arid_shrubland
2026-01-02 17:39:41 - MyKingdom - INFO - Cozy renderer initialized with tile size: 32
2026-01-02 17:39:41 - MyKingdom - INFO - Renderer biome set to: arid_shrubland
2026-01-02 17:39:41 - MyKingdom - INFO - Cozy renderer initialized with tile size: 32
2026-01-02 17:39:41 - MyKingdom - INFO - Renderer biome set to: arid_shrubland
2026-01-02 17:39:41 - MyKingdom - INFO - Cozy renderer initialized with tile size: 32
2026-01-02 17:39:41 - MyKingdom - INFO - Renderer biome set to: arid_shrubland
2026-01-02 17:39:41 - MyKingdom - INFO - Cozy renderer initialized with tile size: 32
2026-01-02 17:39:41 - MyKingdom - INFO - Renderer biome set to: arid_shrubland
2026-01-02 17:39:41 - MyKingdom - INFO - Cozy renderer initialized with tile size: 32
2026-01-02 17:39:41 - MyKingdom - INFO - Renderer biome set to: arid_shrubland
2026-01-02 17:39:41 - MyKingdom - INFO - Cozy renderer initialized with tile size: 32
2026-01-02 17:39:41 - MyKingdom - INFO - Renderer biome set to: arid_shrubland
2026-01-02 17:39:41 - MyKingdom - INFO - Cozy renderer initialized with tile size: 32
2026-01-02 17:39:41 - MyKingdom - INFO - Renderer biome set to: arid_shrubland
2026-01-02 17:39:41 - MyKingdom - INFO - Cozy renderer initialized with tile size: 32
2026-01-02 17:39:41 - MyKingdom - INFO - Renderer biome set to: arid_shrubland
2026-01-02 17:39:41 - MyKingdom - INFO - Cozy renderer initialized with tile size: 32
2026-01-02 17:39:41 - MyKingdom - INFO - Renderer biome set to: arid_shrubland
2026-01-02 17:39:41 - MyKingdom - INFO - Cozy renderer initialized with tile size: 32
2026-01-02 17:39:41 - MyKingdom - INFO - Renderer biome set to: arid_shrubland
2026-01-02 17:39:41 - MyKingdom - INFO - Cozy renderer initialized with tile size: 32
2026-01-02 17:39:41 - MyKingdom - INFO - Renderer biome set to: arid_shrubland
2026-01-02 17:39:41 - MyKingdom - INFO - Cozy renderer initialized with tile size: 32
2026-01-02 17:39:41 - MyKingdom - INFO - Renderer biome set to: arid_shrubland
2026-01-02 17:39:41 - MyKingdom - INFO - Location confirmed!
2026-01-02 17:39:41 - MyKingdom - INFO - Cozy renderer initialized with tile size: 32
2026-01-02 17:39:41 - MyKingdom - INFO - Renderer biome set to: arid_shrubland
2026-01-02 17:39:41 - MyKingdom - INFO - === STARTING NEW GAME: 123 ===
2026-01-02 17:39:41 - MyKingdom - INFO - Using pre-generated world and tiles from selection screen
2026-01-02 17:39:41 - MyKingdom - INFO - Using player-selected location: (71, 79)
2026-01-02 17:39:41 - MyKingdom - INFO - Using pre-generated region tiles from preview
2026-01-02 17:39:41 - MyKingdom - INFO - Using selected region coordinates: (34, 38)
2026-01-02 17:39:41 - MyKingdom - INFO - Using pre-generated local tiles from preview - terrain will match preview!
2026-01-02 17:39:41 - MyKingdom - INFO - Renderer biome set to: arid_shrubland
2026-01-02 17:39:41 - MyKingdom - INFO - Creating starting citizens...
2026-01-02 17:39:41 - MyKingdom - INFO - Created citizen: Vale Fairwind (ID: 1)
2026-01-02 17:39:41 - MyKingdom - INFO - Created citizen: Yara Clearwater (ID: 2)
2026-01-02 17:39:41 - MyKingdom - INFO - Created citizen: Lysa Kindler (ID: 3)
2026-01-02 17:39:41 - MyKingdom - INFO - Created citizen: Mira Quickstep (ID: 4)
2026-01-02 17:39:41 - MyKingdom - INFO - Created citizen: Cedric Evergreen (ID: 5)
2026-01-02 17:39:41 - MyKingdom - INFO - Collecting resource nodes from world...
2026-01-02 17:39:41 - MyKingdom - INFO - Collected 534 resource nodes from world
2026-01-02 17:39:41 - MyKingdom - INFO - Spawning wagon stockpile...
2026-01-02 17:39:41 - MyKingdom - INFO - Spawned wagon stockpile at (50, 50)
2026-01-02 17:39:42 - MyKingdom - INFO - Game saved successfully: saves\123.sav.gz
2026-01-02 17:39:42 - MyKingdom - INFO - Game saved: 123
2026-01-02 17:39:42 - MyKingdom - INFO - === NEW GAME STARTED SUCCESSFULLY ===
2026-01-02 17:39:42 - MyKingdom - INFO - Game initialized successfully
2026-01-02 17:39:43 - MyKingdom - INFO - Playing music: gameplay
2026-01-02 17:39:43 - MyKingdom - INFO - Escape pressed - showing pause menu
2026-01-02 17:39:43 - MyKingdom - INFO - Pause menu initialized
2026-01-02 17:39:45 - MyKingdom - INFO - Settings button clicked
2026-01-02 17:39:45 - MyKingdom - INFO - Settings menu initialized
2026-01-02 17:39:46 - MyKingdom - INFO - Music settings saved
2026-01-02 17:39:46 - MyKingdom - INFO - Music volume set to 0.53
2026-01-02 17:39:46 - MyKingdom - INFO - Music settings saved
2026-01-02 17:39:46 - MyKingdom - INFO - Music volume set to 0.50
2026-01-02 17:39:46 - MyKingdom - INFO - Music settings saved
2026-01-02 17:39:46 - MyKingdom - INFO - Music volume set to 0.46
2026-01-02 17:39:46 - MyKingdom - INFO - Music settings saved
2026-01-02 17:39:46 - MyKingdom - INFO - Music volume set to 0.41
2026-01-02 17:39:46 - MyKingdom - INFO - Music settings saved
2026-01-02 17:39:46 - MyKingdom - INFO - Music volume set to 0.40
2026-01-02 17:39:46 - MyKingdom - INFO - Music settings saved
2026-01-02 17:39:46 - MyKingdom - INFO - Music volume set to 0.39
2026-01-02 17:39:46 - MyKingdom - INFO - Music settings saved
2026-01-02 17:39:46 - MyKingdom - INFO - Music volume set to 0.37
2026-01-02 17:39:46 - MyKingdom - INFO - Music settings saved
2026-01-02 17:39:46 - MyKingdom - INFO - Music volume set to 0.36
2026-01-02 17:39:46 - MyKingdom - INFO - Music settings saved
2026-01-02 17:39:46 - MyKingdom - INFO - Music volume set to 0.35
2026-01-02 17:39:46 - MyKingdom - INFO - Music settings saved
2026-01-02 17:39:46 - MyKingdom - INFO - Music volume set to 0.35
2026-01-02 17:39:46 - MyKingdom - INFO - Music settings saved
2026-01-02 17:39:46 - MyKingdom - INFO - Music volume set to 0.34
2026-01-02 17:39:46 - MyKingdom - INFO - Music settings saved
2026-01-02 17:39:46 - MyKingdom - INFO - Music volume set to 0.34
2026-01-02 17:39:46 - MyKingdom - INFO - Music settings saved
2026-01-02 17:39:46 - MyKingdom - INFO - Music volume set to 0.33
2026-01-02 17:39:46 - MyKingdom - INFO - Music settings saved
2026-01-02 17:39:46 - MyKingdom - INFO - Music volume set to 0.33
2026-01-02 17:39:46 - MyKingdom - INFO - Music settings saved
2026-01-02 17:39:46 - MyKingdom - INFO - Music volume set to 0.32
2026-01-02 17:39:46 - MyKingdom - INFO - Music settings saved
2026-01-02 17:39:46 - MyKingdom - INFO - Music volume set to 0.32
2026-01-02 17:39:46 - MyKingdom - INFO - Music settings saved
2026-01-02 17:39:46 - MyKingdom - INFO - Music volume set to 0.32
2026-01-02 17:39:46 - MyKingdom - INFO - Music settings saved
2026-01-02 17:39:46 - MyKingdom - INFO - Music volume set to 0.31
2026-01-02 17:39:46 - MyKingdom - INFO - Music settings saved
2026-01-02 17:39:46 - MyKingdom - INFO - Music volume set to 0.31
2026-01-02 17:39:46 - MyKingdom - INFO - Music settings saved
2026-01-02 17:39:46 - MyKingdom - INFO - Music volume set to 0.31
2026-01-02 17:39:46 - MyKingdom - INFO - Music settings saved
2026-01-02 17:39:46 - MyKingdom - INFO - Music volume set to 0.30
2026-01-02 17:39:46 - MyKingdom - INFO - Music settings saved
2026-01-02 17:39:46 - MyKingdom - INFO - Music volume set to 0.30
2026-01-02 17:39:46 - MyKingdom - INFO - Music settings saved
2026-01-02 17:39:46 - MyKingdom - INFO - Music volume set to 0.30
2026-01-02 17:39:46 - MyKingdom - INFO - Music settings saved
2026-01-02 17:39:46 - MyKingdom - INFO - Music volume set to 0.30
2026-01-02 17:39:46 - MyKingdom - INFO - Music settings saved
2026-01-02 17:39:46 - MyKingdom - INFO - Music volume set to 0.30
2026-01-02 17:39:46 - MyKingdom - INFO - Music settings saved
2026-01-02 17:39:46 - MyKingdom - INFO - Music volume set to 0.29
2026-01-02 17:39:46 - MyKingdom - INFO - Music settings saved
2026-01-02 17:39:46 - MyKingdom - INFO - Music volume set to 0.29
2026-01-02 17:39:46 - MyKingdom - INFO - Music settings saved
2026-01-02 17:39:46 - MyKingdom - INFO - Music volume set to 0.28
2026-01-02 17:39:46 - MyKingdom - INFO - Music settings saved
2026-01-02 17:39:46 - MyKingdom - INFO - Music volume set to 0.27
2026-01-02 17:39:46 - MyKingdom - INFO - Music settings saved
2026-01-02 17:39:46 - MyKingdom - INFO - Music volume set to 0.26
2026-01-02 17:39:46 - MyKingdom - INFO - Music settings saved
2026-01-02 17:39:46 - MyKingdom - INFO - Music volume set to 0.26
2026-01-02 17:39:46 - MyKingdom - INFO - Music settings saved
2026-01-02 17:39:46 - MyKingdom - INFO - Music volume set to 0.26
2026-01-02 17:39:47 - MyKingdom - INFO - Settings menu closed
2026-01-02 17:39:48 - MyKingdom - INFO - Resume button clicked
2026-01-02 17:39:48 - MyKingdom - INFO - Resuming game
2026-01-02 17:40:23 - MyKingdom - INFO - Quit event received from game
2026-01-02 17:40:23 - MyKingdom - INFO - ============================================================
2026-01-02 17:40:23 - MyKingdom - INFO - MY KINGDOM - Shutting Down
2026-01-02 17:40:23 - MyKingdom - INFO - ============================================================
