2025-12-31 15:29:59 - MyKingdom - INFO - ============================================================
2025-12-31 15:29:59 - MyKingdom - INFO - Game Logger Initialized
2025-12-31 15:29:59 - MyKingdom - INFO - Log file: C:\Users\Chris Mork\Desktop\My-KingdomVersion 3\Logs\game_20251231_152959.log
2025-12-31 15:29:59 - MyKingdom - INFO - ============================================================
2025-12-31 15:29:59 - MyKingdom - INFO - Settings loaded successfully
2025-12-31 15:29:59 - MyKingdom - INFO - ============================================================
2025-12-31 15:29:59 - MyKingdom - INFO - MY KINGDOM - Starting Application
2025-12-31 15:29:59 - MyKingdom - INFO - ============================================================
2025-12-31 15:29:59 - MyKingdom - INFO - Pygame initialized
2025-12-31 15:29:59 - MyKingdom - INFO - Window created: 1920x1080, fullscreen=False, vsync=True
2025-12-31 15:29:59 - MyKingdom - INFO - Audio settings: master=1.0, music=0.8, sfx=0.9
2025-12-31 15:29:59 - MyKingdom - INFO - Application initialization complete
2025-12-31 15:29:59 - MyKingdom - INFO - Starting main application loop
2025-12-31 15:29:59 - MyKingdom - INFO - Entering MENU state
2025-12-31 15:29:59 - MyKingdom - INFO - AI-generated menu background loaded successfully
2025-12-31 15:29:59 - MyKingdom - INFO - Main menu initialized
2025-12-31 15:30:04 - MyKingdom - INFO - Settings button clicked
2025-12-31 15:30:04 - MyKingdom - INFO - Entering SETTINGS state
2025-12-31 15:30:04 - MyKingdom - INFO - Settings menu initialized
2025-12-31 15:30:09 - MyKingdom - INFO - Settings saved successfully
2025-12-31 15:30:09 - MyKingdom - INFO - Display updated: 1600x900, fullscreen=False
2025-12-31 15:30:09 - MyKingdom - INFO - Audio settings: master=1.0, music=0.8, sfx=0.9
2025-12-31 15:30:10 - MyKingdom - INFO - Settings applied successfully
2025-12-31 15:30:10 - MyKingdom - INFO - Settings saved and applied from menu
2025-12-31 15:30:14 - MyKingdom - INFO - Settings saved successfully
2025-12-31 15:30:14 - MyKingdom - INFO - Display updated: 3840x2160, fullscreen=False
2025-12-31 15:30:14 - MyKingdom - INFO - Audio settings: master=1.0, music=0.8, sfx=0.9
2025-12-31 15:30:15 - MyKingdom - INFO - Settings applied successfully
2025-12-31 15:30:15 - MyKingdom - INFO - Settings saved and applied from menu
2025-12-31 15:30:18 - MyKingdom - INFO - Settings saved successfully
2025-12-31 15:30:19 - MyKingdom - INFO - Display updated: 1600x900, fullscreen=False
2025-12-31 15:30:19 - MyKingdom - INFO - Audio settings: master=1.0, music=0.8, sfx=0.9
2025-12-31 15:30:20 - MyKingdom - INFO - Settings applied successfully
2025-12-31 15:30:20 - MyKingdom - INFO - Settings saved and applied from menu
2025-12-31 15:30:24 - MyKingdom - INFO - Settings saved successfully
2025-12-31 15:30:24 - MyKingdom - INFO - Display updated: 1600x900, fullscreen=False
2025-12-31 15:30:24 - MyKingdom - INFO - Audio settings: master=1.0, music=0.8, sfx=0.9
2025-12-31 15:30:25 - MyKingdom - INFO - Settings applied successfully
2025-12-31 15:30:25 - MyKingdom - INFO - Settings saved and applied from menu
2025-12-31 15:30:27 - MyKingdom - INFO - Entering MENU state
2025-12-31 15:30:27 - MyKingdom - INFO - AI-generated menu background loaded successfully
2025-12-31 15:30:27 - MyKingdom - INFO - Main menu initialized
2025-12-31 15:30:31 - MyKingdom - INFO - Quit button clicked
2025-12-31 15:30:31 - MyKingdom - INFO - ============================================================
2025-12-31 15:30:31 - MyKingdom - INFO - MY KINGDOM - Shutting Down
2025-12-31 15:30:31 - MyKingdom - INFO - ============================================================
