2025-12-31 14:43:46 - MyKingdom - INFO - ============================================================
2025-12-31 14:43:46 - MyKingdom - INFO - Game Logger Initialized
2025-12-31 14:43:46 - MyKingdom - INFO - Log file: C:\Users\Chris Mork\Desktop\My-KingdomVersion 3\Logs\game_20251231_144346.log
2025-12-31 14:43:46 - MyKingdom - INFO - ============================================================
2025-12-31 14:43:46 - MyKingdom - INFO - ============================================================
2025-12-31 14:43:46 - MyKingdom - INFO - MY KINGDOM - Starting Application
2025-12-31 14:43:46 - MyKingdom - INFO - ============================================================
2025-12-31 14:43:46 - MyKingdom - INFO - Pygame initialized
2025-12-31 14:43:46 - MyKingdom - INFO - Window created: 1280x720
2025-12-31 14:43:46 - MyKingdom - INFO - Application initialization complete
2025-12-31 14:43:46 - MyKingdom - INFO - Starting main application loop
2025-12-31 14:43:46 - MyKingdom - INFO - Entering MENU state
2025-12-31 14:43:46 - MyKingdom - INFO - Menu pixel art assets loaded successfully
2025-12-31 14:43:46 - MyKingdom - INFO - Main menu initialized
2025-12-31 14:44:00 - MyKingdom - INFO - Play button clicked - starting game
2025-12-31 14:44:00 - MyKingdom - INFO - Entering PLAYING state
2025-12-31 14:44:00 - MyKingdom - INFO - Camera initialized with zoom level: 1.0
2025-12-31 14:44:00 - MyKingdom - INFO - Initializing game world...
2025-12-31 14:44:00 - MyKingdom - INFO - World generator initialized with seed: 591913
2025-12-31 14:44:00 - MyKingdom - INFO - World size: 500x500
2025-12-31 14:44:00 - MyKingdom - INFO - Starting world generation...
2025-12-31 14:44:02 - MyKingdom - INFO - Adding decorations to world...
2025-12-31 14:44:02 - MyKingdom - INFO - Added 32669 decorations to the world
2025-12-31 14:44:02 - MyKingdom - INFO - World generation completed
2025-12-31 14:44:02 - MyKingdom - INFO - Terrain distribution:
2025-12-31 14:44:02 - MyKingdom - INFO -   dirt: 1905 tiles (0.8%)
2025-12-31 14:44:02 - MyKingdom - INFO -   forest: 37255 tiles (14.9%)
2025-12-31 14:44:02 - MyKingdom - INFO -   grass: 182899 tiles (73.2%)
2025-12-31 14:44:02 - MyKingdom - INFO -   sand: 18734 tiles (7.5%)
2025-12-31 14:44:02 - MyKingdom - INFO -   stone: 6 tiles (0.0%)
2025-12-31 14:44:02 - MyKingdom - INFO -   water: 9201 tiles (3.7%)
2025-12-31 14:44:02 - MyKingdom - INFO - Advanced tile renderer initialized with terrain blending
2025-12-31 14:44:02 - MyKingdom - INFO - Game state initialized and ready to play
2025-12-31 14:44:05 - MyKingdom - INFO - Quit event received from game
2025-12-31 14:44:05 - MyKingdom - INFO - ============================================================
2025-12-31 14:44:05 - MyKingdom - INFO - MY KINGDOM - Shutting Down
2025-12-31 14:44:05 - MyKingdom - INFO - ============================================================
