2025-12-31 14:37:24 - MyKingdom - INFO - ============================================================
2025-12-31 14:37:24 - MyKingdom - INFO - Game Logger Initialized
2025-12-31 14:37:24 - MyKingdom - INFO - Log file: C:\Users\Chris Mork\Desktop\My-KingdomVersion 3\Logs\game_20251231_143724.log
2025-12-31 14:37:24 - MyKingdom - INFO - ============================================================
2025-12-31 14:37:24 - MyKingdom - INFO - ============================================================
2025-12-31 14:37:24 - MyKingdom - INFO - MY KINGDOM - Starting Application
2025-12-31 14:37:24 - MyKingdom - INFO - ============================================================
2025-12-31 14:37:24 - MyKingdom - INFO - Pygame initialized
2025-12-31 14:37:24 - MyKingdom - INFO - Window created: 1280x720
2025-12-31 14:37:24 - MyKingdom - INFO - Application initialization complete
2025-12-31 14:37:24 - MyKingdom - INFO - Starting main application loop
2025-12-31 14:37:24 - MyKingdom - INFO - Entering MENU state
2025-12-31 14:37:24 - MyKingdom - INFO - Menu pixel art assets loaded successfully
2025-12-31 14:37:24 - MyKingdom - INFO - Main menu initialized
2025-12-31 14:37:41 - MyKingdom - INFO - Settings button clicked
2025-12-31 14:38:02 - MyKingdom - INFO - Play button clicked - starting game
2025-12-31 14:38:02 - MyKingdom - INFO - Entering PLAYING state
2025-12-31 14:38:02 - MyKingdom - INFO - Camera initialized with zoom level: 1.0
2025-12-31 14:38:02 - MyKingdom - INFO - Initializing game world...
2025-12-31 14:38:02 - MyKingdom - INFO - World generator initialized with seed: 44945
2025-12-31 14:38:02 - MyKingdom - INFO - World size: 500x500
2025-12-31 14:38:02 - MyKingdom - INFO - Starting world generation...
2025-12-31 14:38:04 - MyKingdom - INFO - Adding decorations to world...
2025-12-31 14:38:05 - MyKingdom - INFO - Added 32955 decorations to the world
2025-12-31 14:38:05 - MyKingdom - INFO - World generation completed
2025-12-31 14:38:05 - MyKingdom - INFO - Terrain distribution:
2025-12-31 14:38:05 - MyKingdom - INFO -   dirt: 1043 tiles (0.4%)
2025-12-31 14:38:05 - MyKingdom - INFO -   forest: 35528 tiles (14.2%)
2025-12-31 14:38:05 - MyKingdom - INFO -   grass: 186344 tiles (74.5%)
2025-12-31 14:38:05 - MyKingdom - INFO -   sand: 18867 tiles (7.5%)
2025-12-31 14:38:05 - MyKingdom - INFO -   water: 8218 tiles (3.3%)
2025-12-31 14:38:05 - MyKingdom - INFO - Advanced tile renderer initialized with terrain blending
2025-12-31 14:38:05 - MyKingdom - INFO - Game state initialized and ready to play
2025-12-31 14:38:18 - MyKingdom - DEBUG - Zoom changed: 1.00 -> 1.10
2025-12-31 14:38:18 - MyKingdom - DEBUG - Zoom changed: 1.10 -> 1.20
2025-12-31 14:38:18 - MyKingdom - DEBUG - Zoom changed: 1.20 -> 1.30
2025-12-31 14:38:18 - MyKingdom - DEBUG - Zoom changed: 1.30 -> 1.40
2025-12-31 14:38:18 - MyKingdom - DEBUG - Zoom changed: 1.40 -> 1.50
2025-12-31 14:38:19 - MyKingdom - DEBUG - Zoom changed: 1.50 -> 1.60
2025-12-31 14:38:19 - MyKingdom - DEBUG - Zoom changed: 1.60 -> 1.70
2025-12-31 14:38:19 - MyKingdom - DEBUG - Zoom changed: 1.70 -> 1.80
2025-12-31 14:38:19 - MyKingdom - DEBUG - Zoom changed: 1.80 -> 1.90
2025-12-31 14:38:19 - MyKingdom - DEBUG - Zoom changed: 1.90 -> 2.00
2025-12-31 14:38:22 - MyKingdom - DEBUG - Zoom changed: 2.00 -> 1.90
2025-12-31 14:38:22 - MyKingdom - DEBUG - Zoom changed: 1.90 -> 1.80
2025-12-31 14:38:22 - MyKingdom - DEBUG - Zoom changed: 1.80 -> 1.70
2025-12-31 14:38:22 - MyKingdom - DEBUG - Zoom changed: 1.70 -> 1.60
2025-12-31 14:38:23 - MyKingdom - DEBUG - Zoom changed: 1.60 -> 1.50
2025-12-31 14:38:23 - MyKingdom - DEBUG - Zoom changed: 1.50 -> 1.40
2025-12-31 14:38:24 - MyKingdom - DEBUG - Zoom changed: 1.40 -> 1.30
2025-12-31 14:38:24 - MyKingdom - DEBUG - Zoom changed: 1.30 -> 1.20
2025-12-31 14:38:24 - MyKingdom - DEBUG - Zoom changed: 1.20 -> 1.10
2025-12-31 14:38:24 - MyKingdom - DEBUG - Zoom changed: 1.10 -> 1.00
2025-12-31 14:38:27 - MyKingdom - INFO - Quit event received from game
2025-12-31 14:38:27 - MyKingdom - INFO - ============================================================
2025-12-31 14:38:27 - MyKingdom - INFO - MY KINGDOM - Shutting Down
2025-12-31 14:38:27 - MyKingdom - INFO - ============================================================
