2025-12-31 15:13:12 - MyKingdom - INFO - ============================================================
2025-12-31 15:13:12 - MyKingdom - INFO - Game Logger Initialized
2025-12-31 15:13:12 - MyKingdom - INFO - Log file: C:\Users\Chris Mork\Desktop\My-KingdomVersion 3\Logs\game_20251231_151312.log
2025-12-31 15:13:12 - MyKingdom - INFO - ============================================================
2025-12-31 15:13:12 - MyKingdom - INFO - No settings file found, using defaults
2025-12-31 15:13:12 - MyKingdom - INFO - Settings saved successfully
2025-12-31 15:13:12 - MyKingdom - INFO - ============================================================
2025-12-31 15:13:12 - MyKingdom - INFO - MY KINGDOM - Starting Application
2025-12-31 15:13:12 - MyKingdom - INFO - ============================================================
2025-12-31 15:13:12 - MyKingdom - INFO - Pygame initialized
2025-12-31 15:13:12 - MyKingdom - INFO - Window created: 1280x720
2025-12-31 15:13:12 - MyKingdom - INFO - Application initialization complete
2025-12-31 15:13:12 - MyKingdom - INFO - Starting main application loop
2025-12-31 15:13:12 - MyKingdom - INFO - Entering MENU state
2025-12-31 15:13:12 - MyKingdom - INFO - AI-generated menu background loaded successfully
2025-12-31 15:13:12 - MyKingdom - INFO - Main menu initialized
2025-12-31 15:13:15 - MyKingdom - INFO - Settings button clicked
2025-12-31 15:13:15 - MyKingdom - INFO - Entering SETTINGS state
2025-12-31 15:13:15 - MyKingdom - INFO - Settings menu initialized
2025-12-31 15:13:27 - MyKingdom - INFO - Settings saved successfully
2025-12-31 15:13:27 - MyKingdom - INFO - Settings saved from menu
2025-12-31 15:13:29 - MyKingdom - INFO - Settings saved successfully
2025-12-31 15:13:29 - MyKingdom - INFO - Settings saved from menu
2025-12-31 15:13:29 - MyKingdom - INFO - Settings saved successfully
2025-12-31 15:13:29 - MyKingdom - INFO - Settings saved from menu
2025-12-31 15:13:29 - MyKingdom - INFO - Settings saved successfully
2025-12-31 15:13:29 - MyKingdom - INFO - Settings saved from menu
2025-12-31 15:13:33 - MyKingdom - INFO - Settings saved successfully
2025-12-31 15:13:33 - MyKingdom - INFO - Settings saved from menu
2025-12-31 15:13:39 - MyKingdom - INFO - Entering MENU state
2025-12-31 15:13:39 - MyKingdom - INFO - AI-generated menu background loaded successfully
2025-12-31 15:13:39 - MyKingdom - INFO - Main menu initialized
2025-12-31 15:13:40 - MyKingdom - INFO - Settings button clicked
2025-12-31 15:13:40 - MyKingdom - INFO - Entering SETTINGS state
2025-12-31 15:13:40 - MyKingdom - INFO - Settings menu initialized
2025-12-31 15:13:42 - MyKingdom - INFO - Settings saved successfully
2025-12-31 15:13:42 - MyKingdom - INFO - Settings saved from menu
2025-12-31 15:13:43 - MyKingdom - INFO - Settings saved successfully
2025-12-31 15:13:43 - MyKingdom - INFO - Settings saved from menu
2025-12-31 15:13:43 - MyKingdom - INFO - Settings saved successfully
2025-12-31 15:13:43 - MyKingdom - INFO - Settings saved from menu
2025-12-31 15:13:49 - MyKingdom - INFO - Settings saved successfully
2025-12-31 15:13:49 - MyKingdom - INFO - Settings saved from menu
2025-12-31 15:13:49 - MyKingdom - INFO - Settings saved successfully
2025-12-31 15:13:49 - MyKingdom - INFO - Settings saved from menu
2025-12-31 15:13:49 - MyKingdom - INFO - Settings saved successfully
2025-12-31 15:13:49 - MyKingdom - INFO - Settings saved from menu
2025-12-31 15:13:50 - MyKingdom - INFO - Settings saved successfully
2025-12-31 15:13:50 - MyKingdom - INFO - Settings saved from menu
2025-12-31 15:14:21 - MyKingdom - INFO - ============================================================
2025-12-31 15:14:21 - MyKingdom - INFO - MY KINGDOM - Shutting Down
2025-12-31 15:14:21 - MyKingdom - INFO - ============================================================
