2026-01-20 17:51:51 - MyKingdom - INFO - ============================================================
2026-01-20 17:51:51 - MyKingdom - INFO - Game Logger Initialized
2026-01-20 17:51:51 - MyKingdom - INFO - Log file: C:\Users\Chris Mork\Desktop\My-KingdomVersion 3\Logs\game_20260120_175151.log
2026-01-20 17:51:51 - MyKingdom - INFO - ============================================================
2026-01-20 17:51:51 - MyKingdom - INFO - ============================================================
2026-01-20 17:51:51 - MyKingdom - INFO - MY KINGDOM - Starting Application
2026-01-20 17:51:51 - MyKingdom - INFO - ============================================================
2026-01-20 17:51:51 - MyKingdom - INFO - Pygame initialized
2026-01-20 17:51:51 - MyKingdom - INFO - Window created: 1280x720
2026-01-20 17:51:51 - MyKingdom - INFO - Application initialization complete
2026-01-20 17:51:51 - MyKingdom - INFO - Starting main application loop
2026-01-20 17:51:51 - MyKingdom - INFO - Entering MENU state
2026-01-20 17:51:51 - MyKingdom - INFO - AI-generated menu background loaded successfully
2026-01-20 17:51:51 - MyKingdom - INFO - Music settings loaded: enabled=True, volume=0.55
2026-01-20 17:51:51 - MyKingdom - INFO - Music manager initialized
2026-01-20 17:51:51 - MyKingdom - INFO - Playing music: menu
2026-01-20 17:51:51 - MyKingdom - INFO - Main menu initialized
2026-01-20 17:51:56 - MyKingdom - INFO - Settings button clicked
2026-01-20 17:51:56 - MyKingdom - INFO - Settings menu initialized
2026-01-20 17:51:57 - MyKingdom - INFO - Music stopped
2026-01-20 17:51:57 - MyKingdom - INFO - Music settings saved
2026-01-20 17:51:57 - MyKingdom - INFO - Music disabled
2026-01-20 17:51:58 - MyKingdom - INFO - Settings menu closed
2026-01-20 17:51:59 - MyKingdom - INFO - New Game button clicked
2026-01-20 17:52:03 - MyKingdom - INFO - Starting new game: seths demo
2026-01-20 17:52:03 - MyKingdom - INFO - Starting new game: seths demo
2026-01-20 17:52:03 - MyKingdom - INFO - Entering PLAYING state
2026-01-20 17:52:03 - MyKingdom - INFO - Initializing new GameState system...
2026-01-20 17:52:03 - MyKingdom - INFO - Cozy renderer initialized with tile size: 32
2026-01-20 17:52:03 - MyKingdom - INFO - Save system initialized. Save directory: C:\Users\Chris Mork\Desktop\My-KingdomVersion 3\saves
2026-01-20 17:52:03 - MyKingdom - INFO - Game state initialized
2026-01-20 17:52:03 - MyKingdom - INFO - Tiered World Generator initialized with seed: 384916
2026-01-20 17:52:03 - MyKingdom - INFO - Generating world map: 150x150...
2026-01-20 17:52:04 - MyKingdom - INFO - World generation complete!
2026-01-20 17:52:04 - MyKingdom - INFO - Biome distribution:
2026-01-20 17:52:04 - MyKingdom - INFO -   tundra: 12533 tiles (55.7%)
2026-01-20 17:52:04 - MyKingdom - INFO -   boreal_forest: 5954 tiles (26.5%)
2026-01-20 17:52:04 - MyKingdom - INFO -   temperate_forest: 3427 tiles (15.2%)
2026-01-20 17:52:04 - MyKingdom - INFO -   grassland: 586 tiles (2.6%)
2026-01-20 17:52:04 - MyKingdom - INFO - Multi-stage world selection screen initialized
2026-01-20 17:52:10 - MyKingdom - INFO - Generating region preview for world tile boreal_forest...
2026-01-20 17:52:10 - MyKingdom - INFO - Generating region from world tile (74, 59)...
2026-01-20 17:52:10 - MyKingdom - INFO -   Biome: boreal_forest, Elevation: 0.57
2026-01-20 17:52:10 - MyKingdom - INFO - Advanced to REGION view for world tile (74, 59)
2026-01-20 17:52:14 - MyKingdom - INFO - Generating local preview from region tile (32, 42)...
2026-01-20 17:52:14 - MyKingdom - INFO - Generating local map from region chunk (32, 42)...
2026-01-20 17:52:14 - MyKingdom - INFO -   Chunk analysis: Biome=boreal_forest, Avg Elev=0.48
2026-01-20 17:52:14 - MyKingdom - INFO - Placed resource nodes on local map
2026-01-20 17:52:14 - MyKingdom - INFO - Local map generated successfully
2026-01-20 17:52:14 - MyKingdom - INFO - Advanced to LOCAL view
2026-01-20 17:52:14 - MyKingdom - INFO - Cozy renderer initialized with tile size: 32
2026-01-20 17:52:14 - MyKingdom - INFO - Renderer biome set to: boreal_forest
2026-01-20 17:52:14 - MyKingdom - INFO - Cozy renderer initialized with tile size: 32
2026-01-20 17:52:14 - MyKingdom - INFO - Renderer biome set to: boreal_forest
2026-01-20 17:52:14 - MyKingdom - INFO - Cozy renderer initialized with tile size: 32
2026-01-20 17:52:14 - MyKingdom - INFO - Renderer biome set to: boreal_forest
2026-01-20 17:52:14 - MyKingdom - INFO - Cozy renderer initialized with tile size: 32
2026-01-20 17:52:14 - MyKingdom - INFO - Renderer biome set to: boreal_forest
2026-01-20 17:52:14 - MyKingdom - INFO - Cozy renderer initialized with tile size: 32
2026-01-20 17:52:14 - MyKingdom - INFO - Renderer biome set to: boreal_forest
2026-01-20 17:52:14 - MyKingdom - INFO - Cozy renderer initialized with tile size: 32
2026-01-20 17:52:14 - MyKingdom - INFO - Renderer biome set to: boreal_forest
2026-01-20 17:52:14 - MyKingdom - INFO - Cozy renderer initialized with tile size: 32
2026-01-20 17:52:14 - MyKingdom - INFO - Renderer biome set to: boreal_forest
2026-01-20 17:52:14 - MyKingdom - INFO - Cozy renderer initialized with tile size: 32
2026-01-20 17:52:14 - MyKingdom - INFO - Renderer biome set to: boreal_forest
2026-01-20 17:52:14 - MyKingdom - INFO - Cozy renderer initialized with tile size: 32
2026-01-20 17:52:14 - MyKingdom - INFO - Renderer biome set to: boreal_forest
2026-01-20 17:52:14 - MyKingdom - INFO - Cozy renderer initialized with tile size: 32
2026-01-20 17:52:14 - MyKingdom - INFO - Renderer biome set to: boreal_forest
2026-01-20 17:52:14 - MyKingdom - INFO - Cozy renderer initialized with tile size: 32
2026-01-20 17:52:14 - MyKingdom - INFO - Renderer biome set to: boreal_forest
2026-01-20 17:52:14 - MyKingdom - INFO - Cozy renderer initialized with tile size: 32
2026-01-20 17:52:14 - MyKingdom - INFO - Renderer biome set to: boreal_forest
2026-01-20 17:52:14 - MyKingdom - INFO - Cozy renderer initialized with tile size: 32
2026-01-20 17:52:14 - MyKingdom - INFO - Renderer biome set to: boreal_forest
2026-01-20 17:52:14 - MyKingdom - INFO - Cozy renderer initialized with tile size: 32
2026-01-20 17:52:14 - MyKingdom - INFO - Renderer biome set to: boreal_forest
2026-01-20 17:52:14 - MyKingdom - INFO - Cozy renderer initialized with tile size: 32
2026-01-20 17:52:14 - MyKingdom - INFO - Renderer biome set to: boreal_forest
2026-01-20 17:52:14 - MyKingdom - INFO - Cozy renderer initialized with tile size: 32
2026-01-20 17:52:14 - MyKingdom - INFO - Renderer biome set to: boreal_forest
2026-01-20 17:52:14 - MyKingdom - INFO - Cozy renderer initialized with tile size: 32
2026-01-20 17:52:14 - MyKingdom - INFO - Renderer biome set to: boreal_forest
2026-01-20 17:52:14 - MyKingdom - INFO - Cozy renderer initialized with tile size: 32
2026-01-20 17:52:14 - MyKingdom - INFO - Renderer biome set to: boreal_forest
2026-01-20 17:52:14 - MyKingdom - INFO - Cozy renderer initialized with tile size: 32
2026-01-20 17:52:14 - MyKingdom - INFO - Renderer biome set to: boreal_forest
2026-01-20 17:52:14 - MyKingdom - INFO - Cozy renderer initialized with tile size: 32
2026-01-20 17:52:14 - MyKingdom - INFO - Renderer biome set to: boreal_forest
2026-01-20 17:52:14 - MyKingdom - INFO - Cozy renderer initialized with tile size: 32
2026-01-20 17:52:14 - MyKingdom - INFO - Renderer biome set to: boreal_forest
2026-01-20 17:52:14 - MyKingdom - INFO - Cozy renderer initialized with tile size: 32
2026-01-20 17:52:14 - MyKingdom - INFO - Renderer biome set to: boreal_forest
2026-01-20 17:52:14 - MyKingdom - INFO - Cozy renderer initialized with tile size: 32
2026-01-20 17:52:14 - MyKingdom - INFO - Renderer biome set to: boreal_forest
2026-01-20 17:52:14 - MyKingdom - INFO - Cozy renderer initialized with tile size: 32
2026-01-20 17:52:14 - MyKingdom - INFO - Renderer biome set to: boreal_forest
2026-01-20 17:52:15 - MyKingdom - INFO - Cozy renderer initialized with tile size: 32
2026-01-20 17:52:15 - MyKingdom - INFO - Renderer biome set to: boreal_forest
2026-01-20 17:52:15 - MyKingdom - INFO - Cozy renderer initialized with tile size: 32
2026-01-20 17:52:15 - MyKingdom - INFO - Renderer biome set to: boreal_forest
2026-01-20 17:52:15 - MyKingdom - INFO - Cozy renderer initialized with tile size: 32
2026-01-20 17:52:15 - MyKingdom - INFO - Renderer biome set to: boreal_forest
2026-01-20 17:52:15 - MyKingdom - INFO - Cozy renderer initialized with tile size: 32
2026-01-20 17:52:15 - MyKingdom - INFO - Renderer biome set to: boreal_forest
2026-01-20 17:52:15 - MyKingdom - INFO - Cozy renderer initialized with tile size: 32
2026-01-20 17:52:15 - MyKingdom - INFO - Renderer biome set to: boreal_forest
2026-01-20 17:52:15 - MyKingdom - INFO - Cozy renderer initialized with tile size: 32
2026-01-20 17:52:15 - MyKingdom - INFO - Renderer biome set to: boreal_forest
2026-01-20 17:52:15 - MyKingdom - INFO - Cozy renderer initialized with tile size: 32
2026-01-20 17:52:15 - MyKingdom - INFO - Renderer biome set to: boreal_forest
2026-01-20 17:52:15 - MyKingdom - INFO - Cozy renderer initialized with tile size: 32
2026-01-20 17:52:15 - MyKingdom - INFO - Renderer biome set to: boreal_forest
2026-01-20 17:52:15 - MyKingdom - INFO - Cozy renderer initialized with tile size: 32
2026-01-20 17:52:15 - MyKingdom - INFO - Renderer biome set to: boreal_forest
2026-01-20 17:52:15 - MyKingdom - INFO - Cozy renderer initialized with tile size: 32
2026-01-20 17:52:15 - MyKingdom - INFO - Renderer biome set to: boreal_forest
2026-01-20 17:52:15 - MyKingdom - INFO - Cozy renderer initialized with tile size: 32
2026-01-20 17:52:15 - MyKingdom - INFO - Renderer biome set to: boreal_forest
2026-01-20 17:52:15 - MyKingdom - INFO - Cozy renderer initialized with tile size: 32
2026-01-20 17:52:15 - MyKingdom - INFO - Renderer biome set to: boreal_forest
2026-01-20 17:52:15 - MyKingdom - INFO - Cozy renderer initialized with tile size: 32
2026-01-20 17:52:15 - MyKingdom - INFO - Renderer biome set to: boreal_forest
2026-01-20 17:52:15 - MyKingdom - INFO - Cozy renderer initialized with tile size: 32
2026-01-20 17:52:15 - MyKingdom - INFO - Renderer biome set to: boreal_forest
2026-01-20 17:52:15 - MyKingdom - INFO - Cozy renderer initialized with tile size: 32
2026-01-20 17:52:15 - MyKingdom - INFO - Renderer biome set to: boreal_forest
2026-01-20 17:52:15 - MyKingdom - INFO - Cozy renderer initialized with tile size: 32
2026-01-20 17:52:15 - MyKingdom - INFO - Renderer biome set to: boreal_forest
2026-01-20 17:52:15 - MyKingdom - INFO - Cozy renderer initialized with tile size: 32
2026-01-20 17:52:15 - MyKingdom - INFO - Renderer biome set to: boreal_forest
2026-01-20 17:52:15 - MyKingdom - INFO - Cozy renderer initialized with tile size: 32
2026-01-20 17:52:15 - MyKingdom - INFO - Renderer biome set to: boreal_forest
2026-01-20 17:52:15 - MyKingdom - INFO - Cozy renderer initialized with tile size: 32
2026-01-20 17:52:15 - MyKingdom - INFO - Renderer biome set to: boreal_forest
2026-01-20 17:52:15 - MyKingdom - INFO - Cozy renderer initialized with tile size: 32
2026-01-20 17:52:15 - MyKingdom - INFO - Renderer biome set to: boreal_forest
2026-01-20 17:52:15 - MyKingdom - INFO - Cozy renderer initialized with tile size: 32
2026-01-20 17:52:15 - MyKingdom - INFO - Renderer biome set to: boreal_forest
2026-01-20 17:52:15 - MyKingdom - INFO - Cozy renderer initialized with tile size: 32
2026-01-20 17:52:15 - MyKingdom - INFO - Renderer biome set to: boreal_forest
2026-01-20 17:52:15 - MyKingdom - INFO - Cozy renderer initialized with tile size: 32
2026-01-20 17:52:15 - MyKingdom - INFO - Renderer biome set to: boreal_forest
2026-01-20 17:52:15 - MyKingdom - INFO - Cozy renderer initialized with tile size: 32
2026-01-20 17:52:15 - MyKingdom - INFO - Renderer biome set to: boreal_forest
2026-01-20 17:52:15 - MyKingdom - INFO - Cozy renderer initialized with tile size: 32
2026-01-20 17:52:15 - MyKingdom - INFO - Renderer biome set to: boreal_forest
2026-01-20 17:52:15 - MyKingdom - INFO - Cozy renderer initialized with tile size: 32
2026-01-20 17:52:15 - MyKingdom - INFO - Renderer biome set to: boreal_forest
2026-01-20 17:52:15 - MyKingdom - INFO - Cozy renderer initialized with tile size: 32
2026-01-20 17:52:15 - MyKingdom - INFO - Renderer biome set to: boreal_forest
2026-01-20 17:52:15 - MyKingdom - INFO - Cozy renderer initialized with tile size: 32
2026-01-20 17:52:15 - MyKingdom - INFO - Renderer biome set to: boreal_forest
2026-01-20 17:52:15 - MyKingdom - INFO - Cozy renderer initialized with tile size: 32
2026-01-20 17:52:15 - MyKingdom - INFO - Renderer biome set to: boreal_forest
2026-01-20 17:52:15 - MyKingdom - INFO - Cozy renderer initialized with tile size: 32
2026-01-20 17:52:15 - MyKingdom - INFO - Renderer biome set to: boreal_forest
2026-01-20 17:52:15 - MyKingdom - INFO - Cozy renderer initialized with tile size: 32
2026-01-20 17:52:15 - MyKingdom - INFO - Renderer biome set to: boreal_forest
2026-01-20 17:52:15 - MyKingdom - INFO - Cozy renderer initialized with tile size: 32
2026-01-20 17:52:15 - MyKingdom - INFO - Renderer biome set to: boreal_forest
2026-01-20 17:52:15 - MyKingdom - INFO - Cozy renderer initialized with tile size: 32
2026-01-20 17:52:15 - MyKingdom - INFO - Renderer biome set to: boreal_forest
2026-01-20 17:52:15 - MyKingdom - INFO - Cozy renderer initialized with tile size: 32
2026-01-20 17:52:15 - MyKingdom - INFO - Renderer biome set to: boreal_forest
2026-01-20 17:52:15 - MyKingdom - INFO - Cozy renderer initialized with tile size: 32
2026-01-20 17:52:15 - MyKingdom - INFO - Renderer biome set to: boreal_forest
2026-01-20 17:52:15 - MyKingdom - INFO - Cozy renderer initialized with tile size: 32
2026-01-20 17:52:15 - MyKingdom - INFO - Renderer biome set to: boreal_forest
2026-01-20 17:52:15 - MyKingdom - INFO - Cozy renderer initialized with tile size: 32
2026-01-20 17:52:15 - MyKingdom - INFO - Renderer biome set to: boreal_forest
2026-01-20 17:52:15 - MyKingdom - INFO - Cozy renderer initialized with tile size: 32
2026-01-20 17:52:15 - MyKingdom - INFO - Renderer biome set to: boreal_forest
2026-01-20 17:52:15 - MyKingdom - INFO - Cozy renderer initialized with tile size: 32
2026-01-20 17:52:15 - MyKingdom - INFO - Renderer biome set to: boreal_forest
2026-01-20 17:52:15 - MyKingdom - INFO - Cozy renderer initialized with tile size: 32
2026-01-20 17:52:15 - MyKingdom - INFO - Renderer biome set to: boreal_forest
2026-01-20 17:52:15 - MyKingdom - INFO - Cozy renderer initialized with tile size: 32
2026-01-20 17:52:15 - MyKingdom - INFO - Renderer biome set to: boreal_forest
2026-01-20 17:52:15 - MyKingdom - INFO - Cozy renderer initialized with tile size: 32
2026-01-20 17:52:15 - MyKingdom - INFO - Renderer biome set to: boreal_forest
2026-01-20 17:52:15 - MyKingdom - INFO - Cozy renderer initialized with tile size: 32
2026-01-20 17:52:15 - MyKingdom - INFO - Renderer biome set to: boreal_forest
2026-01-20 17:52:15 - MyKingdom - INFO - Cozy renderer initialized with tile size: 32
2026-01-20 17:52:15 - MyKingdom - INFO - Renderer biome set to: boreal_forest
2026-01-20 17:52:16 - MyKingdom - INFO - Cozy renderer initialized with tile size: 32
2026-01-20 17:52:16 - MyKingdom - INFO - Renderer biome set to: boreal_forest
2026-01-20 17:52:16 - MyKingdom - INFO - Cozy renderer initialized with tile size: 32
2026-01-20 17:52:16 - MyKingdom - INFO - Renderer biome set to: boreal_forest
2026-01-20 17:52:16 - MyKingdom - INFO - Cozy renderer initialized with tile size: 32
2026-01-20 17:52:16 - MyKingdom - INFO - Renderer biome set to: boreal_forest
2026-01-20 17:52:16 - MyKingdom - INFO - Cozy renderer initialized with tile size: 32
2026-01-20 17:52:16 - MyKingdom - INFO - Renderer biome set to: boreal_forest
2026-01-20 17:52:16 - MyKingdom - INFO - Cozy renderer initialized with tile size: 32
2026-01-20 17:52:16 - MyKingdom - INFO - Renderer biome set to: boreal_forest
2026-01-20 17:52:16 - MyKingdom - INFO - Cozy renderer initialized with tile size: 32
2026-01-20 17:52:16 - MyKingdom - INFO - Renderer biome set to: boreal_forest
2026-01-20 17:52:16 - MyKingdom - INFO - Cozy renderer initialized with tile size: 32
2026-01-20 17:52:16 - MyKingdom - INFO - Renderer biome set to: boreal_forest
2026-01-20 17:52:16 - MyKingdom - INFO - Cozy renderer initialized with tile size: 32
2026-01-20 17:52:16 - MyKingdom - INFO - Renderer biome set to: boreal_forest
2026-01-20 17:52:16 - MyKingdom - INFO - Cozy renderer initialized with tile size: 32
2026-01-20 17:52:16 - MyKingdom - INFO - Renderer biome set to: boreal_forest
2026-01-20 17:52:16 - MyKingdom - INFO - Cozy renderer initialized with tile size: 32
2026-01-20 17:52:16 - MyKingdom - INFO - Renderer biome set to: boreal_forest
2026-01-20 17:52:16 - MyKingdom - INFO - Cozy renderer initialized with tile size: 32
2026-01-20 17:52:16 - MyKingdom - INFO - Renderer biome set to: boreal_forest
2026-01-20 17:52:16 - MyKingdom - INFO - Cozy renderer initialized with tile size: 32
2026-01-20 17:52:16 - MyKingdom - INFO - Renderer biome set to: boreal_forest
2026-01-20 17:52:16 - MyKingdom - INFO - Cozy renderer initialized with tile size: 32
2026-01-20 17:52:16 - MyKingdom - INFO - Renderer biome set to: boreal_forest
2026-01-20 17:52:16 - MyKingdom - INFO - Cozy renderer initialized with tile size: 32
2026-01-20 17:52:16 - MyKingdom - INFO - Renderer biome set to: boreal_forest
2026-01-20 17:52:16 - MyKingdom - INFO - Cozy renderer initialized with tile size: 32
2026-01-20 17:52:16 - MyKingdom - INFO - Renderer biome set to: boreal_forest
2026-01-20 17:52:16 - MyKingdom - INFO - Cozy renderer initialized with tile size: 32
2026-01-20 17:52:16 - MyKingdom - INFO - Renderer biome set to: boreal_forest
2026-01-20 17:52:16 - MyKingdom - INFO - Cozy renderer initialized with tile size: 32
2026-01-20 17:52:16 - MyKingdom - INFO - Renderer biome set to: boreal_forest
2026-01-20 17:52:16 - MyKingdom - INFO - Cozy renderer initialized with tile size: 32
2026-01-20 17:52:16 - MyKingdom - INFO - Renderer biome set to: boreal_forest
2026-01-20 17:52:16 - MyKingdom - INFO - Cozy renderer initialized with tile size: 32
2026-01-20 17:52:16 - MyKingdom - INFO - Renderer biome set to: boreal_forest
2026-01-20 17:52:16 - MyKingdom - INFO - Cozy renderer initialized with tile size: 32
2026-01-20 17:52:16 - MyKingdom - INFO - Renderer biome set to: boreal_forest
2026-01-20 17:52:16 - MyKingdom - INFO - Cozy renderer initialized with tile size: 32
2026-01-20 17:52:16 - MyKingdom - INFO - Renderer biome set to: boreal_forest
2026-01-20 17:52:16 - MyKingdom - INFO - Cozy renderer initialized with tile size: 32
2026-01-20 17:52:16 - MyKingdom - INFO - Renderer biome set to: boreal_forest
2026-01-20 17:52:16 - MyKingdom - INFO - Cozy renderer initialized with tile size: 32
2026-01-20 17:52:16 - MyKingdom - INFO - Renderer biome set to: boreal_forest
2026-01-20 17:52:16 - MyKingdom - INFO - Cozy renderer initialized with tile size: 32
2026-01-20 17:52:16 - MyKingdom - INFO - Renderer biome set to: boreal_forest
2026-01-20 17:52:16 - MyKingdom - INFO - Cozy renderer initialized with tile size: 32
2026-01-20 17:52:16 - MyKingdom - INFO - Renderer biome set to: boreal_forest
2026-01-20 17:52:16 - MyKingdom - INFO - Cozy renderer initialized with tile size: 32
2026-01-20 17:52:16 - MyKingdom - INFO - Renderer biome set to: boreal_forest
2026-01-20 17:52:16 - MyKingdom - INFO - Cozy renderer initialized with tile size: 32
2026-01-20 17:52:16 - MyKingdom - INFO - Renderer biome set to: boreal_forest
2026-01-20 17:52:16 - MyKingdom - INFO - Cozy renderer initialized with tile size: 32
2026-01-20 17:52:16 - MyKingdom - INFO - Renderer biome set to: boreal_forest
2026-01-20 17:52:16 - MyKingdom - INFO - Cozy renderer initialized with tile size: 32
2026-01-20 17:52:16 - MyKingdom - INFO - Renderer biome set to: boreal_forest
2026-01-20 17:52:16 - MyKingdom - INFO - Cozy renderer initialized with tile size: 32
2026-01-20 17:52:16 - MyKingdom - INFO - Renderer biome set to: boreal_forest
2026-01-20 17:52:16 - MyKingdom - INFO - Cozy renderer initialized with tile size: 32
2026-01-20 17:52:16 - MyKingdom - INFO - Renderer biome set to: boreal_forest
2026-01-20 17:52:16 - MyKingdom - INFO - Cozy renderer initialized with tile size: 32
2026-01-20 17:52:16 - MyKingdom - INFO - Renderer biome set to: boreal_forest
2026-01-20 17:52:16 - MyKingdom - INFO - Cozy renderer initialized with tile size: 32
2026-01-20 17:52:16 - MyKingdom - INFO - Renderer biome set to: boreal_forest
2026-01-20 17:52:16 - MyKingdom - INFO - Cozy renderer initialized with tile size: 32
2026-01-20 17:52:16 - MyKingdom - INFO - Renderer biome set to: boreal_forest
2026-01-20 17:52:16 - MyKingdom - INFO - Cozy renderer initialized with tile size: 32
2026-01-20 17:52:16 - MyKingdom - INFO - Renderer biome set to: boreal_forest
2026-01-20 17:52:16 - MyKingdom - INFO - Cozy renderer initialized with tile size: 32
2026-01-20 17:52:16 - MyKingdom - INFO - Renderer biome set to: boreal_forest
2026-01-20 17:52:16 - MyKingdom - INFO - Cozy renderer initialized with tile size: 32
2026-01-20 17:52:16 - MyKingdom - INFO - Renderer biome set to: boreal_forest
2026-01-20 17:52:16 - MyKingdom - INFO - Cozy renderer initialized with tile size: 32
2026-01-20 17:52:16 - MyKingdom - INFO - Renderer biome set to: boreal_forest
2026-01-20 17:52:16 - MyKingdom - INFO - Cozy renderer initialized with tile size: 32
2026-01-20 17:52:16 - MyKingdom - INFO - Renderer biome set to: boreal_forest
2026-01-20 17:52:16 - MyKingdom - INFO - Cozy renderer initialized with tile size: 32
2026-01-20 17:52:16 - MyKingdom - INFO - Renderer biome set to: boreal_forest
2026-01-20 17:52:16 - MyKingdom - INFO - Cozy renderer initialized with tile size: 32
2026-01-20 17:52:16 - MyKingdom - INFO - Renderer biome set to: boreal_forest
2026-01-20 17:52:16 - MyKingdom - INFO - Cozy renderer initialized with tile size: 32
2026-01-20 17:52:16 - MyKingdom - INFO - Renderer biome set to: boreal_forest
2026-01-20 17:52:16 - MyKingdom - INFO - Cozy renderer initialized with tile size: 32
2026-01-20 17:52:16 - MyKingdom - INFO - Renderer biome set to: boreal_forest
2026-01-20 17:52:17 - MyKingdom - INFO - Cozy renderer initialized with tile size: 32
2026-01-20 17:52:17 - MyKingdom - INFO - Renderer biome set to: boreal_forest
2026-01-20 17:52:17 - MyKingdom - INFO - Cozy renderer initialized with tile size: 32
2026-01-20 17:52:17 - MyKingdom - INFO - Renderer biome set to: boreal_forest
2026-01-20 17:52:17 - MyKingdom - INFO - Cozy renderer initialized with tile size: 32
2026-01-20 17:52:17 - MyKingdom - INFO - Renderer biome set to: boreal_forest
2026-01-20 17:52:17 - MyKingdom - INFO - Cozy renderer initialized with tile size: 32
2026-01-20 17:52:17 - MyKingdom - INFO - Renderer biome set to: boreal_forest
2026-01-20 17:52:17 - MyKingdom - INFO - Cozy renderer initialized with tile size: 32
2026-01-20 17:52:17 - MyKingdom - INFO - Renderer biome set to: boreal_forest
2026-01-20 17:52:17 - MyKingdom - INFO - Cozy renderer initialized with tile size: 32
2026-01-20 17:52:17 - MyKingdom - INFO - Renderer biome set to: boreal_forest
2026-01-20 17:52:17 - MyKingdom - INFO - Cozy renderer initialized with tile size: 32
2026-01-20 17:52:17 - MyKingdom - INFO - Renderer biome set to: boreal_forest
2026-01-20 17:52:17 - MyKingdom - INFO - Cozy renderer initialized with tile size: 32
2026-01-20 17:52:17 - MyKingdom - INFO - Renderer biome set to: boreal_forest
2026-01-20 17:52:17 - MyKingdom - INFO - Cozy renderer initialized with tile size: 32
2026-01-20 17:52:17 - MyKingdom - INFO - Renderer biome set to: boreal_forest
2026-01-20 17:52:17 - MyKingdom - INFO - Cozy renderer initialized with tile size: 32
2026-01-20 17:52:17 - MyKingdom - INFO - Renderer biome set to: boreal_forest
2026-01-20 17:52:17 - MyKingdom - INFO - Cozy renderer initialized with tile size: 32
2026-01-20 17:52:17 - MyKingdom - INFO - Renderer biome set to: boreal_forest
2026-01-20 17:52:17 - MyKingdom - INFO - Cozy renderer initialized with tile size: 32
2026-01-20 17:52:17 - MyKingdom - INFO - Renderer biome set to: boreal_forest
2026-01-20 17:52:17 - MyKingdom - INFO - Cozy renderer initialized with tile size: 32
2026-01-20 17:52:17 - MyKingdom - INFO - Renderer biome set to: boreal_forest
2026-01-20 17:52:17 - MyKingdom - INFO - Cozy renderer initialized with tile size: 32
2026-01-20 17:52:17 - MyKingdom - INFO - Renderer biome set to: boreal_forest
2026-01-20 17:52:17 - MyKingdom - INFO - Cozy renderer initialized with tile size: 32
2026-01-20 17:52:17 - MyKingdom - INFO - Renderer biome set to: boreal_forest
2026-01-20 17:52:17 - MyKingdom - INFO - Cozy renderer initialized with tile size: 32
2026-01-20 17:52:17 - MyKingdom - INFO - Renderer biome set to: boreal_forest
2026-01-20 17:52:17 - MyKingdom - INFO - Cozy renderer initialized with tile size: 32
2026-01-20 17:52:17 - MyKingdom - INFO - Renderer biome set to: boreal_forest
2026-01-20 17:52:17 - MyKingdom - INFO - Cozy renderer initialized with tile size: 32
2026-01-20 17:52:17 - MyKingdom - INFO - Renderer biome set to: boreal_forest
2026-01-20 17:52:17 - MyKingdom - INFO - Cozy renderer initialized with tile size: 32
2026-01-20 17:52:17 - MyKingdom - INFO - Renderer biome set to: boreal_forest
2026-01-20 17:52:17 - MyKingdom - INFO - Cozy renderer initialized with tile size: 32
2026-01-20 17:52:17 - MyKingdom - INFO - Renderer biome set to: boreal_forest
2026-01-20 17:52:17 - MyKingdom - INFO - Cozy renderer initialized with tile size: 32
2026-01-20 17:52:17 - MyKingdom - INFO - Renderer biome set to: boreal_forest
2026-01-20 17:52:17 - MyKingdom - INFO - Cozy renderer initialized with tile size: 32
2026-01-20 17:52:17 - MyKingdom - INFO - Renderer biome set to: boreal_forest
2026-01-20 17:52:17 - MyKingdom - INFO - Cozy renderer initialized with tile size: 32
2026-01-20 17:52:17 - MyKingdom - INFO - Renderer biome set to: boreal_forest
2026-01-20 17:52:17 - MyKingdom - INFO - Cozy renderer initialized with tile size: 32
2026-01-20 17:52:17 - MyKingdom - INFO - Renderer biome set to: boreal_forest
2026-01-20 17:52:17 - MyKingdom - INFO - Cozy renderer initialized with tile size: 32
2026-01-20 17:52:17 - MyKingdom - INFO - Renderer biome set to: boreal_forest
2026-01-20 17:52:17 - MyKingdom - INFO - Cozy renderer initialized with tile size: 32
2026-01-20 17:52:17 - MyKingdom - INFO - Renderer biome set to: boreal_forest
2026-01-20 17:52:17 - MyKingdom - INFO - Cozy renderer initialized with tile size: 32
2026-01-20 17:52:17 - MyKingdom - INFO - Renderer biome set to: boreal_forest
2026-01-20 17:52:17 - MyKingdom - INFO - Cozy renderer initialized with tile size: 32
2026-01-20 17:52:17 - MyKingdom - INFO - Renderer biome set to: boreal_forest
2026-01-20 17:52:17 - MyKingdom - INFO - Cozy renderer initialized with tile size: 32
2026-01-20 17:52:17 - MyKingdom - INFO - Renderer biome set to: boreal_forest
2026-01-20 17:52:17 - MyKingdom - INFO - Cozy renderer initialized with tile size: 32
2026-01-20 17:52:17 - MyKingdom - INFO - Renderer biome set to: boreal_forest
2026-01-20 17:52:17 - MyKingdom - INFO - Cozy renderer initialized with tile size: 32
2026-01-20 17:52:17 - MyKingdom - INFO - Renderer biome set to: boreal_forest
2026-01-20 17:52:17 - MyKingdom - INFO - Cozy renderer initialized with tile size: 32
2026-01-20 17:52:17 - MyKingdom - INFO - Renderer biome set to: boreal_forest
2026-01-20 17:52:17 - MyKingdom - INFO - Cozy renderer initialized with tile size: 32
2026-01-20 17:52:17 - MyKingdom - INFO - Renderer biome set to: boreal_forest
2026-01-20 17:52:17 - MyKingdom - INFO - Cozy renderer initialized with tile size: 32
2026-01-20 17:52:17 - MyKingdom - INFO - Renderer biome set to: boreal_forest
2026-01-20 17:52:17 - MyKingdom - INFO - Cozy renderer initialized with tile size: 32
2026-01-20 17:52:17 - MyKingdom - INFO - Renderer biome set to: boreal_forest
2026-01-20 17:52:17 - MyKingdom - INFO - Cozy renderer initialized with tile size: 32
2026-01-20 17:52:17 - MyKingdom - INFO - Renderer biome set to: boreal_forest
2026-01-20 17:52:17 - MyKingdom - INFO - Cozy renderer initialized with tile size: 32
2026-01-20 17:52:17 - MyKingdom - INFO - Renderer biome set to: boreal_forest
2026-01-20 17:52:17 - MyKingdom - INFO - Cozy renderer initialized with tile size: 32
2026-01-20 17:52:17 - MyKingdom - INFO - Renderer biome set to: boreal_forest
2026-01-20 17:52:17 - MyKingdom - INFO - Cozy renderer initialized with tile size: 32
2026-01-20 17:52:17 - MyKingdom - INFO - Renderer biome set to: boreal_forest
2026-01-20 17:52:17 - MyKingdom - INFO - Cozy renderer initialized with tile size: 32
2026-01-20 17:52:17 - MyKingdom - INFO - Renderer biome set to: boreal_forest
2026-01-20 17:52:17 - MyKingdom - INFO - Cozy renderer initialized with tile size: 32
2026-01-20 17:52:17 - MyKingdom - INFO - Renderer biome set to: boreal_forest
2026-01-20 17:52:17 - MyKingdom - INFO - Cozy renderer initialized with tile size: 32
2026-01-20 17:52:17 - MyKingdom - INFO - Renderer biome set to: boreal_forest
2026-01-20 17:52:18 - MyKingdom - INFO - Cozy renderer initialized with tile size: 32
2026-01-20 17:52:18 - MyKingdom - INFO - Renderer biome set to: boreal_forest
2026-01-20 17:52:18 - MyKingdom - INFO - Cozy renderer initialized with tile size: 32
2026-01-20 17:52:18 - MyKingdom - INFO - Renderer biome set to: boreal_forest
2026-01-20 17:52:18 - MyKingdom - INFO - Cozy renderer initialized with tile size: 32
2026-01-20 17:52:18 - MyKingdom - INFO - Renderer biome set to: boreal_forest
2026-01-20 17:52:18 - MyKingdom - INFO - Cozy renderer initialized with tile size: 32
2026-01-20 17:52:18 - MyKingdom - INFO - Renderer biome set to: boreal_forest
2026-01-20 17:52:18 - MyKingdom - INFO - Cozy renderer initialized with tile size: 32
2026-01-20 17:52:18 - MyKingdom - INFO - Renderer biome set to: boreal_forest
2026-01-20 17:52:18 - MyKingdom - INFO - Cozy renderer initialized with tile size: 32
2026-01-20 17:52:18 - MyKingdom - INFO - Renderer biome set to: boreal_forest
2026-01-20 17:52:18 - MyKingdom - INFO - Cozy renderer initialized with tile size: 32
2026-01-20 17:52:18 - MyKingdom - INFO - Renderer biome set to: boreal_forest
2026-01-20 17:52:18 - MyKingdom - INFO - Cozy renderer initialized with tile size: 32
2026-01-20 17:52:18 - MyKingdom - INFO - Renderer biome set to: boreal_forest
2026-01-20 17:52:18 - MyKingdom - INFO - Cozy renderer initialized with tile size: 32
2026-01-20 17:52:18 - MyKingdom - INFO - Renderer biome set to: boreal_forest
2026-01-20 17:52:18 - MyKingdom - INFO - Cozy renderer initialized with tile size: 32
2026-01-20 17:52:18 - MyKingdom - INFO - Renderer biome set to: boreal_forest
2026-01-20 17:52:18 - MyKingdom - INFO - Cozy renderer initialized with tile size: 32
2026-01-20 17:52:18 - MyKingdom - INFO - Renderer biome set to: boreal_forest
2026-01-20 17:52:18 - MyKingdom - INFO - Cozy renderer initialized with tile size: 32
2026-01-20 17:52:18 - MyKingdom - INFO - Renderer biome set to: boreal_forest
2026-01-20 17:52:18 - MyKingdom - INFO - Cozy renderer initialized with tile size: 32
2026-01-20 17:52:18 - MyKingdom - INFO - Renderer biome set to: boreal_forest
2026-01-20 17:52:18 - MyKingdom - INFO - Cozy renderer initialized with tile size: 32
2026-01-20 17:52:18 - MyKingdom - INFO - Renderer biome set to: boreal_forest
2026-01-20 17:52:18 - MyKingdom - INFO - Cozy renderer initialized with tile size: 32
2026-01-20 17:52:18 - MyKingdom - INFO - Renderer biome set to: boreal_forest
2026-01-20 17:52:18 - MyKingdom - INFO - Cozy renderer initialized with tile size: 32
2026-01-20 17:52:18 - MyKingdom - INFO - Renderer biome set to: boreal_forest
2026-01-20 17:52:18 - MyKingdom - INFO - Cozy renderer initialized with tile size: 32
2026-01-20 17:52:18 - MyKingdom - INFO - Renderer biome set to: boreal_forest
2026-01-20 17:52:18 - MyKingdom - INFO - Cozy renderer initialized with tile size: 32
2026-01-20 17:52:18 - MyKingdom - INFO - Renderer biome set to: boreal_forest
2026-01-20 17:52:18 - MyKingdom - INFO - Cozy renderer initialized with tile size: 32
2026-01-20 17:52:18 - MyKingdom - INFO - Renderer biome set to: boreal_forest
2026-01-20 17:52:18 - MyKingdom - INFO - Cozy renderer initialized with tile size: 32
2026-01-20 17:52:18 - MyKingdom - INFO - Renderer biome set to: boreal_forest
2026-01-20 17:52:18 - MyKingdom - INFO - Cozy renderer initialized with tile size: 32
2026-01-20 17:52:18 - MyKingdom - INFO - Renderer biome set to: boreal_forest
2026-01-20 17:52:18 - MyKingdom - INFO - Cozy renderer initialized with tile size: 32
2026-01-20 17:52:18 - MyKingdom - INFO - Renderer biome set to: boreal_forest
2026-01-20 17:52:18 - MyKingdom - INFO - Cozy renderer initialized with tile size: 32
2026-01-20 17:52:18 - MyKingdom - INFO - Renderer biome set to: boreal_forest
2026-01-20 17:52:18 - MyKingdom - INFO - Cozy renderer initialized with tile size: 32
2026-01-20 17:52:18 - MyKingdom - INFO - Renderer biome set to: boreal_forest
2026-01-20 17:52:18 - MyKingdom - INFO - Cozy renderer initialized with tile size: 32
2026-01-20 17:52:18 - MyKingdom - INFO - Renderer biome set to: boreal_forest
2026-01-20 17:52:18 - MyKingdom - INFO - Cozy renderer initialized with tile size: 32
2026-01-20 17:52:18 - MyKingdom - INFO - Renderer biome set to: boreal_forest
2026-01-20 17:52:18 - MyKingdom - INFO - Cozy renderer initialized with tile size: 32
2026-01-20 17:52:18 - MyKingdom - INFO - Renderer biome set to: boreal_forest
2026-01-20 17:52:18 - MyKingdom - INFO - Cozy renderer initialized with tile size: 32
2026-01-20 17:52:18 - MyKingdom - INFO - Renderer biome set to: boreal_forest
2026-01-20 17:52:18 - MyKingdom - INFO - Cozy renderer initialized with tile size: 32
2026-01-20 17:52:18 - MyKingdom - INFO - Renderer biome set to: boreal_forest
2026-01-20 17:52:18 - MyKingdom - INFO - Cozy renderer initialized with tile size: 32
2026-01-20 17:52:18 - MyKingdom - INFO - Renderer biome set to: boreal_forest
2026-01-20 17:52:19 - MyKingdom - INFO - Cozy renderer initialized with tile size: 32
2026-01-20 17:52:19 - MyKingdom - INFO - Renderer biome set to: boreal_forest
2026-01-20 17:52:19 - MyKingdom - INFO - Cozy renderer initialized with tile size: 32
2026-01-20 17:52:19 - MyKingdom - INFO - Renderer biome set to: boreal_forest
2026-01-20 17:52:19 - MyKingdom - INFO - Cozy renderer initialized with tile size: 32
2026-01-20 17:52:19 - MyKingdom - INFO - Renderer biome set to: boreal_forest
2026-01-20 17:52:19 - MyKingdom - INFO - Cozy renderer initialized with tile size: 32
2026-01-20 17:52:19 - MyKingdom - INFO - Renderer biome set to: boreal_forest
2026-01-20 17:52:19 - MyKingdom - INFO - Cozy renderer initialized with tile size: 32
2026-01-20 17:52:19 - MyKingdom - INFO - Renderer biome set to: boreal_forest
2026-01-20 17:52:19 - MyKingdom - INFO - Cozy renderer initialized with tile size: 32
2026-01-20 17:52:19 - MyKingdom - INFO - Renderer biome set to: boreal_forest
2026-01-20 17:52:19 - MyKingdom - INFO - Cozy renderer initialized with tile size: 32
2026-01-20 17:52:19 - MyKingdom - INFO - Renderer biome set to: boreal_forest
2026-01-20 17:52:19 - MyKingdom - INFO - Cozy renderer initialized with tile size: 32
2026-01-20 17:52:19 - MyKingdom - INFO - Renderer biome set to: boreal_forest
2026-01-20 17:52:19 - MyKingdom - INFO - Cozy renderer initialized with tile size: 32
2026-01-20 17:52:19 - MyKingdom - INFO - Renderer biome set to: boreal_forest
2026-01-20 17:52:19 - MyKingdom - INFO - Cozy renderer initialized with tile size: 32
2026-01-20 17:52:19 - MyKingdom - INFO - Renderer biome set to: boreal_forest
2026-01-20 17:52:19 - MyKingdom - INFO - Cozy renderer initialized with tile size: 32
2026-01-20 17:52:19 - MyKingdom - INFO - Renderer biome set to: boreal_forest
2026-01-20 17:52:19 - MyKingdom - INFO - Cozy renderer initialized with tile size: 32
2026-01-20 17:52:19 - MyKingdom - INFO - Renderer biome set to: boreal_forest
2026-01-20 17:52:19 - MyKingdom - INFO - Cozy renderer initialized with tile size: 32
2026-01-20 17:52:19 - MyKingdom - INFO - Renderer biome set to: boreal_forest
2026-01-20 17:52:19 - MyKingdom - INFO - Cozy renderer initialized with tile size: 32
2026-01-20 17:52:19 - MyKingdom - INFO - Renderer biome set to: boreal_forest
2026-01-20 17:52:19 - MyKingdom - INFO - Cozy renderer initialized with tile size: 32
2026-01-20 17:52:19 - MyKingdom - INFO - Renderer biome set to: boreal_forest
2026-01-20 17:52:19 - MyKingdom - INFO - Cozy renderer initialized with tile size: 32
2026-01-20 17:52:19 - MyKingdom - INFO - Renderer biome set to: boreal_forest
2026-01-20 17:52:19 - MyKingdom - INFO - Cozy renderer initialized with tile size: 32
2026-01-20 17:52:19 - MyKingdom - INFO - Renderer biome set to: boreal_forest
2026-01-20 17:52:19 - MyKingdom - INFO - Cozy renderer initialized with tile size: 32
2026-01-20 17:52:19 - MyKingdom - INFO - Renderer biome set to: boreal_forest
2026-01-20 17:52:19 - MyKingdom - INFO - Cozy renderer initialized with tile size: 32
2026-01-20 17:52:19 - MyKingdom - INFO - Renderer biome set to: boreal_forest
2026-01-20 17:52:19 - MyKingdom - INFO - Cozy renderer initialized with tile size: 32
2026-01-20 17:52:19 - MyKingdom - INFO - Renderer biome set to: boreal_forest
2026-01-20 17:52:19 - MyKingdom - INFO - Cozy renderer initialized with tile size: 32
2026-01-20 17:52:19 - MyKingdom - INFO - Renderer biome set to: boreal_forest
2026-01-20 17:52:19 - MyKingdom - INFO - Cozy renderer initialized with tile size: 32
2026-01-20 17:52:19 - MyKingdom - INFO - Renderer biome set to: boreal_forest
2026-01-20 17:52:19 - MyKingdom - INFO - Cozy renderer initialized with tile size: 32
2026-01-20 17:52:19 - MyKingdom - INFO - Renderer biome set to: boreal_forest
2026-01-20 17:52:19 - MyKingdom - INFO - Cozy renderer initialized with tile size: 32
2026-01-20 17:52:19 - MyKingdom - INFO - Renderer biome set to: boreal_forest
2026-01-20 17:52:19 - MyKingdom - INFO - Cozy renderer initialized with tile size: 32
2026-01-20 17:52:19 - MyKingdom - INFO - Renderer biome set to: boreal_forest
2026-01-20 17:52:19 - MyKingdom - INFO - Cozy renderer initialized with tile size: 32
2026-01-20 17:52:19 - MyKingdom - INFO - Renderer biome set to: boreal_forest
2026-01-20 17:52:19 - MyKingdom - INFO - Cozy renderer initialized with tile size: 32
2026-01-20 17:52:19 - MyKingdom - INFO - Renderer biome set to: boreal_forest
2026-01-20 17:52:19 - MyKingdom - INFO - Cozy renderer initialized with tile size: 32
2026-01-20 17:52:19 - MyKingdom - INFO - Renderer biome set to: boreal_forest
2026-01-20 17:52:19 - MyKingdom - INFO - Cozy renderer initialized with tile size: 32
2026-01-20 17:52:20 - MyKingdom - INFO - Renderer biome set to: boreal_forest
2026-01-20 17:52:20 - MyKingdom - INFO - Cozy renderer initialized with tile size: 32
2026-01-20 17:52:20 - MyKingdom - INFO - Renderer biome set to: boreal_forest
2026-01-20 17:52:20 - MyKingdom - INFO - Cozy renderer initialized with tile size: 32
2026-01-20 17:52:20 - MyKingdom - INFO - Renderer biome set to: boreal_forest
2026-01-20 17:52:20 - MyKingdom - INFO - Cozy renderer initialized with tile size: 32
2026-01-20 17:52:20 - MyKingdom - INFO - Renderer biome set to: boreal_forest
2026-01-20 17:52:20 - MyKingdom - INFO - Cozy renderer initialized with tile size: 32
2026-01-20 17:52:20 - MyKingdom - INFO - Renderer biome set to: boreal_forest
2026-01-20 17:52:20 - MyKingdom - INFO - Cozy renderer initialized with tile size: 32
2026-01-20 17:52:20 - MyKingdom - INFO - Renderer biome set to: boreal_forest
2026-01-20 17:52:20 - MyKingdom - INFO - Cozy renderer initialized with tile size: 32
2026-01-20 17:52:20 - MyKingdom - INFO - Renderer biome set to: boreal_forest
2026-01-20 17:52:20 - MyKingdom - INFO - Cozy renderer initialized with tile size: 32
2026-01-20 17:52:20 - MyKingdom - INFO - Renderer biome set to: boreal_forest
2026-01-20 17:52:20 - MyKingdom - INFO - Cozy renderer initialized with tile size: 32
2026-01-20 17:52:20 - MyKingdom - INFO - Renderer biome set to: boreal_forest
2026-01-20 17:52:20 - MyKingdom - INFO - Cozy renderer initialized with tile size: 32
2026-01-20 17:52:20 - MyKingdom - INFO - Renderer biome set to: boreal_forest
2026-01-20 17:52:20 - MyKingdom - INFO - Cozy renderer initialized with tile size: 32
2026-01-20 17:52:20 - MyKingdom - INFO - Renderer biome set to: boreal_forest
2026-01-20 17:52:20 - MyKingdom - INFO - Cozy renderer initialized with tile size: 32
2026-01-20 17:52:20 - MyKingdom - INFO - Renderer biome set to: boreal_forest
2026-01-20 17:52:20 - MyKingdom - INFO - Cozy renderer initialized with tile size: 32
2026-01-20 17:52:20 - MyKingdom - INFO - Renderer biome set to: boreal_forest
2026-01-20 17:52:20 - MyKingdom - INFO - Cozy renderer initialized with tile size: 32
2026-01-20 17:52:20 - MyKingdom - INFO - Renderer biome set to: boreal_forest
2026-01-20 17:52:20 - MyKingdom - INFO - Cozy renderer initialized with tile size: 32
2026-01-20 17:52:20 - MyKingdom - INFO - Renderer biome set to: boreal_forest
2026-01-20 17:52:20 - MyKingdom - INFO - Cozy renderer initialized with tile size: 32
2026-01-20 17:52:20 - MyKingdom - INFO - Renderer biome set to: boreal_forest
2026-01-20 17:52:20 - MyKingdom - INFO - Cozy renderer initialized with tile size: 32
2026-01-20 17:52:20 - MyKingdom - INFO - Renderer biome set to: boreal_forest
2026-01-20 17:52:20 - MyKingdom - INFO - Cozy renderer initialized with tile size: 32
2026-01-20 17:52:20 - MyKingdom - INFO - Renderer biome set to: boreal_forest
2026-01-20 17:52:20 - MyKingdom - INFO - Cozy renderer initialized with tile size: 32
2026-01-20 17:52:20 - MyKingdom - INFO - Renderer biome set to: boreal_forest
2026-01-20 17:52:20 - MyKingdom - INFO - Cozy renderer initialized with tile size: 32
2026-01-20 17:52:20 - MyKingdom - INFO - Renderer biome set to: boreal_forest
2026-01-20 17:52:20 - MyKingdom - INFO - Cozy renderer initialized with tile size: 32
2026-01-20 17:52:20 - MyKingdom - INFO - Renderer biome set to: boreal_forest
2026-01-20 17:52:20 - MyKingdom - INFO - Cozy renderer initialized with tile size: 32
2026-01-20 17:52:20 - MyKingdom - INFO - Renderer biome set to: boreal_forest
2026-01-20 17:52:20 - MyKingdom - INFO - Cozy renderer initialized with tile size: 32
2026-01-20 17:52:20 - MyKingdom - INFO - Renderer biome set to: boreal_forest
2026-01-20 17:52:20 - MyKingdom - INFO - Cozy renderer initialized with tile size: 32
2026-01-20 17:52:20 - MyKingdom - INFO - Renderer biome set to: boreal_forest
2026-01-20 17:52:20 - MyKingdom - INFO - Cozy renderer initialized with tile size: 32
2026-01-20 17:52:20 - MyKingdom - INFO - Renderer biome set to: boreal_forest
2026-01-20 17:52:20 - MyKingdom - INFO - Cozy renderer initialized with tile size: 32
2026-01-20 17:52:20 - MyKingdom - INFO - Renderer biome set to: boreal_forest
2026-01-20 17:52:20 - MyKingdom - INFO - Cozy renderer initialized with tile size: 32
2026-01-20 17:52:20 - MyKingdom - INFO - Renderer biome set to: boreal_forest
2026-01-20 17:52:20 - MyKingdom - INFO - Cozy renderer initialized with tile size: 32
2026-01-20 17:52:20 - MyKingdom - INFO - Renderer biome set to: boreal_forest
2026-01-20 17:52:20 - MyKingdom - INFO - Cozy renderer initialized with tile size: 32
2026-01-20 17:52:20 - MyKingdom - INFO - Renderer biome set to: boreal_forest
2026-01-20 17:52:21 - MyKingdom - INFO - Cozy renderer initialized with tile size: 32
2026-01-20 17:52:21 - MyKingdom - INFO - Renderer biome set to: boreal_forest
2026-01-20 17:52:21 - MyKingdom - INFO - Cozy renderer initialized with tile size: 32
2026-01-20 17:52:21 - MyKingdom - INFO - Renderer biome set to: boreal_forest
2026-01-20 17:52:21 - MyKingdom - INFO - Cozy renderer initialized with tile size: 32
2026-01-20 17:52:21 - MyKingdom - INFO - Renderer biome set to: boreal_forest
2026-01-20 17:52:21 - MyKingdom - INFO - Cozy renderer initialized with tile size: 32
2026-01-20 17:52:21 - MyKingdom - INFO - Renderer biome set to: boreal_forest
2026-01-20 17:52:21 - MyKingdom - INFO - Cozy renderer initialized with tile size: 32
2026-01-20 17:52:21 - MyKingdom - INFO - Renderer biome set to: boreal_forest
2026-01-20 17:52:21 - MyKingdom - INFO - Cozy renderer initialized with tile size: 32
2026-01-20 17:52:21 - MyKingdom - INFO - Renderer biome set to: boreal_forest
2026-01-20 17:52:21 - MyKingdom - INFO - Cozy renderer initialized with tile size: 32
2026-01-20 17:52:21 - MyKingdom - INFO - Renderer biome set to: boreal_forest
2026-01-20 17:52:21 - MyKingdom - INFO - Cozy renderer initialized with tile size: 32
2026-01-20 17:52:21 - MyKingdom - INFO - Renderer biome set to: boreal_forest
2026-01-20 17:52:21 - MyKingdom - INFO - Cozy renderer initialized with tile size: 32
2026-01-20 17:52:21 - MyKingdom - INFO - Renderer biome set to: boreal_forest
2026-01-20 17:52:21 - MyKingdom - INFO - Cozy renderer initialized with tile size: 32
2026-01-20 17:52:21 - MyKingdom - INFO - Renderer biome set to: boreal_forest
2026-01-20 17:52:21 - MyKingdom - INFO - Cozy renderer initialized with tile size: 32
2026-01-20 17:52:21 - MyKingdom - INFO - Renderer biome set to: boreal_forest
2026-01-20 17:52:21 - MyKingdom - INFO - Cozy renderer initialized with tile size: 32
2026-01-20 17:52:21 - MyKingdom - INFO - Renderer biome set to: boreal_forest
2026-01-20 17:52:21 - MyKingdom - INFO - Cozy renderer initialized with tile size: 32
2026-01-20 17:52:21 - MyKingdom - INFO - Renderer biome set to: boreal_forest
2026-01-20 17:52:21 - MyKingdom - INFO - Cozy renderer initialized with tile size: 32
2026-01-20 17:52:21 - MyKingdom - INFO - Renderer biome set to: boreal_forest
2026-01-20 17:52:21 - MyKingdom - INFO - Cozy renderer initialized with tile size: 32
2026-01-20 17:52:21 - MyKingdom - INFO - Renderer biome set to: boreal_forest
2026-01-20 17:52:21 - MyKingdom - INFO - Cozy renderer initialized with tile size: 32
2026-01-20 17:52:21 - MyKingdom - INFO - Renderer biome set to: boreal_forest
2026-01-20 17:52:21 - MyKingdom - INFO - Cozy renderer initialized with tile size: 32
2026-01-20 17:52:21 - MyKingdom - INFO - Renderer biome set to: boreal_forest
2026-01-20 17:52:21 - MyKingdom - INFO - Cozy renderer initialized with tile size: 32
2026-01-20 17:52:21 - MyKingdom - INFO - Renderer biome set to: boreal_forest
2026-01-20 17:52:21 - MyKingdom - INFO - Cozy renderer initialized with tile size: 32
2026-01-20 17:52:21 - MyKingdom - INFO - Renderer biome set to: boreal_forest
2026-01-20 17:52:21 - MyKingdom - INFO - Cozy renderer initialized with tile size: 32
2026-01-20 17:52:21 - MyKingdom - INFO - Renderer biome set to: boreal_forest
2026-01-20 17:52:21 - MyKingdom - INFO - Cozy renderer initialized with tile size: 32
2026-01-20 17:52:21 - MyKingdom - INFO - Renderer biome set to: boreal_forest
2026-01-20 17:52:21 - MyKingdom - INFO - Cozy renderer initialized with tile size: 32
2026-01-20 17:52:21 - MyKingdom - INFO - Renderer biome set to: boreal_forest
2026-01-20 17:52:21 - MyKingdom - INFO - Cozy renderer initialized with tile size: 32
2026-01-20 17:52:21 - MyKingdom - INFO - Renderer biome set to: boreal_forest
2026-01-20 17:52:21 - MyKingdom - INFO - Cozy renderer initialized with tile size: 32
2026-01-20 17:52:21 - MyKingdom - INFO - Renderer biome set to: boreal_forest
2026-01-20 17:52:22 - MyKingdom - INFO - Cozy renderer initialized with tile size: 32
2026-01-20 17:52:22 - MyKingdom - INFO - Renderer biome set to: boreal_forest
2026-01-20 17:52:22 - MyKingdom - INFO - Cozy renderer initialized with tile size: 32
2026-01-20 17:52:22 - MyKingdom - INFO - Renderer biome set to: boreal_forest
2026-01-20 17:52:22 - MyKingdom - INFO - Cozy renderer initialized with tile size: 32
2026-01-20 17:52:22 - MyKingdom - INFO - Renderer biome set to: boreal_forest
2026-01-20 17:52:22 - MyKingdom - INFO - Cozy renderer initialized with tile size: 32
2026-01-20 17:52:22 - MyKingdom - INFO - Renderer biome set to: boreal_forest
2026-01-20 17:52:22 - MyKingdom - INFO - Cozy renderer initialized with tile size: 32
2026-01-20 17:52:22 - MyKingdom - INFO - Renderer biome set to: boreal_forest
2026-01-20 17:52:22 - MyKingdom - INFO - Cozy renderer initialized with tile size: 32
2026-01-20 17:52:22 - MyKingdom - INFO - Renderer biome set to: boreal_forest
2026-01-20 17:52:22 - MyKingdom - INFO - Cozy renderer initialized with tile size: 32
2026-01-20 17:52:22 - MyKingdom - INFO - Renderer biome set to: boreal_forest
2026-01-20 17:52:22 - MyKingdom - INFO - Cozy renderer initialized with tile size: 32
2026-01-20 17:52:22 - MyKingdom - INFO - Renderer biome set to: boreal_forest
2026-01-20 17:52:22 - MyKingdom - INFO - Cozy renderer initialized with tile size: 32
2026-01-20 17:52:22 - MyKingdom - INFO - Renderer biome set to: boreal_forest
2026-01-20 17:52:22 - MyKingdom - INFO - Cozy renderer initialized with tile size: 32
2026-01-20 17:52:22 - MyKingdom - INFO - Renderer biome set to: boreal_forest
2026-01-20 17:52:22 - MyKingdom - INFO - Cozy renderer initialized with tile size: 32
2026-01-20 17:52:22 - MyKingdom - INFO - Renderer biome set to: boreal_forest
2026-01-20 17:52:22 - MyKingdom - INFO - Cozy renderer initialized with tile size: 32
2026-01-20 17:52:22 - MyKingdom - INFO - Renderer biome set to: boreal_forest
2026-01-20 17:52:22 - MyKingdom - INFO - Cozy renderer initialized with tile size: 32
2026-01-20 17:52:22 - MyKingdom - INFO - Renderer biome set to: boreal_forest
2026-01-20 17:52:22 - MyKingdom - INFO - Cozy renderer initialized with tile size: 32
2026-01-20 17:52:22 - MyKingdom - INFO - Renderer biome set to: boreal_forest
2026-01-20 17:52:22 - MyKingdom - INFO - Cozy renderer initialized with tile size: 32
2026-01-20 17:52:22 - MyKingdom - INFO - Renderer biome set to: boreal_forest
2026-01-20 17:52:22 - MyKingdom - INFO - Cozy renderer initialized with tile size: 32
2026-01-20 17:52:22 - MyKingdom - INFO - Renderer biome set to: boreal_forest
2026-01-20 17:52:22 - MyKingdom - INFO - Cozy renderer initialized with tile size: 32
2026-01-20 17:52:22 - MyKingdom - INFO - Renderer biome set to: boreal_forest
2026-01-20 17:52:22 - MyKingdom - INFO - Cozy renderer initialized with tile size: 32
2026-01-20 17:52:22 - MyKingdom - INFO - Renderer biome set to: boreal_forest
2026-01-20 17:52:22 - MyKingdom - INFO - Cozy renderer initialized with tile size: 32
2026-01-20 17:52:22 - MyKingdom - INFO - Renderer biome set to: boreal_forest
2026-01-20 17:52:22 - MyKingdom - INFO - Cozy renderer initialized with tile size: 32
2026-01-20 17:52:22 - MyKingdom - INFO - Renderer biome set to: boreal_forest
2026-01-20 17:52:22 - MyKingdom - INFO - Cozy renderer initialized with tile size: 32
2026-01-20 17:52:22 - MyKingdom - INFO - Renderer biome set to: boreal_forest
2026-01-20 17:52:22 - MyKingdom - INFO - Cozy renderer initialized with tile size: 32
2026-01-20 17:52:22 - MyKingdom - INFO - Renderer biome set to: boreal_forest
2026-01-20 17:52:22 - MyKingdom - INFO - Cozy renderer initialized with tile size: 32
2026-01-20 17:52:22 - MyKingdom - INFO - Renderer biome set to: boreal_forest
2026-01-20 17:52:22 - MyKingdom - INFO - Cozy renderer initialized with tile size: 32
2026-01-20 17:52:22 - MyKingdom - INFO - Renderer biome set to: boreal_forest
2026-01-20 17:52:22 - MyKingdom - INFO - Cozy renderer initialized with tile size: 32
2026-01-20 17:52:22 - MyKingdom - INFO - Renderer biome set to: boreal_forest
2026-01-20 17:52:22 - MyKingdom - INFO - Cozy renderer initialized with tile size: 32
2026-01-20 17:52:22 - MyKingdom - INFO - Renderer biome set to: boreal_forest
2026-01-20 17:52:23 - MyKingdom - INFO - Cozy renderer initialized with tile size: 32
2026-01-20 17:52:23 - MyKingdom - INFO - Renderer biome set to: boreal_forest
2026-01-20 17:52:23 - MyKingdom - INFO - Cozy renderer initialized with tile size: 32
2026-01-20 17:52:23 - MyKingdom - INFO - Renderer biome set to: boreal_forest
2026-01-20 17:52:23 - MyKingdom - INFO - Cozy renderer initialized with tile size: 32
2026-01-20 17:52:23 - MyKingdom - INFO - Renderer biome set to: boreal_forest
2026-01-20 17:52:23 - MyKingdom - INFO - Cozy renderer initialized with tile size: 32
2026-01-20 17:52:23 - MyKingdom - INFO - Renderer biome set to: boreal_forest
2026-01-20 17:52:23 - MyKingdom - INFO - Cozy renderer initialized with tile size: 32
2026-01-20 17:52:23 - MyKingdom - INFO - Renderer biome set to: boreal_forest
2026-01-20 17:52:23 - MyKingdom - INFO - Cozy renderer initialized with tile size: 32
2026-01-20 17:52:23 - MyKingdom - INFO - Renderer biome set to: boreal_forest
2026-01-20 17:52:23 - MyKingdom - INFO - Cozy renderer initialized with tile size: 32
2026-01-20 17:52:23 - MyKingdom - INFO - Renderer biome set to: boreal_forest
2026-01-20 17:52:23 - MyKingdom - INFO - Cozy renderer initialized with tile size: 32
2026-01-20 17:52:23 - MyKingdom - INFO - Renderer biome set to: boreal_forest
2026-01-20 17:52:23 - MyKingdom - INFO - Cozy renderer initialized with tile size: 32
2026-01-20 17:52:23 - MyKingdom - INFO - Renderer biome set to: boreal_forest
2026-01-20 17:52:23 - MyKingdom - INFO - Cozy renderer initialized with tile size: 32
2026-01-20 17:52:23 - MyKingdom - INFO - Renderer biome set to: boreal_forest
2026-01-20 17:52:23 - MyKingdom - INFO - Cozy renderer initialized with tile size: 32
2026-01-20 17:52:23 - MyKingdom - INFO - Renderer biome set to: boreal_forest
2026-01-20 17:52:23 - MyKingdom - INFO - Cozy renderer initialized with tile size: 32
2026-01-20 17:52:23 - MyKingdom - INFO - Renderer biome set to: boreal_forest
2026-01-20 17:52:23 - MyKingdom - INFO - Cozy renderer initialized with tile size: 32
2026-01-20 17:52:23 - MyKingdom - INFO - Renderer biome set to: boreal_forest
2026-01-20 17:52:23 - MyKingdom - INFO - Cozy renderer initialized with tile size: 32
2026-01-20 17:52:23 - MyKingdom - INFO - Renderer biome set to: boreal_forest
2026-01-20 17:52:23 - MyKingdom - INFO - Cozy renderer initialized with tile size: 32
2026-01-20 17:52:23 - MyKingdom - INFO - Renderer biome set to: boreal_forest
2026-01-20 17:52:23 - MyKingdom - INFO - Cozy renderer initialized with tile size: 32
2026-01-20 17:52:23 - MyKingdom - INFO - Renderer biome set to: boreal_forest
2026-01-20 17:52:23 - MyKingdom - INFO - Cozy renderer initialized with tile size: 32
2026-01-20 17:52:23 - MyKingdom - INFO - Renderer biome set to: boreal_forest
2026-01-20 17:52:23 - MyKingdom - INFO - Cozy renderer initialized with tile size: 32
2026-01-20 17:52:23 - MyKingdom - INFO - Renderer biome set to: boreal_forest
2026-01-20 17:52:23 - MyKingdom - INFO - Cozy renderer initialized with tile size: 32
2026-01-20 17:52:23 - MyKingdom - INFO - Renderer biome set to: boreal_forest
2026-01-20 17:52:23 - MyKingdom - INFO - Cozy renderer initialized with tile size: 32
2026-01-20 17:52:23 - MyKingdom - INFO - Renderer biome set to: boreal_forest
2026-01-20 17:52:23 - MyKingdom - INFO - Cozy renderer initialized with tile size: 32
2026-01-20 17:52:23 - MyKingdom - INFO - Renderer biome set to: boreal_forest
2026-01-20 17:52:23 - MyKingdom - INFO - Cozy renderer initialized with tile size: 32
2026-01-20 17:52:23 - MyKingdom - INFO - Renderer biome set to: boreal_forest
2026-01-20 17:52:24 - MyKingdom - INFO - Cozy renderer initialized with tile size: 32
2026-01-20 17:52:24 - MyKingdom - INFO - Renderer biome set to: boreal_forest
2026-01-20 17:52:24 - MyKingdom - INFO - Cozy renderer initialized with tile size: 32
2026-01-20 17:52:24 - MyKingdom - INFO - Renderer biome set to: boreal_forest
2026-01-20 17:52:24 - MyKingdom - INFO - Cozy renderer initialized with tile size: 32
2026-01-20 17:52:24 - MyKingdom - INFO - Renderer biome set to: boreal_forest
2026-01-20 17:52:24 - MyKingdom - INFO - Cozy renderer initialized with tile size: 32
2026-01-20 17:52:24 - MyKingdom - INFO - Renderer biome set to: boreal_forest
2026-01-20 17:52:24 - MyKingdom - INFO - Cozy renderer initialized with tile size: 32
2026-01-20 17:52:24 - MyKingdom - INFO - Renderer biome set to: boreal_forest
2026-01-20 17:52:24 - MyKingdom - INFO - Cozy renderer initialized with tile size: 32
2026-01-20 17:52:24 - MyKingdom - INFO - Renderer biome set to: boreal_forest
2026-01-20 17:52:24 - MyKingdom - INFO - Cozy renderer initialized with tile size: 32
2026-01-20 17:52:24 - MyKingdom - INFO - Renderer biome set to: boreal_forest
2026-01-20 17:52:24 - MyKingdom - INFO - Cozy renderer initialized with tile size: 32
2026-01-20 17:52:24 - MyKingdom - INFO - Renderer biome set to: boreal_forest
2026-01-20 17:52:24 - MyKingdom - INFO - Cozy renderer initialized with tile size: 32
2026-01-20 17:52:24 - MyKingdom - INFO - Renderer biome set to: boreal_forest
2026-01-20 17:52:24 - MyKingdom - INFO - Cozy renderer initialized with tile size: 32
2026-01-20 17:52:24 - MyKingdom - INFO - Renderer biome set to: boreal_forest
2026-01-20 17:52:24 - MyKingdom - INFO - Cozy renderer initialized with tile size: 32
2026-01-20 17:52:24 - MyKingdom - INFO - Renderer biome set to: boreal_forest
2026-01-20 17:52:24 - MyKingdom - INFO - Cozy renderer initialized with tile size: 32
2026-01-20 17:52:24 - MyKingdom - INFO - Renderer biome set to: boreal_forest
2026-01-20 17:52:24 - MyKingdom - INFO - Cozy renderer initialized with tile size: 32
2026-01-20 17:52:24 - MyKingdom - INFO - Renderer biome set to: boreal_forest
2026-01-20 17:52:24 - MyKingdom - INFO - Cozy renderer initialized with tile size: 32
2026-01-20 17:52:24 - MyKingdom - INFO - Renderer biome set to: boreal_forest
2026-01-20 17:52:24 - MyKingdom - INFO - Cozy renderer initialized with tile size: 32
2026-01-20 17:52:24 - MyKingdom - INFO - Renderer biome set to: boreal_forest
2026-01-20 17:52:24 - MyKingdom - INFO - Cozy renderer initialized with tile size: 32
2026-01-20 17:52:24 - MyKingdom - INFO - Renderer biome set to: boreal_forest
2026-01-20 17:52:24 - MyKingdom - INFO - Cozy renderer initialized with tile size: 32
2026-01-20 17:52:24 - MyKingdom - INFO - Renderer biome set to: boreal_forest
2026-01-20 17:52:24 - MyKingdom - INFO - Cozy renderer initialized with tile size: 32
2026-01-20 17:52:24 - MyKingdom - INFO - Renderer biome set to: boreal_forest
2026-01-20 17:52:24 - MyKingdom - INFO - Cozy renderer initialized with tile size: 32
2026-01-20 17:52:24 - MyKingdom - INFO - Renderer biome set to: boreal_forest
2026-01-20 17:52:24 - MyKingdom - INFO - Cozy renderer initialized with tile size: 32
2026-01-20 17:52:24 - MyKingdom - INFO - Renderer biome set to: boreal_forest
2026-01-20 17:52:24 - MyKingdom - INFO - Cozy renderer initialized with tile size: 32
2026-01-20 17:52:24 - MyKingdom - INFO - Renderer biome set to: boreal_forest
2026-01-20 17:52:25 - MyKingdom - INFO - Cozy renderer initialized with tile size: 32
2026-01-20 17:52:25 - MyKingdom - INFO - Renderer biome set to: boreal_forest
2026-01-20 17:52:25 - MyKingdom - INFO - Cozy renderer initialized with tile size: 32
2026-01-20 17:52:25 - MyKingdom - INFO - Renderer biome set to: boreal_forest
2026-01-20 17:52:25 - MyKingdom - INFO - Cozy renderer initialized with tile size: 32
2026-01-20 17:52:25 - MyKingdom - INFO - Renderer biome set to: boreal_forest
2026-01-20 17:52:25 - MyKingdom - INFO - Cozy renderer initialized with tile size: 32
2026-01-20 17:52:25 - MyKingdom - INFO - Renderer biome set to: boreal_forest
2026-01-20 17:52:25 - MyKingdom - INFO - Cozy renderer initialized with tile size: 32
2026-01-20 17:52:25 - MyKingdom - INFO - Renderer biome set to: boreal_forest
2026-01-20 17:52:25 - MyKingdom - INFO - Cozy renderer initialized with tile size: 32
2026-01-20 17:52:25 - MyKingdom - INFO - Renderer biome set to: boreal_forest
2026-01-20 17:52:25 - MyKingdom - INFO - Cozy renderer initialized with tile size: 32
2026-01-20 17:52:25 - MyKingdom - INFO - Renderer biome set to: boreal_forest
2026-01-20 17:52:25 - MyKingdom - INFO - Cozy renderer initialized with tile size: 32
2026-01-20 17:52:25 - MyKingdom - INFO - Renderer biome set to: boreal_forest
2026-01-20 17:52:25 - MyKingdom - INFO - Cozy renderer initialized with tile size: 32
2026-01-20 17:52:25 - MyKingdom - INFO - Renderer biome set to: boreal_forest
2026-01-20 17:52:25 - MyKingdom - INFO - Cozy renderer initialized with tile size: 32
2026-01-20 17:52:25 - MyKingdom - INFO - Renderer biome set to: boreal_forest
2026-01-20 17:52:25 - MyKingdom - INFO - Cozy renderer initialized with tile size: 32
2026-01-20 17:52:25 - MyKingdom - INFO - Renderer biome set to: boreal_forest
2026-01-20 17:52:25 - MyKingdom - INFO - Cozy renderer initialized with tile size: 32
2026-01-20 17:52:25 - MyKingdom - INFO - Renderer biome set to: boreal_forest
2026-01-20 17:52:25 - MyKingdom - INFO - Cozy renderer initialized with tile size: 32
2026-01-20 17:52:25 - MyKingdom - INFO - Renderer biome set to: boreal_forest
2026-01-20 17:52:25 - MyKingdom - INFO - Cozy renderer initialized with tile size: 32
2026-01-20 17:52:25 - MyKingdom - INFO - Renderer biome set to: boreal_forest
2026-01-20 17:52:25 - MyKingdom - INFO - Location confirmed!
2026-01-20 17:52:25 - MyKingdom - INFO - Cozy renderer initialized with tile size: 32
2026-01-20 17:52:25 - MyKingdom - INFO - Renderer biome set to: boreal_forest
2026-01-20 17:52:25 - MyKingdom - INFO - === STARTING NEW GAME: seths demo ===
2026-01-20 17:52:25 - MyKingdom - INFO - Using pre-generated world and tiles from selection screen
2026-01-20 17:52:25 - MyKingdom - INFO - Using player-selected location: (74, 59)
2026-01-20 17:52:25 - MyKingdom - INFO - Using pre-generated region tiles from preview
2026-01-20 17:52:25 - MyKingdom - INFO - Using selected region coordinates: (32, 42)
2026-01-20 17:52:25 - MyKingdom - INFO - Using pre-generated local tiles from preview - terrain will match preview!
2026-01-20 17:52:25 - MyKingdom - INFO - Renderer biome set to: boreal_forest
2026-01-20 17:52:25 - MyKingdom - INFO - Creating starting citizens...
2026-01-20 17:52:25 - MyKingdom - INFO - Created citizen: Vale Fairwind (ID: 1)
2026-01-20 17:52:25 - MyKingdom - INFO - Created citizen: Yara Clearwater (ID: 2)
2026-01-20 17:52:25 - MyKingdom - INFO - Created citizen: Lysa Kindler (ID: 3)
2026-01-20 17:52:25 - MyKingdom - INFO - Created citizen: Mira Quickstep (ID: 4)
2026-01-20 17:52:25 - MyKingdom - INFO - Created citizen: Cedric Evergreen (ID: 5)
2026-01-20 17:52:25 - MyKingdom - INFO - Collecting resource nodes from world...
2026-01-20 17:52:25 - MyKingdom - INFO - Collected 2301 resource nodes from world
2026-01-20 17:52:25 - MyKingdom - INFO - Spawning wagon stockpile...
2026-01-20 17:52:25 - MyKingdom - INFO - Spawned wagon stockpile at (50, 50)
2026-01-20 17:52:26 - MyKingdom - INFO - Game saved successfully: saves\seths demo.sav.gz
2026-01-20 17:52:26 - MyKingdom - INFO - Game saved: seths demo
2026-01-20 17:52:26 - MyKingdom - INFO - === NEW GAME STARTED SUCCESSFULLY ===
2026-01-20 17:52:26 - MyKingdom - INFO - Game initialized successfully
2026-01-20 17:52:26 - MyKingdom - INFO - Music is disabled
2026-01-20 17:52:36 - MyKingdom - INFO - Building mode toggled: ON
2026-01-20 17:52:39 - MyKingdom - INFO - Selected: House
2026-01-20 17:52:40 - MyKingdom - INFO - Placed house at (53, 49), ID: 2
2026-01-20 17:52:41 - MyKingdom - INFO - Game saved successfully: saves\autosave_20260120_175240.sav.gz
2026-01-20 17:52:43 - MyKingdom - INFO - Found 22 save files
2026-01-20 17:52:43 - MyKingdom - INFO - Deleted save: saves\autosave_20260102_182240.sav.gz
2026-01-20 17:52:43 - MyKingdom - INFO - Cleaned up 1 old auto-saves
2026-01-20 17:52:43 - MyKingdom - INFO - Placed house at (53, 49)
2026-01-20 17:52:43 - MyKingdom - WARNING - Cannot place house at (53, 48)
2026-01-20 17:52:43 - MyKingdom - WARNING - Cannot place house at (53, 48)
2026-01-20 17:52:43 - MyKingdom - WARNING - Cannot place house at (54, 49)
2026-01-20 17:52:43 - MyKingdom - WARNING - Cannot place house at (54, 49)
2026-01-20 17:52:46 - MyKingdom - INFO - Designation mode: ON (Gather Berries)
2026-01-20 17:52:51 - MyKingdom - INFO - Designated 3 berry bushes for gathering
2026-01-20 17:52:57 - MyKingdom - INFO - Citizen 3 (Lysa Kindler) harvested 5 food - returning to wagon
2026-01-20 17:52:57 - MyKingdom - INFO - Citizen 2 (Yara Clearwater) harvested 5 food - returning to wagon
2026-01-20 17:52:59 - MyKingdom - INFO - Citizen 4 (Mira Quickstep) harvested 5 food - returning to wagon
2026-01-20 17:52:59 - MyKingdom - INFO - Citizen 2 (Yara Clearwater) deposited 5 food at wagon - Total: 105
2026-01-20 17:53:00 - MyKingdom - INFO - Citizen 3 (Lysa Kindler) deposited 5 food at wagon - Total: 110
2026-01-20 17:53:03 - MyKingdom - INFO - Citizen 4 (Mira Quickstep) deposited 5 food at wagon - Total: 115
2026-01-20 17:53:04 - MyKingdom - INFO - Citizen 5 (Cedric Evergreen) harvested 5 food - returning to wagon
2026-01-20 17:53:06 - MyKingdom - INFO - Citizen 5 (Cedric Evergreen) deposited 5 food at wagon - Total: 120
2026-01-20 17:53:06 - MyKingdom - INFO - Citizen 2 (Yara Clearwater) harvested 5 food - returning to wagon
2026-01-20 17:53:08 - MyKingdom - INFO - Citizen 2 (Yara Clearwater) deposited 5 food at wagon - Total: 125
2026-01-20 17:53:08 - MyKingdom - INFO - Citizen 3 (Lysa Kindler) harvested 5 food - returning to wagon
2026-01-20 17:53:11 - MyKingdom - INFO - Citizen 4 (Mira Quickstep) harvested 5 food - returning to wagon
2026-01-20 17:53:12 - MyKingdom - INFO - Citizen 3 (Lysa Kindler) deposited 5 food at wagon - Total: 130
2026-01-20 17:53:13 - MyKingdom - INFO - Citizen 5 (Cedric Evergreen) harvested 5 food - returning to wagon
2026-01-20 17:53:13 - MyKingdom - INFO - Citizen 4 (Mira Quickstep) deposited 5 food at wagon - Total: 135
2026-01-20 17:53:15 - MyKingdom - INFO - Citizen 5 (Cedric Evergreen) deposited 5 food at wagon - Total: 140
2026-01-20 17:53:17 - MyKingdom - INFO - Citizen 2 (Yara Clearwater) harvested 5 food - returning to wagon
2026-01-20 17:53:18 - MyKingdom - INFO - Building mode toggled: ON
2026-01-20 17:53:19 - MyKingdom - INFO - Building mode toggled: OFF
2026-01-20 17:53:19 - MyKingdom - INFO - Citizen 3 (Lysa Kindler) harvested 5 food - returning to wagon
2026-01-20 17:53:20 - MyKingdom - INFO - Citizen 4 (Mira Quickstep) harvested 5 food - returning to wagon
2026-01-20 17:53:20 - MyKingdom - INFO - Citizen 2 (Yara Clearwater) deposited 5 food at wagon - Total: 145
2026-01-20 17:53:21 - MyKingdom - INFO - Citizen 3 (Lysa Kindler) deposited 5 food at wagon - Total: 150
2026-01-20 17:53:22 - MyKingdom - INFO - Citizen 4 (Mira Quickstep) deposited 5 food at wagon - Total: 155
2026-01-20 17:53:25 - MyKingdom - INFO - Citizen 5 (Cedric Evergreen) harvested 5 food - returning to wagon
2026-01-20 17:53:27 - MyKingdom - INFO - Citizen 2 (Yara Clearwater) harvested 5 food - returning to wagon
2026-01-20 17:53:28 - MyKingdom - INFO - Citizen 3 (Lysa Kindler) harvested 5 food - returning to wagon
2026-01-20 17:53:29 - MyKingdom - INFO - Citizen 5 (Cedric Evergreen) deposited 5 food at wagon - Total: 160
2026-01-20 17:53:29 - MyKingdom - INFO - Citizen 2 (Yara Clearwater) deposited 5 food at wagon - Total: 165
2026-01-20 17:53:30 - MyKingdom - INFO - Switched to REGION view
2026-01-20 17:53:30 - MyKingdom - INFO - Citizen 3 (Lysa Kindler) deposited 5 food at wagon - Total: 170
2026-01-20 17:53:31 - MyKingdom - INFO - Switched to WORLD view
2026-01-20 17:53:34 - MyKingdom - INFO - Citizen 4 (Mira Quickstep) harvested 5 food - returning to wagon
2026-01-20 17:53:37 - MyKingdom - INFO - Switched to LOCAL view - building enabled
2026-01-20 17:53:37 - MyKingdom - INFO - Citizen 4 (Mira Quickstep) deposited 5 food at wagon - Total: 175
2026-01-20 17:53:38 - MyKingdom - INFO - Switched to REGION view
2026-01-20 17:53:40 - MyKingdom - INFO - Switched to WORLD view
2026-01-20 17:53:41 - MyKingdom - INFO - Switched to LOCAL view - building enabled
2026-01-20 17:53:49 - MyKingdom - INFO - Escape pressed - showing pause menu
2026-01-20 17:53:49 - MyKingdom - INFO - Pause menu initialized
2026-01-20 17:53:50 - MyKingdom - INFO - Settings button clicked
2026-01-20 17:53:50 - MyKingdom - INFO - Settings menu initialized
2026-01-20 17:53:52 - MyKingdom - INFO - Settings menu closed
2026-01-20 17:53:54 - MyKingdom - INFO - Main Menu button clicked
2026-01-20 17:53:54 - MyKingdom - INFO - Returning to main menu
2026-01-20 17:53:55 - MyKingdom - INFO - Game saved successfully: saves\seths demo.sav.gz
2026-01-20 17:53:55 - MyKingdom - INFO - Game saved: seths demo
2026-01-20 17:53:55 - MyKingdom - INFO - Music is disabled
2026-01-20 17:53:55 - MyKingdom - INFO - Entering MENU state
2026-01-20 17:53:55 - MyKingdom - INFO - AI-generated menu background loaded successfully
2026-01-20 17:53:55 - MyKingdom - INFO - Music is disabled
2026-01-20 17:53:55 - MyKingdom - INFO - Main menu initialized
2026-01-20 17:53:56 - MyKingdom - INFO - Quit button clicked
2026-01-20 17:53:56 - MyKingdom - INFO - ============================================================
2026-01-20 17:53:56 - MyKingdom - INFO - MY KINGDOM - Shutting Down
2026-01-20 17:53:56 - MyKingdom - INFO - ============================================================
