2025-12-31 22:46:15 - MyKingdom - INFO - ============================================================
2025-12-31 22:46:15 - MyKingdom - INFO - Game Logger Initialized
2025-12-31 22:46:15 - MyKingdom - INFO - Log file: c:\Users\Chris Mork\Desktop\My-KingdomVersion 3\Logs\game_20251231_224615.log
2025-12-31 22:46:15 - MyKingdom - INFO - ============================================================
2025-12-31 22:46:15 - MyKingdom - INFO - ============================================================
2025-12-31 22:46:15 - MyKingdom - INFO - MY KINGDOM - Starting Application
2025-12-31 22:46:15 - MyKingdom - INFO - ============================================================
2025-12-31 22:46:16 - MyKingdom - INFO - Pygame initialized
2025-12-31 22:46:16 - MyKingdom - INFO - Window created: 1280x720
2025-12-31 22:46:16 - MyKingdom - INFO - Application initialization complete
2025-12-31 22:46:16 - MyKingdom - INFO - Starting main application loop
2025-12-31 22:46:16 - MyKingdom - INFO - Entering MENU state
2025-12-31 22:46:16 - MyKingdom - INFO - AI-generated menu background loaded successfully
2025-12-31 22:46:16 - MyKingdom - INFO - Main menu initialized
2025-12-31 22:46:31 - MyKingdom - INFO - Play button clicked - starting game
2025-12-31 22:46:31 - MyKingdom - INFO - Entering PLAYING state
2025-12-31 22:46:31 - MyKingdom - INFO - Camera initialized with zoom level: 1.0
2025-12-31 22:46:31 - MyKingdom - INFO - Initializing game world...
2025-12-31 22:46:31 - MyKingdom - INFO - World generator initialized with seed: 410681
2025-12-31 22:46:31 - MyKingdom - INFO - World size: 500x500
2025-12-31 22:46:31 - MyKingdom - INFO - Starting world generation...
2025-12-31 22:46:34 - MyKingdom - INFO - Adding decorations to world...
2025-12-31 22:46:34 - MyKingdom - INFO - Added 32957 decorations to the world
2025-12-31 22:46:34 - MyKingdom - INFO - World generation completed
2025-12-31 22:46:34 - MyKingdom - INFO - Terrain distribution:
2025-12-31 22:46:34 - MyKingdom - INFO -   dirt: 1566 tiles (0.6%)
2025-12-31 22:46:34 - MyKingdom - INFO -   forest: 36351 tiles (14.5%)
2025-12-31 22:46:34 - MyKingdom - INFO -   grass: 186240 tiles (74.5%)
2025-12-31 22:46:34 - MyKingdom - INFO -   sand: 18104 tiles (7.2%)
2025-12-31 22:46:34 - MyKingdom - INFO -   stone: 5 tiles (0.0%)
2025-12-31 22:46:34 - MyKingdom - INFO -   water: 7734 tiles (3.1%)
2025-12-31 22:46:34 - MyKingdom - INFO - Advanced tile renderer initialized with terrain blending
2025-12-31 22:46:34 - MyKingdom - INFO - Building renderer initialized - using procedural generation
2025-12-31 22:46:34 - MyKingdom - INFO - Placed house_small at (78, 158)
2025-12-31 22:46:34 - MyKingdom - INFO - Placed house_small at (196, 72)
2025-12-31 22:46:34 - MyKingdom - INFO - Placed house_small at (266, 175)
2025-12-31 22:46:34 - MyKingdom - INFO - Placed well at (332, 413)
2025-12-31 22:46:34 - MyKingdom - INFO - Placed well at (402, 464)
2025-12-31 22:46:34 - MyKingdom - INFO - Placed house_small at (89, 343)
2025-12-31 22:46:34 - MyKingdom - INFO - Placed house_small at (385, 165)
2025-12-31 22:46:34 - MyKingdom - INFO - Placed house_small at (372, 399)
2025-12-31 22:46:34 - MyKingdom - INFO - Placed house_small at (375, 65)
2025-12-31 22:46:34 - MyKingdom - INFO - Placed house_small at (145, 141)
2025-12-31 22:46:34 - MyKingdom - INFO - Placed house_small at (333, 489)
2025-12-31 22:46:34 - MyKingdom - INFO - Placed house_small at (240, 425)
2025-12-31 22:46:34 - MyKingdom - INFO - Placed well at (65, 241)
2025-12-31 22:46:34 - MyKingdom - INFO - Placed well at (322, 218)
2025-12-31 22:46:34 - MyKingdom - INFO - Placed house_small at (214, 433)
2025-12-31 22:46:34 - MyKingdom - INFO - Generated village with 15 buildings (attempted 15 placements)
2025-12-31 22:46:34 - MyKingdom - INFO - Building system initialized
2025-12-31 22:46:34 - MyKingdom - INFO - Game state initialized and ready to play
2025-12-31 22:46:35 - MyKingdom - DEBUG - Zoom changed: 1.00 -> 1.10
2025-12-31 22:46:35 - MyKingdom - DEBUG - Zoom changed: 1.10 -> 1.20
2025-12-31 22:46:35 - MyKingdom - DEBUG - Zoom changed: 1.20 -> 1.30
2025-12-31 22:46:35 - MyKingdom - DEBUG - Zoom changed: 1.30 -> 1.40
2025-12-31 22:46:36 - MyKingdom - DEBUG - Zoom changed: 1.40 -> 1.50
2025-12-31 22:46:36 - MyKingdom - DEBUG - Zoom changed: 1.50 -> 1.60
2025-12-31 22:46:36 - MyKingdom - DEBUG - Zoom changed: 1.60 -> 1.70
2025-12-31 22:46:36 - MyKingdom - DEBUG - Zoom changed: 1.70 -> 1.80
2025-12-31 22:46:36 - MyKingdom - DEBUG - Zoom changed: 1.80 -> 1.90
2025-12-31 22:46:37 - MyKingdom - DEBUG - Zoom changed: 1.90 -> 2.00
2025-12-31 22:46:38 - MyKingdom - DEBUG - Zoom changed: 2.00 -> 1.90
2025-12-31 22:46:38 - MyKingdom - DEBUG - Zoom changed: 1.90 -> 1.80
2025-12-31 22:46:38 - MyKingdom - DEBUG - Zoom changed: 1.80 -> 1.70
2025-12-31 22:46:38 - MyKingdom - DEBUG - Zoom changed: 1.70 -> 1.60
2025-12-31 22:46:38 - MyKingdom - DEBUG - Zoom changed: 1.60 -> 1.50
2025-12-31 22:46:38 - MyKingdom - DEBUG - Zoom changed: 1.50 -> 1.40
2025-12-31 22:46:38 - MyKingdom - DEBUG - Zoom changed: 1.40 -> 1.30
2025-12-31 22:46:39 - MyKingdom - DEBUG - Zoom changed: 1.30 -> 1.20
2025-12-31 22:46:39 - MyKingdom - DEBUG - Zoom changed: 1.20 -> 1.10
2025-12-31 22:46:39 - MyKingdom - DEBUG - Zoom changed: 1.10 -> 1.00
2025-12-31 22:46:39 - MyKingdom - DEBUG - Zoom changed: 1.00 -> 0.90
2025-12-31 22:46:39 - MyKingdom - DEBUG - Zoom changed: 0.90 -> 0.80
2025-12-31 22:46:39 - MyKingdom - DEBUG - Zoom changed: 0.80 -> 0.70
2025-12-31 22:46:39 - MyKingdom - DEBUG - Zoom changed: 0.70 -> 0.60
2025-12-31 22:46:39 - MyKingdom - DEBUG - Zoom changed: 0.60 -> 0.50
2025-12-31 22:46:39 - MyKingdom - DEBUG - Zoom changed: 0.50 -> 0.40
2025-12-31 22:46:39 - MyKingdom - DEBUG - Zoom changed: 0.40 -> 0.30
2025-12-31 22:46:39 - MyKingdom - DEBUG - Zoom changed: 0.30 -> 0.25
2025-12-31 22:46:47 - MyKingdom - DEBUG - Zoom changed: 0.25 -> 0.35
2025-12-31 22:46:47 - MyKingdom - DEBUG - Zoom changed: 0.35 -> 0.45
2025-12-31 22:46:47 - MyKingdom - DEBUG - Zoom changed: 0.45 -> 0.55
2025-12-31 22:46:47 - MyKingdom - DEBUG - Zoom changed: 0.55 -> 0.65
2025-12-31 22:46:48 - MyKingdom - DEBUG - Zoom changed: 0.65 -> 0.75
2025-12-31 22:46:48 - MyKingdom - DEBUG - Zoom changed: 0.75 -> 0.85
2025-12-31 22:46:48 - MyKingdom - DEBUG - Zoom changed: 0.85 -> 0.95
2025-12-31 22:46:49 - MyKingdom - DEBUG - Zoom changed: 0.95 -> 1.05
2025-12-31 22:46:49 - MyKingdom - DEBUG - Zoom changed: 1.05 -> 1.15
2025-12-31 22:46:49 - MyKingdom - DEBUG - Zoom changed: 1.15 -> 1.25
2025-12-31 22:46:49 - MyKingdom - DEBUG - Zoom changed: 1.25 -> 1.35
2025-12-31 22:46:49 - MyKingdom - DEBUG - Zoom changed: 1.35 -> 1.45
2025-12-31 22:46:49 - MyKingdom - DEBUG - Zoom changed: 1.45 -> 1.35
2025-12-31 22:46:49 - MyKingdom - DEBUG - Zoom changed: 1.35 -> 1.25
2025-12-31 22:46:49 - MyKingdom - DEBUG - Zoom changed: 1.25 -> 1.15
2025-12-31 22:46:49 - MyKingdom - DEBUG - Zoom changed: 1.15 -> 1.05
2025-12-31 22:46:51 - MyKingdom - INFO - Quit event received from game
2025-12-31 22:46:51 - MyKingdom - INFO - ============================================================
2025-12-31 22:46:51 - MyKingdom - INFO - MY KINGDOM - Shutting Down
2025-12-31 22:46:51 - MyKingdom - INFO - ============================================================
