2026-02-03 22:30:06 - MyKingdom - INFO - ============================================================
2026-02-03 22:30:06 - MyKingdom - INFO - Game Logger Initialized
2026-02-03 22:30:06 - MyKingdom - INFO - Log file: C:\Users\Chris Mork\Desktop\My-KingdomVersion 3\Logs\game_20260203_223006.log
2026-02-03 22:30:06 - MyKingdom - INFO - ============================================================
2026-02-03 22:30:07 - MyKingdom - INFO - ============================================================
2026-02-03 22:30:07 - MyKingdom - INFO - MY KINGDOM - Starting Application
2026-02-03 22:30:07 - MyKingdom - INFO - ============================================================
2026-02-03 22:30:07 - MyKingdom - INFO - Pygame initialized
2026-02-03 22:30:07 - MyKingdom - INFO - Window created: 1280x720
2026-02-03 22:30:07 - MyKingdom - INFO - Application initialization complete
2026-02-03 22:30:07 - MyKingdom - INFO - Starting main application loop
2026-02-03 22:30:07 - MyKingdom - INFO - Entering MENU state
2026-02-03 22:30:07 - MyKingdom - INFO - AI-generated menu background loaded successfully
2026-02-03 22:30:07 - MyKingdom - INFO - Music settings loaded: enabled=False, volume=0.55
2026-02-03 22:30:07 - MyKingdom - INFO - Music manager initialized
2026-02-03 22:30:07 - MyKingdom - INFO - Music is disabled
2026-02-03 22:30:07 - MyKingdom - INFO - Main menu initialized
2026-02-03 22:30:25 - MyKingdom - INFO - Settings button clicked
2026-02-03 22:30:25 - MyKingdom - INFO - Settings menu initialized
2026-02-03 22:30:26 - MyKingdom - INFO - Music settings saved
2026-02-03 22:30:26 - MyKingdom - INFO - Music enabled
2026-02-03 22:30:28 - MyKingdom - INFO - Music settings saved
2026-02-03 22:30:28 - MyKingdom - INFO - Music volume set to 0.55
2026-02-03 22:30:28 - MyKingdom - INFO - Music settings saved
2026-02-03 22:30:28 - MyKingdom - INFO - Music volume set to 0.51
2026-02-03 22:30:28 - MyKingdom - INFO - Music settings saved
2026-02-03 22:30:28 - MyKingdom - INFO - Music volume set to 0.50
2026-02-03 22:30:28 - MyKingdom - INFO - Music settings saved
2026-02-03 22:30:28 - MyKingdom - INFO - Music volume set to 0.49
2026-02-03 22:30:28 - MyKingdom - INFO - Music settings saved
2026-02-03 22:30:28 - MyKingdom - INFO - Music volume set to 0.48
2026-02-03 22:30:28 - MyKingdom - INFO - Music settings saved
2026-02-03 22:30:28 - MyKingdom - INFO - Music volume set to 0.47
2026-02-03 22:30:28 - MyKingdom - INFO - Music settings saved
2026-02-03 22:30:28 - MyKingdom - INFO - Music volume set to 0.45
2026-02-03 22:30:28 - MyKingdom - INFO - Music settings saved
2026-02-03 22:30:28 - MyKingdom - INFO - Music volume set to 0.44
2026-02-03 22:30:28 - MyKingdom - INFO - Music settings saved
2026-02-03 22:30:28 - MyKingdom - INFO - Music volume set to 0.41
2026-02-03 22:30:28 - MyKingdom - INFO - Music settings saved
2026-02-03 22:30:28 - MyKingdom - INFO - Music volume set to 0.40
2026-02-03 22:30:28 - MyKingdom - INFO - Music settings saved
2026-02-03 22:30:28 - MyKingdom - INFO - Music volume set to 0.39
2026-02-03 22:30:28 - MyKingdom - INFO - Music settings saved
2026-02-03 22:30:28 - MyKingdom - INFO - Music volume set to 0.37
2026-02-03 22:30:28 - MyKingdom - INFO - Music settings saved
2026-02-03 22:30:28 - MyKingdom - INFO - Music volume set to 0.35
2026-02-03 22:30:28 - MyKingdom - INFO - Music settings saved
2026-02-03 22:30:28 - MyKingdom - INFO - Music volume set to 0.34
2026-02-03 22:30:28 - MyKingdom - INFO - Music settings saved
2026-02-03 22:30:28 - MyKingdom - INFO - Music volume set to 0.32
2026-02-03 22:30:28 - MyKingdom - INFO - Music settings saved
2026-02-03 22:30:28 - MyKingdom - INFO - Music volume set to 0.32
2026-02-03 22:30:28 - MyKingdom - INFO - Music settings saved
2026-02-03 22:30:28 - MyKingdom - INFO - Music volume set to 0.30
2026-02-03 22:30:28 - MyKingdom - INFO - Music settings saved
2026-02-03 22:30:28 - MyKingdom - INFO - Music volume set to 0.30
2026-02-03 22:30:28 - MyKingdom - INFO - Music settings saved
2026-02-03 22:30:28 - MyKingdom - INFO - Music volume set to 0.30
2026-02-03 22:30:28 - MyKingdom - INFO - Music settings saved
2026-02-03 22:30:28 - MyKingdom - INFO - Music volume set to 0.30
2026-02-03 22:30:29 - MyKingdom - INFO - Settings menu closed
2026-02-03 22:30:29 - MyKingdom - INFO - Playing music: menu
2026-02-03 22:30:37 - MyKingdom - INFO - New Game button clicked
2026-02-03 22:30:42 - MyKingdom - INFO - Starting new game: 123
2026-02-03 22:30:42 - MyKingdom - INFO - Starting new game: 123
2026-02-03 22:30:42 - MyKingdom - INFO - Entering PLAYING state
2026-02-03 22:30:42 - MyKingdom - INFO - Initializing new GameState system...
2026-02-03 22:30:42 - MyKingdom - INFO - Cozy renderer initialized with tile size: 32
2026-02-03 22:30:42 - MyKingdom - INFO - Save system initialized. Save directory: C:\Users\Chris Mork\Desktop\My-KingdomVersion 3\saves
2026-02-03 22:30:42 - MyKingdom - INFO - Game state initialized
2026-02-03 22:30:42 - MyKingdom - INFO - Tiered World Generator initialized with seed: 477230
2026-02-03 22:30:42 - MyKingdom - INFO - Generating world map: 150x150...
2026-02-03 22:30:44 - MyKingdom - INFO - World generation complete!
2026-02-03 22:30:44 - MyKingdom - INFO - Biome distribution:
2026-02-03 22:30:44 - MyKingdom - INFO -   tundra: 9087 tiles (40.4%)
2026-02-03 22:30:44 - MyKingdom - INFO -   temperate_forest: 6138 tiles (27.3%)
2026-02-03 22:30:44 - MyKingdom - INFO -   boreal_forest: 5705 tiles (25.4%)
2026-02-03 22:30:44 - MyKingdom - INFO -   grassland: 1234 tiles (5.5%)
2026-02-03 22:30:44 - MyKingdom - INFO -   arid_shrubland: 336 tiles (1.5%)
2026-02-03 22:30:44 - MyKingdom - INFO - Multi-stage world selection screen initialized
2026-02-03 22:30:50 - MyKingdom - INFO - Generating region preview for world tile boreal_forest...
2026-02-03 22:30:50 - MyKingdom - INFO - Generating region from world tile (71, 59)...
2026-02-03 22:30:50 - MyKingdom - INFO -   Biome: boreal_forest, Elevation: 0.43
2026-02-03 22:30:50 - MyKingdom - INFO - Advanced to REGION view for world tile (71, 59)
2026-02-03 22:30:55 - MyKingdom - INFO - Generating local preview from region tile (41, 37)...
2026-02-03 22:30:55 - MyKingdom - INFO - Generating local map from region chunk (41, 37)...
2026-02-03 22:30:55 - MyKingdom - INFO -   Chunk analysis: Biome=boreal_forest, Avg Elev=0.56
2026-02-03 22:30:55 - MyKingdom - INFO - Placed resource nodes on local map
2026-02-03 22:30:55 - MyKingdom - INFO - Local map generated successfully
2026-02-03 22:30:55 - MyKingdom - INFO - Advanced to LOCAL view
2026-02-03 22:30:55 - MyKingdom - INFO - Cozy renderer initialized with tile size: 32
2026-02-03 22:30:55 - MyKingdom - INFO - Renderer biome set to: boreal_forest
2026-02-03 22:30:55 - MyKingdom - INFO - Cozy renderer initialized with tile size: 32
2026-02-03 22:30:55 - MyKingdom - INFO - Renderer biome set to: boreal_forest
2026-02-03 22:30:55 - MyKingdom - INFO - Cozy renderer initialized with tile size: 32
2026-02-03 22:30:55 - MyKingdom - INFO - Renderer biome set to: boreal_forest
2026-02-03 22:30:55 - MyKingdom - INFO - Cozy renderer initialized with tile size: 32
2026-02-03 22:30:55 - MyKingdom - INFO - Renderer biome set to: boreal_forest
2026-02-03 22:30:55 - MyKingdom - INFO - Cozy renderer initialized with tile size: 32
2026-02-03 22:30:55 - MyKingdom - INFO - Renderer biome set to: boreal_forest
2026-02-03 22:30:55 - MyKingdom - INFO - Cozy renderer initialized with tile size: 32
2026-02-03 22:30:55 - MyKingdom - INFO - Renderer biome set to: boreal_forest
2026-02-03 22:30:55 - MyKingdom - INFO - Cozy renderer initialized with tile size: 32
2026-02-03 22:30:55 - MyKingdom - INFO - Renderer biome set to: boreal_forest
2026-02-03 22:30:55 - MyKingdom - INFO - Cozy renderer initialized with tile size: 32
2026-02-03 22:30:55 - MyKingdom - INFO - Renderer biome set to: boreal_forest
2026-02-03 22:30:56 - MyKingdom - INFO - Cozy renderer initialized with tile size: 32
2026-02-03 22:30:56 - MyKingdom - INFO - Renderer biome set to: boreal_forest
2026-02-03 22:30:56 - MyKingdom - INFO - Cozy renderer initialized with tile size: 32
2026-02-03 22:30:56 - MyKingdom - INFO - Renderer biome set to: boreal_forest
2026-02-03 22:30:56 - MyKingdom - INFO - Cozy renderer initialized with tile size: 32
2026-02-03 22:30:56 - MyKingdom - INFO - Renderer biome set to: boreal_forest
2026-02-03 22:30:56 - MyKingdom - INFO - Cozy renderer initialized with tile size: 32
2026-02-03 22:30:56 - MyKingdom - INFO - Renderer biome set to: boreal_forest
2026-02-03 22:30:56 - MyKingdom - INFO - Cozy renderer initialized with tile size: 32
2026-02-03 22:30:56 - MyKingdom - INFO - Renderer biome set to: boreal_forest
2026-02-03 22:30:56 - MyKingdom - INFO - Cozy renderer initialized with tile size: 32
2026-02-03 22:30:56 - MyKingdom - INFO - Renderer biome set to: boreal_forest
2026-02-03 22:30:56 - MyKingdom - INFO - Cozy renderer initialized with tile size: 32
2026-02-03 22:30:56 - MyKingdom - INFO - Renderer biome set to: boreal_forest
2026-02-03 22:30:56 - MyKingdom - INFO - Cozy renderer initialized with tile size: 32
2026-02-03 22:30:56 - MyKingdom - INFO - Renderer biome set to: boreal_forest
2026-02-03 22:30:56 - MyKingdom - INFO - Cozy renderer initialized with tile size: 32
2026-02-03 22:30:56 - MyKingdom - INFO - Renderer biome set to: boreal_forest
2026-02-03 22:30:56 - MyKingdom - INFO - Cozy renderer initialized with tile size: 32
2026-02-03 22:30:56 - MyKingdom - INFO - Renderer biome set to: boreal_forest
2026-02-03 22:30:56 - MyKingdom - INFO - Cozy renderer initialized with tile size: 32
2026-02-03 22:30:56 - MyKingdom - INFO - Renderer biome set to: boreal_forest
2026-02-03 22:30:56 - MyKingdom - INFO - Cozy renderer initialized with tile size: 32
2026-02-03 22:30:56 - MyKingdom - INFO - Renderer biome set to: boreal_forest
2026-02-03 22:30:56 - MyKingdom - INFO - Cozy renderer initialized with tile size: 32
2026-02-03 22:30:56 - MyKingdom - INFO - Renderer biome set to: boreal_forest
2026-02-03 22:30:56 - MyKingdom - INFO - Cozy renderer initialized with tile size: 32
2026-02-03 22:30:56 - MyKingdom - INFO - Renderer biome set to: boreal_forest
2026-02-03 22:30:56 - MyKingdom - INFO - Cozy renderer initialized with tile size: 32
2026-02-03 22:30:56 - MyKingdom - INFO - Renderer biome set to: boreal_forest
2026-02-03 22:30:56 - MyKingdom - INFO - Cozy renderer initialized with tile size: 32
2026-02-03 22:30:56 - MyKingdom - INFO - Renderer biome set to: boreal_forest
2026-02-03 22:30:56 - MyKingdom - INFO - Cozy renderer initialized with tile size: 32
2026-02-03 22:30:56 - MyKingdom - INFO - Renderer biome set to: boreal_forest
2026-02-03 22:30:56 - MyKingdom - INFO - Cozy renderer initialized with tile size: 32
2026-02-03 22:30:56 - MyKingdom - INFO - Renderer biome set to: boreal_forest
2026-02-03 22:30:56 - MyKingdom - INFO - Cozy renderer initialized with tile size: 32
2026-02-03 22:30:56 - MyKingdom - INFO - Renderer biome set to: boreal_forest
2026-02-03 22:30:56 - MyKingdom - INFO - Cozy renderer initialized with tile size: 32
2026-02-03 22:30:56 - MyKingdom - INFO - Renderer biome set to: boreal_forest
2026-02-03 22:30:56 - MyKingdom - INFO - Cozy renderer initialized with tile size: 32
2026-02-03 22:30:56 - MyKingdom - INFO - Renderer biome set to: boreal_forest
2026-02-03 22:30:56 - MyKingdom - INFO - Cozy renderer initialized with tile size: 32
2026-02-03 22:30:56 - MyKingdom - INFO - Renderer biome set to: boreal_forest
2026-02-03 22:30:56 - MyKingdom - INFO - Cozy renderer initialized with tile size: 32
2026-02-03 22:30:56 - MyKingdom - INFO - Renderer biome set to: boreal_forest
2026-02-03 22:30:56 - MyKingdom - INFO - Cozy renderer initialized with tile size: 32
2026-02-03 22:30:56 - MyKingdom - INFO - Renderer biome set to: boreal_forest
2026-02-03 22:30:56 - MyKingdom - INFO - Cozy renderer initialized with tile size: 32
2026-02-03 22:30:56 - MyKingdom - INFO - Renderer biome set to: boreal_forest
2026-02-03 22:30:56 - MyKingdom - INFO - Cozy renderer initialized with tile size: 32
2026-02-03 22:30:56 - MyKingdom - INFO - Renderer biome set to: boreal_forest
2026-02-03 22:30:56 - MyKingdom - INFO - Cozy renderer initialized with tile size: 32
2026-02-03 22:30:56 - MyKingdom - INFO - Renderer biome set to: boreal_forest
2026-02-03 22:30:56 - MyKingdom - INFO - Cozy renderer initialized with tile size: 32
2026-02-03 22:30:56 - MyKingdom - INFO - Renderer biome set to: boreal_forest
2026-02-03 22:30:56 - MyKingdom - INFO - Cozy renderer initialized with tile size: 32
2026-02-03 22:30:56 - MyKingdom - INFO - Renderer biome set to: boreal_forest
2026-02-03 22:30:56 - MyKingdom - INFO - Cozy renderer initialized with tile size: 32
2026-02-03 22:30:56 - MyKingdom - INFO - Renderer biome set to: boreal_forest
2026-02-03 22:30:56 - MyKingdom - INFO - Cozy renderer initialized with tile size: 32
2026-02-03 22:30:56 - MyKingdom - INFO - Renderer biome set to: boreal_forest
2026-02-03 22:30:56 - MyKingdom - INFO - Cozy renderer initialized with tile size: 32
2026-02-03 22:30:56 - MyKingdom - INFO - Renderer biome set to: boreal_forest
2026-02-03 22:30:56 - MyKingdom - INFO - Cozy renderer initialized with tile size: 32
2026-02-03 22:30:56 - MyKingdom - INFO - Renderer biome set to: boreal_forest
2026-02-03 22:30:56 - MyKingdom - INFO - Cozy renderer initialized with tile size: 32
2026-02-03 22:30:56 - MyKingdom - INFO - Renderer biome set to: boreal_forest
2026-02-03 22:30:56 - MyKingdom - INFO - Cozy renderer initialized with tile size: 32
2026-02-03 22:30:56 - MyKingdom - INFO - Renderer biome set to: boreal_forest
2026-02-03 22:30:56 - MyKingdom - INFO - Cozy renderer initialized with tile size: 32
2026-02-03 22:30:56 - MyKingdom - INFO - Renderer biome set to: boreal_forest
2026-02-03 22:30:56 - MyKingdom - INFO - Cozy renderer initialized with tile size: 32
2026-02-03 22:30:56 - MyKingdom - INFO - Renderer biome set to: boreal_forest
2026-02-03 22:30:56 - MyKingdom - INFO - Cozy renderer initialized with tile size: 32
2026-02-03 22:30:56 - MyKingdom - INFO - Renderer biome set to: boreal_forest
2026-02-03 22:30:56 - MyKingdom - INFO - Cozy renderer initialized with tile size: 32
2026-02-03 22:30:56 - MyKingdom - INFO - Renderer biome set to: boreal_forest
2026-02-03 22:30:56 - MyKingdom - INFO - Cozy renderer initialized with tile size: 32
2026-02-03 22:30:56 - MyKingdom - INFO - Renderer biome set to: boreal_forest
2026-02-03 22:30:56 - MyKingdom - INFO - Cozy renderer initialized with tile size: 32
2026-02-03 22:30:56 - MyKingdom - INFO - Renderer biome set to: boreal_forest
2026-02-03 22:30:56 - MyKingdom - INFO - Cozy renderer initialized with tile size: 32
2026-02-03 22:30:56 - MyKingdom - INFO - Renderer biome set to: boreal_forest
2026-02-03 22:30:56 - MyKingdom - INFO - Cozy renderer initialized with tile size: 32
2026-02-03 22:30:56 - MyKingdom - INFO - Renderer biome set to: boreal_forest
2026-02-03 22:30:56 - MyKingdom - INFO - Cozy renderer initialized with tile size: 32
2026-02-03 22:30:56 - MyKingdom - INFO - Renderer biome set to: boreal_forest
2026-02-03 22:30:56 - MyKingdom - INFO - Cozy renderer initialized with tile size: 32
2026-02-03 22:30:56 - MyKingdom - INFO - Renderer biome set to: boreal_forest
2026-02-03 22:30:56 - MyKingdom - INFO - Cozy renderer initialized with tile size: 32
2026-02-03 22:30:56 - MyKingdom - INFO - Renderer biome set to: boreal_forest
2026-02-03 22:30:56 - MyKingdom - INFO - Cozy renderer initialized with tile size: 32
2026-02-03 22:30:56 - MyKingdom - INFO - Renderer biome set to: boreal_forest
2026-02-03 22:30:56 - MyKingdom - INFO - Cozy renderer initialized with tile size: 32
2026-02-03 22:30:56 - MyKingdom - INFO - Renderer biome set to: boreal_forest
2026-02-03 22:30:56 - MyKingdom - INFO - Cozy renderer initialized with tile size: 32
2026-02-03 22:30:56 - MyKingdom - INFO - Renderer biome set to: boreal_forest
2026-02-03 22:30:57 - MyKingdom - INFO - Cozy renderer initialized with tile size: 32
2026-02-03 22:30:57 - MyKingdom - INFO - Renderer biome set to: boreal_forest
2026-02-03 22:30:57 - MyKingdom - INFO - Cozy renderer initialized with tile size: 32
2026-02-03 22:30:57 - MyKingdom - INFO - Renderer biome set to: boreal_forest
2026-02-03 22:30:57 - MyKingdom - INFO - Cozy renderer initialized with tile size: 32
2026-02-03 22:30:57 - MyKingdom - INFO - Renderer biome set to: boreal_forest
2026-02-03 22:30:57 - MyKingdom - INFO - Cozy renderer initialized with tile size: 32
2026-02-03 22:30:57 - MyKingdom - INFO - Renderer biome set to: boreal_forest
2026-02-03 22:30:57 - MyKingdom - INFO - Cozy renderer initialized with tile size: 32
2026-02-03 22:30:57 - MyKingdom - INFO - Renderer biome set to: boreal_forest
2026-02-03 22:30:57 - MyKingdom - INFO - Cozy renderer initialized with tile size: 32
2026-02-03 22:30:57 - MyKingdom - INFO - Renderer biome set to: boreal_forest
2026-02-03 22:30:57 - MyKingdom - INFO - Cozy renderer initialized with tile size: 32
2026-02-03 22:30:57 - MyKingdom - INFO - Renderer biome set to: boreal_forest
2026-02-03 22:30:57 - MyKingdom - INFO - Cozy renderer initialized with tile size: 32
2026-02-03 22:30:57 - MyKingdom - INFO - Renderer biome set to: boreal_forest
2026-02-03 22:30:57 - MyKingdom - INFO - Cozy renderer initialized with tile size: 32
2026-02-03 22:30:57 - MyKingdom - INFO - Renderer biome set to: boreal_forest
2026-02-03 22:30:57 - MyKingdom - INFO - Cozy renderer initialized with tile size: 32
2026-02-03 22:30:57 - MyKingdom - INFO - Renderer biome set to: boreal_forest
2026-02-03 22:30:57 - MyKingdom - INFO - Cozy renderer initialized with tile size: 32
2026-02-03 22:30:57 - MyKingdom - INFO - Renderer biome set to: boreal_forest
2026-02-03 22:30:57 - MyKingdom - INFO - Cozy renderer initialized with tile size: 32
2026-02-03 22:30:57 - MyKingdom - INFO - Renderer biome set to: boreal_forest
2026-02-03 22:30:57 - MyKingdom - INFO - Cozy renderer initialized with tile size: 32
2026-02-03 22:30:57 - MyKingdom - INFO - Renderer biome set to: boreal_forest
2026-02-03 22:30:57 - MyKingdom - INFO - Cozy renderer initialized with tile size: 32
2026-02-03 22:30:57 - MyKingdom - INFO - Renderer biome set to: boreal_forest
2026-02-03 22:30:57 - MyKingdom - INFO - Cozy renderer initialized with tile size: 32
2026-02-03 22:30:57 - MyKingdom - INFO - Renderer biome set to: boreal_forest
2026-02-03 22:30:57 - MyKingdom - INFO - Cozy renderer initialized with tile size: 32
2026-02-03 22:30:57 - MyKingdom - INFO - Renderer biome set to: boreal_forest
2026-02-03 22:30:57 - MyKingdom - INFO - Cozy renderer initialized with tile size: 32
2026-02-03 22:30:57 - MyKingdom - INFO - Renderer biome set to: boreal_forest
2026-02-03 22:30:57 - MyKingdom - INFO - Cozy renderer initialized with tile size: 32
2026-02-03 22:30:57 - MyKingdom - INFO - Renderer biome set to: boreal_forest
2026-02-03 22:30:57 - MyKingdom - INFO - Cozy renderer initialized with tile size: 32
2026-02-03 22:30:57 - MyKingdom - INFO - Renderer biome set to: boreal_forest
2026-02-03 22:30:57 - MyKingdom - INFO - Cozy renderer initialized with tile size: 32
2026-02-03 22:30:57 - MyKingdom - INFO - Renderer biome set to: boreal_forest
2026-02-03 22:30:57 - MyKingdom - INFO - Cozy renderer initialized with tile size: 32
2026-02-03 22:30:57 - MyKingdom - INFO - Renderer biome set to: boreal_forest
2026-02-03 22:30:57 - MyKingdom - INFO - Cozy renderer initialized with tile size: 32
2026-02-03 22:30:57 - MyKingdom - INFO - Renderer biome set to: boreal_forest
2026-02-03 22:30:57 - MyKingdom - INFO - Cozy renderer initialized with tile size: 32
2026-02-03 22:30:57 - MyKingdom - INFO - Renderer biome set to: boreal_forest
2026-02-03 22:30:57 - MyKingdom - INFO - Cozy renderer initialized with tile size: 32
2026-02-03 22:30:57 - MyKingdom - INFO - Renderer biome set to: boreal_forest
2026-02-03 22:30:57 - MyKingdom - INFO - Cozy renderer initialized with tile size: 32
2026-02-03 22:30:57 - MyKingdom - INFO - Renderer biome set to: boreal_forest
2026-02-03 22:30:57 - MyKingdom - INFO - Cozy renderer initialized with tile size: 32
2026-02-03 22:30:57 - MyKingdom - INFO - Renderer biome set to: boreal_forest
2026-02-03 22:30:57 - MyKingdom - INFO - Cozy renderer initialized with tile size: 32
2026-02-03 22:30:57 - MyKingdom - INFO - Renderer biome set to: boreal_forest
2026-02-03 22:30:57 - MyKingdom - INFO - Cozy renderer initialized with tile size: 32
2026-02-03 22:30:57 - MyKingdom - INFO - Renderer biome set to: boreal_forest
2026-02-03 22:30:57 - MyKingdom - INFO - Cozy renderer initialized with tile size: 32
2026-02-03 22:30:57 - MyKingdom - INFO - Renderer biome set to: boreal_forest
2026-02-03 22:30:57 - MyKingdom - INFO - Cozy renderer initialized with tile size: 32
2026-02-03 22:30:57 - MyKingdom - INFO - Renderer biome set to: boreal_forest
2026-02-03 22:30:57 - MyKingdom - INFO - Cozy renderer initialized with tile size: 32
2026-02-03 22:30:57 - MyKingdom - INFO - Renderer biome set to: boreal_forest
2026-02-03 22:30:57 - MyKingdom - INFO - Cozy renderer initialized with tile size: 32
2026-02-03 22:30:57 - MyKingdom - INFO - Renderer biome set to: boreal_forest
2026-02-03 22:30:57 - MyKingdom - INFO - Cozy renderer initialized with tile size: 32
2026-02-03 22:30:57 - MyKingdom - INFO - Renderer biome set to: boreal_forest
2026-02-03 22:30:57 - MyKingdom - INFO - Cozy renderer initialized with tile size: 32
2026-02-03 22:30:57 - MyKingdom - INFO - Renderer biome set to: boreal_forest
2026-02-03 22:30:57 - MyKingdom - INFO - Cozy renderer initialized with tile size: 32
2026-02-03 22:30:57 - MyKingdom - INFO - Renderer biome set to: boreal_forest
2026-02-03 22:30:57 - MyKingdom - INFO - Cozy renderer initialized with tile size: 32
2026-02-03 22:30:57 - MyKingdom - INFO - Renderer biome set to: boreal_forest
2026-02-03 22:30:57 - MyKingdom - INFO - Cozy renderer initialized with tile size: 32
2026-02-03 22:30:57 - MyKingdom - INFO - Renderer biome set to: boreal_forest
2026-02-03 22:30:57 - MyKingdom - INFO - Cozy renderer initialized with tile size: 32
2026-02-03 22:30:57 - MyKingdom - INFO - Renderer biome set to: boreal_forest
2026-02-03 22:30:57 - MyKingdom - INFO - Cozy renderer initialized with tile size: 32
2026-02-03 22:30:57 - MyKingdom - INFO - Renderer biome set to: boreal_forest
2026-02-03 22:30:57 - MyKingdom - INFO - Cozy renderer initialized with tile size: 32
2026-02-03 22:30:57 - MyKingdom - INFO - Renderer biome set to: boreal_forest
2026-02-03 22:30:57 - MyKingdom - INFO - Cozy renderer initialized with tile size: 32
2026-02-03 22:30:57 - MyKingdom - INFO - Renderer biome set to: boreal_forest
2026-02-03 22:30:57 - MyKingdom - INFO - Cozy renderer initialized with tile size: 32
2026-02-03 22:30:57 - MyKingdom - INFO - Renderer biome set to: boreal_forest
2026-02-03 22:30:57 - MyKingdom - INFO - Cozy renderer initialized with tile size: 32
2026-02-03 22:30:57 - MyKingdom - INFO - Renderer biome set to: boreal_forest
2026-02-03 22:30:57 - MyKingdom - INFO - Cozy renderer initialized with tile size: 32
2026-02-03 22:30:57 - MyKingdom - INFO - Renderer biome set to: boreal_forest
2026-02-03 22:30:57 - MyKingdom - INFO - Cozy renderer initialized with tile size: 32
2026-02-03 22:30:57 - MyKingdom - INFO - Renderer biome set to: boreal_forest
2026-02-03 22:30:57 - MyKingdom - INFO - Cozy renderer initialized with tile size: 32
2026-02-03 22:30:57 - MyKingdom - INFO - Renderer biome set to: boreal_forest
2026-02-03 22:30:57 - MyKingdom - INFO - Cozy renderer initialized with tile size: 32
2026-02-03 22:30:57 - MyKingdom - INFO - Renderer biome set to: boreal_forest
2026-02-03 22:30:57 - MyKingdom - INFO - Cozy renderer initialized with tile size: 32
2026-02-03 22:30:57 - MyKingdom - INFO - Renderer biome set to: boreal_forest
2026-02-03 22:30:57 - MyKingdom - INFO - Cozy renderer initialized with tile size: 32
2026-02-03 22:30:57 - MyKingdom - INFO - Renderer biome set to: boreal_forest
2026-02-03 22:30:58 - MyKingdom - INFO - Cozy renderer initialized with tile size: 32
2026-02-03 22:30:58 - MyKingdom - INFO - Renderer biome set to: boreal_forest
2026-02-03 22:30:58 - MyKingdom - INFO - Cozy renderer initialized with tile size: 32
2026-02-03 22:30:58 - MyKingdom - INFO - Renderer biome set to: boreal_forest
2026-02-03 22:30:58 - MyKingdom - INFO - Cozy renderer initialized with tile size: 32
2026-02-03 22:30:58 - MyKingdom - INFO - Renderer biome set to: boreal_forest
2026-02-03 22:30:58 - MyKingdom - INFO - Cozy renderer initialized with tile size: 32
2026-02-03 22:30:58 - MyKingdom - INFO - Renderer biome set to: boreal_forest
2026-02-03 22:30:58 - MyKingdom - INFO - Cozy renderer initialized with tile size: 32
2026-02-03 22:30:58 - MyKingdom - INFO - Renderer biome set to: boreal_forest
2026-02-03 22:30:58 - MyKingdom - INFO - Cozy renderer initialized with tile size: 32
2026-02-03 22:30:58 - MyKingdom - INFO - Renderer biome set to: boreal_forest
2026-02-03 22:30:58 - MyKingdom - INFO - Cozy renderer initialized with tile size: 32
2026-02-03 22:30:58 - MyKingdom - INFO - Renderer biome set to: boreal_forest
2026-02-03 22:30:58 - MyKingdom - INFO - Cozy renderer initialized with tile size: 32
2026-02-03 22:30:58 - MyKingdom - INFO - Renderer biome set to: boreal_forest
2026-02-03 22:30:58 - MyKingdom - INFO - Cozy renderer initialized with tile size: 32
2026-02-03 22:30:58 - MyKingdom - INFO - Renderer biome set to: boreal_forest
2026-02-03 22:30:58 - MyKingdom - INFO - Cozy renderer initialized with tile size: 32
2026-02-03 22:30:58 - MyKingdom - INFO - Renderer biome set to: boreal_forest
2026-02-03 22:30:58 - MyKingdom - INFO - Cozy renderer initialized with tile size: 32
2026-02-03 22:30:58 - MyKingdom - INFO - Renderer biome set to: boreal_forest
2026-02-03 22:30:58 - MyKingdom - INFO - Cozy renderer initialized with tile size: 32
2026-02-03 22:30:58 - MyKingdom - INFO - Renderer biome set to: boreal_forest
2026-02-03 22:30:58 - MyKingdom - INFO - Cozy renderer initialized with tile size: 32
2026-02-03 22:30:58 - MyKingdom - INFO - Renderer biome set to: boreal_forest
2026-02-03 22:30:58 - MyKingdom - INFO - Cozy renderer initialized with tile size: 32
2026-02-03 22:30:58 - MyKingdom - INFO - Renderer biome set to: boreal_forest
2026-02-03 22:30:58 - MyKingdom - INFO - Cozy renderer initialized with tile size: 32
2026-02-03 22:30:58 - MyKingdom - INFO - Renderer biome set to: boreal_forest
2026-02-03 22:30:58 - MyKingdom - INFO - Cozy renderer initialized with tile size: 32
2026-02-03 22:30:58 - MyKingdom - INFO - Renderer biome set to: boreal_forest
2026-02-03 22:30:58 - MyKingdom - INFO - Cozy renderer initialized with tile size: 32
2026-02-03 22:30:58 - MyKingdom - INFO - Renderer biome set to: boreal_forest
2026-02-03 22:30:58 - MyKingdom - INFO - Cozy renderer initialized with tile size: 32
2026-02-03 22:30:58 - MyKingdom - INFO - Renderer biome set to: boreal_forest
2026-02-03 22:30:58 - MyKingdom - INFO - Cozy renderer initialized with tile size: 32
2026-02-03 22:30:58 - MyKingdom - INFO - Renderer biome set to: boreal_forest
2026-02-03 22:30:58 - MyKingdom - INFO - Cozy renderer initialized with tile size: 32
2026-02-03 22:30:58 - MyKingdom - INFO - Renderer biome set to: boreal_forest
2026-02-03 22:30:58 - MyKingdom - INFO - Cozy renderer initialized with tile size: 32
2026-02-03 22:30:58 - MyKingdom - INFO - Renderer biome set to: boreal_forest
2026-02-03 22:30:58 - MyKingdom - INFO - Cozy renderer initialized with tile size: 32
2026-02-03 22:30:58 - MyKingdom - INFO - Renderer biome set to: boreal_forest
2026-02-03 22:30:58 - MyKingdom - INFO - Cozy renderer initialized with tile size: 32
2026-02-03 22:30:58 - MyKingdom - INFO - Renderer biome set to: boreal_forest
2026-02-03 22:30:58 - MyKingdom - INFO - Cozy renderer initialized with tile size: 32
2026-02-03 22:30:58 - MyKingdom - INFO - Renderer biome set to: boreal_forest
2026-02-03 22:30:58 - MyKingdom - INFO - Cozy renderer initialized with tile size: 32
2026-02-03 22:30:58 - MyKingdom - INFO - Renderer biome set to: boreal_forest
2026-02-03 22:30:58 - MyKingdom - INFO - Cozy renderer initialized with tile size: 32
2026-02-03 22:30:58 - MyKingdom - INFO - Renderer biome set to: boreal_forest
2026-02-03 22:30:58 - MyKingdom - INFO - Cozy renderer initialized with tile size: 32
2026-02-03 22:30:58 - MyKingdom - INFO - Renderer biome set to: boreal_forest
2026-02-03 22:30:58 - MyKingdom - INFO - Cozy renderer initialized with tile size: 32
2026-02-03 22:30:58 - MyKingdom - INFO - Renderer biome set to: boreal_forest
2026-02-03 22:30:58 - MyKingdom - INFO - Cozy renderer initialized with tile size: 32
2026-02-03 22:30:58 - MyKingdom - INFO - Renderer biome set to: boreal_forest
2026-02-03 22:30:58 - MyKingdom - INFO - Cozy renderer initialized with tile size: 32
2026-02-03 22:30:58 - MyKingdom - INFO - Renderer biome set to: boreal_forest
2026-02-03 22:30:58 - MyKingdom - INFO - Cozy renderer initialized with tile size: 32
2026-02-03 22:30:58 - MyKingdom - INFO - Renderer biome set to: boreal_forest
2026-02-03 22:30:58 - MyKingdom - INFO - Cozy renderer initialized with tile size: 32
2026-02-03 22:30:58 - MyKingdom - INFO - Renderer biome set to: boreal_forest
2026-02-03 22:30:58 - MyKingdom - INFO - Cozy renderer initialized with tile size: 32
2026-02-03 22:30:58 - MyKingdom - INFO - Renderer biome set to: boreal_forest
2026-02-03 22:30:58 - MyKingdom - INFO - Cozy renderer initialized with tile size: 32
2026-02-03 22:30:58 - MyKingdom - INFO - Renderer biome set to: boreal_forest
2026-02-03 22:30:58 - MyKingdom - INFO - Cozy renderer initialized with tile size: 32
2026-02-03 22:30:58 - MyKingdom - INFO - Renderer biome set to: boreal_forest
2026-02-03 22:30:58 - MyKingdom - INFO - Cozy renderer initialized with tile size: 32
2026-02-03 22:30:58 - MyKingdom - INFO - Renderer biome set to: boreal_forest
2026-02-03 22:30:58 - MyKingdom - INFO - Cozy renderer initialized with tile size: 32
2026-02-03 22:30:58 - MyKingdom - INFO - Renderer biome set to: boreal_forest
2026-02-03 22:30:58 - MyKingdom - INFO - Cozy renderer initialized with tile size: 32
2026-02-03 22:30:58 - MyKingdom - INFO - Renderer biome set to: boreal_forest
2026-02-03 22:30:58 - MyKingdom - INFO - Cozy renderer initialized with tile size: 32
2026-02-03 22:30:58 - MyKingdom - INFO - Renderer biome set to: boreal_forest
2026-02-03 22:30:58 - MyKingdom - INFO - Cozy renderer initialized with tile size: 32
2026-02-03 22:30:58 - MyKingdom - INFO - Renderer biome set to: boreal_forest
2026-02-03 22:30:58 - MyKingdom - INFO - Cozy renderer initialized with tile size: 32
2026-02-03 22:30:58 - MyKingdom - INFO - Renderer biome set to: boreal_forest
2026-02-03 22:30:58 - MyKingdom - INFO - Cozy renderer initialized with tile size: 32
2026-02-03 22:30:58 - MyKingdom - INFO - Renderer biome set to: boreal_forest
2026-02-03 22:30:58 - MyKingdom - INFO - Cozy renderer initialized with tile size: 32
2026-02-03 22:30:58 - MyKingdom - INFO - Renderer biome set to: boreal_forest
2026-02-03 22:30:58 - MyKingdom - INFO - Cozy renderer initialized with tile size: 32
2026-02-03 22:30:58 - MyKingdom - INFO - Renderer biome set to: boreal_forest
2026-02-03 22:30:58 - MyKingdom - INFO - Cozy renderer initialized with tile size: 32
2026-02-03 22:30:58 - MyKingdom - INFO - Renderer biome set to: boreal_forest
2026-02-03 22:30:58 - MyKingdom - INFO - Cozy renderer initialized with tile size: 32
2026-02-03 22:30:58 - MyKingdom - INFO - Renderer biome set to: boreal_forest
2026-02-03 22:30:58 - MyKingdom - INFO - Cozy renderer initialized with tile size: 32
2026-02-03 22:30:58 - MyKingdom - INFO - Renderer biome set to: boreal_forest
2026-02-03 22:30:58 - MyKingdom - INFO - Cozy renderer initialized with tile size: 32
2026-02-03 22:30:58 - MyKingdom - INFO - Renderer biome set to: boreal_forest
2026-02-03 22:30:59 - MyKingdom - INFO - Cozy renderer initialized with tile size: 32
2026-02-03 22:30:59 - MyKingdom - INFO - Renderer biome set to: boreal_forest
2026-02-03 22:30:59 - MyKingdom - INFO - Cozy renderer initialized with tile size: 32
2026-02-03 22:30:59 - MyKingdom - INFO - Renderer biome set to: boreal_forest
2026-02-03 22:30:59 - MyKingdom - INFO - Cozy renderer initialized with tile size: 32
2026-02-03 22:30:59 - MyKingdom - INFO - Renderer biome set to: boreal_forest
2026-02-03 22:30:59 - MyKingdom - INFO - Cozy renderer initialized with tile size: 32
2026-02-03 22:30:59 - MyKingdom - INFO - Renderer biome set to: boreal_forest
2026-02-03 22:30:59 - MyKingdom - INFO - Cozy renderer initialized with tile size: 32
2026-02-03 22:30:59 - MyKingdom - INFO - Renderer biome set to: boreal_forest
2026-02-03 22:30:59 - MyKingdom - INFO - Cozy renderer initialized with tile size: 32
2026-02-03 22:30:59 - MyKingdom - INFO - Renderer biome set to: boreal_forest
2026-02-03 22:30:59 - MyKingdom - INFO - Cozy renderer initialized with tile size: 32
2026-02-03 22:30:59 - MyKingdom - INFO - Renderer biome set to: boreal_forest
2026-02-03 22:30:59 - MyKingdom - INFO - Cozy renderer initialized with tile size: 32
2026-02-03 22:30:59 - MyKingdom - INFO - Renderer biome set to: boreal_forest
2026-02-03 22:30:59 - MyKingdom - INFO - Cozy renderer initialized with tile size: 32
2026-02-03 22:30:59 - MyKingdom - INFO - Renderer biome set to: boreal_forest
2026-02-03 22:30:59 - MyKingdom - INFO - Cozy renderer initialized with tile size: 32
2026-02-03 22:30:59 - MyKingdom - INFO - Renderer biome set to: boreal_forest
2026-02-03 22:30:59 - MyKingdom - INFO - Cozy renderer initialized with tile size: 32
2026-02-03 22:30:59 - MyKingdom - INFO - Renderer biome set to: boreal_forest
2026-02-03 22:30:59 - MyKingdom - INFO - Cozy renderer initialized with tile size: 32
2026-02-03 22:30:59 - MyKingdom - INFO - Renderer biome set to: boreal_forest
2026-02-03 22:30:59 - MyKingdom - INFO - Cozy renderer initialized with tile size: 32
2026-02-03 22:30:59 - MyKingdom - INFO - Renderer biome set to: boreal_forest
2026-02-03 22:30:59 - MyKingdom - INFO - Cozy renderer initialized with tile size: 32
2026-02-03 22:30:59 - MyKingdom - INFO - Renderer biome set to: boreal_forest
2026-02-03 22:30:59 - MyKingdom - INFO - Cozy renderer initialized with tile size: 32
2026-02-03 22:30:59 - MyKingdom - INFO - Renderer biome set to: boreal_forest
2026-02-03 22:30:59 - MyKingdom - INFO - Cozy renderer initialized with tile size: 32
2026-02-03 22:30:59 - MyKingdom - INFO - Renderer biome set to: boreal_forest
2026-02-03 22:30:59 - MyKingdom - INFO - Cozy renderer initialized with tile size: 32
2026-02-03 22:30:59 - MyKingdom - INFO - Renderer biome set to: boreal_forest
2026-02-03 22:30:59 - MyKingdom - INFO - Cozy renderer initialized with tile size: 32
2026-02-03 22:30:59 - MyKingdom - INFO - Renderer biome set to: boreal_forest
2026-02-03 22:30:59 - MyKingdom - INFO - Cozy renderer initialized with tile size: 32
2026-02-03 22:30:59 - MyKingdom - INFO - Renderer biome set to: boreal_forest
2026-02-03 22:30:59 - MyKingdom - INFO - Cozy renderer initialized with tile size: 32
2026-02-03 22:30:59 - MyKingdom - INFO - Renderer biome set to: boreal_forest
2026-02-03 22:30:59 - MyKingdom - INFO - Cozy renderer initialized with tile size: 32
2026-02-03 22:30:59 - MyKingdom - INFO - Renderer biome set to: boreal_forest
2026-02-03 22:30:59 - MyKingdom - INFO - Cozy renderer initialized with tile size: 32
2026-02-03 22:30:59 - MyKingdom - INFO - Renderer biome set to: boreal_forest
2026-02-03 22:30:59 - MyKingdom - INFO - Cozy renderer initialized with tile size: 32
2026-02-03 22:30:59 - MyKingdom - INFO - Renderer biome set to: boreal_forest
2026-02-03 22:30:59 - MyKingdom - INFO - Cozy renderer initialized with tile size: 32
2026-02-03 22:30:59 - MyKingdom - INFO - Renderer biome set to: boreal_forest
2026-02-03 22:30:59 - MyKingdom - INFO - Cozy renderer initialized with tile size: 32
2026-02-03 22:30:59 - MyKingdom - INFO - Renderer biome set to: boreal_forest
2026-02-03 22:30:59 - MyKingdom - INFO - Cozy renderer initialized with tile size: 32
2026-02-03 22:30:59 - MyKingdom - INFO - Renderer biome set to: boreal_forest
2026-02-03 22:30:59 - MyKingdom - INFO - Cozy renderer initialized with tile size: 32
2026-02-03 22:30:59 - MyKingdom - INFO - Renderer biome set to: boreal_forest
2026-02-03 22:30:59 - MyKingdom - INFO - Cozy renderer initialized with tile size: 32
2026-02-03 22:30:59 - MyKingdom - INFO - Renderer biome set to: boreal_forest
2026-02-03 22:30:59 - MyKingdom - INFO - Cozy renderer initialized with tile size: 32
2026-02-03 22:30:59 - MyKingdom - INFO - Renderer biome set to: boreal_forest
2026-02-03 22:30:59 - MyKingdom - INFO - Cozy renderer initialized with tile size: 32
2026-02-03 22:30:59 - MyKingdom - INFO - Renderer biome set to: boreal_forest
2026-02-03 22:30:59 - MyKingdom - INFO - Cozy renderer initialized with tile size: 32
2026-02-03 22:30:59 - MyKingdom - INFO - Renderer biome set to: boreal_forest
2026-02-03 22:30:59 - MyKingdom - INFO - Cozy renderer initialized with tile size: 32
2026-02-03 22:30:59 - MyKingdom - INFO - Renderer biome set to: boreal_forest
2026-02-03 22:30:59 - MyKingdom - INFO - Cozy renderer initialized with tile size: 32
2026-02-03 22:30:59 - MyKingdom - INFO - Renderer biome set to: boreal_forest
2026-02-03 22:30:59 - MyKingdom - INFO - Cozy renderer initialized with tile size: 32
2026-02-03 22:30:59 - MyKingdom - INFO - Renderer biome set to: boreal_forest
2026-02-03 22:30:59 - MyKingdom - INFO - Cozy renderer initialized with tile size: 32
2026-02-03 22:30:59 - MyKingdom - INFO - Renderer biome set to: boreal_forest
2026-02-03 22:30:59 - MyKingdom - INFO - Cozy renderer initialized with tile size: 32
2026-02-03 22:30:59 - MyKingdom - INFO - Renderer biome set to: boreal_forest
2026-02-03 22:30:59 - MyKingdom - INFO - Cozy renderer initialized with tile size: 32
2026-02-03 22:30:59 - MyKingdom - INFO - Renderer biome set to: boreal_forest
2026-02-03 22:30:59 - MyKingdom - INFO - Cozy renderer initialized with tile size: 32
2026-02-03 22:30:59 - MyKingdom - INFO - Renderer biome set to: boreal_forest
2026-02-03 22:30:59 - MyKingdom - INFO - Cozy renderer initialized with tile size: 32
2026-02-03 22:30:59 - MyKingdom - INFO - Renderer biome set to: boreal_forest
2026-02-03 22:30:59 - MyKingdom - INFO - Cozy renderer initialized with tile size: 32
2026-02-03 22:30:59 - MyKingdom - INFO - Renderer biome set to: boreal_forest
2026-02-03 22:30:59 - MyKingdom - INFO - Cozy renderer initialized with tile size: 32
2026-02-03 22:30:59 - MyKingdom - INFO - Renderer biome set to: boreal_forest
2026-02-03 22:30:59 - MyKingdom - INFO - Cozy renderer initialized with tile size: 32
2026-02-03 22:30:59 - MyKingdom - INFO - Renderer biome set to: boreal_forest
2026-02-03 22:30:59 - MyKingdom - INFO - Cozy renderer initialized with tile size: 32
2026-02-03 22:30:59 - MyKingdom - INFO - Renderer biome set to: boreal_forest
2026-02-03 22:30:59 - MyKingdom - INFO - Cozy renderer initialized with tile size: 32
2026-02-03 22:30:59 - MyKingdom - INFO - Renderer biome set to: boreal_forest
2026-02-03 22:30:59 - MyKingdom - INFO - Cozy renderer initialized with tile size: 32
2026-02-03 22:30:59 - MyKingdom - INFO - Renderer biome set to: boreal_forest
2026-02-03 22:30:59 - MyKingdom - INFO - Cozy renderer initialized with tile size: 32
2026-02-03 22:30:59 - MyKingdom - INFO - Renderer biome set to: boreal_forest
2026-02-03 22:30:59 - MyKingdom - INFO - Cozy renderer initialized with tile size: 32
2026-02-03 22:30:59 - MyKingdom - INFO - Renderer biome set to: boreal_forest
2026-02-03 22:30:59 - MyKingdom - INFO - Cozy renderer initialized with tile size: 32
2026-02-03 22:30:59 - MyKingdom - INFO - Renderer biome set to: boreal_forest
2026-02-03 22:30:59 - MyKingdom - INFO - Cozy renderer initialized with tile size: 32
2026-02-03 22:30:59 - MyKingdom - INFO - Renderer biome set to: boreal_forest
2026-02-03 22:30:59 - MyKingdom - INFO - Cozy renderer initialized with tile size: 32
2026-02-03 22:30:59 - MyKingdom - INFO - Renderer biome set to: boreal_forest
2026-02-03 22:31:00 - MyKingdom - INFO - Cozy renderer initialized with tile size: 32
2026-02-03 22:31:00 - MyKingdom - INFO - Renderer biome set to: boreal_forest
2026-02-03 22:31:00 - MyKingdom - INFO - Cozy renderer initialized with tile size: 32
2026-02-03 22:31:00 - MyKingdom - INFO - Renderer biome set to: boreal_forest
2026-02-03 22:31:00 - MyKingdom - INFO - Cozy renderer initialized with tile size: 32
2026-02-03 22:31:00 - MyKingdom - INFO - Renderer biome set to: boreal_forest
2026-02-03 22:31:00 - MyKingdom - INFO - Cozy renderer initialized with tile size: 32
2026-02-03 22:31:00 - MyKingdom - INFO - Renderer biome set to: boreal_forest
2026-02-03 22:31:00 - MyKingdom - INFO - Cozy renderer initialized with tile size: 32
2026-02-03 22:31:00 - MyKingdom - INFO - Renderer biome set to: boreal_forest
2026-02-03 22:31:00 - MyKingdom - INFO - Cozy renderer initialized with tile size: 32
2026-02-03 22:31:00 - MyKingdom - INFO - Renderer biome set to: boreal_forest
2026-02-03 22:31:00 - MyKingdom - INFO - Cozy renderer initialized with tile size: 32
2026-02-03 22:31:00 - MyKingdom - INFO - Renderer biome set to: boreal_forest
2026-02-03 22:31:00 - MyKingdom - INFO - Cozy renderer initialized with tile size: 32
2026-02-03 22:31:00 - MyKingdom - INFO - Renderer biome set to: boreal_forest
2026-02-03 22:31:00 - MyKingdom - INFO - Cozy renderer initialized with tile size: 32
2026-02-03 22:31:00 - MyKingdom - INFO - Renderer biome set to: boreal_forest
2026-02-03 22:31:00 - MyKingdom - INFO - Cozy renderer initialized with tile size: 32
2026-02-03 22:31:00 - MyKingdom - INFO - Renderer biome set to: boreal_forest
2026-02-03 22:31:00 - MyKingdom - INFO - Cozy renderer initialized with tile size: 32
2026-02-03 22:31:00 - MyKingdom - INFO - Renderer biome set to: boreal_forest
2026-02-03 22:31:00 - MyKingdom - INFO - Cozy renderer initialized with tile size: 32
2026-02-03 22:31:00 - MyKingdom - INFO - Renderer biome set to: boreal_forest
2026-02-03 22:31:00 - MyKingdom - INFO - Cozy renderer initialized with tile size: 32
2026-02-03 22:31:00 - MyKingdom - INFO - Renderer biome set to: boreal_forest
2026-02-03 22:31:00 - MyKingdom - INFO - Cozy renderer initialized with tile size: 32
2026-02-03 22:31:00 - MyKingdom - INFO - Renderer biome set to: boreal_forest
2026-02-03 22:31:00 - MyKingdom - INFO - Cozy renderer initialized with tile size: 32
2026-02-03 22:31:00 - MyKingdom - INFO - Renderer biome set to: boreal_forest
2026-02-03 22:31:00 - MyKingdom - INFO - Cozy renderer initialized with tile size: 32
2026-02-03 22:31:00 - MyKingdom - INFO - Renderer biome set to: boreal_forest
2026-02-03 22:31:00 - MyKingdom - INFO - Cozy renderer initialized with tile size: 32
2026-02-03 22:31:00 - MyKingdom - INFO - Renderer biome set to: boreal_forest
2026-02-03 22:31:00 - MyKingdom - INFO - Cozy renderer initialized with tile size: 32
2026-02-03 22:31:00 - MyKingdom - INFO - Renderer biome set to: boreal_forest
2026-02-03 22:31:00 - MyKingdom - INFO - Cozy renderer initialized with tile size: 32
2026-02-03 22:31:00 - MyKingdom - INFO - Renderer biome set to: boreal_forest
2026-02-03 22:31:00 - MyKingdom - INFO - Cozy renderer initialized with tile size: 32
2026-02-03 22:31:00 - MyKingdom - INFO - Renderer biome set to: boreal_forest
2026-02-03 22:31:00 - MyKingdom - INFO - Cozy renderer initialized with tile size: 32
2026-02-03 22:31:00 - MyKingdom - INFO - Renderer biome set to: boreal_forest
2026-02-03 22:31:00 - MyKingdom - INFO - Cozy renderer initialized with tile size: 32
2026-02-03 22:31:00 - MyKingdom - INFO - Renderer biome set to: boreal_forest
2026-02-03 22:31:00 - MyKingdom - INFO - Cozy renderer initialized with tile size: 32
2026-02-03 22:31:00 - MyKingdom - INFO - Renderer biome set to: boreal_forest
2026-02-03 22:31:00 - MyKingdom - INFO - Cozy renderer initialized with tile size: 32
2026-02-03 22:31:00 - MyKingdom - INFO - Renderer biome set to: boreal_forest
2026-02-03 22:31:00 - MyKingdom - INFO - Cozy renderer initialized with tile size: 32
2026-02-03 22:31:00 - MyKingdom - INFO - Renderer biome set to: boreal_forest
2026-02-03 22:31:00 - MyKingdom - INFO - Cozy renderer initialized with tile size: 32
2026-02-03 22:31:00 - MyKingdom - INFO - Renderer biome set to: boreal_forest
2026-02-03 22:31:00 - MyKingdom - INFO - Cozy renderer initialized with tile size: 32
2026-02-03 22:31:00 - MyKingdom - INFO - Renderer biome set to: boreal_forest
2026-02-03 22:31:00 - MyKingdom - INFO - Cozy renderer initialized with tile size: 32
2026-02-03 22:31:00 - MyKingdom - INFO - Renderer biome set to: boreal_forest
2026-02-03 22:31:00 - MyKingdom - INFO - Cozy renderer initialized with tile size: 32
2026-02-03 22:31:00 - MyKingdom - INFO - Renderer biome set to: boreal_forest
2026-02-03 22:31:00 - MyKingdom - INFO - Cozy renderer initialized with tile size: 32
2026-02-03 22:31:00 - MyKingdom - INFO - Renderer biome set to: boreal_forest
2026-02-03 22:31:00 - MyKingdom - INFO - Cozy renderer initialized with tile size: 32
2026-02-03 22:31:00 - MyKingdom - INFO - Renderer biome set to: boreal_forest
2026-02-03 22:31:00 - MyKingdom - INFO - Cozy renderer initialized with tile size: 32
2026-02-03 22:31:00 - MyKingdom - INFO - Renderer biome set to: boreal_forest
2026-02-03 22:31:00 - MyKingdom - INFO - Cozy renderer initialized with tile size: 32
2026-02-03 22:31:00 - MyKingdom - INFO - Renderer biome set to: boreal_forest
2026-02-03 22:31:00 - MyKingdom - INFO - Cozy renderer initialized with tile size: 32
2026-02-03 22:31:00 - MyKingdom - INFO - Renderer biome set to: boreal_forest
2026-02-03 22:31:00 - MyKingdom - INFO - Cozy renderer initialized with tile size: 32
2026-02-03 22:31:00 - MyKingdom - INFO - Renderer biome set to: boreal_forest
2026-02-03 22:31:00 - MyKingdom - INFO - Cozy renderer initialized with tile size: 32
2026-02-03 22:31:00 - MyKingdom - INFO - Renderer biome set to: boreal_forest
2026-02-03 22:31:00 - MyKingdom - INFO - Cozy renderer initialized with tile size: 32
2026-02-03 22:31:00 - MyKingdom - INFO - Renderer biome set to: boreal_forest
2026-02-03 22:31:00 - MyKingdom - INFO - Cozy renderer initialized with tile size: 32
2026-02-03 22:31:00 - MyKingdom - INFO - Renderer biome set to: boreal_forest
2026-02-03 22:31:00 - MyKingdom - INFO - Cozy renderer initialized with tile size: 32
2026-02-03 22:31:00 - MyKingdom - INFO - Renderer biome set to: boreal_forest
2026-02-03 22:31:00 - MyKingdom - INFO - Cozy renderer initialized with tile size: 32
2026-02-03 22:31:00 - MyKingdom - INFO - Renderer biome set to: boreal_forest
2026-02-03 22:31:00 - MyKingdom - INFO - Cozy renderer initialized with tile size: 32
2026-02-03 22:31:00 - MyKingdom - INFO - Renderer biome set to: boreal_forest
2026-02-03 22:31:00 - MyKingdom - INFO - Cozy renderer initialized with tile size: 32
2026-02-03 22:31:00 - MyKingdom - INFO - Renderer biome set to: boreal_forest
2026-02-03 22:31:00 - MyKingdom - INFO - Cozy renderer initialized with tile size: 32
2026-02-03 22:31:00 - MyKingdom - INFO - Renderer biome set to: boreal_forest
2026-02-03 22:31:00 - MyKingdom - INFO - Cozy renderer initialized with tile size: 32
2026-02-03 22:31:00 - MyKingdom - INFO - Renderer biome set to: boreal_forest
2026-02-03 22:31:00 - MyKingdom - INFO - Cozy renderer initialized with tile size: 32
2026-02-03 22:31:00 - MyKingdom - INFO - Renderer biome set to: boreal_forest
2026-02-03 22:31:00 - MyKingdom - INFO - Cozy renderer initialized with tile size: 32
2026-02-03 22:31:00 - MyKingdom - INFO - Renderer biome set to: boreal_forest
2026-02-03 22:31:00 - MyKingdom - INFO - Cozy renderer initialized with tile size: 32
2026-02-03 22:31:00 - MyKingdom - INFO - Renderer biome set to: boreal_forest
2026-02-03 22:31:00 - MyKingdom - INFO - Cozy renderer initialized with tile size: 32
2026-02-03 22:31:00 - MyKingdom - INFO - Renderer biome set to: boreal_forest
2026-02-03 22:31:01 - MyKingdom - INFO - Cozy renderer initialized with tile size: 32
2026-02-03 22:31:01 - MyKingdom - INFO - Renderer biome set to: boreal_forest
2026-02-03 22:31:01 - MyKingdom - INFO - Cozy renderer initialized with tile size: 32
2026-02-03 22:31:01 - MyKingdom - INFO - Renderer biome set to: boreal_forest
2026-02-03 22:31:01 - MyKingdom - INFO - Cozy renderer initialized with tile size: 32
2026-02-03 22:31:01 - MyKingdom - INFO - Renderer biome set to: boreal_forest
2026-02-03 22:31:01 - MyKingdom - INFO - Cozy renderer initialized with tile size: 32
2026-02-03 22:31:01 - MyKingdom - INFO - Renderer biome set to: boreal_forest
2026-02-03 22:31:01 - MyKingdom - INFO - Cozy renderer initialized with tile size: 32
2026-02-03 22:31:01 - MyKingdom - INFO - Renderer biome set to: boreal_forest
2026-02-03 22:31:01 - MyKingdom - INFO - Cozy renderer initialized with tile size: 32
2026-02-03 22:31:01 - MyKingdom - INFO - Renderer biome set to: boreal_forest
2026-02-03 22:31:01 - MyKingdom - INFO - Cozy renderer initialized with tile size: 32
2026-02-03 22:31:01 - MyKingdom - INFO - Renderer biome set to: boreal_forest
2026-02-03 22:31:01 - MyKingdom - INFO - Cozy renderer initialized with tile size: 32
2026-02-03 22:31:01 - MyKingdom - INFO - Renderer biome set to: boreal_forest
2026-02-03 22:31:01 - MyKingdom - INFO - Cozy renderer initialized with tile size: 32
2026-02-03 22:31:01 - MyKingdom - INFO - Renderer biome set to: boreal_forest
2026-02-03 22:31:01 - MyKingdom - INFO - Cozy renderer initialized with tile size: 32
2026-02-03 22:31:01 - MyKingdom - INFO - Renderer biome set to: boreal_forest
2026-02-03 22:31:01 - MyKingdom - INFO - Cozy renderer initialized with tile size: 32
2026-02-03 22:31:01 - MyKingdom - INFO - Renderer biome set to: boreal_forest
2026-02-03 22:31:01 - MyKingdom - INFO - Location confirmed!
2026-02-03 22:31:01 - MyKingdom - INFO - Cozy renderer initialized with tile size: 32
2026-02-03 22:31:01 - MyKingdom - INFO - Renderer biome set to: boreal_forest
2026-02-03 22:31:01 - MyKingdom - INFO - === STARTING NEW GAME: 123 ===
2026-02-03 22:31:01 - MyKingdom - INFO - Using pre-generated world and tiles from selection screen
2026-02-03 22:31:01 - MyKingdom - INFO - Using player-selected location: (71, 59)
2026-02-03 22:31:01 - MyKingdom - INFO - Using pre-generated region tiles from preview
2026-02-03 22:31:01 - MyKingdom - INFO - Using selected region coordinates: (41, 37)
2026-02-03 22:31:01 - MyKingdom - INFO - Using pre-generated local tiles from preview - terrain will match preview!
2026-02-03 22:31:01 - MyKingdom - INFO - Renderer biome set to: boreal_forest
2026-02-03 22:31:01 - MyKingdom - INFO - Creating starting citizens...
2026-02-03 22:31:01 - MyKingdom - INFO - Created citizen: Vale Fairwind (ID: 1)
2026-02-03 22:31:01 - MyKingdom - INFO - Created citizen: Yara Clearwater (ID: 2)
2026-02-03 22:31:01 - MyKingdom - INFO - Created citizen: Lysa Kindler (ID: 3)
2026-02-03 22:31:01 - MyKingdom - INFO - Created citizen: Mira Quickstep (ID: 4)
2026-02-03 22:31:01 - MyKingdom - INFO - Created citizen: Cedric Evergreen (ID: 5)
2026-02-03 22:31:01 - MyKingdom - INFO - Collecting resource nodes from world...
2026-02-03 22:31:01 - MyKingdom - INFO - Collected 2560 resource nodes from world
2026-02-03 22:31:01 - MyKingdom - INFO - Spawning wagon stockpile...
2026-02-03 22:31:01 - MyKingdom - INFO - Spawned wagon stockpile at (50, 50)
2026-02-03 22:31:01 - MyKingdom - INFO - Game saved successfully: saves\123.sav.gz
2026-02-03 22:31:01 - MyKingdom - INFO - Game saved: 123
2026-02-03 22:31:01 - MyKingdom - INFO - === NEW GAME STARTED SUCCESSFULLY ===
2026-02-03 22:31:01 - MyKingdom - INFO - Game initialized successfully
2026-02-03 22:31:02 - MyKingdom - INFO - Playing music: gameplay
2026-02-03 22:31:19 - MyKingdom - INFO - Building mode toggled: ON
2026-02-03 22:31:25 - MyKingdom - INFO - Selected: Storage
2026-02-03 22:31:26 - MyKingdom - INFO - Placed storage at (55, 48), ID: 2
2026-02-03 22:31:27 - MyKingdom - INFO - Game saved successfully: saves\autosave_20260203_223126.sav.gz
2026-02-03 22:31:28 - MyKingdom - INFO - Found 22 save files
2026-02-03 22:31:28 - MyKingdom - INFO - Deleted save: saves\autosave_20260102_193208.sav.gz
2026-02-03 22:31:28 - MyKingdom - INFO - Cleaned up 1 old auto-saves
2026-02-03 22:31:28 - MyKingdom - INFO - Placed storage at (55, 48)
2026-02-03 22:31:28 - MyKingdom - WARNING - Cannot place storage at (55, 48)
2026-02-03 22:31:28 - MyKingdom - WARNING - Cannot place storage at (55, 48)
2026-02-03 22:31:32 - MyKingdom - INFO - Designation mode: ON (Gather Berries)
2026-02-03 22:31:37 - MyKingdom - INFO - Designated 6 berry bushes for gathering
2026-02-03 22:31:42 - MyKingdom - INFO - Citizen 1 (Vale Fairwind) harvested 5 food - returning to wagon
2026-02-03 22:31:43 - MyKingdom - INFO - Citizen 2 (Yara Clearwater) harvested 5 food - returning to wagon
2026-02-03 22:31:43 - MyKingdom - INFO - Citizen 3 (Lysa Kindler) harvested 5 food - returning to wagon
2026-02-03 22:31:43 - MyKingdom - INFO - Citizen 5 (Cedric Evergreen) harvested 5 food - returning to wagon
2026-02-03 22:31:43 - MyKingdom - INFO - Citizen 2 (Yara Clearwater) deposited 5 food at wagon - Total: 105
2026-02-03 22:31:44 - MyKingdom - INFO - Citizen 3 (Lysa Kindler) deposited 5 food at wagon - Total: 110
2026-02-03 22:31:44 - MyKingdom - INFO - Citizen 1 (Vale Fairwind) deposited 5 food at wagon - Total: 115
2026-02-03 22:31:44 - MyKingdom - INFO - Citizen 4 (Mira Quickstep) harvested 5 food - returning to wagon
2026-02-03 22:31:44 - MyKingdom - INFO - Citizen 5 (Cedric Evergreen) deposited 5 food at wagon - Total: 120
2026-02-03 22:31:45 - MyKingdom - INFO - Citizen 4 (Mira Quickstep) deposited 5 food at wagon - Total: 125
2026-02-03 22:31:49 - MyKingdom - INFO - Citizen 2 (Yara Clearwater) harvested 5 food - returning to wagon
2026-02-03 22:31:49 - MyKingdom - INFO - Citizen 3 (Lysa Kindler) harvested 5 food - returning to wagon
2026-02-03 22:31:49 - MyKingdom - INFO - Citizen 1 (Vale Fairwind) harvested 5 food - returning to wagon
2026-02-03 22:31:50 - MyKingdom - INFO - Citizen 2 (Yara Clearwater) deposited 5 food at wagon - Total: 130
2026-02-03 22:31:50 - MyKingdom - INFO - Citizen 5 (Cedric Evergreen) harvested 5 food - returning to wagon
2026-02-03 22:31:50 - MyKingdom - INFO - Citizen 3 (Lysa Kindler) deposited 5 food at wagon - Total: 135
2026-02-03 22:31:50 - MyKingdom - INFO - Citizen 1 (Vale Fairwind) deposited 5 food at wagon - Total: 140
2026-02-03 22:31:51 - MyKingdom - INFO - Citizen 5 (Cedric Evergreen) deposited 5 food at wagon - Total: 145
2026-02-03 22:31:51 - MyKingdom - INFO - Citizen 4 (Mira Quickstep) harvested 5 food - returning to wagon
2026-02-03 22:31:52 - MyKingdom - INFO - Citizen 4 (Mira Quickstep) deposited 5 food at wagon - Total: 150
2026-02-03 22:31:55 - MyKingdom - INFO - Switched to REGION view
2026-02-03 22:31:55 - MyKingdom - INFO - Citizen 2 (Yara Clearwater) harvested 5 food - returning to wagon
2026-02-03 22:31:55 - MyKingdom - INFO - Switched to WORLD view
2026-02-03 22:31:56 - MyKingdom - INFO - Citizen 3 (Lysa Kindler) harvested 5 food - returning to wagon
2026-02-03 22:31:56 - MyKingdom - INFO - Citizen 1 (Vale Fairwind) harvested 5 food - returning to wagon
2026-02-03 22:31:56 - MyKingdom - INFO - Citizen 2 (Yara Clearwater) deposited 5 food at wagon - Total: 155
2026-02-03 22:31:56 - MyKingdom - INFO - Citizen 3 (Lysa Kindler) deposited 5 food at wagon - Total: 160
2026-02-03 22:31:56 - MyKingdom - INFO - Citizen 1 (Vale Fairwind) deposited 5 food at wagon - Total: 165
2026-02-03 22:31:57 - MyKingdom - INFO - Citizen 5 (Cedric Evergreen) harvested 5 food - returning to wagon
2026-02-03 22:31:57 - MyKingdom - INFO - Switched to LOCAL view - building enabled
2026-02-03 22:31:57 - MyKingdom - INFO - Citizen 5 (Cedric Evergreen) deposited 5 food at wagon - Total: 170
2026-02-03 22:31:58 - MyKingdom - INFO - Switched to REGION view
2026-02-03 22:31:58 - MyKingdom - INFO - Citizen 4 (Mira Quickstep) harvested 5 food - returning to wagon
2026-02-03 22:31:58 - MyKingdom - INFO - Switched to WORLD view
2026-02-03 22:31:59 - MyKingdom - INFO - Switched to LOCAL view - building enabled
2026-02-03 22:31:59 - MyKingdom - INFO - Citizen 4 (Mira Quickstep) deposited 5 food at wagon - Total: 175
2026-02-03 22:31:59 - MyKingdom - INFO - Switched to REGION view
2026-02-03 22:32:00 - MyKingdom - INFO - Switched to WORLD view
2026-02-03 22:32:00 - MyKingdom - INFO - Switched to LOCAL view - building enabled
2026-02-03 22:32:02 - MyKingdom - INFO - Citizen 2 (Yara Clearwater) harvested 5 food - returning to wagon
2026-02-03 22:32:02 - MyKingdom - INFO - Citizen 3 (Lysa Kindler) harvested 5 food - returning to wagon
2026-02-03 22:32:02 - MyKingdom - INFO - Citizen 1 (Vale Fairwind) harvested 5 food - returning to wagon
2026-02-03 22:32:03 - MyKingdom - INFO - Citizen 2 (Yara Clearwater) deposited 5 food at wagon - Total: 180
2026-02-03 22:32:03 - MyKingdom - INFO - Citizen 1 (Vale Fairwind) deposited 5 food at wagon - Total: 185
2026-02-03 22:32:03 - MyKingdom - INFO - Citizen 3 (Lysa Kindler) deposited 5 food at wagon - Total: 190
2026-02-03 22:32:03 - MyKingdom - INFO - Citizen 5 (Cedric Evergreen) harvested 5 food - returning to wagon
2026-02-03 22:32:04 - MyKingdom - INFO - Citizen 5 (Cedric Evergreen) deposited 5 food at wagon - Total: 195
2026-02-03 22:32:05 - MyKingdom - INFO - Citizen 4 (Mira Quickstep) harvested 5 food - returning to wagon
2026-02-03 22:32:05 - MyKingdom - INFO - Escape pressed - showing pause menu
2026-02-03 22:32:05 - MyKingdom - INFO - Pause menu initialized
2026-02-03 22:32:07 - MyKingdom - INFO - Settings button clicked
2026-02-03 22:32:07 - MyKingdom - INFO - Settings menu initialized
2026-02-03 22:32:08 - MyKingdom - INFO - Settings menu closed
2026-02-03 22:32:09 - MyKingdom - INFO - Main Menu button clicked
2026-02-03 22:32:09 - MyKingdom - INFO - Returning to main menu
2026-02-03 22:32:09 - MyKingdom - INFO - Game saved successfully: saves\123.sav.gz
2026-02-03 22:32:09 - MyKingdom - INFO - Game saved: 123
2026-02-03 22:32:11 - MyKingdom - INFO - Playing music: menu
2026-02-03 22:32:11 - MyKingdom - INFO - Entering MENU state
2026-02-03 22:32:11 - MyKingdom - INFO - AI-generated menu background loaded successfully
2026-02-03 22:32:12 - MyKingdom - INFO - Playing music: menu
2026-02-03 22:32:12 - MyKingdom - INFO - Main menu initialized
2026-02-03 22:32:13 - MyKingdom - INFO - Quit button clicked
2026-02-03 22:32:13 - MyKingdom - INFO - ============================================================
2026-02-03 22:32:13 - MyKingdom - INFO - MY KINGDOM - Shutting Down
2026-02-03 22:32:13 - MyKingdom - INFO - ============================================================
